


  _____  _____   ____   _____ 
 |  __ \|  __ \ / __ \ / ____|          Powered by PROS for VEX V5
 | |__) | |__) | |  | | (___      Version:                          3.2.1
 |  ___/|  _  /| |  | |\___ \     Uptime:                         1.146 s
 | |    | | \ \| |__| |____) |    Compiled:                       Unknown
 |_|    |_|  \_\\____/|_____/     Directory:                      Unknown


.velList #0: 0.000
.velList #1: 0.225
.velList #2: 0.319
.velList #3: 0.390
.velList #4: 0.451
.velList #5: 0.500
.velList #6: 0.500
.velList #7: 0.500
.velList #8: 0.500
.velList #9: 0.500
.velList #10: 0.500
.velList #11: 0.500
.velList #12: 0.500
.velList #13: 0.500
.velList #14: 0.500
.velList #15: 0.500
.velList #16: 0.500
.velList #17: 0.500
.velList #18: 0.500
.velList #19: 0.500
.velList #20: 0.500
.velList #21: 0.500
.velList #22: 0.500
.velList #23: 0.500
.velList #24: 0.500
.velList #25: 0.500
.velList #26: 0.500
.velList #27: 0.500
.velList #28: 0.500
.velList #29: 0.500
.velList #30: 0.500
.velList #31: 0.500
.velList #32: 0.500
.velList #33: 0.500
.velList #34: 0.500
.velList #35: 0.500
.velList #36: 0.451
.velList #37: 0.390
.velList #38: 0.319
.velList #39: 0.225
.velList #40: 0.000
0.225,0.000
.Accelerate
0.020,0.020,0.000,-0.000,1.000
0.225,0.010
.Accelerate
0.040,0.040,0.000,-0.000,1.000
0.225,0.020
.Accelerate
0.060,0.060,0.000,-0.000,1.000
0.225,0.030
.Accelerate
0.080,0.080,0.006,0.379,1.000
0.225,0.040
.Accelerate
0.100,0.100,0.019,0.028,1.000
0.225,0.050
.Accelerate
0.120,0.120,0.034,0.026,1.000
0.225,0.060
.Accelerate
0.140,0.140,0.066,0.035,1.000
0.225,0.070
.Accelerate
0.160,0.160,0.096,0.044,1.000
0.225,0.080
.Accelerate
0.180,0.180,0.123,0.052,1.000
0.225,0.090
.Accelerate
0.205,0.195,0.143,0.063,1.000
0.225,0.100
.Accelerate
0.231,0.209,0.153,0.071,1.000
0.225,0.110
.Accelerate
0.263,0.217,0.155,0.091,1.000
0.225,0.120
.Accelerate
0.304,0.216,0.148,0.109,1.000
0.225,0.130
.Accelerate
0.328,0.232,0.162,0.127,1.000
0.225,0.140
.Accelerate
0.359,0.241,0.187,0.138,1.000
0.225,0.150
.Accelerate
0.376,0.264,0.217,0.165,1.000
0.225,0.160
.Accelerate
0.385,0.295,0.251,0.183,1.000
0.225,0.170
.Accelerate
0.417,0.303,0.287,0.214,1.000
0.225,0.180
.Accelerate
0.423,0.337,0.311,0.245,1.000
0.225,0.190
.Accelerate
0.447,0.353,0.336,0.264,1.000
0.225,0.200
.Accelerate
0.420,0.420,0.367,0.295,1.000
0.225,0.210
.Accelerate
0.440,0.440,0.392,0.313,1.000
0.225,0.220
0.451,0.451,0.386,0.343,1.000
0.319,0.225
.Accelerate
0.482,0.460,0.415,0.368,2.000
0.319,0.235
.Accelerate
0.502,0.479,0.444,0.403,2.000
0.319,0.245
.Accelerate
0.511,0.511,0.468,0.417,2.000
0.319,0.255
.Accelerate
0.531,0.531,0.489,0.452,2.000
0.390,0.265
.Accelerate
0.563,0.538,0.486,0.456,3.000
0.390,0.275
.Accelerate
0.584,0.558,0.501,0.484,3.000
0.390,0.285
.Accelerate
0.591,0.591,0.535,0.516,3.000
0.390,0.295
.Accelerate
0.611,0.611,0.549,0.522,3.000
0.451,0.305
.Accelerate
0.645,0.616,0.567,0.581,4.000
0.451,0.315
.Accelerate
0.651,0.651,0.605,0.614,4.000
0.451,0.325
.Accelerate
0.671,0.671,0.622,0.632,4.000
0.500,0.335
.Accelerate
0.706,0.675,0.636,0.633,5.000
0.500,0.345
.Accelerate
0.711,0.711,0.655,0.646,5.000
0.500,0.355
.Accelerate
0.731,0.731,0.656,0.658,5.000
0.500,0.365
.Accelerate
0.767,0.735,0.673,0.677,6.000
0.500,0.375
.Accelerate
0.771,0.771,0.671,0.688,6.000
0.500,0.385
.Accelerate
0.806,0.776,0.685,0.705,7.000
0.500,0.395
.Accelerate
0.811,0.811,0.708,0.722,7.000
0.500,0.405
.Accelerate
0.831,0.831,0.716,0.724,7.000
0.500,0.415
.Accelerate
0.870,0.831,0.721,0.733,8.000
0.500,0.425
.Accelerate
0.871,0.871,0.718,0.739,8.000
0.500,0.435
.Accelerate
0.937,0.845,0.735,0.746,9.000
0.500,0.445
.Accelerate
0.911,0.910,0.730,0.749,9.000
0.500,0.455
.Accelerate
0.985,0.877,0.743,0.749,10.000
0.500,0.465
.Accelerate
0.951,0.950,0.751,0.759,10.000
0.500,0.475
.Accelerate
0.971,0.971,0.746,0.758,10.000
0.500,0.485
.Accelerate
1.027,0.954,0.768,0.757,11.000
0.500,0.495
1.000,1.000,0.765,0.766,11.000
0.500,0.500
1.064,0.936,0.775,0.755,12.000
0.500,0.500
1.000,1.000,0.775,0.784,12.000
0.500,0.500
1.152,0.848,0.764,0.780,13.000
0.500,0.500
1.001,0.999,0.766,0.783,13.000
0.500,0.500
1.223,0.777,0.775,0.776,14.000
0.500,0.500
1.002,0.998,0.776,0.770,14.000
0.500,0.500
1.002,0.998,0.784,0.760,14.000
0.500,0.500
1.295,0.705,0.775,0.778,15.000
0.500,0.500
1.002,0.998,0.766,0.767,15.000
0.500,0.500
1.380,0.620,0.757,0.788,16.000
0.500,0.500
1.003,0.997,0.773,0.771,16.000
0.500,0.500
1.420,0.580,0.769,0.776,17.000
0.500,0.500
1.004,0.996,0.788,0.769,17.000
0.500,0.500
1.517,0.483,0.786,0.772,18.000
0.500,0.500
1.004,0.996,0.769,0.749,18.000
0.500,0.500
1.565,0.435,0.781,0.720,19.000
0.500,0.500
1.561,0.439,0.766,0.716,19.000
0.500,0.500
1.006,0.994,0.773,0.683,19.000
0.500,0.500
1.605,0.395,0.783,0.671,20.000
0.500,0.500
1.006,0.994,0.780,0.664,20.000
0.500,0.500
1.673,0.327,0.781,0.662,21.000
0.500,0.500
1.008,0.992,0.776,0.687,21.000
0.500,0.500
1.693,0.307,0.774,0.673,22.000
0.500,0.500
1.009,0.991,0.790,0.651,22.000
0.500,0.500
1.763,0.237,0.780,0.642,23.000
0.500,0.500
1.678,0.322,0.775,0.632,23.000
0.500,0.500
1.010,0.990,0.777,0.584,23.000
0.500,0.500
1.680,0.320,0.783,0.570,24.000
0.500,0.500
1.011,0.989,0.781,0.565,24.000
0.500,0.500
1.623,0.377,0.788,0.575,25.000
0.500,0.500
1.011,0.989,0.776,0.599,25.000
0.500,0.500
1.598,0.402,0.774,0.622,26.000
0.500,0.500
1.617,0.383,0.780,0.650,26.000
0.500,0.500
1.010,0.990,0.764,0.632,26.000
0.500,0.500
1.508,0.492,0.783,0.640,27.000
0.500,0.500
1.010,0.990,0.772,0.653,27.000
0.500,0.500
1.013,0.987,0.757,0.680,27.000
0.500,0.500
1.405,0.595,0.760,0.706,28.000
0.500,0.500
1.013,0.987,0.760,0.747,28.000
0.500,0.500
1.336,0.664,0.765,0.765,29.000
0.500,0.500
1.209,0.791,0.779,0.726,29.000
0.500,0.500
1.004,0.996,0.767,0.678,29.000
0.500,0.500
0.996,1.004,0.767,0.642,30.000
0.500,0.500
0.997,1.003,0.759,0.676,30.000
0.500,0.500
0.823,1.177,0.753,0.690,31.000
0.500,0.500
0.989,1.011,0.748,0.721,31.000
0.500,0.500
0.982,1.018,0.753,0.734,31.000
0.500,0.500
0.567,1.433,0.763,0.735,32.000
0.500,0.500
0.964,1.036,0.755,0.759,32.000
0.500,0.500
0.380,1.620,0.734,0.736,33.000
0.500,0.500
0.941,1.059,0.719,0.764,33.000
0.500,0.500
0.240,1.760,0.685,0.745,34.000
0.500,0.500
0.185,1.815,0.658,0.758,34.000
0.500,0.500
0.885,1.115,0.611,0.761,34.000
0.500,0.500
0.115,1.885,0.534,0.770,35.000
0.500,0.500
0.837,1.163,0.502,0.772,35.000
0.451,0.500
.Decelerate
0.058,1.902,0.426,0.770,36.000
0.451,0.490
.Decelerate
0.720,1.200,0.395,0.768,36.000
0.390,0.480
.Decelerate
0.034,1.846,0.366,0.781,37.000
0.390,0.470
.Decelerate
0.029,1.811,0.339,0.784,37.000
0.390,0.460
.Decelerate
0.407,1.393,0.275,0.763,37.000
0.319,0.450
.Decelerate
0.309,1.451,0.232,0.779,38.000
0.319,0.440
.Decelerate
0.099,1.621,0.314,0.758,38.000
0.319,0.430
.Decelerate
-0.186,1.866,0.382,0.774,38.000
0.225,0.420
.Decelerate
-0.717,2.357,0.335,0.762,39.000
0.225,0.410
.Decelerate
-1.690,3.290,0.200,0.781,39.000
0.225,0.400
.Decelerate
-3.837,5.397,0.085,0.762,39.000
WARNING - pros.serial.terminal.terminal:stop - Stopping terminal
WARNING - pros.serial.terminal.terminal:reader - Connection to COM7 broken
