


  _____  _____   ____   _____ 
 |  __ \|  __ \ / __ \ / ____|          Powered by PROS for VEX V5
 | |__) | |__) | |  | | (___      Version:                          3.2.1
 |  ___/|  _  /| |  | |\___ \     Uptime:                         2.037 s
 | |    | | \ \| |__| |____) |    Compiled:                       Unknown
 |_|    |_|  \_\\____/|_____/     Directory:                      Unknown


.velList #0: 0.000
.velList #1: 0.129
.velList #2: 0.183
.velList #3: 0.224
.velList #4: 0.259
.velList #5: 0.290
.velList #6: 0.317
.velList #7: 0.343
.velList #8: 0.366
.velList #9: 0.388
.velList #10: 0.409
.velList #11: 0.429
.velList #12: 0.449
.velList #13: 0.467
.velList #14: 0.484
.velList #15: 0.500
.velList #16: 0.500
.velList #17: 0.500
.velList #18: 0.500
.velList #19: 0.500
.velList #20: 0.500
.velList #21: 0.500
.velList #22: 0.500
.velList #23: 0.500
.velList #24: 0.500
.velList #25: 0.500
.velList #26: 0.484
.velList #27: 0.467
.velList #28: 0.449
.velList #29: 0.429
.velList #30: 0.409
.velList #31: 0.388
.velList #32: 0.366
.velList #33: 0.343
.velList #34: 0.317
.velList #35: 0.290
.velList #36: 0.259
.velList #37: 0.224
.velList #38: 0.183
.velList #39: 0.129
.velList #40: 0.000
.Location: (0.000, 0.000, 0.000)
.lookAheadPoint: (0.000, 2.000)
.Accelerate
0.129,0.003,0.000
0.003,0.003,0.000,-0.000,1.000
.Location: (0.000, 0.000, 0.000)
.lookAheadPoint: (0.000, 2.000)
.Accelerate
0.129,0.007,0.000
0.007,0.007,0.000,-0.000,1.000
.Location: (0.000, 0.000, 0.000)
.lookAheadPoint: (0.000, 2.000)
.Accelerate
0.129,0.010,0.000
0.010,0.010,0.000,-0.000,1.000
.Location: (0.000, 0.000, 0.000)
.lookAheadPoint: (0.000, 2.000)
.Accelerate
0.129,0.013,0.000
0.013,0.013,0.000,-0.000,1.000
.Location: (0.000, 0.000, 0.000)
.lookAheadPoint: (0.000, 2.000)
.Accelerate
0.129,0.017,0.000
0.017,0.017,0.000,-0.000,1.000
.Location: (0.000, 0.000, 0.000)
.lookAheadPoint: (0.000, 2.000)
.Accelerate
0.129,0.020,0.000
0.020,0.020,0.000,-0.000,1.000
.Location: (0.000, 0.000, 0.000)
.lookAheadPoint: (0.000, 2.000)
.Accelerate
0.129,0.023,0.000
0.023,0.023,0.009,-0.000,1.000
.Location: (0.000, 0.000, 0.000)
.lookAheadPoint: (0.000, 2.000)
.Accelerate
0.129,0.026,0.000
0.026,0.026,0.009,-0.000,1.000
.Location: (0.000, 0.000, 0.000)
.lookAheadPoint: (0.000, 2.000)
.Accelerate
0.129,0.030,0.000
0.030,0.030,0.009,0.005,1.000
.Location: (0.000, 0.000, 0.000)
.lookAheadPoint: (0.000, 2.000)
.Accelerate
0.129,0.033,0.000
0.033,0.033,0.009,0.005,1.000
.Location: (0.000, 0.000, 0.000)
.lookAheadPoint: (0.000, 2.000)
.Accelerate
0.129,0.036,0.000
0.036,0.036,0.009,0.019,1.000
.Location: (0.000, 0.000, 0.000)
.lookAheadPoint: (0.000, 2.000)
.Accelerate
0.129,0.040,0.000
0.040,0.040,0.009,0.019,1.000
.Location: (0.000, 0.000, 0.000)
.lookAheadPoint: (0.000, 2.000)
.Accelerate
0.129,0.043,0.000
0.043,0.043,0.009,0.020,1.000
.Location: (0.000, 0.000, 0.000)
.lookAheadPoint: (0.000, 2.000)
.Accelerate
0.129,0.046,0.000
0.046,0.046,0.009,0.021,1.000
.Location: (0.000, 0.000, 0.000)
.lookAheadPoint: (0.000, 2.000)
.Accelerate
0.129,0.049,0.000
0.049,0.049,0.009,0.024,1.000
.Location: (0.000, 0.000, 0.000)
.lookAheadPoint: (0.000, 2.000)
.Accelerate
0.129,0.053,0.000
0.053,0.053,0.009,0.030,1.000
.Location: (0.000, 0.000, 0.000)
.lookAheadPoint: (0.000, 2.000)
.Accelerate
0.129,0.056,0.000
0.056,0.056,0.009,0.033,1.000
.Location: (0.000, 0.000, 0.000)
.lookAheadPoint: (0.000, 2.000)
.Accelerate
0.129,0.059,0.000
0.059,0.059,0.093,0.032,1.000
.Location: (0.000, 0.000, 0.000)
.lookAheadPoint: (0.000, 2.000)
.Accelerate
0.129,0.063,0.000
0.063,0.063,0.052,0.033,1.000
.Location: (0.000, 0.000, 0.000)
.lookAheadPoint: (0.000, 2.000)
.Accelerate
0.129,0.066,0.000
0.066,0.066,0.052,0.034,1.000
.Location: (0.000, 0.000, 0.000)
.lookAheadPoint: (0.000, 2.000)
.Accelerate
0.129,0.069,0.000
0.069,0.069,0.042,0.034,1.000
.Location: (0.000, 0.000, 0.000)
.lookAheadPoint: (0.000, 2.000)
.Accelerate
0.129,0.073,0.000
0.073,0.073,0.047,0.037,1.000
.Location: (0.000, 0.000, 0.000)
.lookAheadPoint: (0.000, 2.000)
.Accelerate
0.129,0.076,0.000
0.076,0.076,0.028,0.040,1.000
.Location: (0.000, 0.000, 0.000)
.lookAheadPoint: (0.000, 2.000)
.Accelerate
0.129,0.079,0.000
0.079,0.079,0.028,0.042,1.000
.Location: (0.000, 0.000, 0.000)
.lookAheadPoint: (0.000, 2.000)
.Accelerate
0.129,0.082,0.000
0.082,0.082,0.026,0.046,1.000
.Location: (0.000, 0.000, 0.000)
.lookAheadPoint: (0.000, 2.000)
.Accelerate
0.129,0.086,0.000
0.086,0.086,0.025,0.042,1.000
.Location: (0.000, 0.000, 0.000)
.lookAheadPoint: (0.000, 2.000)
.Accelerate
0.129,0.089,0.000
0.089,0.089,0.029,0.037,1.000
.Location: (0.000, 0.000, 0.000)
.lookAheadPoint: (0.000, 2.000)
.Accelerate
0.129,0.092,0.000
0.092,0.092,0.030,0.037,1.000
.Location: (0.000, 0.000, 0.000)
.lookAheadPoint: (0.000, 2.000)
.Accelerate
0.129,0.096,0.000
0.096,0.096,0.030,0.033,1.000
.Location: (0.000, 0.024, 0.000)
.lookAheadPoint: (0.000, 2.024)
.Accelerate
0.129,0.099,0.000
0.099,0.099,0.032,0.035,1.000
.Location: (0.000, 0.024, 0.000)
.lookAheadPoint: (0.000, 2.024)
.Accelerate
0.129,0.102,0.000
0.102,0.102,0.036,0.039,1.000
.Location: (0.000, 0.072, 0.000)
.lookAheadPoint: (0.000, 2.072)
.Accelerate
0.129,0.106,0.000
0.106,0.106,0.043,0.047,1.000
.Location: (0.000, 0.096, 0.000)
.lookAheadPoint: (0.000, 2.096)
.Accelerate
0.129,0.109,0.000
0.109,0.109,0.048,0.052,1.000
.Location: (0.000, 0.120, 0.000)
.lookAheadPoint: (0.000, 2.120)
.Accelerate
0.129,0.112,0.000
0.112,0.112,0.049,0.058,1.000
.Location: (0.000, 0.144, 0.000)
.lookAheadPoint: (0.000, 2.144)
.Accelerate
0.129,0.115,0.000
0.115,0.115,0.055,0.060,1.000
.Location: (0.000, 0.168, 0.000)
.lookAheadPoint: (0.000, 2.168)
.Accelerate
0.129,0.119,0.000
0.119,0.119,0.061,0.065,1.000
.Location: (0.000, 0.216, 0.000)
.lookAheadPoint: (0.000, 2.216)
.Accelerate
0.129,0.122,0.000
0.122,0.122,0.065,0.068,1.000
.Location: (0.013, 0.252, 0.146)
.lookAheadPoint: (0.000, 2.252)
.Accelerate
0.129,0.125,-0.006
0.119,0.131,0.070,0.073,1.000
.Location: (0.000, 0.288, 0.000)
.lookAheadPoint: (0.000, 2.288)
.Accelerate
0.129,0.129,-0.000
0.129,0.129,0.074,0.078,1.000
.Location: (0.000, 0.312, 0.000)
.lookAheadPoint: (0.000, 2.312)
0.129,0.129,-0.000
0.129,0.130,0.076,0.086,1.000
.Location: (-0.013, 0.372, 359.854)
.lookAheadPoint: (0.000, 2.372)
0.129,0.129,0.006
0.136,0.123,0.081,0.087,1.000
.Location: (-0.000, 0.408, 360.000)
.lookAheadPoint: (0.000, 2.408)
0.129,0.129,0.000
0.130,0.129,0.089,0.089,1.000
.Location: (-0.013, 0.468, 359.854)
.lookAheadPoint: (0.000, 2.468)
0.129,0.129,0.007
0.136,0.123,0.094,0.088,1.000
.Location: (-0.026, 0.528, 359.709)
.lookAheadPoint: (0.000, 2.528)
0.129,0.129,0.013
0.142,0.117,0.096,0.094,1.000
.Location: (-0.026, 0.576, 359.709)
.lookAheadPoint: (0.000, 2.576)
0.129,0.129,0.013
0.142,0.117,0.100,0.094,1.000
.Location: (-0.027, 0.624, 359.709)
.lookAheadPoint: (0.000, 2.624)
0.129,0.129,0.013
0.142,0.117,0.105,0.091,1.000
.Location: (-0.014, 0.684, 359.854)
.lookAheadPoint: (0.000, 2.684)
0.129,0.129,0.007
0.136,0.123,0.109,0.090,1.000
.Location: (-0.014, 0.756, 359.854)
.lookAheadPoint: (0.000, 2.756)
0.129,0.129,0.007
0.136,0.123,0.113,0.093,1.000
.Location: (-0.001, 0.840, 360.000)
.lookAheadPoint: (0.000, 2.840)
0.129,0.129,0.001
0.130,0.129,0.117,0.096,1.000
.Location: (-0.001, 0.888, 360.000)
.lookAheadPoint: (0.000, 2.888)
0.129,0.129,0.001
0.130,0.129,0.120,0.098,1.000
.Location: (0.012, 0.948, 0.146)
.lookAheadPoint: (0.000, 2.948)
0.129,0.129,-0.006
0.124,0.135,0.122,0.099,1.000
.Location: (0.025, 1.008, 0.291)
.lookAheadPoint: (0.000, 40.000)
0.129,0.129,-0.000
0.129,0.130,0.121,0.101,1.000
.Location: (0.012, 1.092, 0.146)
.lookAheadPoint: (0.000, 40.000)
0.129,0.129,-0.000
0.129,0.129,0.119,0.103,1.000
.Location: (0.025, 1.151, 0.291)
.lookAheadPoint: (0.000, 40.000)
0.129,0.129,-0.000
0.129,0.130,0.120,0.106,1.000
.Location: (0.013, 1.235, 0.146)
.lookAheadPoint: (0.000, 40.000)
0.129,0.129,-0.000
0.129,0.129,0.123,0.110,1.000
.Location: (0.026, 1.295, 0.291)
.lookAheadPoint: (0.000, 40.000)
0.129,0.129,-0.000
0.129,0.130,0.123,0.111,1.000
.Location: (0.000, 1.367, 0.000)
.lookAheadPoint: (0.000, 40.000)
0.129,0.129,-0.000
0.129,0.129,0.126,0.113,1.000
.Location: (0.000, 1.439, 0.000)
.lookAheadPoint: (0.000, 40.000)
0.129,0.129,-0.000
0.129,0.129,0.127,0.114,1.000
.Location: (0.013, 1.499, 0.146)
.lookAheadPoint: (0.000, 40.000)
0.129,0.129,-0.000
0.129,0.129,0.127,0.113,1.000
.Location: (0.000, 1.559, 0.000)
.lookAheadPoint: (0.000, 3.559)
.Accelerate
0.183,0.133,-0.000
0.133,0.133,0.126,0.115,2.000
.Location: (0.000, 1.631, 0.000)
.lookAheadPoint: (0.000, 3.631)
.Accelerate
0.183,0.136,-0.000
0.136,0.136,0.128,0.116,2.000
.Location: (0.000, 1.703, 0.000)
.lookAheadPoint: (0.000, 3.703)
.Accelerate
0.183,0.139,-0.000
0.139,0.139,0.129,0.116,2.000
.Location: (0.013, 1.763, 0.146)
.lookAheadPoint: (0.000, 3.763)
.Accelerate
0.183,0.143,-0.007
0.136,0.150,0.127,0.116,2.000
.Location: (0.000, 1.847, 0.000)
.lookAheadPoint: (0.000, 3.847)
.Accelerate
0.183,0.146,-0.000
0.146,0.146,0.122,0.117,2.000
.Location: (0.000, 1.919, 0.000)
.lookAheadPoint: (0.000, 3.919)
.Accelerate
0.183,0.149,-0.000
0.149,0.149,0.122,0.123,2.000
.Location: (0.000, 1.991, 0.000)
.lookAheadPoint: (0.000, 3.991)
.Accelerate
0.183,0.153,-0.000
0.152,0.153,0.126,0.122,2.000
.Location: (0.000, 2.039, 0.000)
.lookAheadPoint: (0.000, 40.000)
.Accelerate
0.183,0.156,-0.000
0.156,0.156,0.129,0.125,2.000
.Location: (0.000, 2.135, 0.000)
.lookAheadPoint: (0.000, 40.000)
.Accelerate
0.183,0.159,-0.000
0.159,0.159,0.131,0.128,2.000
.Location: (0.000, 2.207, 0.000)
.lookAheadPoint: (0.000, 40.000)
.Accelerate
0.183,0.162,-0.000
0.162,0.162,0.130,0.128,2.000
.Location: (0.000, 2.279, 0.000)
.lookAheadPoint: (0.000, 40.000)
.Accelerate
0.183,0.166,-0.000
0.166,0.166,0.133,0.132,2.000
.Location: (0.000, 2.327, 0.000)
.lookAheadPoint: (0.000, 40.000)
.Accelerate
0.183,0.169,-0.000
0.169,0.169,0.139,0.136,2.000
.Location: (0.000, 2.423, 0.000)
.lookAheadPoint: (0.000, 40.000)
.Accelerate
0.183,0.172,-0.000
0.172,0.172,0.140,0.138,2.000
.Location: (-0.013, 2.507, 359.854)
.lookAheadPoint: (0.000, 4.507)
.Accelerate
0.224,0.176,0.006
0.184,0.167,0.145,0.144,3.000
.Location: (-0.013, 2.603, 359.854)
.lookAheadPoint: (0.000, 4.603)
.Accelerate
0.224,0.179,0.006
0.188,0.170,0.153,0.146,3.000
.Location: (-0.013, 2.675, 359.854)
.lookAheadPoint: (0.000, 4.675)
.Accelerate
0.224,0.182,0.007
0.191,0.173,0.160,0.148,3.000
.Location: (-0.013, 2.771, 359.854)
.lookAheadPoint: (0.000, 4.771)
.Accelerate
0.224,0.186,0.007
0.195,0.176,0.167,0.146,3.000
.Location: (-0.014, 2.843, 359.854)
.lookAheadPoint: (0.000, 4.843)
.Accelerate
0.224,0.189,0.007
0.198,0.179,0.173,0.154,3.000
.Location: (-0.027, 2.927, 359.709)
.lookAheadPoint: (0.000, 4.927)
.Accelerate
0.224,0.192,0.013
0.211,0.173,0.176,0.158,3.000
.Location: (-0.014, 3.011, 359.854)
.lookAheadPoint: (0.000, 40.000)
.Accelerate
0.224,0.195,0.000
0.196,0.195,0.179,0.160,3.000
.Location: (-0.014, 3.107, 359.854)
.lookAheadPoint: (0.000, 40.000)
.Accelerate
0.224,0.199,0.000
0.199,0.199,0.186,0.164,3.000
.Location: (0.012, 3.227, 0.146)
.lookAheadPoint: (0.000, 40.000)
.Accelerate
0.224,0.202,-0.000
0.202,0.202,0.183,0.176,3.000
.Location: (0.012, 3.347, 0.146)
.lookAheadPoint: (0.000, 40.000)
.Accelerate
0.224,0.205,-0.000
0.205,0.205,0.187,0.181,3.000
.Location: (0.025, 3.455, 0.291)
.lookAheadPoint: (0.000, 40.000)
.Accelerate
0.224,0.209,-0.000
0.209,0.209,0.194,0.185,3.000
.Location: (0.026, 3.551, 0.291)
.lookAheadPoint: (0.000, 5.551)
.Accelerate
0.259,0.212,-0.013
0.191,0.232,0.205,0.192,4.000
.Location: (0.040, 3.683, 0.437)
.lookAheadPoint: (0.000, 5.682)
.Accelerate
0.259,0.215,-0.020
0.183,0.247,0.211,0.195,4.000
.Location: (0.027, 3.791, 0.291)
.lookAheadPoint: (0.000, 5.790)
.Accelerate
0.259,0.219,-0.014
0.196,0.241,0.203,0.214,4.000
.Location: (0.015, 3.923, 0.146)
.lookAheadPoint: (0.000, 5.923)
.Accelerate
0.259,0.222,-0.007
0.210,0.234,0.195,0.227,4.000
.Location: (0.002, 4.031, 0.000)
.lookAheadPoint: (0.000, 40.000)
.Accelerate
0.259,0.225,-0.000
0.225,0.225,0.205,0.228,4.000
.Location: (-0.011, 4.139, 359.854)
.lookAheadPoint: (0.000, 40.000)
.Accelerate
0.259,0.228,0.000
0.229,0.228,0.219,0.227,4.000
.Location: (0.002, 4.247, 360.000)
.lookAheadPoint: (0.000, 40.000)
.Accelerate
0.259,0.232,-0.000
0.232,0.232,0.233,0.223,4.000
.Location: (-0.025, 4.366, 359.709)
.lookAheadPoint: (0.000, 40.000)
.Accelerate
0.259,0.235,0.000
0.235,0.235,0.238,0.225,4.000
.Location: (-0.012, 4.522, 359.854)
.lookAheadPoint: (0.000, 6.522)
.Accelerate
0.290,0.238,0.006
0.249,0.228,0.227,0.235,5.000
.Location: (-0.026, 4.654, 359.709)
.lookAheadPoint: (0.000, 6.654)
.Accelerate
0.290,0.242,0.013
0.265,0.218,0.224,0.242,5.000
.Location: (-0.026, 4.798, 359.709)
.lookAheadPoint: (0.000, 6.798)
.Accelerate
0.290,0.245,0.013
0.269,0.221,0.237,0.245,5.000
.Location: (-0.014, 4.930, 359.854)
.lookAheadPoint: (0.000, 6.930)
.Accelerate
0.290,0.248,0.007
0.261,0.235,0.258,0.247,5.000
.Location: (-0.028, 5.086, 359.709)
.lookAheadPoint: (0.000, 40.000)
.Accelerate
0.290,0.252,0.000
0.252,0.251,0.272,0.237,5.000
.Location: (-0.028, 5.230, 359.709)
.lookAheadPoint: (0.000, 40.000)
.Accelerate
0.290,0.255,0.000
0.255,0.255,0.270,0.244,5.000
.Location: (-0.016, 5.362, 359.854)
.lookAheadPoint: (0.000, 40.000)
.Accelerate
0.290,0.258,0.000
0.258,0.258,0.264,0.257,5.000
.Location: (-0.003, 5.494, 360.000)
.lookAheadPoint: (0.000, 40.000)
.Accelerate
0.290,0.261,0.000
0.261,0.261,0.269,0.271,5.000
.Location: (0.010, 5.650, 0.146)
.lookAheadPoint: (0.000, 7.650)
.Accelerate
0.317,0.265,-0.005
0.254,0.275,0.277,0.275,6.000
.Location: (0.024, 5.830, 0.291)
.lookAheadPoint: (0.000, 7.830)
.Accelerate
0.317,0.268,-0.012
0.244,0.292,0.277,0.274,6.000
.Location: (0.025, 5.998, 0.291)
.lookAheadPoint: (0.000, 7.998)
.Accelerate
0.317,0.271,-0.013
0.246,0.297,0.277,0.277,6.000
.Location: (0.026, 6.142, 0.291)
.lookAheadPoint: (0.000, 40.000)
.Accelerate
0.317,0.275,-0.000
0.275,0.275,0.273,0.292,6.000
.Location: (0.013, 6.322, 0.146)
.lookAheadPoint: (0.000, 40.000)
.Accelerate
0.317,0.278,-0.000
0.278,0.278,0.284,0.308,6.000
.Location: (0.000, 6.502, 0.000)
.lookAheadPoint: (0.000, 8.502)
.Accelerate
0.343,0.281,-0.000
0.281,0.282,0.298,0.301,7.000
.Location: (-0.013, 6.658, 359.854)
.lookAheadPoint: (0.000, 8.658)
.Accelerate
0.343,0.285,0.006
0.298,0.271,0.302,0.300,7.000
.Location: (-0.013, 6.802, 359.854)
.lookAheadPoint: (0.000, 8.802)
.Accelerate
0.343,0.288,0.007
0.302,0.274,0.304,0.308,7.000
.Location: (-0.000, 6.982, 360.000)
.lookAheadPoint: (0.000, 8.982)
.Accelerate
0.343,0.291,0.000
0.291,0.291,0.313,0.312,7.000
.Location: (-0.027, 7.198, 359.709)
.lookAheadPoint: (0.000, 40.000)
.Accelerate
0.343,0.294,0.000
0.295,0.294,0.322,0.317,7.000
.Location: (-0.001, 7.365, 360.000)
.lookAheadPoint: (0.000, 40.000)
.Accelerate
0.343,0.298,0.000
0.298,0.298,0.314,0.326,7.000
.Location: (-0.001, 7.557, 360.000)
.lookAheadPoint: (0.000, 9.557)
.Accelerate
0.366,0.301,0.001
0.303,0.299,0.312,0.331,8.000
.Location: (-0.001, 7.749, 360.000)
.lookAheadPoint: (0.000, 9.749)
.Accelerate
0.366,0.304,0.001
0.306,0.303,0.324,0.336,8.000
.Location: (-0.015, 7.905, 359.854)
.lookAheadPoint: (0.000, 9.905)
.Accelerate
0.366,0.308,0.007
0.325,0.291,0.343,0.335,8.000
.Location: (-0.002, 8.085, 360.000)
.lookAheadPoint: (0.000, 40.000)
.Accelerate
0.366,0.311,0.000
0.311,0.311,0.352,0.335,8.000
.Location: (-0.002, 8.301, 360.000)
.lookAheadPoint: (0.000, 40.000)
.Accelerate
0.366,0.314,0.000
0.314,0.314,0.361,0.340,8.000
.Location: (0.025, 8.493, 0.291)
.lookAheadPoint: (0.000, 40.000)
.Accelerate
0.366,0.318,-0.000
0.317,0.318,0.356,0.353,8.000
.Location: (-0.001, 8.709, 0.000)
.lookAheadPoint: (0.000, 10.709)
.Accelerate
0.388,0.321,0.000
0.322,0.320,0.347,0.359,9.000
.Location: (-0.014, 8.913, 359.854)
.lookAheadPoint: (0.000, 10.913)
.Accelerate
0.388,0.324,0.007
0.342,0.307,0.347,0.365,9.000
.Location: (-0.015, 9.105, 359.854)
.lookAheadPoint: (0.000, 40.000)
.Accelerate
0.388,0.327,0.000
0.328,0.327,0.364,0.370,9.000
.Location: (-0.015, 9.297, 359.854)
.lookAheadPoint: (0.000, 40.000)
.Accelerate
0.388,0.331,0.000
0.331,0.331,0.382,0.363,9.000
.Location: (-0.002, 9.501, 360.000)
.lookAheadPoint: (0.000, 11.501)
.Accelerate
0.409,0.334,0.001
0.337,0.331,0.384,0.374,10.000
.Location: (0.025, 9.741, 0.291)
.lookAheadPoint: (0.000, 11.741)
.Accelerate
0.409,0.337,-0.012
0.306,0.369,0.387,0.380,10.000
.Location: (0.040, 9.969, 0.437)
.lookAheadPoint: (0.000, 11.968)
.Accelerate
0.409,0.341,-0.020
0.290,0.391,0.390,0.390,10.000
.Location: (0.041, 10.209, 0.437)
.lookAheadPoint: (0.000, 40.000)
.Accelerate
0.409,0.344,-0.000
0.344,0.344,0.373,0.417,10.000
.Location: (0.029, 10.413, 0.291)
.lookAheadPoint: (0.000, 40.000)
.Accelerate
0.409,0.347,-0.000
0.347,0.347,0.364,0.422,10.000
.Location: (0.031, 10.629, 0.291)
.lookAheadPoint: (0.000, 12.628)
.Accelerate
0.429,0.351,-0.015
0.310,0.391,0.394,0.395,11.000
.Location: (0.018, 10.857, 0.146)
.lookAheadPoint: (0.000, 12.856)
.Accelerate
0.429,0.354,-0.009
0.330,0.378,0.411,0.405,11.000
.Location: (0.032, 11.108, 0.291)
.lookAheadPoint: (0.000, 40.000)
.Accelerate
0.429,0.357,-0.000
0.357,0.357,0.407,0.432,11.000
.Location: (0.006, 11.348, 0.000)
.lookAheadPoint: (0.000, 40.000)
.Accelerate
0.429,0.360,-0.000
0.360,0.361,0.407,0.438,11.000
.Location: (0.006, 11.588, 0.000)
.lookAheadPoint: (0.000, 13.588)
.Accelerate
0.449,0.364,-0.003
0.355,0.373,0.412,0.426,12.000
.Location: (-0.007, 11.816, 359.854)
.lookAheadPoint: (0.000, 13.816)
.Accelerate
0.449,0.367,0.004
0.377,0.357,0.423,0.435,12.000
.Location: (-0.035, 12.056, 359.563)
.lookAheadPoint: (0.000, 40.000)
.Accelerate
0.449,0.370,0.000
0.371,0.370,0.432,0.441,12.000
.Location: (-0.010, 12.296, 359.854)
.lookAheadPoint: (0.000, 40.000)
.Accelerate
0.449,0.374,0.000
0.374,0.374,0.431,0.437,12.000
.Location: (-0.024, 12.572, 359.709)
.lookAheadPoint: (0.000, 14.572)
.Accelerate
0.467,0.377,0.012
0.411,0.343,0.433,0.445,13.000
.Location: (-0.053, 12.836, 359.418)
.lookAheadPoint: (0.000, 14.835)
.Accelerate
0.467,0.380,0.026
0.456,0.305,0.448,0.450,13.000
.Location: (-0.082, 13.051, 359.127)
.lookAheadPoint: (0.000, 40.000)
.Accelerate
0.467,0.384,0.000
0.384,0.383,0.472,0.439,13.000
.Location: (-0.086, 13.315, 359.127)
.lookAheadPoint: (0.000, 40.000)
.Accelerate
0.467,0.387,0.000
0.388,0.386,0.491,0.411,13.000
.Location: (-0.090, 13.579, 359.127)
.lookAheadPoint: (0.000, 15.577)
.Accelerate
0.484,0.390,0.045
0.522,0.258,0.480,0.430,14.000
.Location: (-0.081, 13.855, 359.272)
.lookAheadPoint: (0.000, 15.853)
.Accelerate
0.484,0.393,0.040
0.512,0.275,0.480,0.437,14.000
.Location: (-0.084, 14.143, 359.272)
.lookAheadPoint: (0.000, 40.000)
.Accelerate
0.484,0.397,0.000
0.398,0.396,0.541,0.400,14.000
.Location: (-0.074, 14.371, 359.418)
.lookAheadPoint: (0.000, 40.000)
.Accelerate
0.484,0.400,0.000
0.401,0.399,0.528,0.374,14.000
.Location: (-0.049, 14.635, 359.709)
.lookAheadPoint: (0.000, 16.635)
.Accelerate
0.500,0.403,0.024
0.477,0.330,0.511,0.413,15.000
.Location: (0.005, 14.923, 0.291)
.lookAheadPoint: (0.000, 16.923)
.Accelerate
0.500,0.407,-0.002
0.399,0.414,0.498,0.457,15.000
.Location: (0.006, 15.211, 0.291)
.lookAheadPoint: (0.000, 40.000)
.Accelerate
0.500,0.410,-0.000
0.410,0.410,0.532,0.447,15.000
.Location: (0.022, 15.486, 0.437)
.lookAheadPoint: (0.000, 40.000)
.Accelerate
0.500,0.413,-0.000
0.413,0.413,0.525,0.472,15.000
.Location: (0.051, 15.726, 0.728)
.lookAheadPoint: (0.000, 17.725)
.Accelerate
0.500,0.417,-0.025
0.338,0.496,0.520,0.483,16.000
.Location: (0.082, 16.013, 1.019)
.lookAheadPoint: (0.000, 40.000)
.Accelerate
0.500,0.420,-0.000
0.419,0.421,0.507,0.479,16.000
.Location: (0.115, 16.301, 1.310)
.lookAheadPoint: (0.000, 40.000)
.Accelerate
0.500,0.423,-0.000
0.422,0.424,0.486,0.505,16.000
.Location: (0.149, 16.588, 1.601)
.lookAheadPoint: (0.000, 18.582)
.Accelerate
0.500,0.426,-0.074
0.189,0.664,0.524,0.480,17.000
.Location: (0.170, 16.863, 1.746)
.lookAheadPoint: (0.000, 18.856)
.Accelerate
0.500,0.430,-0.085
0.156,0.704,0.491,0.495,17.000
.Location: (0.165, 17.139, 1.601)
.lookAheadPoint: (0.000, 40.000)
.Accelerate
0.500,0.433,-0.001
0.431,0.435,0.435,0.570,17.000
.Location: (0.173, 17.427, 1.601)
.lookAheadPoint: (0.000, 40.000)
.Accelerate
0.500,0.436,-0.001
0.434,0.439,0.369,0.586,17.000
.Location: (0.154, 17.740, 1.310)
.lookAheadPoint: (0.000, 19.734)
.Accelerate
0.500,0.440,-0.077
0.186,0.693,0.381,0.513,18.000
.Location: (0.147, 18.040, 1.164)
.lookAheadPoint: (0.000, 40.000)
.Accelerate
0.500,0.443,-0.001
0.441,0.445,0.427,0.514,18.000
.Location: (0.139, 18.340, 1.019)
.lookAheadPoint: (0.000, 40.000)
.Accelerate
0.500,0.446,-0.001
0.444,0.448,0.390,0.560,18.000
.Location: (0.144, 18.628, 1.019)
.lookAheadPoint: (0.000, 20.623)
.Accelerate
0.500,0.450,-0.072
0.207,0.693,0.424,0.547,19.000
.Location: (0.136, 18.952, 0.873)
.lookAheadPoint: (0.000, 20.947)
.Accelerate
0.500,0.453,-0.068
0.222,0.684,0.478,0.580,19.000
.Location: (0.113, 19.240, 0.582)
.lookAheadPoint: (0.000, 40.000)
.Accelerate
0.500,0.456,-0.001
0.454,0.458,0.427,0.632,19.000
.Location: (0.088, 19.528, 0.291)
.lookAheadPoint: (0.000, 21.526)
.Accelerate
0.500,0.459,-0.044
0.308,0.611,0.390,0.633,20.000
.Location: (0.062, 19.840, 0.000)
.lookAheadPoint: (0.000, 21.839)
.Accelerate
0.500,0.463,-0.031
0.355,0.570,0.431,0.572,20.000
.Location: (0.044, 20.140, 359.563)
.lookAheadPoint: (0.000, 40.000)
.Accelerate
0.500,0.466,-0.000
0.465,0.467,0.428,0.597,20.000
.Location: (0.001, 20.439, 359.127)
.lookAheadPoint: (0.000, 40.000)
.Accelerate
0.500,0.469,-0.000
0.469,0.469,0.464,0.596,20.000
.Location: (-0.035, 20.726, 358.545)
.lookAheadPoint: (0.000, 22.726)
.Accelerate
0.500,0.473,0.017
0.535,0.411,0.539,0.597,21.000
.Location: (-0.009, 21.051, 358.399)
.lookAheadPoint: (0.000, 40.000)
.Accelerate
0.500,0.476,0.000
0.476,0.476,0.556,0.598,21.000
.Location: (-0.046, 21.362, 358.108)
.lookAheadPoint: (0.000, 40.000)
.Accelerate
0.500,0.479,0.000
0.480,0.478,0.592,0.597,21.000
.Location: (-0.073, 21.661, 357.672)
.lookAheadPoint: (0.000, 23.660)
.Accelerate
0.500,0.483,0.036
0.615,0.351,0.585,0.592,22.000
.Location: (-0.116, 21.947, 357.090)
.lookAheadPoint: (0.000, 23.944)
.Accelerate
0.500,0.486,0.058
0.697,0.275,0.580,0.600,22.000
.Location: (-0.149, 22.245, 356.653)
.lookAheadPoint: (0.000, 40.000)
.Accelerate
0.500,0.489,0.001
0.493,0.486,0.574,0.557,22.000
.Location: (-0.170, 22.557, 356.362)
.lookAheadPoint: (0.000, 24.549)
.Accelerate
0.500,0.492,0.085
0.807,0.178,0.577,0.514,23.000
.Location: (-0.189, 22.844, 356.362)
.lookAheadPoint: (0.000, 24.835)
.Accelerate
0.500,0.496,0.094
0.847,0.145,0.514,0.518,23.000
.Location: (-0.238, 23.177, 356.071)
.lookAheadPoint: (0.000, 40.000)
.Accelerate
0.500,0.499,0.002
0.505,0.493,0.600,0.460,23.000
.Location: (-0.246, 23.502, 356.217)
.lookAheadPoint: (0.000, 25.486)
0.500,0.500,0.123
0.962,0.038,0.621,0.408,24.000
.Location: (-0.254, 23.826, 356.362)
.lookAheadPoint: (0.000, 25.810)
0.500,0.500,0.127
0.976,0.024,0.559,0.359,24.000
.Location: (-0.234, 24.175, 356.799)
.lookAheadPoint: (0.000, 40.000)
0.500,0.500,0.002
0.507,0.493,0.631,0.274,24.000
.Location: (-0.253, 24.511, 356.799)
.lookAheadPoint: (0.000, 26.495)
0.500,0.500,0.126
0.974,0.026,0.647,0.178,25.000
.Location: (-0.257, 24.835, 356.944)
.lookAheadPoint: (0.000, 26.818)
0.500,0.500,0.128
0.981,0.019,0.604,0.228,25.000
.Location: (-0.233, 25.184, 357.381)
.lookAheadPoint: (0.000, 40.000)
0.500,0.500,0.002
0.508,0.492,0.660,0.207,25.000
.Location: (-0.206, 25.509, 357.817)
.lookAheadPoint: (0.000, 27.499)
.Decelerate
0.484,0.497,0.103
0.881,0.112,0.658,0.175,26.000
.Location: (-0.162, 25.798, 358.399)
.lookAheadPoint: (0.000, 27.792)
.Decelerate
0.484,0.493,0.081
0.793,0.193,0.627,0.263,26.000
.Location: (-0.115, 26.087, 358.981)
.lookAheadPoint: (0.000, 40.000)
.Decelerate
0.484,0.490,0.001
0.494,0.486,0.663,0.265,26.000
.Location: (-0.037, 26.374, 359.854)
.lookAheadPoint: (0.000, 40.000)
.Decelerate
0.484,0.487,0.000
0.488,0.485,0.673,0.269,26.000
.Location: (-0.004, 26.638, 0.728)
.lookAheadPoint: (0.000, 28.638)
.Decelerate
0.467,0.483,0.002
0.490,0.477,0.636,0.369,27.000
.Location: (0.047, 26.888, 1.746)
.lookAheadPoint: (0.000, 28.887)
.Decelerate
0.467,0.480,-0.023
0.396,0.565,0.648,0.484,27.000
.Location: (0.054, 27.140, 2.765)
.lookAheadPoint: (0.000, 40.000)
.Decelerate
0.467,0.477,-0.001
0.475,0.479,0.622,0.517,27.000
.Location: (0.090, 27.390, 3.783)
.lookAheadPoint: (0.000, 40.000)
.Decelerate
0.467,0.474,-0.001
0.470,0.478,0.608,0.589,27.000
.Location: (0.105, 27.666, 4.511)
.lookAheadPoint: (0.000, 29.663)
.Decelerate
0.449,0.470,-0.052
0.285,0.655,0.601,0.564,28.000
.Location: (0.085, 27.933, 5.093)
.lookAheadPoint: (0.000, 29.931)
.Decelerate
0.449,0.467,-0.042
0.319,0.615,0.605,0.484,28.000
.Location: (0.079, 28.211, 5.529)
.lookAheadPoint: (0.000, 40.000)
.Decelerate
0.449,0.464,-0.001
0.460,0.468,0.567,0.505,28.000
.Location: (0.090, 28.499, 6.111)
.lookAheadPoint: (0.000, 40.000)
.Decelerate
0.449,0.460,-0.001
0.456,0.465,0.521,0.489,28.000
.Location: (0.127, 28.785, 6.693)
.lookAheadPoint: (0.000, 30.781)
.Decelerate
0.429,0.457,-0.064
0.239,0.676,0.504,0.426,29.000
.Location: (0.119, 29.124, 6.693)
.lookAheadPoint: (0.000, 40.000)
.Decelerate
0.429,0.454,-0.002
0.447,0.461,0.529,0.451,29.000
.Location: (0.088, 29.442, 6.984)
.lookAheadPoint: (0.000, 40.000)
.Decelerate
0.429,0.450,-0.002
0.445,0.456,0.491,0.485,29.000
.Location: (0.102, 29.731, 7.275)
.lookAheadPoint: (0.000, 31.728)
.Decelerate
0.409,0.447,-0.051
0.275,0.619,0.482,0.498,30.000
.Location: (0.107, 30.033, 7.421)
.lookAheadPoint: (0.000, 40.000)
.Decelerate
0.409,0.444,-0.002
0.437,0.451,0.540,0.522,30.000
.Location: (0.138, 30.355, 7.566)
.lookAheadPoint: (0.000, 40.000)
.Decelerate
0.409,0.441,-0.003
0.431,0.450,0.497,0.576,30.000
.Location: (0.120, 30.685, 7.421)
.lookAheadPoint: (0.000, 32.681)
.Decelerate
0.388,0.437,-0.060
0.241,0.633,0.502,0.554,31.000
.Location: (0.124, 31.011, 7.275)
.lookAheadPoint: (0.000, 40.000)
.Decelerate
0.388,0.434,-0.003
0.424,0.444,0.529,0.550,31.000
.Location: (0.151, 31.334, 7.130)
.lookAheadPoint: (0.000, 40.000)
.Decelerate
0.388,0.431,-0.004
0.418,0.444,0.504,0.589,31.000
.Location: (0.175, 31.633, 6.984)
.lookAheadPoint: (0.000, 33.625)
.Decelerate
0.366,0.427,-0.087
0.148,0.707,0.496,0.563,32.000
.Location: (0.212, 31.943, 6.984)
.lookAheadPoint: (0.000, 33.931)
.Decelerate
0.366,0.424,-0.106
0.086,0.762,0.503,0.556,32.000
.Location: (0.235, 32.242, 6.839)
.lookAheadPoint: (0.000, 40.000)
.Decelerate
0.366,0.421,-0.008
0.396,0.445,0.451,0.624,32.000
.Location: (0.242, 32.531, 6.548)
.lookAheadPoint: (0.000, 34.516)
.Decelerate
0.343,0.417,-0.121
0.039,0.796,0.360,0.664,33.000
.Location: (0.265, 32.854, 6.402)
.lookAheadPoint: (0.000, 34.837)
.Decelerate
0.343,0.414,-0.133
0.002,0.826,0.313,0.615,33.000
.Location: (0.275, 33.191, 6.111)
.lookAheadPoint: (0.000, 40.000)
.Decelerate
0.343,0.411,-0.012
0.374,0.447,0.227,0.642,33.000
.Location: (0.283, 33.528, 5.820)
.lookAheadPoint: (0.000, 35.508)
.Decelerate
0.317,0.408,-0.141
-0.025,0.840,0.169,0.636,34.000
.Location: (0.272, 33.830, 5.384)
.lookAheadPoint: (0.000, 35.812)
.Decelerate
0.317,0.404,-0.136
-0.008,0.816,0.266,0.611,34.000
.Location: (0.229, 34.110, 4.656)
.lookAheadPoint: (0.000, 40.000)
.Decelerate
0.317,0.401,-0.013
0.361,0.441,0.170,0.666,34.000
.Location: (0.208, 34.412, 3.929)
.lookAheadPoint: (0.000, 40.000)
.Decelerate
0.317,0.398,-0.013
0.358,0.437,0.130,0.675,34.000
.Location: (0.191, 34.653, 3.056)
.lookAheadPoint: (0.000, 36.644)
.Decelerate
0.290,0.394,-0.096
0.112,0.677,0.276,0.621,35.000
.Location: (0.140, 34.918, 1.601)
.lookAheadPoint: (0.000, 36.913)
.Decelerate
0.290,0.391,-0.070
0.185,0.597,0.347,0.619,35.000
.Location: (0.107, 35.157, 0.146)
.lookAheadPoint: (0.000, 40.000)
.Decelerate
0.290,0.388,-0.009
0.361,0.414,0.304,0.675,35.000
.Location: (0.093, 35.349, 358.690)
.lookAheadPoint: (0.000, 40.000)
.Decelerate
0.290,0.384,-0.009
0.360,0.409,0.286,0.688,35.000
.Location: (0.073, 35.564, 357.235)
.lookAheadPoint: (0.000, 37.563)
.Decelerate
0.259,0.381,-0.036
0.277,0.485,0.350,0.632,36.000
.Location: (0.109, 35.820, 356.217)
.lookAheadPoint: (0.000, 37.817)
.Decelerate
0.259,0.378,-0.055
0.223,0.532,0.393,0.596,36.000
.Location: (0.153, 36.089, 355.344)
.lookAheadPoint: (0.000, 40.000)
.Decelerate
0.259,0.375,-0.020
0.318,0.431,0.365,0.602,36.000
.Location: (0.172, 36.332, 354.471)
.lookAheadPoint: (0.000, 40.000)
.Decelerate
0.259,0.371,-0.025
0.300,0.442,0.304,0.619,36.000
.Location: (0.172, 36.586, 353.452)
.lookAheadPoint: (0.000, 38.578)
.Decelerate
0.224,0.368,-0.086
0.131,0.605,0.288,0.597,37.000
.Location: (0.116, 36.832, 352.143)
.lookAheadPoint: (0.000, 38.829)
.Decelerate
0.224,0.365,-0.058
0.206,0.524,0.265,0.610,37.000
.Location: (0.101, 37.049, 351.270)
.lookAheadPoint: (0.000, 40.000)
.Decelerate
0.224,0.361,-0.023
0.298,0.424,0.203,0.625,37.000
.Location: (0.051, 37.308, 350.397)
.lookAheadPoint: (0.000, 40.000)
.Decelerate
0.224,0.358,-0.014
0.320,0.396,0.231,0.582,37.000
.Location: (0.036, 37.561, 349.669)
.lookAheadPoint: (0.000, 40.000)
.Decelerate
0.183,0.355,-0.012
0.322,0.387,0.296,0.557,38.000
.Location: (0.064, 37.848, 349.233)
.lookAheadPoint: (0.000, 40.000)
.Decelerate
0.183,0.351,-0.028
0.278,0.425,0.339,0.540,38.000
.Location: (0.060, 38.092, 348.651)
.lookAheadPoint: (0.000, 40.000)
.Decelerate
0.183,0.348,-0.033
0.262,0.434,0.348,0.531,38.000
.Location: (0.068, 38.365, 347.778)
.lookAheadPoint: (0.000, 40.000)
.Decelerate
0.183,0.345,-0.051
0.213,0.477,0.312,0.541,38.000
.Location: (0.028, 38.602, 346.614)
.lookAheadPoint: (0.000, 40.000)
.Decelerate
0.129,0.342,-0.029
0.267,0.416,0.291,0.569,39.000
.Location: (0.020, 38.860, 345.886)
.lookAheadPoint: (0.000, 40.000)
.Decelerate
0.129,0.338,-0.031
0.260,0.417,0.277,0.583,39.000
.Location: (0.022, 39.133, 345.595)
.lookAheadPoint: (0.000, 40.000)
.Decelerate
0.129,0.335,-0.059
0.187,0.483,0.302,0.546,39.000
.Location: (0.006, 39.415, 345.159)
.lookAheadPoint: (0.000, 40.000)
.Decelerate
0.129,0.332,-0.037
0.240,0.424,0.308,0.556,39.000
.Location: (0.021, 39.680, 345.013)
WARNING - pros.serial.terminal.terminal:stop - Stopping terminal
WARNING - pros.serial.terminal.terminal:reader - Connection to COM7 broken
