.velList #0: 0.000
.velList #1: 0.750
.velList #2: 0.750
.velList #3: 0.750
.velList #4: 0.750
.velList #5: 0.750
.velList #6: 0.750
.velList #7: 0.750
.velList #8: 0.750
.velList #9: 0.750
.velList #10: 0.750
.velList #11: 0.750
.velList #12: 0.750
.velList #13: 0.750
.velList #14: 0.750
.velList #15: 0.750
.velList #16: 0.750
.velList #17: 0.750
.velList #18: 0.750
.velList #19: 0.750
.velList #20: 0.000
0.750,0.000
.Accelerate
0.050,0.050,0.000,-0.000
0.750,0.050
.Accelerate
0.100,0.100,0.000,-0.000
0.750,0.100
.Accelerate
0.150,0.150,0.037,0.060
0.750,0.150
.Accelerate
0.200,0.200,0.170,0.124
0.750,0.200
.Accelerate
0.250,0.250,0.352,0.264
0.750,0.250
.Accelerate
0.300,0.300,0.553,0.599
0.750,0.300
.Accelerate
0.358,0.342,0.737,0.748
0.750,0.350
.Accelerate
0.429,0.371,1.047,1.018
0.750,0.400
.Accelerate
0.504,0.396,1.464,1.280
0.750,0.450
.Accelerate
0.585,0.415,1.763,1.578
0.750,0.500
.Accelerate
0.671,0.429,2.303,1.851
0.750,0.550
.Accelerate
0.764,0.436,2.496,2.128
0.750,0.600
.Accelerate
0.831,0.469,3.103,2.367
0.750,0.650
.Accelerate
0.915,0.485,3.287,2.597
0.750,0.700
1.007,0.493,3.645,2.775
0.750,0.750
1.052,0.448,3.987,2.954
0.750,0.750
1.030,0.470,4.524,2.828
0.750,0.750
1.063,0.437,4.875,2.711
0.750,0.750
0.754,0.746,5.061,2.792
0.750,0.750
0.754,0.746,5.316,2.958
0.750,0.750
1.089,0.411,5.249,3.990
0.750,0.750
1.097,0.403,5.182,4.107
0.750,0.750
1.094,0.406,5.318,3.797
0.750,0.750
0.755,0.745,5.301,3.321
0.750,0.750
0.755,0.745,5.518,3.239
0.750,0.750
1.213,0.287,5.558,4.196
0.750,0.750
1.217,0.283,5.531,4.292
0.750,0.750
1.265,0.235,5.611,3.970
0.750,0.750
0.758,0.742,5.427,3.497
0.750,0.750
0.758,0.742,5.428,3.213
0.750,0.750
1.408,0.092,5.573,3.144
0.750,0.750
1.428,0.072,5.462,3.753
0.750,0.750
0.761,0.739,5.511,2.744
0.750,0.750
0.763,0.737,5.383,2.143
0.750,0.750
1.539,-0.039,5.284,2.141
0.750,0.750
1.595,-0.095,5.353,2.741
0.750,0.750
1.660,-0.160,5.370,1.181
0.750,0.750
0.769,0.731,5.611,0.614
0.750,0.750
1.782,-0.282,5.667,0.310
0.750,0.750
1.813,-0.313,5.511,0.533
0.750,0.750
1.865,-0.365,5.447,0.526
0.750,0.750
1.874,-0.374,5.312,-0.202
0.750,0.750
0.774,0.726,5.224,-1.014
0.750,0.750
1.861,-0.361,5.194,-1.137
0.750,0.750
1.852,-0.352,5.157,-0.660
0.750,0.750
1.910,-0.410,5.302,-1.045
0.750,0.750
1.891,-0.391,5.373,-1.716
0.750,0.750
0.779,0.721,5.470,-2.049
0.750,0.750
0.779,0.721,5.479,-1.791
0.750,0.750
1.874,-0.374,5.346,-1.319
0.750,0.750
1.884,-0.384,5.212,-0.205
0.750,0.750
1.909,-0.409,5.215,-0.367
0.750,0.750
1.888,-0.388,5.312,-1.719
0.750,0.750
1.848,-0.348,5.465,-2.228
0.750,0.750
0.782,0.718,5.460,-2.285
0.750,0.750
0.782,0.718,5.511,-2.010
0.750,0.750
1.780,-0.280,5.440,-1.152
0.750,0.750
1.786,-0.286,5.372,-0.621
0.750,0.750
1.740,-0.240,5.540,-0.194
0.750,0.750
1.789,-0.289,5.459,-1.167
0.750,0.750
1.725,-0.225,5.336,-1.472
0.750,0.750
0.783,0.717,5.457,-1.741
0.750,0.750
0.783,0.717,5.553,-1.568
0.750,0.750
0.781,0.719,5.566,-0.855
0.750,0.750
1.538,-0.038,5.632,0.166
0.750,0.750
1.474,0.026,5.279,1.754
0.750,0.750
1.505,-0.005,5.400,0.694
0.750,0.750
1.452,0.048,5.282,0.177
0.750,0.750
0.776,0.724,5.252,0.140
0.750,0.750
0.775,0.725,5.390,-0.046
0.750,0.750
0.773,0.727,5.549,0.364
0.750,0.750
0.767,0.733,5.668,1.575
0.750,0.750
1.056,0.444,5.571,1.799
0.750,0.750
0.927,0.573,5.386,2.617
0.750,0.750
0.822,0.678,5.347,2.580
0.750,0.750
0.747,0.753,5.480,2.765
0.750,0.750
0.741,0.759,5.501,2.633
0.750,0.750
0.731,0.769,5.432,2.872
0.750,0.750
0.165,1.335,5.386,3.809
0.750,0.750
-0.036,1.536,5.206,4.430
0.750,0.750
-0.240,1.740,4.063,4.856
0.750,0.750
0.673,0.827,2.406,4.801
0.750,0.750
0.655,0.845,1.105,4.727
0.750,0.750
-0.879,2.379,0.769,4.850
0.750,0.750
-1.074,2.574,1.738,5.121
0.750,0.750
-1.271,2.771,1.134,5.332
0.750,0.750
-1.492,2.992,1.134,5.199
0.750,0.750
-1.715,3.215,-0.100,5.162
0.750,0.750
-1.930,3.430,-1.840,5.164
0.750,0.750
-0.515,2.015,-2.364,4.909
0.750,0.750
-0.630,2.130,-3.244,4.941
0.750,0.750
-0.723,2.223,-2.700,4.945
0.750,0.750
-0.825,2.325,-3.412,5.189
0.750,0.750
-0.913,2.413,-3.629,5.183
0.750,0.750
-1.000,2.500,-3.775,5.296
0.750,0.750
-1.094,2.594,-4.243,5.207
0.750,0.750
-0.332,1.832,-4.621,5.141
0.750,0.750
-0.371,1.871,-4.866,5.361
0.750,0.750
-0.417,1.917,-4.351,5.309
0.750,0.750
-0.470,1.970,-4.200,5.563
0.750,0.750
-0.522,2.022,-3.914,5.450
0.750,0.750
-0.579,2.079,-3.816,5.602
0.750,0.750
-0.625,2.125,-3.458,5.524
0.750,0.750
-0.067,1.567,-3.049,5.413
0.750,0.750
-0.093,1.593,-3.063,5.364
0.750,0.750
-0.126,1.626,-2.027,5.539
0.750,0.750
-0.154,1.654,-1.638,5.501
0.750,0.750
-0.170,1.670,-1.344,5.598
0.750,0.750
-0.184,1.684,-1.213,5.627
0.750,0.750
-0.201,1.701,-1.237,5.525
0.750,0.750
-0.211,1.711,-1.257,5.506
0.750,0.750
-0.225,1.725,-1.318,5.339
0.750,0.750
-0.231,1.731,-1.386,5.483
0.750,0.750
-0.243,1.743,-1.460,5.454
0.750,0.750
-0.246,1.746,-1.530,5.551
0.750,0.750
-0.246,1.746,-1.641,5.414
0.750,0.750
-0.255,1.755,-1.713,5.521
0.750,0.750
-0.253,1.753,-1.731,5.323
0.750,0.750
-0.247,1.747,-1.749,5.564
0.750,0.750
-0.235,1.735,-1.727,5.532
0.750,0.750
-0.235,1.735,-1.710,5.571
0.750,0.750
-0.222,1.722,-1.681,5.540