


         _+=+_
      .-`  .  `-.          8888888b.  8888888b.   .d88888b.   .d8888b.
   _+`     "     `+_       888   Y88b 888   Y88b d88P" "Y88b d88P  Y88b
  \\\sssssssssssss///      888    888 888    888 888     888 Y88b.
     .ss\  *  /ss.         888   d88P 888   d88P 888     888  "Y888b.
 .+bm  .s  *  s.  md+.     8888888P"  8888888P"  888     888     "Y88b.
.hMMMMs .  *  . sMMMMh.    888        888 T88b   888     888       "888
 `\hMMMb \ | / dMMMh:      888        888  T88b  Y88b. .d88P Y88b  d88P
   -SNMNo  -  oNMNs-       888        888   T88b  "Y88888P"   "Y8888P"
     `+dMh\./dMd/
        `:yNy:`                      Powered by PROS for VEX V5
           "                Copyright (c) Purdue University ACM SIGBots
Version:        3.2.1     Platform:  V1.0.11 (b70)     Uptime:    0.000 s
Compiled:                Unknown     Directory:                 Unknown


.velList #0: 0.000
.velList #1: 0.129
.velList #2: 0.183
.velList #3: 0.224
.velList #4: 0.259
.velList #5: 0.289
.velList #6: 0.317
.velList #7: 0.342
.velList #8: 0.366
.velList #9: 0.388
.velList #10: 0.409
.velList #11: 0.429
.velList #12: 0.448
.velList #13: 0.466
.velList #14: 0.484
.velList #15: 0.500
.velList #16: 0.500
.velList #17: 0.500
.velList #18: 0.500
.velList #19: 0.500
.velList #20: 0.500
.velList #21: 0.500
.velList #22: 0.500
.velList #23: 0.500
.velList #24: 0.500
.velList #25: 0.500
.velList #26: 0.500
.velList #27: 0.500
.velList #28: 0.500
.velList #29: 0.500
.velList #30: 0.500
.velList #31: 0.500
.velList #32: 0.500
.velList #33: 0.500
.velList #34: 0.500
.velList #35: 0.489
.velList #36: 0.472
.velList #37: 0.454
.velList #38: 0.435
.velList #39: 0.415
.velList #40: 0.395
.velList #41: 0.373
.velList #42: 0.350
.velList #43: 0.326
.velList #44: 0.299
.velList #45: 0.271
.velList #46: 0.239
.velList #47: 0.204
.velList #48: 0.164
.velList #49: 0.113
.velList #50: 0.000
.Time: .Location: (0.000, 0.000, 0.000)
.lookAheadPoint: (0.001, 5.000)
.Accelerate
0.129,0.003,0.000
0.003,0.003,0.000,-0.000,1.000
.Time: 10.Location: (0.000, 0.000, 0.000)
.lookAheadPoint: (0.001, 5.000)
.Accelerate
0.129,0.007,0.000
0.007,0.007,0.000,-0.000,1.000
.Time: 20.Location: (0.000, 0.000, 0.000)
.lookAheadPoint: (0.001, 5.000)
.Accelerate
0.129,0.010,0.000
0.010,0.010,0.000,-0.000,1.000
.Time: 30.Location: (0.000, 0.000, 0.000)
.lookAheadPoint: (0.001, 5.000)
.Accelerate
0.129,0.013,0.000
0.013,0.013,0.000,-0.000,1.000
.Time: 40.Location: (0.000, 0.000, 0.000)
.lookAheadPoint: (0.001, 5.000)
.Accelerate
0.129,0.017,0.000
0.017,0.016,0.000,-0.000,1.000
.Time: 50.Location: (0.000, 0.000, 0.000)
.lookAheadPoint: (0.001, 5.000)
.Accelerate
0.129,0.020,0.000
0.020,0.020,0.000,-0.000,1.000
.Time: 60.Location: (0.000, 0.000, 0.000)
.lookAheadPoint: (0.001, 5.000)
.Accelerate
0.129,0.023,0.000
0.023,0.023,0.000,0.016,1.000
.Time: 70.Location: (0.000, 0.000, 0.000)
.lookAheadPoint: (0.001, 5.000)
.Accelerate
0.129,0.026,0.000
0.026,0.026,0.109,0.016,1.000
.Time: 80.Location: (0.000, 0.000, 0.000)
.lookAheadPoint: (0.001, 5.000)
.Accelerate
0.129,0.030,0.000
0.030,0.030,0.109,0.016,1.000
.Time: 90.Location: (0.000, 0.000, 0.000)
.lookAheadPoint: (0.001, 5.000)
.Accelerate
0.129,0.033,0.000
0.033,0.033,0.109,0.016,1.000
.Time: 100.Location: (0.000, 0.000, 0.000)
.lookAheadPoint: (0.001, 5.000)
.Accelerate
0.129,0.036,0.000
0.036,0.036,0.109,0.021,1.000
.Time: 110.Location: (0.000, 0.000, 0.000)
.lookAheadPoint: (0.001, 5.000)
.Accelerate
0.129,0.040,0.000
0.040,0.040,0.038,0.023,1.000
.Time: 120.Location: (0.000, 0.000, 0.000)
.lookAheadPoint: (0.001, 5.000)
.Accelerate
0.129,0.043,0.000
0.043,0.043,0.027,0.024,1.000
.Time: 130.Location: (0.000, 0.000, 0.000)
.lookAheadPoint: (0.001, 5.000)
.Accelerate
0.129,0.046,0.000
0.046,0.046,0.023,0.028,1.000
.Time: 140.Location: (0.000, 0.000, 0.000)
.lookAheadPoint: (0.001, 5.000)
.Accelerate
0.129,0.049,0.000
0.050,0.049,0.022,0.029,1.000
.Time: 150.Location: (0.000, 0.000, 0.000)
.lookAheadPoint: (0.001, 5.000)
.Accelerate
0.129,0.053,0.000
0.053,0.053,0.026,0.033,1.000
.Time: 160.Location: (0.000, 0.000, 0.000)
.lookAheadPoint: (0.001, 5.000)
.Accelerate
0.129,0.056,0.000
0.056,0.056,0.031,0.035,1.000
.Time: 170.Location: (0.000, 0.000, 0.000)
.lookAheadPoint: (0.001, 5.000)
.Accelerate
0.129,0.059,0.000
0.059,0.059,0.036,0.036,1.000
.Time: 180.Location: (0.000, 0.000, 0.000)
.lookAheadPoint: (0.001, 5.000)
.Accelerate
0.129,0.063,0.000
0.063,0.063,0.037,0.039,1.000
.Time: 190.Location: (0.000, 0.000, 0.000)
.lookAheadPoint: (0.001, 5.000)
.Accelerate
0.129,0.066,0.000
0.066,0.066,0.038,0.043,1.000
.Time: 200.Location: (0.000, 0.000, 0.000)
.lookAheadPoint: (0.001, 5.000)
.Accelerate
0.129,0.069,0.000
0.069,0.069,0.036,0.045,1.000
.Time: 210.Location: (0.000, 0.000, 0.000)
.lookAheadPoint: (0.001, 5.000)
.Accelerate
0.129,0.073,0.000
0.073,0.073,0.034,0.049,1.000
.Time: 220.Location: (0.000, 0.000, 0.000)
.lookAheadPoint: (0.001, 5.000)
.Accelerate
0.129,0.076,0.000
0.076,0.076,0.035,0.052,1.000
.Time: 230.Location: (0.000, 0.000, 0.000)
.lookAheadPoint: (0.001, 5.000)
.Accelerate
0.129,0.079,0.000
0.079,0.079,0.036,0.052,1.000
.Time: 240.Location: (0.000, 0.000, 0.000)
.lookAheadPoint: (0.001, 5.000)
.Accelerate
0.129,0.082,0.000
0.083,0.082,0.033,0.053,1.000
.Time: 250.Location: (0.000, 0.000, 0.000)
.lookAheadPoint: (0.001, 5.000)
.Accelerate
0.129,0.086,0.000
0.086,0.086,0.033,0.052,1.000
.Time: 260.Location: (0.000, 0.000, 0.000)
.lookAheadPoint: (0.001, 5.000)
.Accelerate
0.129,0.089,0.000
0.089,0.089,0.034,0.051,1.000
.Time: 270.Location: (0.000, 0.000, 0.000)
.lookAheadPoint: (0.001, 5.000)
.Accelerate
0.129,0.092,0.000
0.092,0.092,0.034,0.050,1.000
.Time: 280.Location: (-0.013, 0.012, 359.854)
.lookAheadPoint: (0.001, 5.012)
.Accelerate
0.129,0.096,0.001
0.096,0.095,0.035,0.049,1.000
.Time: 290.Location: (-0.013, 0.012, 359.854)
.lookAheadPoint: (0.001, 5.012)
.Accelerate
0.129,0.099,0.001
0.100,0.098,0.034,0.047,1.000
.Time: 300.Location: (-0.013, 0.036, 359.854)
.lookAheadPoint: (0.001, 5.036)
.Accelerate
0.129,0.102,0.001
0.103,0.102,0.031,0.048,1.000
.Time: 310.Location: (-0.013, 0.060, 359.854)
.lookAheadPoint: (0.001, 5.060)
.Accelerate
0.129,0.106,0.001
0.106,0.105,0.032,0.047,1.000
.Time: 320.Location: (-0.013, 0.084, 359.854)
.lookAheadPoint: (0.001, 5.084)
.Accelerate
0.129,0.109,0.001
0.110,0.108,0.041,0.053,1.000
.Time: 330.Location: (-0.013, 0.108, 359.854)
.lookAheadPoint: (0.001, 5.108)
.Accelerate
0.129,0.112,0.001
0.113,0.111,0.048,0.063,1.000
.Time: 340.Location: (-0.026, 0.144, 359.709)
.lookAheadPoint: (0.001, 5.144)
.Accelerate
0.129,0.115,0.002
0.117,0.114,0.052,0.065,1.000
.Time: 350.Location: (-0.013, 0.180, 359.854)
.lookAheadPoint: (0.001, 5.180)
.Accelerate
0.129,0.119,0.001
0.120,0.118,0.054,0.068,1.000
.Time: 360.Location: (-0.013, 0.204, 359.854)
.lookAheadPoint: (0.001, 5.204)
.Accelerate
0.129,0.122,0.001
0.123,0.121,0.055,0.071,1.000
.Time: 370.Location: (-0.026, 0.240, 359.709)
.lookAheadPoint: (0.001, 5.240)
.Accelerate
0.129,0.125,0.002
0.127,0.124,0.059,0.072,1.000
.Time: 380.Location: (-0.014, 0.276, 359.854)
.lookAheadPoint: (0.001, 5.276)
.Accelerate
0.129,0.129,0.001
0.130,0.128,0.067,0.079,1.000
.Time: 390.Location: (-0.014, 0.300, 359.854)
.lookAheadPoint: (0.001, 5.300)
0.129,0.129,0.001
0.130,0.129,0.075,0.083,1.000
.Time: 400.Location: (-0.014, 0.348, 359.854)
.lookAheadPoint: (0.001, 5.348)
0.129,0.129,0.001
0.130,0.129,0.080,0.084,1.000
.Time: 410.Location: (-0.014, 0.396, 359.854)
.lookAheadPoint: (0.001, 5.396)
0.129,0.129,0.001
0.130,0.129,0.088,0.085,1.000
.Time: 420.Location: (-0.027, 0.432, 359.709)
.lookAheadPoint: (0.001, 5.432)
0.129,0.129,0.002
0.131,0.128,0.093,0.086,1.000
.Time: 430.Location: (-0.014, 0.492, 359.854)
.lookAheadPoint: (0.001, 5.492)
0.129,0.129,0.001
0.130,0.129,0.097,0.087,1.000
.Time: 440.Location: (-0.001, 0.552, 360.000)
.lookAheadPoint: (0.001, 5.552)
0.129,0.129,0.000
0.130,0.129,0.100,0.089,1.000
.Time: 450.Location: (-0.014, 0.612, 359.854)
.lookAheadPoint: (0.001, 5.612)
0.129,0.129,0.001
0.130,0.129,0.104,0.091,1.000
.Time: 460.Location: (-0.015, 0.684, 359.854)
.lookAheadPoint: (0.001, 5.684)
0.129,0.129,0.001
0.130,0.129,0.109,0.097,1.000
.Time: 470.Location: (-0.002, 0.744, 360.000)
.lookAheadPoint: (0.001, 5.744)
0.129,0.129,0.000
0.130,0.129,0.114,0.102,1.000
.Time: 480.Location: (-0.002, 0.792, 360.000)
.lookAheadPoint: (0.001, 5.792)
0.129,0.129,0.000
0.130,0.129,0.117,0.103,1.000
.Time: 490.Location: (-0.002, 0.864, 360.000)
.lookAheadPoint: (0.002, 5.864)
0.129,0.129,0.000
0.130,0.129,0.119,0.108,1.000
.Time: 500.Location: (-0.002, 0.936, 360.000)
.lookAheadPoint: (0.002, 5.936)
0.129,0.129,0.000
0.130,0.129,0.118,0.114,1.000
.Time: 510.Location: (-0.015, 0.996, 359.854)
.lookAheadPoint: (0.002, 5.996)
0.129,0.129,0.001
0.130,0.129,0.120,0.111,1.000
.Time: 520.Location: (-0.015, 1.068, 359.854)
.lookAheadPoint: (20.000, 40.000)
0.129,0.129,0.016
0.145,0.114,0.120,0.110,1.000
.Time: 530.Location: (-0.015, 1.140, 359.854)
.lookAheadPoint: (20.000, 40.000)
0.129,0.129,0.016
0.145,0.114,0.123,0.108,1.000
.Time: 540.Location: (-0.002, 1.224, 360.000)
.lookAheadPoint: (20.000, 40.000)
0.129,0.129,0.016
0.145,0.114,0.129,0.104,1.000
.Time: 550.Location: (-0.002, 1.272, 360.000)
.lookAheadPoint: (20.000, 40.000)
0.129,0.129,0.016
0.145,0.114,0.134,0.098,1.000
.Time: 560.Location: (-0.002, 1.368, 360.000)
.lookAheadPoint: (20.000, 40.000)
0.129,0.129,0.016
0.145,0.114,0.137,0.099,1.000
.Time: 570.Location: (-0.002, 1.440, 360.000)
.lookAheadPoint: (20.000, 40.000)
0.129,0.129,0.016
0.145,0.114,0.136,0.100,1.000
.Time: 580.Location: (0.024, 1.511, 0.291)
.lookAheadPoint: (0.002, 6.511)
.Accelerate
0.183,0.133,-0.001
0.131,0.134,0.134,0.100,2.000
.Time: 590.Location: (0.037, 1.571, 0.437)
.lookAheadPoint: (0.002, 6.571)
.Accelerate
0.183,0.136,-0.002
0.134,0.138,0.134,0.101,2.000
.Time: 600.Location: (0.037, 1.643, 0.437)
.lookAheadPoint: (0.002, 6.643)
.Accelerate
0.183,0.139,-0.002
0.137,0.142,0.136,0.102,2.000
.Time: 610.Location: (0.051, 1.703, 0.582)
.lookAheadPoint: (0.002, 6.703)
.Accelerate
0.183,0.143,-0.003
0.140,0.146,0.132,0.114,2.000
.Time: 620.Location: (0.052, 1.775, 0.582)
.lookAheadPoint: (0.002, 6.775)
.Accelerate
0.183,0.146,-0.003
0.143,0.149,0.132,0.122,2.000
.Time: 630.Location: (0.052, 1.847, 0.582)
.lookAheadPoint: (0.002, 6.847)
.Accelerate
0.183,0.149,-0.003
0.146,0.153,0.133,0.125,2.000
.Time: 640.Location: (0.066, 1.907, 0.728)
.lookAheadPoint: (0.002, 6.906)
.Accelerate
0.183,0.153,-0.004
0.148,0.157,0.138,0.129,2.000
.Time: 650.Location: (0.054, 1.991, 0.582)
.lookAheadPoint: (0.002, 6.991)
.Accelerate
0.183,0.156,-0.003
0.152,0.159,0.140,0.131,2.000
.Time: 660.Location: (0.055, 2.063, 0.582)
.lookAheadPoint: (20.000, 40.000)
.Accelerate
0.183,0.159,0.016
0.179,0.140,0.144,0.130,2.000
.Time: 670.Location: (0.055, 2.135, 0.582)
.lookAheadPoint: (20.000, 40.000)
.Accelerate
0.183,0.162,0.016
0.182,0.143,0.144,0.137,2.000
.Time: 680.Location: (0.043, 2.267, 0.437)
.lookAheadPoint: (20.000, 40.000)
.Accelerate
0.183,0.166,0.016
0.186,0.145,0.153,0.130,2.000
.Time: 690.Location: (0.044, 2.363, 0.437)
.lookAheadPoint: (20.000, 40.000)
.Accelerate
0.183,0.169,0.016
0.190,0.148,0.161,0.131,2.000
.Time: 700.Location: (0.045, 2.459, 0.437)
.lookAheadPoint: (20.000, 40.000)
.Accelerate
0.183,0.172,0.017
0.194,0.151,0.168,0.139,2.000
.Time: 710.Location: (0.046, 2.555, 0.437)
.lookAheadPoint: (0.003, 7.555)
.Accelerate
0.224,0.176,-0.003
0.172,0.179,0.171,0.145,3.000
.Time: 720.Location: (0.046, 2.651, 0.437)
.lookAheadPoint: (0.003, 7.651)
.Accelerate
0.224,0.179,-0.003
0.176,0.182,0.176,0.147,3.000
.Time: 730.Location: (0.047, 2.747, 0.437)
.lookAheadPoint: (0.003, 7.747)
.Accelerate
0.224,0.182,-0.003
0.179,0.186,0.174,0.156,3.000
.Time: 740.Location: (0.061, 2.831, 0.582)
.lookAheadPoint: (0.003, 7.830)
.Accelerate
0.224,0.186,-0.003
0.181,0.190,0.172,0.165,3.000
.Time: 750.Location: (0.075, 2.939, 0.728)
.lookAheadPoint: (0.004, 7.938)
.Accelerate
0.224,0.189,-0.004
0.183,0.195,0.178,0.176,3.000
.Time: 760.Location: (0.076, 3.035, 0.728)
.lookAheadPoint: (20.000, 40.000)
.Accelerate
0.224,0.192,0.017
0.217,0.168,0.189,0.180,3.000
.Time: 770.Location: (0.077, 3.131, 0.728)
.lookAheadPoint: (20.000, 40.000)
.Accelerate
0.224,0.195,0.017
0.220,0.171,0.192,0.189,3.000
.Time: 780.Location: (0.079, 3.251, 0.728)
.lookAheadPoint: (20.000, 40.000)
.Accelerate
0.224,0.199,0.017
0.224,0.173,0.212,0.182,3.000
.Time: 790.Location: (0.093, 3.358, 0.873)
.lookAheadPoint: (20.000, 40.000)
.Accelerate
0.224,0.202,0.017
0.228,0.176,0.222,0.176,3.000
.Time: 800.Location: (0.069, 3.478, 0.582)
.lookAheadPoint: (20.000, 40.000)
.Accelerate
0.224,0.205,0.017
0.232,0.179,0.215,0.179,3.000
.Time: 810.Location: (0.070, 3.574, 0.582)
.lookAheadPoint: (0.005, 8.574)
.Accelerate
0.259,0.209,-0.004
0.203,0.215,0.209,0.187,4.000
.Time: 820.Location: (0.084, 3.706, 0.728)
.lookAheadPoint: (0.005, 8.706)
.Accelerate
0.259,0.212,-0.005
0.204,0.220,0.217,0.188,4.000
.Time: 830.Location: (0.099, 3.838, 0.873)
.lookAheadPoint: (0.005, 8.837)
.Accelerate
0.259,0.215,-0.006
0.206,0.224,0.226,0.205,4.000
.Time: 840.Location: (0.115, 3.970, 1.019)
.lookAheadPoint: (0.005, 8.969)
.Accelerate
0.259,0.219,-0.007
0.208,0.229,0.223,0.223,4.000
.Time: 850.Location: (0.103, 4.078, 0.873)
.lookAheadPoint: (20.000, 40.000)
.Accelerate
0.259,0.222,0.018
0.251,0.192,0.222,0.225,4.000
.Time: 860.Location: (0.119, 4.210, 1.019)
.lookAheadPoint: (20.000, 40.000)
.Accelerate
0.259,0.225,0.018
0.255,0.195,0.234,0.225,4.000
.Time: 870.Location: (0.150, 4.449, 1.310)
.lookAheadPoint: (20.000, 40.000)
.Accelerate
0.259,0.228,0.018
0.259,0.198,0.259,0.213,4.000
.Time: 880.Location: (0.140, 4.581, 1.164)
.lookAheadPoint: (0.008, 9.579)
.Accelerate
0.289,0.232,-0.008
0.218,0.246,0.272,0.214,5.000
.Time: 890.Location: (0.116, 4.701, 0.873)
.lookAheadPoint: (0.008, 9.700)
.Accelerate
0.289,0.235,-0.006
0.224,0.247,0.268,0.219,5.000
.Time: 900.Location: (0.118, 4.845, 0.873)
.lookAheadPoint: (0.008, 9.844)
.Accelerate
0.289,0.238,-0.007
0.227,0.250,0.244,0.248,5.000
.Time: 910.Location: (0.134, 5.001, 1.019)
.lookAheadPoint: (20.000, 40.000)
.Accelerate
0.289,0.242,0.018
0.275,0.208,0.240,0.263,5.000
.Time: 920.Location: (0.150, 5.181, 1.164)
.lookAheadPoint: (20.000, 40.000)
.Accelerate
0.289,0.245,0.019
0.279,0.211,0.254,0.266,5.000
.Time: 930.Location: (0.180, 5.324, 1.455)
.lookAheadPoint: (20.000, 40.000)
.Accelerate
0.289,0.248,0.019
0.283,0.214,0.280,0.244,5.000
.Time: 940.Location: (0.184, 5.468, 1.455)
.lookAheadPoint: (20.000, 40.000)
.Accelerate
0.289,0.252,0.019
0.287,0.216,0.296,0.235,5.000
.Time: 950.Location: (0.201, 5.623, 1.601)
.lookAheadPoint: (0.012, 10.620)
.Accelerate
0.317,0.255,-0.011
0.233,0.277,0.293,0.241,6.000
.Time: 960.Location: (0.178, 5.768, 1.310)
.lookAheadPoint: (0.012, 10.765)
.Accelerate
0.317,0.258,-0.010
0.239,0.277,0.306,0.245,6.000
.Time: 970.Location: (0.169, 5.924, 1.164)
.lookAheadPoint: (0.013, 10.922)
.Accelerate
0.317,0.261,-0.009
0.243,0.280,0.293,0.281,6.000
.Time: 980.Location: (0.172, 6.068, 1.164)
.lookAheadPoint: (20.000, 40.000)
.Accelerate
0.317,0.265,0.019
0.303,0.227,0.281,0.309,6.000
.Time: 990.Location: (0.215, 6.247, 1.601)
.lookAheadPoint: (20.000, 40.000)
.Accelerate
0.317,0.268,0.019
0.307,0.229,0.275,0.305,6.000
.Time: 1000.Location: (0.247, 6.438, 1.892)
.lookAheadPoint: (20.000, 40.000)
.Accelerate
0.317,0.271,0.020
0.311,0.232,0.309,0.274,6.000
.Time: 1010.Location: (0.239, 6.594, 1.746)
.lookAheadPoint: (0.018, 11.589)
.Accelerate
0.342,0.275,-0.013
0.247,0.302,0.335,0.256,7.000
.Time: 1020.Location: (0.245, 6.786, 1.746)
.lookAheadPoint: (0.019, 11.781)
.Accelerate
0.342,0.278,-0.014
0.250,0.306,0.331,0.265,7.000
.Time: 1030.Location: (0.237, 6.942, 1.601)
.lookAheadPoint: (0.019, 11.938)
.Accelerate
0.342,0.281,-0.013
0.254,0.309,0.309,0.300,7.000
.Time: 1040.Location: (0.228, 7.098, 1.455)
.lookAheadPoint: (20.000, 40.000)
.Accelerate
0.342,0.285,0.020
0.328,0.242,0.289,0.335,7.000
.Time: 1050.Location: (0.259, 7.266, 1.746)
.lookAheadPoint: (20.000, 40.000)
.Accelerate
0.342,0.288,0.020
0.332,0.244,0.326,0.327,7.000
.Time: 1060.Location: (0.314, 7.684, 2.183)
.lookAheadPoint: (0.028, 12.675)
.Accelerate
0.366,0.291,-0.017
0.254,0.329,0.357,0.289,8.000
.Time: 1070.Location: (0.335, 7.863, 2.328)
.lookAheadPoint: (0.029, 12.853)
.Accelerate
0.366,0.294,-0.018
0.254,0.335,0.365,0.285,8.000
.Time: 1080.Location: (0.329, 8.067, 2.183)
.lookAheadPoint: (20.000, 40.000)
.Accelerate
0.366,0.298,0.021
0.345,0.251,0.335,0.332,8.000
.Time: 1090.Location: (0.323, 8.247, 2.037)
.lookAheadPoint: (20.000, 40.000)
.Accelerate
0.366,0.301,0.021
0.349,0.253,0.316,0.360,8.000
.Time: 1100.Location: (0.328, 8.391, 2.037)
.lookAheadPoint: (20.000, 40.000)
.Accelerate
0.366,0.304,0.021
0.353,0.256,0.357,0.331,8.000
.Time: 1110.Location: (0.335, 8.583, 2.037)
.lookAheadPoint: (0.041, 13.575)
.Accelerate
0.388,0.308,-0.018
0.267,0.348,0.391,0.309,9.000
.Time: 1120.Location: (0.368, 8.774, 2.328)
.lookAheadPoint: (0.043, 13.763)
.Accelerate
0.388,0.311,-0.020
0.265,0.357,0.395,0.313,9.000
.Time: 1130.Location: (0.377, 8.990, 2.328)
.lookAheadPoint: (20.000, 40.000)
.Accelerate
0.388,0.314,0.022
0.366,0.263,0.355,0.366,9.000
.Time: 1140.Location: (0.386, 9.206, 2.328)
.lookAheadPoint: (20.000, 40.000)
.Accelerate
0.388,0.318,0.022
0.370,0.265,0.331,0.392,9.000
.Time: 1150.Location: (0.421, 9.396, 2.619)
.lookAheadPoint: (20.000, 40.000)
.Accelerate
0.388,0.321,0.022
0.374,0.267,0.374,0.353,9.000
.Time: 1160.Location: (0.445, 9.623, 2.765)
.lookAheadPoint: (0.064, 14.609)
.Accelerate
0.409,0.324,-0.023
0.269,0.380,0.408,0.322,10.000
.Time: 1170.Location: (0.482, 9.837, 3.056)
.lookAheadPoint: (0.066, 14.820)
.Accelerate
0.409,0.327,-0.025
0.266,0.389,0.428,0.320,10.000
.Time: 1180.Location: (0.508, 10.064, 3.201)
.lookAheadPoint: (20.000, 40.000)
.Accelerate
0.409,0.331,0.023
0.388,0.274,0.388,0.362,10.000
.Time: 1190.Location: (0.507, 10.293, 3.056)
.lookAheadPoint: (20.000, 40.000)
.Accelerate
0.409,0.334,0.023
0.392,0.276,0.351,0.420,10.000
.Time: 1200.Location: (0.531, 10.496, 3.201)
.lookAheadPoint: (0.095, 15.476)
.Accelerate
0.429,0.337,-0.026
0.271,0.404,0.380,0.399,11.000
.Time: 1210.Location: (0.557, 10.722, 3.347)
.lookAheadPoint: (0.099, 15.701)
.Accelerate
0.429,0.341,-0.028
0.270,0.411,0.437,0.354,11.000
.Time: 1220.Location: (0.583, 10.925, 3.492)
.lookAheadPoint: (20.000, 40.000)
.Accelerate
0.429,0.344,0.024
0.405,0.283,0.437,0.374,11.000
.Time: 1230.Location: (0.610, 11.152, 3.638)
.lookAheadPoint: (20.000, 40.000)
.Accelerate
0.429,0.347,0.024
0.410,0.285,0.395,0.418,11.000
.Time: 1240.Location: (0.656, 11.642, 3.783)
.lookAheadPoint: (0.150, 16.616)
.Accelerate
0.448,0.351,-0.030
0.271,0.430,0.444,0.375,12.000
.Time: 1250.Location: (0.658, 11.870, 3.638)
.lookAheadPoint: (20.000, 40.000)
.Accelerate
0.448,0.354,0.025
0.420,0.288,0.451,0.376,12.000
.Time: 1260.Location: (0.658, 12.099, 3.492)
.lookAheadPoint: (20.000, 40.000)
.Accelerate
0.448,0.357,0.025
0.425,0.290,0.417,0.434,12.000
.Time: 1270.Location: (0.673, 12.338, 3.492)
.lookAheadPoint: (20.000, 40.000)
.Accelerate
0.448,0.360,0.025
0.429,0.292,0.455,0.392,12.000
.Time: 1280.Location: (0.688, 12.578, 3.492)
.lookAheadPoint: (0.228, 17.556)
.Accelerate
0.466,0.364,-0.028
0.289,0.439,0.491,0.378,13.000
.Time: 1290.Location: (0.676, 12.843, 3.201)
.lookAheadPoint: (20.000, 40.000)
.Accelerate
0.466,0.367,0.026
0.439,0.295,0.486,0.373,13.000
.Time: 1300.Location: (0.690, 13.082, 3.201)
.lookAheadPoint: (20.000, 40.000)
.Accelerate
0.466,0.370,0.026
0.444,0.297,0.444,0.452,13.000
.Time: 1310.Location: (0.703, 13.322, 3.201)
.lookAheadPoint: (20.000, 40.000)
.Accelerate
0.466,0.374,0.027
0.448,0.299,0.479,0.432,13.000
.Time: 1320.Location: (0.745, 13.584, 3.492)
.lookAheadPoint: (0.356, 18.568)
.Accelerate
0.484,0.377,-0.023
0.311,0.443,0.493,0.385,14.000
.Time: 1330.Location: (0.803, 13.856, 3.929)
.lookAheadPoint: (20.000, 40.000)
.Accelerate
0.484,0.380,0.027
0.458,0.302,0.532,0.376,14.000
.Time: 1340.Location: (0.821, 14.119, 3.929)
.lookAheadPoint: (20.000, 40.000)
.Accelerate
0.484,0.384,0.028
0.463,0.304,0.461,0.449,14.000
.Time: 1350.Location: (0.867, 14.381, 4.220)
.lookAheadPoint: (20.000, 40.000)
.Accelerate
0.484,0.387,0.028
0.468,0.305,0.496,0.456,14.000
.Time: 1360.Location: (0.884, 14.620, 4.220)
.lookAheadPoint: (20.000, 40.000)
.Accelerate
0.500,0.390,0.028
0.473,0.307,0.531,0.407,15.000
.Time: 1370.Location: (0.937, 15.134, 4.365)
.lookAheadPoint: (20.000, 40.000)
.Accelerate
0.500,0.393,0.029
0.479,0.308,0.539,0.379,15.000
.Time: 1380.Location: (0.984, 15.394, 4.656)
.lookAheadPoint: (20.000, 40.000)
.Accelerate
0.500,0.397,0.029
0.485,0.309,0.534,0.382,16.000
.Time: 1390.Location: (1.004, 15.634, 4.656)
.lookAheadPoint: (20.000, 40.000)
.Accelerate
0.500,0.400,0.030
0.490,0.311,0.537,0.385,16.000
.Time: 1400.Location: (1.070, 15.929, 5.093)
.lookAheadPoint: (20.000, 40.000)
.Accelerate
0.500,0.403,0.030
0.495,0.312,0.529,0.394,16.000
.Time: 1410.Location: (1.150, 16.210, 5.675)
.lookAheadPoint: (20.000, 40.000)
.Accelerate
0.500,0.407,0.031
0.500,0.313,0.558,0.402,16.000
.Time: 1420.Location: (1.182, 16.496, 5.966)
.lookAheadPoint: (20.000, 40.000)
.Accelerate
0.500,0.410,0.031
0.506,0.314,0.566,0.412,17.000
.Time: 1430.Location: (1.264, 16.752, 6.548)
.lookAheadPoint: (20.000, 40.000)
.Accelerate
0.500,0.413,0.032
0.511,0.316,0.575,0.401,17.000
.Time: 1440.Location: (1.255, 17.007, 6.402)
.lookAheadPoint: (20.000, 40.000)
.Accelerate
0.500,0.417,0.032
0.516,0.317,0.593,0.402,17.000
.Time: 1450.Location: (1.288, 17.269, 6.693)
.lookAheadPoint: (20.000, 40.000)
.Accelerate
0.500,0.420,0.032
0.522,0.318,0.576,0.405,18.000
.Time: 1460.Location: (1.376, 17.547, 7.275)
.lookAheadPoint: (20.000, 40.000)
.Accelerate
0.500,0.423,0.033
0.527,0.319,0.585,0.396,18.000
.Time: 1470.Location: (1.389, 17.812, 7.566)
.lookAheadPoint: (20.000, 40.000)
.Accelerate
0.500,0.426,0.033
0.533,0.320,0.603,0.393,18.000
.Time: 1480.Location: (1.458, 18.093, 8.148)
.lookAheadPoint: (20.000, 40.000)
.Accelerate
0.500,0.430,0.034
0.539,0.321,0.601,0.405,19.000
.Time: 1490.Location: (1.522, 18.411, 8.585)
.lookAheadPoint: (20.000, 40.000)
.Accelerate
0.500,0.433,0.034
0.545,0.322,0.601,0.406,19.000
.Time: 1500.Location: (1.587, 18.704, 9.312)
.lookAheadPoint: (20.000, 40.000)
.Accelerate
0.500,0.436,0.035
0.550,0.322,0.617,0.411,19.000
.Time: 1510.Location: (1.625, 18.978, 9.749)
.lookAheadPoint: (20.000, 40.000)
.Accelerate
0.500,0.440,0.035
0.556,0.323,0.609,0.416,20.000
.Time: 1520.Location: (1.665, 19.251, 10.185)
.lookAheadPoint: (20.000, 40.000)
.Accelerate
0.500,0.443,0.036
0.562,0.324,0.613,0.413,20.000
.Time: 1530.Location: (1.712, 19.547, 10.622)
.lookAheadPoint: (20.000, 40.000)
.Accelerate
0.500,0.446,0.036
0.568,0.324,0.616,0.419,21.000
.Time: 1540.Location: (1.737, 19.848, 11.058)
.lookAheadPoint: (20.000, 40.000)
.Accelerate
0.500,0.450,0.037
0.574,0.325,0.639,0.422,21.000
.Time: 1550.Location: (1.754, 20.163, 11.349)
.lookAheadPoint: (20.000, 40.000)
.Accelerate
0.500,0.453,0.038
0.581,0.325,0.657,0.416,22.000
.Time: 1560.Location: (1.818, 20.444, 11.931)
.lookAheadPoint: (20.000, 40.000)
.Accelerate
0.500,0.456,0.038
0.587,0.325,0.659,0.426,22.000
.Time: 1570.Location: (1.884, 20.724, 12.513)
.lookAheadPoint: (20.000, 40.000)
.Accelerate
0.500,0.459,0.039
0.593,0.326,0.646,0.431,22.000
.Time: 1580.Location: (1.932, 21.033, 12.804)
.lookAheadPoint: (20.000, 40.000)
.Accelerate
0.500,0.463,0.039
0.600,0.326,0.649,0.426,23.000
.Time: 1590.Location: (1.998, 21.351, 13.241)
.lookAheadPoint: (20.000, 40.000)
.Accelerate
0.500,0.466,0.040
0.607,0.326,0.654,0.418,23.000
.Time: 1600.Location: (2.066, 21.668, 13.677)
.lookAheadPoint: (20.000, 40.000)
.Accelerate
0.500,0.469,0.041
0.613,0.325,0.703,0.426,23.000
.Time: 1610.Location: (2.164, 21.977, 14.405)
.lookAheadPoint: (5.620, 25.589)
.Accelerate
0.500,0.473,0.207
1.208,-0.263,0.718,0.433,24.000
.Time: 1620.Location: (2.238, 22.292, 14.841)
.lookAheadPoint: (20.000, 40.000)
.Accelerate
0.500,0.476,0.042
0.627,0.325,0.721,0.437,24.000
.Time: 1630.Location: (2.315, 22.607, 15.278)
.lookAheadPoint: (20.000, 40.000)
.Accelerate
0.500,0.479,0.043
0.634,0.324,0.736,0.235,24.000
.Time: 1640.Location: (2.395, 22.921, 15.714)
.lookAheadPoint: (6.195, 26.170)
.Accelerate
0.500,0.483,0.228
1.308,-0.343,0.736,0.156,25.000
.Time: 1650.Location: (2.503, 23.227, 16.442)
.lookAheadPoint: (20.000, 40.000)
.Accelerate
0.500,0.486,0.045
0.649,0.323,0.734,0.208,25.000
.Time: 1660.Location: (2.625, 23.516, 17.315)
.lookAheadPoint: (20.000, 40.000)
.Accelerate
0.500,0.489,0.045
0.656,0.322,0.741,0.174,25.000
.Time: 1670.Location: (2.727, 23.848, 18.042)
.lookAheadPoint: (6.786, 26.767)
.Accelerate
0.500,0.492,0.244
1.392,-0.407,0.744,0.095,26.000
.Time: 1680.Location: (2.825, 24.157, 18.770)
.lookAheadPoint: (6.969, 26.955)
.Accelerate
0.500,0.496,0.249
1.420,-0.429,0.748,0.260,26.000
.Time: 1690.Location: (2.945, 24.433, 19.788)
.lookAheadPoint: (20.000, 40.000)
.Accelerate
0.500,0.499,0.048
0.679,0.319,0.762,0.197,26.000
.Time: 1700.Location: (3.061, 24.722, 20.661)
.lookAheadPoint: (20.000, 40.000)
0.500,0.500,0.049
0.683,0.317,0.768,0.131,26.000
.Time: 1710.Location: (3.123, 25.021, 21.680)
.lookAheadPoint: (7.483, 27.470)
0.500,0.500,0.262
1.481,-0.481,0.759,0.113,27.000
.Time: 1720.Location: (3.209, 25.324, 22.844)
.lookAheadPoint: (7.643, 27.633)
0.500,0.500,0.266
1.498,-0.498,0.755,0.120,27.000
.Time: 1730.Location: (3.254, 25.607, 24.153)
.lookAheadPoint: (7.767, 27.759)
0.500,0.500,0.271
1.515,-0.515,0.746,0.168,27.000
.Time: 1740.Location: (3.324, 25.840, 25.608)
.lookAheadPoint: (20.000, 40.000)
0.500,0.500,0.052
0.696,0.304,0.762,0.071,27.000
.Time: 1750.Location: (3.406, 26.055, 27.209)
.lookAheadPoint: (8.011, 28.001)
0.500,0.500,0.276
1.536,-0.536,0.775,-0.152,28.000
.Time: 1760.Location: (3.461, 26.313, 28.519)
.lookAheadPoint: (8.124, 28.115)
0.500,0.500,0.280
1.549,-0.549,0.775,-0.089,28.000
.Time: 1770.Location: (3.556, 26.522, 30.410)
.lookAheadPoint: (8.251, 28.243)
0.500,0.500,0.282
1.556,-0.556,0.772,-0.048,28.000
.Time: 1780.Location: (3.619, 26.753, 32.302)
.lookAheadPoint: (8.357, 28.350)
0.500,0.500,0.284
1.566,-0.566,0.761,-0.147,28.000
.Time: 1790.Location: (3.714, 26.936, 34.193)
.lookAheadPoint: (8.474, 28.466)
0.500,0.500,0.286
1.571,-0.571,0.748,-0.228,29.000
.Time: 1800.Location: (3.759, 27.142, 35.939)
.lookAheadPoint: (8.557, 28.549)
0.500,0.500,0.288
1.580,-0.580,0.758,-0.223,29.000
.Time: 1810.Location: (3.798, 27.310, 37.831)
.lookAheadPoint: (8.624, 28.617)
0.500,0.500,0.290
1.586,-0.586,0.759,-0.253,29.000
.Time: 1820.Location: (3.825, 27.509, 39.868)
.lookAheadPoint: (8.686, 28.679)
0.500,0.500,0.292
1.594,-0.594,0.767,-0.299,29.000
.Time: 1830.Location: (3.840, 27.707, 41.759)
.lookAheadPoint: (8.735, 28.728)
0.500,0.500,0.294
1.601,-0.601,0.770,-0.314,29.000
.Time: 1840.Location: (3.901, 27.868, 44.233)
.lookAheadPoint: (8.812, 28.806)
0.500,0.500,0.295
1.605,-0.605,0.747,-0.388,29.000
.Time: 1850.Location: (3.999, 27.939, 46.852)
.lookAheadPoint: (8.905, 28.900)
0.500,0.500,0.294
1.604,-0.604,0.749,-0.471,29.000
.Time: 1860.Location: (4.021, 28.082, 49.325)
.lookAheadPoint: (8.947, 28.940)
0.500,0.500,0.296
1.608,-0.608,0.734,-0.525,30.000
.Time: 1870.Location: (4.034, 28.225, 51.944)
.lookAheadPoint: (8.978, 28.971)
0.500,0.500,0.297
1.612,-0.612,0.746,-0.573,30.000
.Time: 1880.Location: (4.035, 28.372, 54.418)
.lookAheadPoint: (8.997, 28.990)
0.500,0.500,0.298
1.616,-0.616,0.745,-0.608,30.000
.Time: 1890.Location: (4.062, 28.443, 57.183)
.lookAheadPoint: (9.028, 29.022)
0.500,0.500,0.298
1.617,-0.617,0.758,-0.612,30.000
.Time: 1900.Location: (4.092, 28.513, 59.947)
.lookAheadPoint: (9.063, 29.057)
0.500,0.500,0.298
1.618,-0.618,0.754,-0.656,30.000
.Time: 1910.Location: (4.079, 28.651, 62.857)
.lookAheadPoint: (9.063, 29.057)
0.500,0.500,0.299
1.621,-0.621,0.758,-0.654,30.000
.Time: 1920.Location: (4.080, 28.712, 66.058)
.lookAheadPoint: (9.068, 29.062)
0.500,0.500,0.299
1.622,-0.622,0.753,-0.667,30.000
.Time: 1930.Location: (4.054, 28.712, 69.259)
.lookAheadPoint: (9.044, 29.038)
0.500,0.500,0.299
1.623,-0.623,0.743,-0.685,30.000
.Time: 1940.Location: (4.055, 28.797, 72.460)
.lookAheadPoint: (9.049, 29.043)
0.500,0.500,0.300
1.624,-0.624,0.756,-0.690,30.000
.Time: 1950.Location: (4.026, 28.923, 75.370)
.lookAheadPoint: (9.025, 29.019)
0.500,0.500,0.300
1.625,-0.625,0.735,-0.721,30.000
.Time: 1960.Location: (4.015, 28.980, 78.280)
.lookAheadPoint: (9.015, 29.009)
0.500,0.500,0.300
1.625,-0.625,0.763,-0.709,30.000
.Time: 1970.Location: (4.004, 28.975, 81.627)
.lookAheadPoint: (9.004, 28.998)
0.500,0.500,0.300
1.625,-0.625,0.751,-0.737,30.000
.Time: 1980.Location: (3.976, 29.053, 85.119)
.lookAheadPoint: (8.975, 28.968)
0.500,0.500,-0.300
-0.625,1.625,0.756,-0.744,30.000
.Time: 1990.Location: (3.963, 29.170, 88.175)
.lookAheadPoint: (8.958, 28.952)
0.500,0.500,-0.300
-0.624,1.624,0.753,-0.748,30.000
.Time: 2000.Location: (3.975, 29.165, 91.521)
.lookAheadPoint: (8.971, 28.964)
0.500,0.500,-0.300
-0.624,1.624,0.420,-0.490,30.000
.Time: 2010.Location: (3.952, 29.175, 95.013)
.lookAheadPoint: (8.946, 28.940)
0.500,0.500,-0.300
-0.624,1.624,0.158,-0.204,30.000
.Time: 2020.Location: (3.904, 29.252, 98.360)
.lookAheadPoint: (8.891, 28.884)
0.500,0.500,-0.299
-0.622,1.622,0.158,-0.115,30.000
.Time: 2030.Location: (3.883, 29.266, 101.561)
.lookAheadPoint: (8.867, 28.860)
0.500,0.500,-0.299
-0.621,1.621,0.043,-0.039,30.000
.Time: 2040.Location: (3.867, 29.345, 104.034)
.lookAheadPoint: (8.841, 28.834)
0.500,0.500,-0.298
-0.619,1.619,0.008,-0.012,30.000
.Time: 2050.Location: (3.848, 29.402, 106.508)
.lookAheadPoint: (8.812, 28.805)
0.500,0.500,-0.298
-0.617,1.617,-0.111,0.104,30.000
.Time: 2060.Location: (3.839, 29.484, 108.690)
.lookAheadPoint: (8.789, 28.782)
0.500,0.500,-0.297
-0.614,1.614,-0.230,0.201,30.000
.Time: 2070.Location: (3.800, 29.515, 110.437)
.lookAheadPoint: (8.738, 28.730)
0.500,0.500,-0.296
-0.611,1.611,-0.326,0.325,30.000
.Time: 2080.Location: (3.794, 29.565, 111.310)
.lookAheadPoint: (8.720, 28.713)
0.500,0.500,-0.296
-0.609,1.609,-0.302,0.323,30.000
.Time: 2090.Location: (3.795, 29.600, 112.037)
.lookAheadPoint: (8.715, 28.707)
0.500,0.500,-0.295
-0.607,1.607,-0.375,0.382,30.000
.Time: 2100.Location: (3.800, 29.674, 112.328)
.lookAheadPoint: (8.703, 28.696)
0.500,0.500,-0.294
-0.603,1.603,-0.420,0.409,31.000
.Time: 2110.Location: (3.818, 29.719, 112.328)
.lookAheadPoint: (8.715, 28.708)
0.500,0.500,-0.294
-0.602,1.602,-0.450,0.442,31.000
.Time: 2120.Location: (3.843, 29.748, 112.183)
.lookAheadPoint: (8.738, 28.732)
0.500,0.500,-0.294
-0.602,1.602,-0.416,0.483,31.000
.Time: 2130.Location: (3.846, 29.788, 111.746)
.lookAheadPoint: (8.731, 28.724)
0.500,0.500,-0.293
-0.599,1.599,-0.446,0.520,31.000
.Time: 2140.Location: (3.865, 29.875, 110.728)
.lookAheadPoint: (8.731, 28.724)
0.500,0.500,-0.292
-0.595,1.595,-0.478,0.547,31.000
.Time: 2150.Location: (3.898, 29.931, 110.000)
.lookAheadPoint: (8.756, 28.749)
0.500,0.500,-0.291
-0.593,1.593,-0.493,0.541,31.000
.Time: 2160.Location: (3.953, 29.981, 108.981)
.lookAheadPoint: (8.812, 28.806)
0.500,0.500,-0.292
-0.593,1.593,-0.519,0.551,31.000
.Time: 2170.Location: (4.015, 29.981, 107.672)
.lookAheadPoint: (8.894, 28.888)
0.500,0.500,-0.293
-0.598,1.598,-0.570,0.548,31.000
.Time: 2180.Location: (4.047, 30.005, 106.217)
.lookAheadPoint: (8.928, 28.921)
0.500,0.500,-0.293
-0.598,1.598,-0.602,0.576,31.000
.Time: 2190.Location: (4.078, 30.032, 104.180)
.lookAheadPoint: (8.960, 28.954)
0.500,0.500,-0.293
-0.599,1.599,-0.589,0.597,31.000
.Time: 2200.Location: (4.112, 30.084, 102.143)
.lookAheadPoint: (8.990, 28.984)
0.500,0.500,-0.293
-0.597,1.597,-0.612,0.623,31.000
.Time: 2210.Location: (4.141, 30.114, 100.106)
.lookAheadPoint: (9.019, 29.012)
0.500,0.500,-0.293
-0.597,1.597,-0.617,0.642,31.000
.Time: 2220.Location: (4.169, 30.146, 97.778)
.lookAheadPoint: (9.045, 29.039)
0.500,0.500,-0.293
-0.597,1.597,-0.625,0.658,31.000
.Time: 2230.Location: (4.208, 30.193, 95.013)
.lookAheadPoint: (9.082, 29.076)
0.500,0.500,-0.292
-0.597,1.597,-0.649,0.654,31.000
.Time: 2240.Location: (4.233, 30.229, 92.394)
.lookAheadPoint: (9.103, 29.097)
0.500,0.500,-0.292
-0.596,1.596,-0.673,0.694,31.000
.Time: 2250.Location: (4.265, 30.329, 89.339)
.lookAheadPoint: (9.114, 29.108)
0.500,0.500,-0.291
-0.591,1.591,-0.698,0.699,31.000
.Time: 2260.Location: (4.273, 30.379, 86.574)
.lookAheadPoint: (9.107, 29.101)
0.500,0.500,-0.290
-0.588,1.588,-0.691,0.733,31.000
.Time: 2270.Location: (4.275, 30.366, 84.246)
.lookAheadPoint: (9.114, 29.108)
0.500,0.500,-0.290
-0.589,1.589,-0.690,0.731,31.000
.Time: 2280.Location: (4.339, 30.414, 81.627)
.lookAheadPoint: (9.184, 29.179)
0.500,0.500,-0.291
-0.590,1.590,-0.692,0.736,31.000
.Time: 2290.Location: (4.393, 30.450, 79.153)
.lookAheadPoint: (9.244, 29.239)
0.500,0.500,-0.291
-0.592,1.592,-0.700,0.731,32.000
.Time: 2300.Location: (4.436, 30.476, 76.243)
.lookAheadPoint: (9.292, 29.287)
0.500,0.500,-0.291
-0.593,1.593,-0.710,0.726,32.000
.Time: 2310.Location: (4.447, 30.520, 73.333)
.lookAheadPoint: (9.293, 29.288)
0.500,0.500,-0.291
-0.590,1.590,-0.726,0.748,32.000
.Time: 2320.Location: (4.430, 30.595, 69.987)
.lookAheadPoint: (9.242, 29.237)
0.500,0.500,-0.289
-0.583,1.583,-0.741,0.741,32.000
.Time: 2330.Location: (4.419, 30.647, 66.640)
.lookAheadPoint: (9.204, 29.199)
0.500,0.500,-0.287
-0.577,1.577,-0.734,0.755,32.000
.Time: 2340.Location: (4.442, 30.705, 63.439)
.lookAheadPoint: (9.213, 29.208)
0.500,0.500,-0.286
-0.573,1.573,-0.723,0.757,32.000
.Time: 2350.Location: (4.406, 30.742, 60.384)
.lookAheadPoint: (9.141, 29.136)
0.500,0.500,-0.284
-0.565,1.565,-0.710,0.767,32.000
.Time: 2360.Location: (4.387, 30.790, 57.328)
.lookAheadPoint: (9.086, 29.081)
0.500,0.500,-0.282
-0.557,1.557,-0.708,0.759,32.000
.Time: 2370.Location: (4.365, 30.839, 53.981)
.lookAheadPoint: (9.021, 29.015)
0.500,0.500,-0.279
-0.547,1.547,-0.716,0.753,32.000
.Time: 2380.Location: (4.341, 30.921, 50.344)
.lookAheadPoint: (8.921, 28.915)
0.500,0.500,-0.275
-0.531,1.531,-0.703,0.766,32.000
.Time: 2390.Location: (4.400, 30.997, 47.434)
.lookAheadPoint: (8.966, 28.961)
0.500,0.500,-0.274
-0.527,1.527,-0.706,0.764,32.000
.Time: 2400.Location: (4.460, 31.006, 45.106)
.lookAheadPoint: (9.065, 29.060)
0.500,0.500,-0.276
-0.536,1.536,-0.692,0.772,32.000
.Time: 2410.Location: (4.514, 31.071, 42.341)
.lookAheadPoint: (9.112, 29.107)
0.500,0.500,-0.276
-0.535,1.535,-0.697,0.776,32.000
.Time: 2420.Location: (4.568, 31.120, 39.722)
.lookAheadPoint: (9.169, 29.164)
0.500,0.500,-0.276
-0.535,1.535,-0.688,0.770,32.000
.Time: 2430.Location: (4.636, 31.174, 37.249)
.lookAheadPoint: (9.249, 29.244)
0.500,0.500,-0.277
-0.538,1.538,-0.691,0.772,32.000
.Time: 2440.Location: (4.609, 31.248, 34.048)
.lookAheadPoint: (9.140, 29.135)
0.500,0.500,-0.272
-0.520,1.520,-0.689,0.779,32.000
.Time: 2450.Location: (4.565, 31.300, 30.847)
.lookAheadPoint: (9.004, 28.999)
0.500,0.500,-0.266
-0.499,1.499,-0.681,0.786,32.000
.Time: 2460.Location: (4.544, 31.377, 27.500)
.lookAheadPoint: (8.864, 28.858)
0.500,0.500,-0.259
-0.472,1.472,-0.674,0.787,32.000
.Time: 2470.Location: (4.550, 31.426, 24.590)
.lookAheadPoint: (8.804, 28.798)
0.500,0.500,-0.255
-0.457,1.457,-0.665,0.779,32.000
.Time: 2480.Location: (4.553, 31.438, 21.825)
.lookAheadPoint: (8.793, 28.787)
0.500,0.500,-0.254
-0.454,1.454,-0.662,0.781,32.000
.Time: 2490.Location: (4.551, 31.489, 18.333)
.lookAheadPoint: (8.691, 28.685)
0.500,0.500,-0.248
-0.431,1.431,-0.642,0.787,32.000
.Time: 2500.Location: (4.524, 31.545, 15.132)
.lookAheadPoint: (8.431, 28.424)
0.500,0.500,-0.234
-0.379,1.379,-0.642,0.787,32.000
.Time: 2510.Location: (4.479, 31.589, 11.786)
.lookAheadPoint: (10.349, 30.345)
0.500,0.500,-0.245
-0.417,1.417,-0.619,0.793,32.000
.Time: 2520.Location: (4.467, 31.615, 8.585)
.lookAheadPoint: (10.326, 30.322)
0.500,0.500,-0.244
-0.415,1.415,-0.602,0.784,32.000
.Time: 2530.Location: (4.391, 31.655, 4.947)
.lookAheadPoint: (10.215, 30.212)
0.500,0.500,-0.243
-0.410,1.410,-0.576,0.778,32.000
.Time: 2540.Location: (4.328, 31.703, 1.746)
.lookAheadPoint: (10.112, 30.109)
0.500,0.500,-0.241
-0.404,1.404,-0.577,0.787,32.000
.Time: 2550.Location: (4.286, 31.749, 358.545)
.lookAheadPoint: (10.035, 30.031)
0.500,0.500,-0.240
-0.398,1.398,-0.570,0.771,32.000
.Time: 2560.Location: (4.256, 31.782, 355.489)
.lookAheadPoint: (9.977, 29.973)
0.500,0.500,-0.238
-0.394,1.394,-0.574,0.775,32.000
.Time: 2570.Location: (4.233, 31.827, 352.288)
.lookAheadPoint: (9.921, 29.917)
0.500,0.500,-0.237
-0.389,1.389,-0.561,0.766,32.000
.Time: 2580.Location: (4.218, 31.885, 349.233)
.lookAheadPoint: (9.867, 29.862)
0.500,0.500,-0.235
-0.383,1.383,-0.571,0.779,32.000
.Time: 2590.Location: (4.161, 31.944, 346.032)
.lookAheadPoint: (9.739, 29.734)
0.500,0.500,-0.232
-0.372,1.372,-0.544,0.781,32.000
.Time: 2600.Location: (4.139, 32.000, 342.976)
.lookAheadPoint: (9.663, 29.659)
0.500,0.500,-0.230
-0.363,1.363,-0.564,0.781,32.000
.Time: 2610.Location: (4.114, 32.055, 339.921)
.lookAheadPoint: (9.577, 29.572)
0.500,0.500,-0.228
-0.353,1.353,-0.534,0.757,32.000
.Time: 2620.Location: (4.064, 32.097, 336.574)
.lookAheadPoint: (9.441, 29.436)
0.500,0.500,-0.224
-0.340,1.340,-0.541,0.771,32.000
.Time: 2630.Location: (4.061, 32.123, 333.664)
.lookAheadPoint: (9.411, 29.405)
0.500,0.500,-0.223
-0.336,1.336,-0.521,0.766,32.000
.Time: 2640.Location: (4.047, 32.170, 331.045)
.lookAheadPoint: (9.328, 29.323)
0.500,0.500,-0.220
-0.325,1.325,-0.510,0.773,32.000
.Time: 2650.Location: (3.992, 32.205, 327.989)
.lookAheadPoint: (9.155, 29.149)
0.500,0.500,-0.215
-0.307,1.307,-0.512,0.775,32.000
.Time: 2660.Location: (3.938, 32.255, 325.079)
.lookAheadPoint: (8.924, 28.918)
0.500,0.500,-0.208
-0.279,1.279,-0.489,0.775,32.000
.Time: 2670.Location: (3.867, 32.337, 322.024)
.lookAheadPoint: (7.924, 27.916)
0.500,0.500,-0.169
-0.134,1.134,-0.481,0.761,32.000
.Time: 2680.Location: (3.826, 32.380, 319.259)
.lookAheadPoint: (10.593, 30.589)
0.500,0.500,-0.207
-0.277,1.277,-0.460,0.772,32.000
.Time: 2690.Location: (3.781, 32.421, 316.204)
.lookAheadPoint: (10.516, 30.512)
0.500,0.500,-0.206
-0.273,1.273,-0.411,0.782,32.000
.Time: 2700.Location: (3.736, 32.442, 313.294)
.lookAheadPoint: (10.443, 30.440)
0.500,0.500,-0.205
-0.270,1.270,-0.391,0.768,32.000
.Time: 2710.Location: (3.652, 32.509, 310.529)
.lookAheadPoint: (10.288, 30.284)
0.500,0.500,-0.203
-0.262,1.262,-0.368,0.766,32.000
.Time: 2720.Location: (3.582, 32.557, 307.474)
.lookAheadPoint: (10.156, 30.152)
0.500,0.500,-0.201
-0.255,1.255,-0.376,0.749,32.000
.Time: 2730.Location: (3.526, 32.623, 305.000)
.lookAheadPoint: (10.023, 30.018)
0.500,0.500,-0.199
-0.246,1.246,-0.396,0.760,32.000
.Time: 2740.Location: (3.424, 32.640, 302.090)
.lookAheadPoint: (9.835, 29.830)
0.500,0.500,-0.196
-0.236,1.236,-0.400,0.751,32.000
.Time: 2750.Location: (3.326, 32.762, 299.762)
.lookAheadPoint: (9.536, 29.531)
0.500,0.500,-0.190
-0.213,1.213,-0.393,0.766,32.000
.Time: 2760.Location: (3.277, 32.825, 297.143)
.lookAheadPoint: (9.351, 29.345)
0.500,0.500,-0.186
-0.197,1.197,-0.372,0.747,32.000
.Time: 2770.Location: (3.204, 32.897, 294.815)
.lookAheadPoint: (9.043, 29.037)
0.500,0.500,-0.179
-0.170,1.170,-0.369,0.759,32.000
.Time: 2780.Location: (3.102, 32.934, 292.050)
.lookAheadPoint: (8.570, 28.563)
0.500,0.500,-0.167
-0.128,1.128,-0.339,0.755,32.000
.Time: 2790.Location: (2.992, 32.982, 289.431)
.lookAheadPoint: (10.640, 30.636)
0.500,0.500,-0.179
-0.172,1.172,-0.311,0.770,32.000
.Time: 2800.Location: (2.887, 33.010, 286.667)
.lookAheadPoint: (10.473, 30.469)
0.500,0.500,-0.178
-0.167,1.167,-0.284,0.762,32.000
.Time: 2810.Location: (2.779, 33.073, 284.339)
.lookAheadPoint: (10.270, 30.266)
0.500,0.500,-0.176
-0.158,1.158,-0.268,0.757,32.000
.Time: 2820.Location: (2.639, 33.110, 281.720)
.lookAheadPoint: (10.014, 30.009)
0.500,0.500,-0.173
-0.148,1.148,-0.262,0.754,32.000
.Time: 2830.Location: (2.516, 33.179, 279.537)
.lookAheadPoint: (9.734, 29.729)
0.500,0.500,-0.169
-0.134,1.134,-0.255,0.749,32.000
.Time: 2840.Location: (2.404, 33.254, 277.500)
.lookAheadPoint: (9.425, 29.419)
0.500,0.500,-0.165
-0.117,1.117,-0.254,0.758,32.000
.Time: 2850.Location: (2.278, 33.337, 275.317)
.lookAheadPoint: (8.989, 28.983)
0.500,0.500,-0.157
-0.090,1.090,-0.241,0.754,32.000
.Time: 2860.Location: (2.122, 33.365, 272.844)
.lookAheadPoint: (8.347, 28.340)
0.500,0.500,-0.146
-0.047,1.047,-0.214,0.746,32.000
.Time: 2870.Location: (1.966, 33.387, 270.370)
.lookAheadPoint: (10.483, 30.479)
0.500,0.500,-0.158
-0.091,1.091,-0.190,0.735,32.000
.Time: 2880.Location: (1.797, 33.418, 268.333)
.lookAheadPoint: (10.200, 30.195)
0.500,0.500,-0.156
-0.084,1.084,-0.161,0.737,32.000
.Time: 2890.Location: (1.650, 33.441, 266.005)
.lookAheadPoint: (9.938, 29.932)
0.500,0.500,-0.153
-0.076,1.076,-0.137,0.740,32.000
.Time: 2900.Location: (1.475, 33.482, 263.968)
.lookAheadPoint: (9.585, 29.580)
0.500,0.500,-0.150
-0.063,1.063,-0.140,0.755,32.000
.Time: 2910.Location: (1.307, 33.470, 261.931)
.lookAheadPoint: (9.258, 29.252)
0.500,0.500,-0.147
-0.052,1.052,-0.140,0.739,32.000
.Time: 2920.Location: (1.150, 33.529, 260.185)
.lookAheadPoint: (8.807, 28.801)
0.500,0.500,-0.142
-0.032,1.032,-0.130,0.730,32.000
.Time: 2930.Location: (0.972, 33.552, 258.148)
.lookAheadPoint: (8.208, 28.200)
0.500,0.500,-0.134
-0.002,1.002,-0.115,0.743,32.000
.Time: 2940.Location: (0.777, 33.537, 255.820)
.lookAheadPoint: (10.203, 30.198)
0.500,0.500,-0.141
-0.030,1.030,-0.097,0.742,32.000
.Time: 2950.Location: (0.553, 33.572, 253.929)
.lookAheadPoint: (9.820, 29.815)
0.500,0.500,-0.139
-0.021,1.021,-0.079,0.740,32.000
.Time: 2960.Location: (0.359, 33.582, 251.746)
.lookAheadPoint: (9.473, 29.467)
0.500,0.500,-0.137
-0.013,1.013,-0.055,0.750,32.000
.Time: 2970.Location: (0.164, 33.587, 249.854)
.lookAheadPoint: (9.095, 29.089)
0.500,0.500,-0.134
-0.002,1.002,-0.044,0.738,32.000
.Time: 2980.Location: (-0.031, 33.586, 247.963)
.lookAheadPoint: (8.679, 28.672)
0.500,0.500,-0.131
0.010,0.990,-0.043,0.760,32.000
.Time: 2990.Location: (-0.246, 33.627, 246.653)
.lookAheadPoint: (8.046, 28.039)
0.500,0.500,-0.124
0.034,0.966,-0.038,0.733,32.000
.Time: 3000.Location: (-0.457, 33.622, 244.907)
.lookAheadPoint: (9.887, 29.881)
0.500,0.500,-0.128
0.019,0.981,-0.038,0.751,32.000
.Time: 3010.Location: (-0.700, 33.617, 242.870)
.lookAheadPoint: (9.497, 29.491)
0.500,0.500,-0.126
0.026,0.974,-0.031,0.735,32.000
.Time: 3020.Location: (-0.927, 33.604, 241.270)
.lookAheadPoint: (9.111, 29.104)
0.500,0.500,-0.124
0.033,0.967,-0.031,0.745,32.000
.Time: 3030.Location: (-1.133, 33.597, 239.669)
.lookAheadPoint: (8.728, 28.721)
0.500,0.500,-0.122
0.042,0.958,-0.033,0.757,32.000
.Time: 3040.Location: (-1.361, 33.553, 237.923)
.lookAheadPoint: (8.298, 28.291)
0.500,0.500,-0.120
0.051,0.949,-0.033,0.747,32.000
.Time: 3050.Location: (-1.591, 33.484, 236.032)
.lookAheadPoint: (7.855, 27.847)
0.500,0.500,-0.117
0.061,0.939,-0.026,0.745,32.000
.Time: 3060.Location: (-1.826, 33.478, 234.286)
.lookAheadPoint: (9.489, 29.483)
0.500,0.500,-0.118
0.058,0.942,-0.023,0.733,32.000
.Time: 3070.Location: (-2.068, 33.416, 232.685)
.lookAheadPoint: (9.143, 29.137)
0.500,0.500,-0.117
0.062,0.938,0.000,0.735,32.000
.Time: 3080.Location: (-2.307, 33.348, 231.085)
.lookAheadPoint: (8.791, 28.785)
0.500,0.500,-0.116
0.066,0.934,0.024,0.742,32.000
.Time: 3090.Location: (-2.526, 33.289, 229.484)
.lookAheadPoint: (8.453, 28.446)
0.500,0.500,-0.114
0.071,0.929,0.023,0.749,32.000
.Time: 3100.Location: (-2.778, 33.224, 227.884)
.lookAheadPoint: (8.041, 28.034)
0.500,0.500,-0.113
0.077,0.923,0.030,0.742,32.000
.Time: 3110.Location: (-3.045, 33.170, 226.283)
.lookAheadPoint: (9.392, 29.386)
0.500,0.500,-0.110
0.086,0.914,0.030,0.761,32.000
.Time: 3120.Location: (-3.273, 33.073, 224.392)
.lookAheadPoint: (9.104, 29.097)
0.500,0.500,-0.110
0.088,0.912,0.035,0.743,32.000
.Time: 3130.Location: (-3.502, 32.989, 222.937)
.lookAheadPoint: (8.804, 28.797)
0.500,0.500,-0.109
0.090,0.910,0.043,0.759,32.000
.Time: 3140.Location: (-3.742, 32.878, 221.190)
.lookAheadPoint: (8.493, 28.486)
0.500,0.500,-0.109
0.093,0.907,0.052,0.750,32.000
.Time: 3150.Location: (-3.982, 32.778, 219.590)
.lookAheadPoint: (8.172, 28.164)
0.500,0.500,-0.108
0.095,0.905,0.059,0.745,32.000
.Time: 3160.Location: (-4.235, 32.668, 217.844)
.lookAheadPoint: (7.827, 27.820)
0.500,0.500,-0.107
0.099,0.901,0.062,0.748,32.000
.Time: 3170.Location: (-4.449, 32.540, 216.243)
.lookAheadPoint: (9.127, 29.120)
0.500,0.500,-0.104
0.110,0.890,0.065,0.734,32.000
.Time: 3180.Location: (-4.641, 32.409, 214.497)
.lookAheadPoint: (8.914, 28.907)
0.500,0.500,-0.104
0.111,0.889,0.073,0.745,32.000
.Time: 3190.Location: (-4.870, 32.297, 212.751)
.lookAheadPoint: (8.642, 28.635)
0.500,0.500,-0.103
0.112,0.888,0.078,0.720,32.000
.Time: 3200.Location: (-5.149, 32.170, 211.442)
.lookAheadPoint: (8.305, 28.298)
0.500,0.500,-0.103
0.114,0.886,0.090,0.730,32.000
.Time: 3210.Location: (-5.412, 32.057, 210.132)
.lookAheadPoint: (7.979, 27.971)
0.500,0.500,-0.102
0.116,0.884,0.094,0.715,32.000
.Time: 3220.Location: (-5.645, 31.909, 208.677)
.lookAheadPoint: (9.085, 29.078)
0.500,0.500,-0.098
0.132,0.868,0.098,0.726,32.000
.Time: 3230.Location: (-5.903, 31.730, 207.368)
.lookAheadPoint: (8.808, 28.801)
0.500,0.500,-0.098
0.132,0.868,0.103,0.735,32.000
.Time: 3240.Location: (-6.101, 31.544, 205.767)
.lookAheadPoint: (8.608, 28.601)
0.500,0.500,-0.098
0.132,0.868,0.108,0.736,32.000
.Time: 3250.Location: (-6.361, 31.383, 204.458)
.lookAheadPoint: (8.321, 28.314)
0.500,0.500,-0.098
0.133,0.867,0.117,0.732,32.000
.Time: 3260.Location: (-6.584, 31.228, 202.857)
.lookAheadPoint: (8.080, 28.073)
0.500,0.500,-0.098
0.133,0.867,0.121,0.723,32.000
.Time: 3270.Location: (-6.783, 31.060, 201.548)
.lookAheadPoint: (7.873, 27.865)
0.500,0.500,-0.098
0.134,0.866,0.120,0.738,32.000
.Time: 3280.Location: (-6.959, 30.891, 199.802)
.lookAheadPoint: (8.918, 28.911)
0.500,0.500,-0.093
0.151,0.849,0.128,0.733,32.000
.Time: 3290.Location: (-7.166, 30.679, 198.056)
.lookAheadPoint: (8.712, 28.704)
0.500,0.500,-0.093
0.151,0.849,0.134,0.741,32.000
.Time: 3300.Location: (-7.387, 30.492, 196.601)
.lookAheadPoint: (8.486, 28.479)
0.500,0.500,-0.093
0.151,0.849,0.138,0.730,32.000
.Time: 3310.Location: (-7.624, 30.269, 195.291)
.lookAheadPoint: (8.246, 28.239)
0.500,0.500,-0.093
0.151,0.849,0.151,0.752,32.000
.Time: 3320.Location: (-7.844, 30.051, 194.127)
.lookAheadPoint: (8.026, 28.019)
0.500,0.500,-0.093
0.151,0.849,0.158,0.737,32.000
.Time: 3330.Location: (-8.031, 29.846, 192.963)
.lookAheadPoint: (7.842, 27.835)
0.500,0.500,-0.093
0.151,0.849,0.164,0.751,32.000
.Time: 3340.Location: (-8.237, 29.642, 191.799)
.lookAheadPoint: (8.739, 28.732)
0.500,0.500,-0.088
0.170,0.830,0.167,0.745,32.000
.Time: 3350.Location: (-8.475, 29.428, 190.489)
.lookAheadPoint: (8.500, 28.492)
0.500,0.500,-0.088
0.170,0.830,0.167,0.743,32.000
.Time: 3360.Location: (-8.672, 29.190, 189.034)
.lookAheadPoint: (8.305, 28.297)
0.500,0.500,-0.088
0.170,0.830,0.168,0.748,32.000
.Time: 3370.Location: (-8.837, 28.968, 187.579)
.lookAheadPoint: (8.143, 28.135)
0.500,0.500,-0.088
0.170,0.830,0.177,0.730,32.000
.Time: 3380.Location: (-9.007, 28.730, 185.979)
.lookAheadPoint: (7.976, 27.968)
0.500,0.500,-0.088
0.169,0.831,0.180,0.763,32.000
.Time: 3390.Location: (-9.163, 28.452, 184.524)
.lookAheadPoint: (7.825, 27.817)
0.500,0.500,-0.088
0.169,0.831,0.183,0.735,32.000
.Time: 3400.Location: (-9.362, 28.197, 183.360)
.lookAheadPoint: (8.633, 28.626)
0.500,0.500,0.083
0.812,0.188,0.187,0.758,32.000
.Time: 3410.Location: (-9.522, 27.902, 182.341)
.lookAheadPoint: (8.469, 28.461)
0.500,0.500,0.083
0.812,0.188,0.188,0.752,32.000
.Time: 3420.Location: (-9.725, 27.653, 181.323)
.lookAheadPoint: (8.265, 28.257)
0.500,0.500,0.083
0.812,0.188,0.256,0.690,32.000
.Time: 3430.Location: (-9.906, 27.387, 179.868)
.lookAheadPoint: (8.081, 28.073)
0.500,0.500,0.083
0.812,0.188,0.386,0.597,32.000
.Time: 3440.Location: (-10.047, 27.129, 178.558)
.lookAheadPoint: (7.936, 27.928)
0.500,0.500,0.083
0.812,0.188,0.487,0.514,32.000
.Time: 3450.Location: (-10.167, 26.857, 177.103)
.lookAheadPoint: (7.809, 27.801)
0.500,0.500,0.083
0.812,0.188,0.533,0.444,32.000
.Time: 3460.Location: (-10.305, 26.557, 175.939)
.lookAheadPoint: (20.000, 40.000)
0.500,0.500,0.041
0.655,0.345,0.591,0.394,32.000
.Time: 3470.Location: (-10.467, 26.230, 175.357)
.lookAheadPoint: (20.000, 40.000)
0.500,0.500,0.041
0.653,0.347,0.601,0.354,32.000
.Time: 3480.Location: (-10.623, 25.877, 174.775)
.lookAheadPoint: (20.000, 40.000)
0.500,0.500,0.040
0.651,0.349,0.636,0.349,32.000
.Time: 3490.Location: (-10.730, 25.552, 174.193)
.lookAheadPoint: (20.000, 40.000)
0.500,0.500,0.040
0.650,0.350,0.655,0.435,32.000
.Time: 3500.Location: (-10.852, 25.261, 173.757)
.lookAheadPoint: (20.000, 40.000)
0.500,0.500,0.040
0.648,0.352,0.624,0.490,32.000
.Time: 3510.Location: (-10.984, 24.955, 173.466)
.lookAheadPoint: (20.000, 40.000)
0.500,0.500,0.039
0.647,0.353,0.607,0.501,32.000
.Time: 3520.Location: (-11.139, 24.623, 173.466)
.lookAheadPoint: (20.000, 40.000)
0.500,0.500,0.039
0.645,0.355,0.622,0.511,32.000
.Time: 3530.Location: (-11.251, 24.298, 173.757)
.lookAheadPoint: (20.000, 40.000)
0.500,0.500,0.038
0.644,0.356,0.678,0.499,32.000
.Time: 3540.Location: (-11.390, 23.994, 174.048)
.lookAheadPoint: (20.000, 40.000)
0.500,0.500,0.038
0.642,0.358,0.714,0.499,32.000
.Time: 3550.Location: (-11.507, 23.693, 174.339)
.lookAheadPoint: (20.000, 40.000)
0.500,0.500,0.038
0.641,0.359,0.719,0.492,32.000
.Time: 3560.Location: (-11.612, 23.359, 174.775)
.lookAheadPoint: (20.000, 40.000)
0.500,0.500,0.037
0.639,0.361,0.720,0.495,32.000
.Time: 3570.Location: (-11.733, 23.013, 175.357)
.lookAheadPoint: (20.000, 40.000)
0.500,0.500,0.037
0.638,0.362,0.702,0.494,32.000
.Time: 3580.Location: (-11.824, 22.683, 176.085)
.lookAheadPoint: (20.000, 40.000)
0.500,0.500,0.036
0.636,0.364,0.711,0.486,32.000
.Time: 3590.Location: (-11.906, 22.366, 176.667)
.lookAheadPoint: (20.000, 40.000)
0.500,0.500,0.036
0.635,0.365,0.720,0.498,32.000
.Time: 3600.Location: (-11.991, 22.026, 177.249)
.lookAheadPoint: (20.000, 40.000)
0.500,0.500,0.036
0.634,0.366,0.741,0.489,32.000
.Time: 3610.Location: (-12.078, 21.687, 177.831)
.lookAheadPoint: (20.000, 40.000)
0.500,0.500,0.035
0.632,0.368,0.753,0.496,32.000
.Time: 3620.Location: (-12.121, 21.326, 178.413)
.lookAheadPoint: (20.000, 40.000)
0.500,0.500,0.035
0.631,0.369,0.754,0.499,32.000
.Time: 3630.Location: (-12.229, 20.977, 179.140)
.lookAheadPoint: (20.000, 40.000)
0.500,0.500,0.035
0.629,0.371,0.769,0.488,32.000
.Time: 3640.Location: (-12.294, 20.629, 179.868)
.lookAheadPoint: (20.000, 40.000)
0.500,0.500,0.034
0.628,0.372,0.770,0.493,32.000
.Time: 3650.Location: (-12.388, 20.283, 180.595)
.lookAheadPoint: (20.000, 40.000)
0.500,0.500,0.034
0.627,0.373,0.751,0.478,32.000
.Time: 3660.Location: (-12.457, 19.936, 181.032)
.lookAheadPoint: (20.000, 40.000)
0.500,0.500,0.033
0.625,0.375,0.773,0.467,32.000
.Time: 3670.Location: (-12.534, 19.591, 181.759)
.lookAheadPoint: (20.000, 40.000)
0.500,0.500,0.033
0.624,0.376,0.751,0.478,32.000
.Time: 3680.Location: (-12.628, 19.259, 182.632)
.lookAheadPoint: (20.000, 40.000)
0.500,0.500,0.033
0.623,0.377,0.764,0.468,32.000
.Time: 3690.Location: (-12.728, 18.906, 183.505)
.lookAheadPoint: (20.000, 40.000)
0.500,0.500,0.032
0.621,0.379,0.764,0.478,32.000
.Time: 3700.Location: (-12.780, 18.524, 183.796)
.lookAheadPoint: (20.000, 40.000)
0.500,0.500,0.032
0.620,0.380,0.744,0.484,32.000
.Time: 3710.Location: (-12.886, 18.196, 184.669)
.lookAheadPoint: (20.000, 40.000)
0.500,0.500,0.032
0.619,0.381,0.747,0.480,32.000
.Time: 3720.Location: (-12.945, 17.816, 184.960)
.lookAheadPoint: (20.000, 40.000)
0.500,0.500,0.031
0.617,0.383,0.752,0.490,32.000
.Time: 3730.Location: (-13.070, 17.504, 185.979)
.lookAheadPoint: (20.000, 40.000)
0.500,0.500,0.031
0.616,0.384,0.761,0.494,32.000
.Time: 3740.Location: (-13.136, 17.149, 186.270)
.lookAheadPoint: (20.000, 40.000)
0.500,0.500,0.031
0.615,0.385,0.762,0.495,32.000
.Time: 3750.Location: (-13.231, 16.799, 186.852)
.lookAheadPoint: (20.000, 40.000)
0.500,0.500,0.030
0.614,0.386,0.760,0.505,32.000
.Time: 3760.Location: (-13.330, 16.449, 187.434)
.lookAheadPoint: (20.000, 40.000)
0.500,0.500,0.030
0.613,0.387,0.758,0.501,32.000
.Time: 3770.Location: (-13.420, 16.086, 187.870)
.lookAheadPoint: (20.000, 40.000)
0.500,0.500,0.030
0.611,0.389,0.776,0.507,32.000
.Time: 3780.Location: (-13.513, 15.724, 188.307)
.lookAheadPoint: (20.000, 40.000)
0.500,0.500,0.029
0.610,0.390,0.757,0.511,32.000
.Time: 3790.Location: (-13.636, 15.367, 189.034)
.lookAheadPoint: (20.000, 40.000)
0.500,0.500,0.029
0.609,0.391,0.789,0.511,32.000
.Time: 3800.Location: (-13.708, 15.026, 189.471)
.lookAheadPoint: (20.000, 40.000)
0.500,0.500,0.029
0.608,0.392,0.771,0.511,32.000
.Time: 3810.Location: (-13.792, 14.663, 190.198)
.lookAheadPoint: (20.000, 40.000)
0.500,0.500,0.028
0.607,0.393,0.769,0.514,32.000
.Time: 3820.Location: (-13.864, 14.286, 190.489)
.lookAheadPoint: (20.000, 40.000)
0.500,0.500,0.028
0.605,0.395,0.768,0.521,32.000
.Time: 3830.Location: (-13.903, 13.915, 190.926)
.lookAheadPoint: (20.000, 40.000)
0.500,0.500,0.028
0.604,0.396,0.762,0.515,32.000
.Time: 3840.Location: (-14.017, 13.522, 191.799)
.lookAheadPoint: (20.000, 40.000)
0.500,0.500,0.027
0.603,0.397,0.780,0.526,32.000
.Time: 3850.Location: (-14.092, 13.133, 192.235)
.lookAheadPoint: (20.000, 40.000)
0.500,0.500,0.027
0.602,0.398,0.796,0.522,32.000
.Time: 3860.Location: (-14.217, 12.780, 192.963)
.lookAheadPoint: (20.000, 40.000)
0.500,0.500,0.027
0.601,0.399,0.782,0.535,32.000
.Time: 3870.Location: (-14.316, 12.447, 193.690)
.lookAheadPoint: (20.000, 40.000)
0.500,0.500,0.027
0.600,0.400,0.770,0.535,32.000
.Time: 3880.Location: (-14.411, 12.075, 193.981)
.lookAheadPoint: (20.000, 40.000)
0.500,0.500,0.026
0.599,0.401,0.768,0.541,32.000
.Time: 3890.Location: (-14.525, 11.695, 194.418)
.lookAheadPoint: (20.000, 40.000)
0.500,0.500,0.026
0.597,0.403,0.760,0.538,32.000
.Time: 3900.Location: (-14.618, 11.310, 194.854)
.lookAheadPoint: (20.000, 40.000)
0.500,0.500,0.026
0.596,0.404,0.788,0.538,32.000
.Time: 3910.Location: (-14.708, 10.949, 195.291)
.lookAheadPoint: (20.000, 40.000)
0.500,0.500,0.025
0.595,0.405,0.783,0.541,32.000
.Time: 3920.Location: (-14.807, 10.566, 195.728)
.lookAheadPoint: (20.000, 40.000)
0.500,0.500,0.025
0.594,0.406,0.783,0.537,32.000
.Time: 3930.Location: (-14.905, 10.182, 195.873)
.lookAheadPoint: (20.000, 40.000)
0.500,0.500,0.025
0.593,0.407,0.778,0.543,32.000
.Time: 3940.Location: (-15.019, 9.815, 196.455)
.lookAheadPoint: (20.000, 40.000)
0.500,0.500,0.025
0.592,0.408,0.777,0.544,32.000
.Time: 3950.Location: (-15.155, 9.481, 197.328)
.lookAheadPoint: (20.000, 40.000)
0.500,0.500,0.024
0.591,0.409,0.767,0.549,32.000
.Time: 3960.Location: (-15.281, 9.093, 197.619)
.lookAheadPoint: (20.000, 40.000)
0.500,0.500,0.024
0.590,0.410,0.780,0.550,32.000
.Time: 3970.Location: (-15.406, 8.729, 198.201)
.lookAheadPoint: (20.000, 40.000)
0.500,0.500,0.024
0.589,0.411,0.760,0.552,32.000
.Time: 3980.Location: (-15.516, 8.374, 198.638)
.lookAheadPoint: (20.000, 40.000)
0.500,0.500,0.024
0.588,0.412,0.781,0.563,32.000
.Time: 3990.Location: (-15.646, 7.975, 199.074)
.lookAheadPoint: (20.000, 40.000)
0.500,0.500,0.023
0.587,0.413,0.787,0.547,32.000
.Time: 4000.Location: (-15.762, 7.621, 199.511)
.lookAheadPoint: (20.000, 40.000)
0.500,0.500,0.023
0.586,0.414,0.779,0.564,32.000
.Time: 4010.Location: (-15.881, 7.268, 199.947)
.lookAheadPoint: (20.000, 40.000)
0.500,0.500,0.023
0.586,0.414,0.788,0.553,32.000
.Time: 4020.Location: (-16.011, 6.894, 200.384)
.lookAheadPoint: (20.000, 40.000)
0.500,0.500,0.023
0.585,0.415,0.781,0.550,32.000
.Time: 4030.Location: (-16.122, 6.513, 200.820)
.lookAheadPoint: (20.000, 40.000)
0.500,0.500,0.022
0.584,0.416,0.773,0.564,32.000
.Time: 4040.Location: (-16.261, 6.142, 201.548)
.lookAheadPoint: (20.000, 40.000)
0.500,0.500,0.022
0.583,0.417,0.759,0.554,32.000
.Time: 4050.Location: (-16.384, 5.778, 201.839)
.lookAheadPoint: (20.000, 40.000)
0.500,0.500,0.022
0.582,0.418,0.772,0.560,32.000
.Time: 4060.Location: (-16.499, 5.422, 202.566)
.lookAheadPoint: (20.000, 40.000)
0.500,0.500,0.022
0.581,0.419,0.776,0.559,32.000
.Time: 4070.Location: (-16.594, 5.019, 202.857)
.lookAheadPoint: (20.000, 40.000)
0.500,0.500,0.021
0.580,0.420,0.781,0.558,32.000
.Time: 4080.Location: (-16.707, 4.649, 203.439)
.lookAheadPoint: (20.000, 40.000)
0.500,0.500,0.021
0.580,0.420,0.767,0.545,32.000
.Time: 4090.Location: (-16.824, 4.281, 204.021)
.lookAheadPoint: (20.000, 40.000)
0.500,0.500,0.021
0.579,0.421,0.735,0.559,32.000
.Time: 4100.Location: (-16.950, 3.890, 204.312)
.lookAheadPoint: (20.000, 40.000)
0.500,0.500,0.021
0.578,0.422,0.757,0.548,32.000
.Time: 4110.Location: (-17.066, 3.561, 204.749)
.lookAheadPoint: (20.000, 40.000)
0.500,0.500,0.021
0.577,0.423,0.762,0.559,32.000
.Time: 4120.Location: (-17.192, 3.195, 205.331)
.lookAheadPoint: (20.000, 40.000)
0.500,0.500,0.020
0.576,0.424,0.784,0.567,32.000
.Time: 4130.Location: (-17.328, 2.861, 205.622)
.lookAheadPoint: (20.000, 40.000)
0.500,0.500,0.020
0.576,0.424,0.792,0.559,32.000
.Time: 4140.Location: (-17.451, 2.480, 206.058)
.lookAheadPoint: (20.000, 40.000)
0.500,0.500,0.020
0.575,0.425,0.773,0.572,32.000
.Time: 4150.Location: (-17.617, 2.160, 206.640)
.lookAheadPoint: (20.000, 40.000)
0.500,0.500,0.020
0.574,0.426,0.747,0.570,32.000
.Time: 4160.Location: (-17.750, 1.797, 206.931)
.lookAheadPoint: (20.000, 40.000)
0.500,0.500,0.020
0.574,0.426,0.742,0.565,32.000
.Time: 4170.Location: (-17.928, 1.444, 207.659)
.lookAheadPoint: (20.000, 40.000)
0.500,0.500,0.019
0.573,0.427,0.747,0.571,32.000
.Time: 4180.Location: (-18.075, 1.100, 208.095)
.lookAheadPoint: (20.000, 40.000)
0.500,0.500,0.019
0.572,0.428,0.754,0.573,32.000
.Time: 4190.Location: (-18.249, 0.771, 208.823)
.lookAheadPoint: (20.000, 40.000)
0.500,0.500,0.019
0.572,0.428,0.745,0.566,32.000
.Time: 4200.Location: (-18.357, 0.406, 208.968)
.lookAheadPoint: (20.000, 40.000)
0.500,0.500,0.019
0.571,0.429,0.770,0.575,32.000
.Time: 4210.Location: (-18.456, 0.008, 209.114)
.lookAheadPoint: (20.000, 40.000)
0.500,0.500,0.019
0.570,0.430,0.766,0.572,32.000
.Time: 4220.Location: (-18.551, -0.352, 209.405)
.lookAheadPoint: (20.000, 40.000)
0.500,0.500,0.019
0.570,0.430,0.735,0.573,32.000
.Time: 4230.Location: (-18.673, -0.698, 209.987)
.lookAheadPoint: (20.000, 40.000)
0.500,0.500,0.018
0.569,0.431,0.750,0.573,32.000
.Time: 4240.Location: (-18.831, -1.051, 210.569)
.lookAheadPoint: (20.000, 40.000)
0.500,0.500,0.018
0.568,0.432,0.735,0.584,32.000
.Time: 4250.Location: (-19.008, -1.407, 211.005)
.lookAheadPoint: (20.000, 40.000)
0.500,0.500,0.018
0.568,0.432,0.740,0.570,32.000
.Time: 4260.Location: (-19.198, -1.727, 211.733)
.lookAheadPoint: (20.000, 40.000)
0.500,0.500,0.018
0.567,0.433,0.749,0.585,32.000
.Time: 4270.Location: (-19.363, -2.076, 212.024)
.lookAheadPoint: (20.000, 40.000)
0.500,0.500,0.018
0.567,0.433,0.739,0.574,32.000
.Time: 4280.Location: (-19.547, -2.443, 212.606)
.lookAheadPoint: (20.000, 40.000)
0.500,0.500,0.018
0.566,0.434,0.753,0.567,32.000
.Time: 4290.Location: (-19.766, -2.744, 213.333)
.lookAheadPoint: (20.000, 40.000)
0.500,0.500,0.018
0.566,0.434,0.742,0.576,32.000
.Time: 4300.Location: (-19.996, -3.096, 214.061)
.lookAheadPoint: (20.000, 40.000)
0.500,0.500,0.017
0.565,0.435,0.730,0.560,32.000
.Time: 4310.Location: (-20.242, -3.392, 214.934)
.lookAheadPoint: (20.000, 40.000)
0.500,0.500,0.017
0.565,0.435,0.732,0.569,32.000
.Time: 4320.Location: (-20.468, -3.718, 215.661)
.lookAheadPoint: (20.000, 40.000)
0.500,0.500,0.017
0.564,0.436,0.725,0.572,32.000
.Time: 4330.Location: (-20.690, -4.061, 215.952)
.lookAheadPoint: (20.000, 40.000)
0.500,0.500,0.017
0.564,0.436,0.751,0.564,32.000
.Time: 4340.Location: (-20.841, -4.426, 216.243)
.lookAheadPoint: (20.000, 40.000)
0.500,0.500,0.017
0.563,0.437,0.763,0.575,32.000
.Time: 4350.Location: (-20.995, -4.790, 216.534)
.lookAheadPoint: (20.000, 40.000)
0.500,0.500,0.017
0.563,0.437,0.774,0.580,32.000
.Time: 4360.Location: (-21.093, -5.165, 216.534)
.lookAheadPoint: (20.000, 40.000)
0.500,0.500,0.017
0.562,0.438,0.782,0.578,32.000
.Time: 4370.Location: (-21.230, -5.527, 216.680)
.lookAheadPoint: (20.000, 40.000)
0.500,0.500,0.016
0.561,0.439,0.765,0.569,32.000
.Time: 4380.Location: (-21.390, -5.873, 217.116)
.lookAheadPoint: (20.000, 40.000)
0.500,0.500,0.016
0.561,0.439,0.731,0.580,32.000
.Time: 4390.Location: (-21.591, -6.203, 217.698)
.lookAheadPoint: (20.000, 40.000)
0.500,0.500,0.016
0.561,0.439,0.735,0.567,32.000
.Time: 4400.Location: (-21.833, -6.502, 218.280)
.lookAheadPoint: (20.000, 40.000)
0.500,0.500,0.016
0.560,0.440,0.734,0.563,32.000
.Time: 4410.Location: (-22.021, -6.827, 218.717)
.lookAheadPoint: (20.000, 40.000)
0.500,0.500,0.016
0.560,0.440,0.748,0.563,32.000
.Time: 4420.Location: (-22.175, -7.151, 218.862)
.lookAheadPoint: (20.000, 40.000)
0.500,0.500,0.016
0.559,0.441,0.737,0.565,32.000
.Time: 4430.Location: (-22.352, -7.424, 219.008)
.lookAheadPoint: (20.000, 40.000)
0.500,0.500,0.016
0.559,0.441,0.748,0.566,32.000
.Time: 4440.Location: (-22.496, -7.710, 219.299)
.lookAheadPoint: (20.000, 40.000)
0.500,0.500,0.016
0.559,0.441,0.741,0.565,32.000
.Time: 4450.Location: (-22.571, -7.958, 219.008)
.lookAheadPoint: (20.000, 40.000)
0.500,0.500,0.016
0.558,0.442,0.719,0.578,32.000
.Time: 4460.Location: (-22.663, -8.191, 218.717)
.lookAheadPoint: (20.000, 40.000)
0.500,0.500,0.015
0.558,0.442,0.748,0.581,32.000
.Time: 4470.Location: (-22.687, -8.401, 218.280)
.lookAheadPoint: (20.000, 40.000)
0.500,0.500,0.015
0.558,0.442,0.732,0.586,32.000
.Time: 4480.Location: (-22.661, -8.675, 217.262)
.lookAheadPoint: (20.000, 40.000)
0.500,0.500,0.015
0.557,0.443,0.737,0.588,32.000
.Time: 4490.Location: (-22.602, -8.996, 215.952)
.lookAheadPoint: (20.000, 40.000)
0.500,0.500,0.015
0.557,0.443,0.743,0.587,32.000
.Time: 4500.Location: (-22.617, -9.381, 215.225)
.lookAheadPoint: (20.000, 40.000)
0.500,0.500,0.015
0.556,0.444,0.697,0.586,32.000
.Time: 4510.Location: (-22.768, -9.730, 215.661)
.lookAheadPoint: (20.000, 40.000)
0.500,0.500,0.015
0.556,0.444,0.711,0.585,32.000
.Time: 4520.Location: (-22.998, -10.068, 216.534)
.lookAheadPoint: (20.000, 40.000)
0.500,0.500,0.015
0.556,0.444,0.705,0.589,32.000
.Time: 4530.Location: (-23.251, -10.388, 217.407)
.lookAheadPoint: (20.000, 40.000)
0.500,0.500,0.015
0.555,0.445,0.732,0.578,32.000
.Time: 4540.Location: (-23.487, -10.721, 217.989)
.lookAheadPoint: (20.000, 40.000)
0.500,0.500,0.015
0.555,0.445,0.734,0.588,32.000
.Time: 4550.Location: (-23.752, -11.000, 218.862)
.lookAheadPoint: (20.000, 40.000)
0.500,0.500,0.015
0.555,0.445,0.748,0.590,32.000
.Time: 4560.Location: (-23.933, -11.256, 219.153)
.lookAheadPoint: (20.000, 40.000)
0.500,0.500,0.014
0.554,0.446,0.753,0.582,32.000
.Time: 4570.Location: (-24.107, -11.547, 219.153)
.lookAheadPoint: (20.000, 40.000)
0.500,0.500,0.014
0.554,0.446,0.744,0.586,32.000
.Time: 4580.Location: (-24.301, -11.823, 219.153)
.lookAheadPoint: (20.000, 40.000)
0.500,0.500,0.014
0.554,0.446,0.747,0.573,32.000
.Time: 4590.Location: (-24.473, -12.116, 218.862)
.lookAheadPoint: (20.000, 40.000)
0.500,0.500,0.014
0.553,0.447,0.743,0.558,32.000
.Time: 4600.Location: (-24.624, -12.425, 218.571)
.lookAheadPoint: (20.000, 40.000)
0.500,0.500,0.014
0.553,0.447,0.739,0.549,32.000
.Time: 4610.Location: (-24.826, -12.755, 218.571)
.lookAheadPoint: (20.000, 40.000)
0.500,0.500,0.014
0.553,0.447,0.747,0.542,32.000
.Time: 4620.Location: (-24.990, -13.115, 218.571)
.lookAheadPoint: (20.000, 40.000)
0.500,0.500,0.014
0.552,0.448,0.753,0.559,32.000
.Time: 4630.Location: (-25.159, -13.488, 219.008)
.lookAheadPoint: (20.000, 40.000)
0.500,0.500,0.014
0.552,0.448,0.733,0.571,32.000
.Time: 4640.Location: (-25.338, -13.856, 220.026)
.lookAheadPoint: (20.000, 40.000)
0.500,0.500,0.014
0.551,0.449,0.740,0.581,32.000
.Time: 4650.Location: (-25.537, -14.208, 220.754)
.lookAheadPoint: (20.000, 40.000)
0.500,0.500,0.014
0.551,0.449,0.746,0.565,32.000
.Time: 4660.Location: (-25.668, -14.588, 221.190)
.lookAheadPoint: (20.000, 40.000)
0.500,0.500,0.014
0.551,0.449,0.681,0.574,32.000
.Time: 4670.Location: (-25.710, -14.949, 221.045)
.lookAheadPoint: (20.000, 40.000)
0.500,0.500,0.013
0.550,0.450,0.667,0.564,32.000
.Time: 4680.Location: (-25.732, -15.309, 220.754)
.lookAheadPoint: (20.000, 40.000)
0.500,0.500,0.013
0.550,0.450,0.666,0.562,32.000
.Time: 4690.Location: (-25.752, -15.637, 220.172)
.lookAheadPoint: (20.000, 40.000)
0.500,0.500,0.013
0.550,0.450,0.674,0.568,32.000
.Time: 4700.Location: (-25.806, -15.918, 219.444)
.lookAheadPoint: (20.000, 40.000)
0.500,0.500,0.013
0.549,0.451,0.701,0.576,32.000
.Time: 4710.Location: (-25.908, -16.204, 218.862)
.lookAheadPoint: (20.000, 40.000)
0.500,0.500,0.013
0.549,0.451,0.707,0.569,32.000
.Time: 4720.Location: (-26.026, -16.509, 218.571)
.lookAheadPoint: (20.000, 40.000)
0.500,0.500,0.013
0.549,0.451,0.737,0.577,32.000
.Time: 4730.Location: (-26.198, -16.802, 218.571)
.lookAheadPoint: (20.000, 40.000)
0.500,0.500,0.013
0.548,0.452,0.721,0.582,32.000
.Time: 4740.Location: (-26.413, -17.060, 219.153)
.lookAheadPoint: (20.000, 40.000)
0.500,0.500,0.013
0.548,0.452,0.733,0.566,32.000
.Time: 4750.Location: (-26.641, -17.354, 219.299)
.lookAheadPoint: (20.000, 40.000)
0.500,0.500,0.013
0.548,0.452,0.726,0.584,32.000
.Time: 4760.Location: (-26.872, -17.630, 219.590)
.lookAheadPoint: (20.000, 40.000)
0.500,0.500,0.013
0.548,0.452,0.689,0.566,32.000
.Time: 4770.Location: (-27.052, -17.902, 219.735)
.lookAheadPoint: (20.000, 40.000)
0.500,0.500,0.013
0.548,0.452,0.669,0.582,32.000
.Time: 4780.Location: (-27.211, -18.190, 219.590)
.lookAheadPoint: (20.000, 40.000)
0.500,0.500,0.013
0.547,0.453,0.637,0.574,32.000
.Time: 4790.Location: (-27.330, -18.495, 219.008)
.lookAheadPoint: (20.000, 40.000)
0.500,0.500,0.013
0.547,0.453,0.658,0.572,32.000
.Time: 4800.Location: (-27.470, -18.767, 218.862)
.lookAheadPoint: (20.000, 40.000)
0.500,0.500,0.012
0.547,0.453,0.672,0.577,32.000
.Time: 4810.Location: (-27.566, -19.073, 218.135)
.lookAheadPoint: (20.000, 40.000)
0.500,0.500,0.012
0.547,0.453,0.675,0.578,32.000
.Time: 4820.Location: (-27.721, -19.332, 217.989)
.lookAheadPoint: (20.000, 40.000)
0.500,0.500,0.012
0.546,0.454,0.683,0.579,32.000
.Time: 4830.Location: (-27.916, -19.575, 218.280)
.lookAheadPoint: (20.000, 40.000)
0.500,0.500,0.012
0.546,0.454,0.674,0.594,32.000
.Time: 4840.Location: (-28.094, -19.833, 218.571)
.lookAheadPoint: (20.000, 40.000)
0.500,0.500,0.012
0.546,0.454,0.689,0.600,32.000
.Time: 4850.Location: (-28.310, -20.059, 218.862)
.lookAheadPoint: (20.000, 40.000)
0.500,0.500,0.012
0.546,0.454,0.680,0.594,32.000
.Time: 4860.Location: (-28.569, -20.249, 219.735)
.lookAheadPoint: (20.000, 40.000)
0.500,0.500,0.012
0.546,0.454,0.681,0.597,32.000
.Time: 4870.Location: (-28.795, -20.419, 220.172)
.lookAheadPoint: (20.000, 40.000)
0.500,0.500,0.012
0.546,0.454,0.671,0.584,32.000
.Time: 4880.Location: (-28.986, -20.603, 220.463)
.lookAheadPoint: (20.000, 40.000)
0.500,0.500,0.012
0.545,0.455,0.656,0.549,32.000
.Time: 4890.Location: (-29.160, -20.785, 220.608)
.lookAheadPoint: (20.000, 40.000)
0.500,0.500,0.012
0.545,0.455,0.640,0.523,32.000
.Time: 4900.Location: (-29.280, -20.967, 220.317)
.lookAheadPoint: (20.000, 40.000)
0.500,0.500,0.012
0.545,0.455,0.608,0.533,32.000
.Time: 4910.Location: (-29.375, -21.184, 219.590)
.lookAheadPoint: (20.000, 40.000)
0.500,0.500,0.012
0.545,0.455,0.602,0.540,32.000
.Time: 4920.Location: (-29.491, -21.383, 219.444)
.lookAheadPoint: (20.000, 40.000)
0.500,0.500,0.012
0.545,0.455,0.616,0.563,32.000
.Time: 4930.Location: (-29.674, -21.605, 219.444)
.lookAheadPoint: (20.000, 40.000)
0.500,0.500,0.012
0.545,0.455,0.639,0.561,32.000
.Time: 4940.Location: (-29.894, -21.829, 219.735)
.lookAheadPoint: (20.000, 40.000)
0.500,0.500,0.012
0.544,0.456,0.648,0.571,32.000
WARNING - pros.serial.terminal.terminal:stop - Stopping terminal
WARNING - pros.serial.terminal.terminal:reader - Connection to COM7 broken
