.velList #0: 0.000
.velList #1: 0.707
.velList #2: 0.750
.velList #3: 0.750
.velList #4: 0.750
.velList #5: 0.750
.velList #6: 0.750
.velList #7: 0.750
.velList #8: 0.750
.velList #9: 0.750
.velList #10: 0.750
.velList #11: 0.750
.velList #12: 0.750
.velList #13: 0.750
.velList #14: 0.750
.velList #15: 0.750
.velList #16: 0.750
.velList #17: 0.750
.velList #18: 0.750
.velList #19: 0.707
.velList #20: 0.000
0.707,0.000
.Accelerate
0.003,0.003,0.000,-0.000
0.707,0.003
.Accelerate
0.005,0.005,0.000,-0.000
0.707,0.005
.Accelerate
0.007,0.007,0.000,-0.000
0.707,0.007
.Accelerate
0.010,0.010,0.000,-0.000
0.707,0.010
.Accelerate
0.013,0.013,0.000,-0.000
0.707,0.013
.Accelerate
0.015,0.015,0.000,-0.000
0.707,0.015
.Accelerate
0.018,0.018,0.000,-0.000
0.707,0.018
.Accelerate
0.020,0.020,0.000,-0.000
0.707,0.020
.Accelerate
0.022,0.022,0.000,-0.000
0.707,0.022
.Accelerate
0.025,0.025,0.000,-0.000
0.707,0.025
.Accelerate
0.027,0.027,0.000,-0.000
0.707,0.027
.Accelerate
0.030,0.030,0.000,-0.000
0.707,0.030
.Accelerate
0.032,0.032,0.000,-0.000
0.707,0.032
.Accelerate
0.035,0.035,0.000,-0.000
0.707,0.035
.Accelerate
0.037,0.037,0.000,-0.000
0.707,0.037
.Accelerate
0.040,0.040,0.000,-0.000
0.707,0.040
.Accelerate
0.043,0.043,0.000,-0.000
0.707,0.043
.Accelerate
0.045,0.045,0.000,-0.000
0.707,0.045
.Accelerate
0.048,0.048,0.000,-0.000
0.707,0.048
.Accelerate
0.050,0.050,0.000,-0.000
0.707,0.050
.Accelerate
0.053,0.053,0.000,-0.000
0.707,0.053
.Accelerate
0.055,0.055,0.000,-0.000
0.707,0.055
.Accelerate
0.058,0.058,0.000,-0.000
0.707,0.058
.Accelerate
0.060,0.060,0.000,-0.000
0.707,0.060
.Accelerate
0.063,0.063,0.000,-0.000
0.707,0.063
.Accelerate
0.065,0.065,0.000,-0.000
0.707,0.065
.Accelerate
0.068,0.068,0.000,-0.000
0.707,0.068
.Accelerate
0.070,0.070,0.000,-0.000
0.707,0.070
.Accelerate
0.073,0.073,0.000,-0.000
0.707,0.073
.Accelerate
0.075,0.075,0.000,-0.000
0.707,0.075
.Accelerate
0.078,0.078,0.000,-0.000
0.707,0.078
.Accelerate
0.080,0.080,0.000,-0.000
0.707,0.080
.Accelerate
0.083,0.083,0.000,-0.000
0.707,0.083
.Accelerate
0.085,0.085,0.000,-0.000
0.707,0.085
.Accelerate
0.088,0.088,0.000,-0.000
0.707,0.088
.Accelerate
0.090,0.090,0.000,-0.000
0.707,0.090
.Accelerate
0.093,0.093,0.000,-0.000
0.707,0.093
.Accelerate
0.095,0.095,0.000,-0.000
0.707,0.095
.Accelerate
0.098,0.098,0.000,-0.000
0.707,0.098
.Accelerate
0.100,0.100,0.000,-0.000
0.707,0.100
.Accelerate
0.103,0.103,0.000,-0.000
0.707,0.103
.Accelerate
0.105,0.105,0.000,-0.000
0.707,0.105
.Accelerate
0.108,0.108,0.000,-0.000
0.707,0.108
.Accelerate
0.110,0.110,0.000,-0.000
0.707,0.110
.Accelerate
0.113,0.113,0.000,-0.000
0.707,0.113
.Accelerate
0.115,0.115,0.000,-0.000
0.707,0.115
.Accelerate
0.118,0.118,0.000,-0.000
0.707,0.118
.Accelerate
0.120,0.120,0.000,-0.000
0.707,0.120
.Accelerate
0.123,0.123,0.000,-0.000
0.707,0.123
.Accelerate
0.125,0.125,0.000,-0.000
0.707,0.125
.Accelerate
0.128,0.128,0.000,-0.000
0.707,0.128
.Accelerate
0.130,0.130,0.000,-0.000
0.707,0.130
.Accelerate
0.133,0.133,0.000,-0.000
0.707,0.133
.Accelerate
0.135,0.135,0.000,-0.000
0.707,0.135
.Accelerate
0.138,0.138,0.000,-0.000
0.707,0.138
.Accelerate
0.140,0.140,0.000,-0.000
0.707,0.140
.Accelerate
0.143,0.143,0.000,-0.000
0.707,0.143
.Accelerate
0.145,0.145,0.000,-0.000
0.707,0.145
.Accelerate
0.148,0.148,0.000,-0.000
0.707,0.148
.Accelerate
0.150,0.150,0.000,-0.000
0.707,0.150
.Accelerate
0.153,0.153,0.000,-0.000
0.707,0.153
.Accelerate
0.155,0.155,0.000,-0.000
0.707,0.155
.Accelerate
0.158,0.158,0.000,-0.000
0.707,0.158
.Accelerate
0.160,0.160,0.000,-0.000
0.707,0.160
.Accelerate
0.163,0.163,0.000,-0.000
0.707,0.163
.Accelerate
0.165,0.165,0.000,-0.000
0.707,0.165
.Accelerate
0.168,0.168,0.000,-0.000
0.707,0.168
.Accelerate
0.170,0.170,0.000,-0.000
0.707,0.170
.Accelerate
0.173,0.173,0.000,-0.000
0.707,0.173
.Accelerate
0.175,0.175,0.000,-0.000
0.707,0.175
.Accelerate
0.178,0.178,0.000,-0.000
0.707,0.178
.Accelerate
0.180,0.180,0.000,-0.000
0.707,0.180
.Accelerate
0.183,0.183,0.000,-0.000
0.707,0.183
.Accelerate
0.185,0.185,0.000,-0.000
0.707,0.185
.Accelerate
0.188,0.188,0.000,-0.000
0.707,0.188
.Accelerate
0.190,0.190,0.000,-0.000
0.707,0.190
.Accelerate
0.193,0.193,0.000,-0.000
0.707,0.193
.Accelerate
0.195,0.195,0.000,-0.000
0.707,0.195
.Accelerate
0.198,0.198,0.000,-0.000
0.707,0.198
.Accelerate
0.200,0.200,0.000,-0.000
0.707,0.200
.Accelerate
0.203,0.203,0.000,-0.000
0.707,0.203
.Accelerate
0.205,0.205,0.000,-0.000
0.707,0.205
.Accelerate
0.208,0.208,0.000,-0.000
0.707,0.208
.Accelerate
0.210,0.210,0.000,-0.000
0.707,0.210
.Accelerate
0.213,0.213,0.000,-0.000
0.707,0.213
.Accelerate
0.215,0.215,0.000,-0.000
0.707,0.215
.Accelerate
0.218,0.218,0.000,-0.000
0.707,0.218
.Accelerate
0.220,0.220,0.000,-0.000
0.707,0.220
.Accelerate
0.223,0.223,0.000,-0.000
0.707,0.223
.Accelerate
0.225,0.225,0.000,-0.000
0.707,0.225
.Accelerate
0.228,0.228,0.000,-0.000
0.707,0.228
.Accelerate
0.230,0.230,0.000,-0.000
0.707,0.230
.Accelerate
0.233,0.233,0.000,-0.000
0.707,0.233
.Accelerate
0.235,0.235,0.000,-0.000
0.707,0.235
.Accelerate
0.238,0.238,0.000,-0.000
0.707,0.238
.Accelerate
0.240,0.240,0.000,-0.000
0.707,0.240
.Accelerate
0.243,0.243,0.000,-0.000
0.707,0.243
.Accelerate
0.245,0.245,0.000,-0.000
0.707,0.245
.Accelerate
0.248,0.248,0.000,-0.000
0.707,0.248
.Accelerate
0.250,0.250,0.000,-0.000
0.707,0.250
.Accelerate
0.253,0.253,0.000,-0.000
0.707,0.253
.Accelerate
0.255,0.255,0.000,-0.000
0.707,0.255
.Accelerate
0.258,0.258,0.000,-0.000
0.707,0.258
.Accelerate
0.260,0.260,0.000,-0.000
0.707,0.260
.Accelerate
0.263,0.263,0.000,-0.000
0.707,0.263
.Accelerate
0.265,0.265,0.000,-0.000
0.707,0.265
.Accelerate
0.268,0.268,0.000,-0.000
0.707,0.268
.Accelerate
0.270,0.270,0.000,-0.000
0.707,0.270
.Accelerate
0.273,0.273,0.000,-0.000
0.707,0.273
.Accelerate
0.275,0.275,0.000,-0.000
0.707,0.275
.Accelerate
0.278,0.278,0.000,-0.000
0.707,0.278
.Accelerate
0.280,0.280,0.000,-0.000
0.707,0.280
.Accelerate
0.283,0.283,0.000,-0.000
0.707,0.283
.Accelerate
0.285,0.285,0.000,-0.000
0.707,0.285
.Accelerate
0.288,0.288,0.000,-0.000
0.707,0.288
.Accelerate
0.290,0.290,0.000,-0.000
0.707,0.290
.Accelerate
0.293,0.293,0.000,-0.000
0.707,0.293
.Accelerate
0.295,0.295,0.000,-0.000
0.707,0.295
.Accelerate
0.298,0.298,0.000,-0.000
0.707,0.298
.Accelerate
0.300,0.300,0.000,-0.000
0.707,0.300
.Accelerate
0.303,0.303,0.000,-0.000
0.707,0.303
.Accelerate
0.305,0.305,0.000,-0.000
0.707,0.305
.Accelerate
0.308,0.308,0.000,-0.000
0.707,0.308
.Accelerate
0.310,0.310,0.000,-0.000
0.707,0.310
.Accelerate
0.313,0.313,0.000,-0.000
0.707,0.313
.Accelerate
0.315,0.315,0.000,-0.000
0.707,0.315
.Accelerate
0.318,0.318,0.000,-0.000
0.707,0.318
.Accelerate
0.320,0.320,0.000,-0.000
0.707,0.320
.Accelerate
0.323,0.323,0.000,-0.000
0.707,0.323
.Accelerate
0.325,0.325,0.000,-0.000
0.707,0.325
.Accelerate
0.328,0.328,0.000,-0.000
0.707,0.328
.Accelerate
0.330,0.330,0.000,-0.000
0.707,0.330
.Accelerate
0.333,0.333,0.000,-0.000
0.707,0.333
.Accelerate
0.335,0.335,0.000,-0.000
0.707,0.335
.Accelerate
0.338,0.338,0.000,-0.000
0.707,0.338
.Accelerate
0.340,0.340,0.000,-0.000
0.707,0.340
.Accelerate
0.343,0.343,0.000,-0.000
0.707,0.343
.Accelerate
0.345,0.345,0.000,-0.000
0.707,0.345
.Accelerate
0.348,0.348,0.000,-0.000
0.707,0.348
.Accelerate
0.350,0.350,0.000,-0.000
0.707,0.350
.Accelerate
0.353,0.353,0.000,-0.000
0.707,0.353
.Accelerate
0.355,0.355,0.000,-0.000
0.707,0.355
.Accelerate
0.358,0.358,0.000,-0.000
0.707,0.358
.Accelerate
0.360,0.360,0.000,-0.000
0.707,0.360
.Accelerate
0.363,0.363,0.000,-0.000
0.707,0.363
.Accelerate
0.365,0.365,0.000,-0.000
0.707,0.365
.Accelerate
0.368,0.368,0.000,-0.000
0.707,0.368
.Accelerate
0.370,0.370,0.000,-0.000
0.707,0.370
.Accelerate
0.373,0.373,0.000,-0.000
0.707,0.373
.Accelerate
0.375,0.375,0.000,-0.000
0.707,0.375
.Accelerate
0.378,0.378,0.000,-0.000
0.707,0.378
.Accelerate
0.380,0.380,0.000,-0.000
0.707,0.380
.Accelerate
0.383,0.383,0.000,-0.000
0.707,0.383
.Accelerate
0.385,0.385,0.000,-0.000
0.707,0.385
.Accelerate
0.388,0.388,0.000,-0.000
0.707,0.388
.Accelerate
0.390,0.390,0.000,-0.000
0.707,0.390
.Accelerate
0.393,0.393,0.000,-0.000
0.707,0.393
.Accelerate
0.395,0.395,0.000,-0.000
0.707,0.395
.Accelerate
0.398,0.398,0.000,-0.000
0.707,0.398
.Accelerate
0.400,0.400,0.000,-0.000
0.707,0.400
.Accelerate
0.403,0.403,0.000,-0.000
0.707,0.403
.Accelerate
0.405,0.405,0.000,-0.000
0.707,0.405
.Accelerate
0.408,0.408,0.000,-0.000
0.707,0.408
.Accelerate
0.410,0.410,0.000,-0.000
0.707,0.410
.Accelerate
0.413,0.413,0.000,-0.000
0.707,0.413
.Accelerate
0.415,0.415,0.000,-0.000
0.707,0.415
.Accelerate
0.418,0.418,0.000,-0.000
0.707,0.418
.Accelerate
0.420,0.420,0.000,-0.000
0.707,0.420
.Accelerate
0.423,0.423,0.000,-0.000
0.707,0.423
.Accelerate
0.425,0.425,0.000,-0.000
0.707,0.425
.Accelerate
0.428,0.428,0.000,-0.000
0.707,0.428
.Accelerate
0.430,0.430,0.000,-0.000
0.707,0.430
.Accelerate
0.433,0.433,0.000,-0.000
0.707,0.433
.Accelerate
0.435,0.435,0.000,-0.000
0.707,0.435
.Accelerate
0.438,0.438,0.000,-0.000
0.707,0.438
.Accelerate
0.440,0.440,0.000,-0.000
0.707,0.440
.Accelerate
0.443,0.443,0.000,-0.000
0.707,0.443
.Accelerate
0.445,0.445,0.000,-0.000
0.707,0.445
.Accelerate
0.448,0.448,0.000,-0.000
0.707,0.448
.Accelerate
0.450,0.450,0.000,-0.000
0.707,0.450
.Accelerate
0.453,0.453,0.000,-0.000
0.707,0.453
.Accelerate
0.455,0.455,0.000,-0.000
0.707,0.455
.Accelerate
0.458,0.458,0.000,-0.000
0.707,0.458
.Accelerate
0.460,0.460,0.000,-0.000
0.707,0.460
.Accelerate
0.463,0.463,0.000,-0.000
0.707,0.463
.Accelerate
0.465,0.465,0.000,-0.000
0.707,0.465
.Accelerate
0.468,0.468,0.000,-0.000
0.707,0.468
.Accelerate
0.470,0.470,0.000,-0.000
0.707,0.470
.Accelerate
0.473,0.473,0.000,-0.000
0.707,0.473
.Accelerate
0.475,0.475,0.000,-0.000
0.707,0.475
.Accelerate
0.478,0.478,0.000,-0.000
0.707,0.478
.Accelerate
0.480,0.480,0.000,-0.000
0.707,0.480
.Accelerate
0.483,0.483,0.000,-0.000
0.707,0.483
.Accelerate
0.485,0.485,0.000,-0.000
0.707,0.485
.Accelerate
0.488,0.488,0.000,-0.000
0.707,0.488
.Accelerate
0.490,0.490,0.000,-0.000
0.707,0.490
.Accelerate
0.493,0.493,0.000,-0.000
0.707,0.493
.Accelerate
0.495,0.495,0.000,-0.000
0.707,0.495
.Accelerate
0.498,0.498,0.000,-0.000
0.707,0.498
.Accelerate
0.500,0.500,0.000,-0.000
.velList #0: 0.000
.velList #1: 0.707
.velList #2: 0.750
.velList #3: 0.750
.velList #4: 0.750
.velList #5: 0.750
.velList #6: 0.750
.velList #7: 0.750
.velList #8: 0.750
.velList #9: 0.750
.velList #10: 0.750
.velList #11: 0.750
.velList #12: 0.750
.velList #13: 0.750
.velList #14: 0.750
.velList #15: 0.750
.velList #16: 0.750
.velList #17: 0.750
.velList #18: 0.750
.velList #19: 0.707
.velList #20: 0.000
0.707,0.000
.Accelerate
0.003,0.003,0.000,-0.000
0.707,0.003
.Accelerate
0.005,0.005,0.000,-0.000
0.707,0.005
.Accelerate
0.007,0.007,0.000,-0.000
0.707,0.007
.Accelerate
0.010,0.010,0.000,-0.000
0.707,0.010
.Accelerate
0.013,0.013,0.000,-0.000
0.707,0.013
.Accelerate
0.015,0.015,0.000,-0.000
0.707,0.015
.Accelerate
0.018,0.018,0.000,-0.000
0.707,0.018
.Accelerate
0.020,0.020,0.000,-0.000
0.707,0.020
.Accelerate
0.022,0.022,0.000,-0.000
0.707,0.022
.Accelerate
0.025,0.025,0.000,-0.000
0.707,0.025
.Accelerate
0.027,0.027,0.000,-0.000
0.707,0.027
.Accelerate
0.030,0.030,0.000,-0.000
0.707,0.030
.Accelerate
0.032,0.032,0.000,-0.000
0.707,0.032
.Accelerate
0.035,0.035,0.000,-0.000
0.707,0.035
.Accelerate
0.037,0.037,0.000,-0.000
0.707,0.037
.Accelerate
0.040,0.040,0.000,-0.000
0.707,0.040
.Accelerate
0.043,0.043,0.000,-0.000
0.707,0.043
.Accelerate
0.045,0.045,0.000,-0.000
0.707,0.045
.Accelerate
0.048,0.048,0.000,-0.000
0.707,0.048
.Accelerate
0.050,0.050,0.000,-0.000
0.707,0.050
.Accelerate
0.053,0.053,0.000,-0.000
0.707,0.053
.Accelerate
0.055,0.055,0.000,-0.000
0.707,0.055
.Accelerate
0.058,0.058,0.000,-0.000
0.707,0.058
.Accelerate
0.060,0.060,0.000,-0.000
0.707,0.060
.Accelerate
0.063,0.063,0.000,-0.000
0.707,0.063
.Accelerate
0.065,0.065,0.000,-0.000
0.707,0.065
.Accelerate
0.068,0.068,0.000,-0.000
0.707,0.068
.Accelerate
0.070,0.070,0.000,-0.000
0.707,0.070
.Accelerate
0.073,0.073,0.000,-0.000
0.707,0.073
.Accelerate
0.075,0.075,0.000,-0.000
0.707,0.075
.Accelerate
0.078,0.078,0.000,-0.000
0.707,0.078
.Accelerate
0.080,0.080,0.000,-0.000
0.707,0.080
.Accelerate
0.083,0.083,0.000,-0.000
0.707,0.083
.Accelerate
0.085,0.085,0.000,-0.000
0.707,0.085
.Accelerate
0.088,0.088,0.000,-0.000
0.707,0.088
.Accelerate
0.090,0.090,0.000,-0.000
0.707,0.090
.Accelerate
0.093,0.093,0.000,-0.000
0.707,0.093
.Accelerate
0.095,0.095,0.000,-0.000
0.707,0.095
.Accelerate
0.098,0.098,0.000,-0.000
0.707,0.098
.Accelerate
0.100,0.100,0.000,-0.000
0.707,0.100
.Accelerate
0.103,0.103,0.000,-0.000
0.707,0.103
.Accelerate
0.105,0.105,0.000,-0.000
0.707,0.105
.Accelerate
0.108,0.108,0.000,-0.000
0.707,0.108
.Accelerate
0.110,0.110,0.000,-0.000
0.707,0.110
.Accelerate
0.113,0.113,0.000,-0.000
0.707,0.113
.Accelerate
0.115,0.115,0.000,-0.000
0.707,0.115
.Accelerate
0.118,0.118,0.000,-0.000
0.707,0.118
.Accelerate
0.120,0.120,0.000,-0.000
0.707,0.120
.Accelerate
0.123,0.123,0.000,-0.000
0.707,0.123
.Accelerate
0.125,0.125,0.000,-0.000
0.707,0.125
.Accelerate
0.128,0.128,0.000,-0.000
0.707,0.128
.Accelerate
0.130,0.130,0.000,-0.000
0.707,0.130
.Accelerate
0.133,0.133,0.000,-0.000
0.707,0.133
.Accelerate
0.135,0.135,0.000,-0.000
0.707,0.135
.Accelerate
0.138,0.138,0.000,-0.000
0.707,0.138
.Accelerate
0.140,0.140,0.000,-0.000
0.707,0.140
.Accelerate
0.143,0.143,0.000,-0.000
0.707,0.143
.Accelerate
0.145,0.145,0.000,-0.000
0.707,0.145
.Accelerate
0.148,0.148,0.000,-0.000
0.707,0.148
.Accelerate
0.150,0.150,0.000,-0.000
0.707,0.150
.Accelerate
0.153,0.153,0.000,-0.000
0.707,0.153
.Accelerate
0.155,0.155,0.000,-0.000
0.707,0.155
.Accelerate
0.158,0.158,0.000,-0.000
0.707,0.158
.Accelerate
0.160,0.160,0.000,-0.000
0.707,0.160
.Accelerate
0.163,0.163,0.000,-0.000
0.707,0.163
.Accelerate
0.165,0.165,0.000,-0.000
0.707,0.165
.Accelerate
0.168,0.168,0.000,-0.000
0.707,0.168
.Accelerate
0.170,0.170,0.000,-0.000
0.707,0.170
.Accelerate
0.173,0.173,0.000,-0.000
0.707,0.173
.Accelerate
0.175,0.175,0.000,-0.000
0.707,0.175
.Accelerate
0.178,0.178,0.000,-0.000
0.707,0.178
.Accelerate
0.180,0.180,0.000,-0.000
0.707,0.180
.Accelerate
0.183,0.183,0.000,-0.000
0.707,0.183
.Accelerate
0.185,0.185,0.000,-0.000
0.707,0.185
.Accelerate
0.188,0.188,0.000,-0.000
0.707,0.188
.Accelerate
0.190,0.190,0.000,-0.000
0.707,0.190
.Accelerate
0.193,0.193,0.000,-0.000
0.707,0.193
.Accelerate
0.195,0.195,0.000,-0.000
0.707,0.195
.Accelerate
0.198,0.198,0.000,-0.000
0.707,0.198
.Accelerate
0.200,0.200,0.000,-0.000
0.707,0.200
.Accelerate
0.203,0.203,0.000,-0.000
0.707,0.203
.Accelerate
0.205,0.205,0.000,-0.000
0.707,0.205
.Accelerate
0.208,0.208,0.000,-0.000
0.707,0.208
.Accelerate
0.210,0.210,0.000,-0.000
0.707,0.210
.Accelerate
0.213,0.213,0.000,-0.000
0.707,0.213
.Accelerate
0.215,0.215,0.000,-0.000
0.707,0.215
.Accelerate
0.218,0.218,0.000,-0.000
0.707,0.218
.Accelerate
0.220,0.220,0.000,-0.000
0.707,0.220
.Accelerate
0.223,0.223,0.000,-0.000
0.707,0.223
.Accelerate
0.225,0.225,0.000,-0.000
0.707,0.225
.Accelerate
0.228,0.228,0.000,-0.000
0.707,0.228
.Accelerate
0.230,0.230,0.000,-0.000
0.707,0.230
.Accelerate
0.233,0.233,0.000,-0.000
0.707,0.233
.Accelerate
0.235,0.235,0.000,-0.000
0.707,0.235
.Accelerate
0.238,0.238,0.000,-0.000
0.707,0.238
.Accelerate
0.240,0.240,0.000,-0.000
0.707,0.240
.Accelerate
0.243,0.243,0.000,-0.000
0.707,0.243
.Accelerate
0.245,0.245,0.000,-0.000
0.707,0.245
.Accelerate
0.248,0.248,0.000,-0.000
0.707,0.248
.Accelerate
0.250,0.250,0.000,-0.000
0.707,0.250
.Accelerate
0.253,0.253,0.000,-0.000
0.707,0.253
.Accelerate
0.255,0.255,0.000,-0.000
0.707,0.255
.Accelerate
0.258,0.258,0.000,-0.000
0.707,0.258
.Accelerate
0.260,0.260,0.000,-0.000
0.707,0.260
.Accelerate
0.263,0.263,0.000,-0.000
0.707,0.263
.Accelerate
0.265,0.265,0.000,-0.000
0.707,0.265
.Accelerate
0.268,0.268,0.000,-0.000
0.707,0.268
.Accelerate
0.270,0.270,0.000,-0.000
0.707,0.270
.Accelerate
0.273,0.273,0.000,-0.000
0.707,0.273
.Accelerate
0.275,0.275,0.000,-0.000
0.707,0.275
.Accelerate
0.278,0.278,0.000,-0.000
0.707,0.278
.Accelerate
0.280,0.280,0.000,-0.000
0.707,0.280
.Accelerate
0.283,0.283,0.000,-0.000
0.707,0.283
.Accelerate
0.285,0.285,0.000,-0.000
0.707,0.285
.Accelerate
0.288,0.288,0.000,-0.000
0.707,0.288
.Accelerate
0.290,0.290,0.000,-0.000
0.707,0.290
.Accelerate
0.293,0.293,0.000,-0.000
0.707,0.293
.Accelerate
0.295,0.295,0.000,-0.000
0.707,0.295
.Accelerate
0.298,0.298,0.000,-0.000
0.707,0.298
.Accelerate
0.300,0.300,0.000,-0.000
0.707,0.300
.Accelerate
0.303,0.303,0.000,-0.000
0.707,0.303
.Accelerate
0.305,0.305,0.000,-0.000
0.707,0.305
.Accelerate
0.308,0.308,0.000,-0.000
0.707,0.308
.Accelerate
0.310,0.310,0.000,-0.000
0.707,0.310
.Accelerate
0.313,0.313,0.000,-0.000
0.707,0.313
.Accelerate
0.315,0.315,0.000,-0.000
0.707,0.315
.Accelerate
0.318,0.318,0.000,-0.000
0.707,0.318
.Accelerate
0.320,0.320,0.000,-0.000
0.707,0.320
.Accelerate
0.323,0.323,0.000,-0.000
0.707,0.323
.Accelerate
0.325,0.325,0.000,-0.000
0.707,0.325
.Accelerate
0.328,0.328,0.000,-0.000
0.707,0.328
.Accelerate
0.330,0.330,0.000,-0.000
0.707,0.330
.Accelerate
0.333,0.333,0.000,-0.000
0.707,0.333
.Accelerate
0.335,0.335,0.000,-0.000
0.707,0.335
.Accelerate
0.338,0.338,0.000,-0.000
0.707,0.338
.Accelerate
0.340,0.340,0.000,-0.000
0.707,0.340
.Accelerate
0.343,0.343,0.000,-0.000
0.707,0.343
.Accelerate
0.345,0.345,0.000,-0.000
0.707,0.345
.Accelerate
0.348,0.348,0.000,-0.000
0.707,0.348
.Accelerate
0.350,0.350,0.000,-0.000
0.707,0.350
.Accelerate
0.353,0.353,0.000,-0.000
0.707,0.353
.Accelerate
0.355,0.355,0.000,-0.000
0.707,0.355
.Accelerate
0.358,0.358,0.000,-0.000
0.707,0.358
.Accelerate
0.360,0.360,0.000,-0.000
0.707,0.360
.Accelerate
0.363,0.363,0.000,-0.000
0.707,0.363
.Accelerate
0.365,0.365,0.000,-0.000
0.707,0.365
.Accelerate
0.368,0.368,0.000,-0.000
0.707,0.368
.Accelerate
0.370,0.370,0.000,-0.000
0.707,0.370
.Accelerate
0.373,0.373,0.000,-0.000
0.707,0.373
.Accelerate
0.375,0.375,0.000,-0.000
0.707,0.375
.Accelerate
0.378,0.378,0.000,-0.000
0.707,0.378
.Accelerate
0.380,0.380,0.000,-0.000
0.707,0.380
.Accelerate
0.383,0.383,0.000,-0.000
0.707,0.383
.Accelerate
0.385,0.385,0.000,-0.000
0.707,0.385
.Accelerate
0.388,0.388,0.000,-0.000
0.707,0.388
.Accelerate
0.390,0.390,0.000,-0.000
0.707,0.390
.Accelerate
0.393,0.393,0.000,-0.000
0.707,0.393
.Accelerate
0.395,0.395,0.000,-0.000
0.707,0.395
.Accelerate
0.398,0.398,0.000,-0.000
0.707,0.398
.Accelerate
0.400,0.400,0.000,-0.000
0.707,0.400
.Accelerate
0.403,0.403,0.000,-0.000
0.707,0.403
.Accelerate
0.405,0.405,0.000,-0.000
0.707,0.405
.Accelerate
0.408,0.408,0.000,-0.000
0.707,0.408
.Accelerate
0.410,0.410,0.000,-0.000
0.707,0.410
.Accelerate
0.413,0.413,0.000,-0.000
0.707,0.413
.Accelerate
0.415,0.415,0.000,-0.000
0.707,0.415
.Accelerate
0.418,0.418,0.000,-0.000
0.707,0.418
.Accelerate
0.420,0.420,0.000,-0.000
0.707,0.420
.Accelerate
0.423,0.423,0.000,-0.000
0.707,0.423
.Accelerate
0.425,0.425,0.000,-0.000
0.707,0.425
.Accelerate
0.428,0.428,0.000,-0.000
0.707,0.428
.Accelerate
0.430,0.430,0.000,-0.000
0.707,0.430
.Accelerate
0.433,0.433,0.000,-0.000
0.707,0.433
.Accelerate
0.435,0.435,0.000,-0.000
0.707,0.435
.Accelerate
0.438,0.438,0.000,-0.000
0.707,0.438
.Accelerate
0.440,0.440,0.000,-0.000
0.707,0.440
.Accelerate
0.443,0.443,0.000,-0.000
0.707,0.443
.Accelerate
0.445,0.445,0.000,-0.000
0.707,0.445
.Accelerate
0.448,0.448,0.000,-0.000
0.707,0.448
.Accelerate
0.450,0.450,0.000,-0.000
0.707,0.450
.Accelerate
0.453,0.453,0.000,-0.000
0.707,0.453
.Accelerate
0.455,0.455,0.000,-0.000
0.707,0.455
.Accelerate
0.458,0.458,0.000,-0.000
0.707,0.458
.Accelerate
0.460,0.460,0.000,-0.000
0.707,0.460
.Accelerate
0.463,0.463,0.000,-0.000
0.707,0.463
.Accelerate
0.465,0.465,0.000,-0.000
0.707,0.465
.Accelerate
0.468,0.468,0.000,-0.000
0.707,0.468
.Accelerate
0.470,0.470,0.000,-0.000
0.707,0.470
.Accelerate
0.473,0.473,0.000,-0.000
0.707,0.473
.Accelerate
0.475,0.475,0.000,-0.000
0.707,0.475
.Accelerate
0.478,0.478,0.000,-0.000
0.707,0.478
.Accelerate
0.480,0.480,0.000,-0.000
0.707,0.480
.Accelerate
0.483,0.483,0.000,-0.000
0.707,0.483
.Accelerate
0.485,0.485,0.000,-0.000
0.707,0.485
.Accelerate
0.488,0.488,0.000,-0.000
0.707,0.488
.Accelerate
0.490,0.490,0.000,-0.000
0.707,0.490
.Accelerate
0.493,0.493,0.000,-0.000
0.707,0.493
.Accelerate
0.495,0.495,0.000,-0.000
0.707,0.495
.Accelerate
0.498,0.498,0.000,-0.000
0.707,0.498
.Accelerate
0.500,0.500,0.000,-0.000
0.707,0.500
.Accelerate
0.503,0.503,0.000,-0.000
0.707,0.503
.Accelerate
0.505,0.505,0.000,-0.000
0.707,0.505
.Accelerate
0.508,0.508,0.000,-0.000
0.707,0.508
.Accelerate
0.510,0.510,0.000,-0.000
0.707,0.510
.Accelerate
0.513,0.513,0.000,-0.000
0.707,0.513
.Accelerate
0.515,0.515,0.000,-0.000
0.707,0.515
.Accelerate
0.517,0.517,0.000,-0.000
0.707,0.517
.Accelerate
0.520,0.520,0.000,-0.000
0.707,0.520
.Accelerate
0.522,0.522,0.000,-0.000
0.707,0.522
.Accelerate
0.525,0.525,0.000,-0.000
0.707,0.525
.Accelerate
0.527,0.527,0.000,-0.000
0.707,0.527
.Accelerate
0.530,0.530,0.000,-0.000
0.707,0.530
.Accelerate
0.532,0.532,0.000,-0.000
0.707,0.532
.Accelerate
0.535,0.535,0.000,-0.000
0.707,0.535
.Accelerate
0.537,0.537,0.000,-0.000
0.707,0.537
.Accelerate
0.540,0.540,0.000,-0.000
0.707,0.540
.Accelerate
0.542,0.542,0.000,-0.000
0.707,0.542
.Accelerate
0.545,0.545,0.000,-0.000
0.707,0.545
.Accelerate
0.547,0.547,0.000,-0.000
0.707,0.547
.Accelerate
0.550,0.550,0.000,-0.000
0.707,0.550
.Accelerate
0.552,0.552,0.000,-0.000
0.707,0.552
.Accelerate
0.555,0.555,0.000,-0.000
0.707,0.555
.Accelerate
0.557,0.557,0.000,-0.000
0.707,0.557
.Accelerate
0.560,0.560,0.000,-0.000
0.707,0.560
.Accelerate
0.562,0.562,0.000,-0.000
0.707,0.562
.Accelerate
0.565,0.565,0.000,-0.000
0.707,0.565
.Accelerate
0.567,0.567,0.000,-0.000
0.707,0.567
.Accelerate
0.570,0.570,0.000,-0.000
0.707,0.570
.Accelerate
0.572,0.572,0.000,-0.000
0.707,0.572
.Accelerate
0.575,0.575,0.000,-0.000
0.707,0.575
.Accelerate
0.577,0.577,0.000,-0.000
0.707,0.577
.Accelerate
0.580,0.580,0.000,-0.000
0.707,0.580
.Accelerate
0.582,0.582,0.000,-0.000
0.707,0.582
.Accelerate
0.585,0.585,0.000,-0.000
0.707,0.585
.Accelerate
0.587,0.587,0.000,-0.000
0.707,0.587
.Accelerate
0.590,0.590,0.000,-0.000
0.707,0.590
.Accelerate
0.592,0.592,0.000,-0.000
0.707,0.592
.Accelerate
0.595,0.595,0.000,-0.000
0.707,0.595
.Accelerate
0.597,0.597,0.000,-0.000
0.707,0.597
.Accelerate
0.600,0.600,0.000,-0.000
0.707,0.600
.Accelerate
0.602,0.602,0.000,-0.000
0.707,0.602
.Accelerate
0.605,0.605,0.000,-0.000
0.707,0.605
.Accelerate
0.607,0.607,0.000,-0.000
0.707,0.607
.Accelerate
0.610,0.610,0.000,-0.000
0.707,0.610
.Accelerate
0.612,0.612,0.000,-0.000
0.707,0.612
.Accelerate
0.615,0.615,0.000,-0.000
0.707,0.615
.Accelerate
0.617,0.617,0.000,-0.000
0.707,0.617
.Accelerate
0.620,0.620,0.000,-0.000
0.707,0.620
.Accelerate
0.622,0.622,0.000,-0.000
0.707,0.622
.Accelerate
0.625,0.625,0.000,-0.000
0.707,0.625
.Accelerate
0.627,0.627,0.000,-0.000
0.707,0.627
.Accelerate
0.630,0.630,0.000,-0.000
0.707,0.630
.Accelerate
0.632,0.632,0.000,-0.000
0.707,0.632
.Accelerate
0.635,0.635,0.000,-0.000
0.707,0.635
.Accelerate
0.637,0.637,0.000,-0.000
0.707,0.637
.Accelerate
0.640,0.640,0.000,-0.000
0.707,0.640
.Accelerate
0.642,0.642,0.000,-0.000
0.707,0.642
.Accelerate
0.645,0.645,0.000,-0.000
0.707,0.645
.Accelerate
0.647,0.647,0.000,-0.000
0.707,0.647
.Accelerate
0.650,0.650,0.000,-0.000
0.707,0.650
.Accelerate
0.652,0.652,0.000,-0.000
0.707,0.652
.Accelerate
0.655,0.655,0.000,-0.000
0.707,0.655
.Accelerate
0.657,0.657,0.000,-0.000
0.707,0.657
.Accelerate
0.660,0.660,0.000,-0.000
0.707,0.660
.Accelerate
0.662,0.662,0.000,-0.000
0.707,0.662
.Accelerate
0.665,0.665,0.000,-0.000
0.707,0.665
.Accelerate
0.667,0.667,0.000,-0.000
0.707,0.667
.Accelerate
0.670,0.670,0.000,-0.000
0.707,0.670
.Accelerate
0.672,0.672,0.000,-0.000
0.707,0.672
.Accelerate
0.675,0.675,0.000,-0.000
0.707,0.675
.Accelerate
0.677,0.677,0.000,-0.000
0.707,0.677
.Accelerate
0.680,0.680,0.000,-0.000
0.707,0.680
.Accelerate
0.682,0.682,0.000,-0.000
0.707,0.682
.Accelerate
0.685,0.685,0.000,-0.000
0.707,0.685
.Accelerate
0.687,0.687,0.000,-0.000
0.707,0.687
.Accelerate
0.690,0.690,0.000,-0.000
0.707,0.690
.Accelerate
0.692,0.692,0.000,-0.000
0.707,0.692
.Accelerate
0.695,0.695,0.000,-0.000
0.707,0.695
.Accelerate
0.697,0.697,0.000,-0.000
0.707,0.697
.Accelerate
0.700,0.700,0.000,-0.000
0.707,0.700
.Accelerate
0.702,0.702,0.000,-0.000
0.707,0.702
.Accelerate
0.705,0.705,0.000,-0.000
0.707,0.705
0.707,0.707,0.000,-0.000
0.707,0.707
0.707,0.707,0.000,-0.000
0.707,0.707
0.707,0.707,0.000,-0.000
0.707,0.707
0.707,0.707,0.000,-0.000
0.707,0.707
0.707,0.707,0.000,-0.000
0.707,0.707
0.707,0.707,0.000,-0.000
0.707,0.707
0.707,0.707,0.000,-0.000
0.707,0.707
0.707,0.707,0.000,-0.000
0.707,0.707
0.707,0.707,0.000,-0.000
0.707,0.707
0.707,0.707,0.000,-0.000
0.707,0.707
0.707,0.707,0.000,-0.000
0.707,0.707
0.707,0.707,0.000,-0.000
0.707,0.707
0.707,0.707,0.000,-0.000
0.707,0.707
0.707,0.707,0.000,-0.000
0.707,0.707
0.707,0.707,0.000,-0.000
0.707,0.707
0.707,0.707,0.000,-0.000
0.707,0.707
0.707,0.707,0.000,-0.000
0.707,0.707
0.707,0.707,0.000,-0.000
0.707,0.707
0.707,0.707,0.000,-0.000
0.707,0.707
0.707,0.707,0.000,-0.000
0.707,0.707
0.707,0.707,0.000,-0.000
0.707,0.707
0.707,0.707,0.000,-0.000
0.707,0.707
0.707,0.707,0.000,-0.000
0.707,0.707
0.707,0.707,0.000,-0.000
0.707,0.707
0.707,0.707,0.000,-0.000
0.707,0.707
0.707,0.707,0.000,-0.000
0.707,0.707
0.707,0.707,0.000,-0.000
0.707,0.707
0.707,0.707,0.000,-0.000
0.707,0.707
0.707,0.707,0.000,-0.000
0.707,0.707
0.707,0.707,0.000,-0.000
0.707,0.707
0.707,0.707,0.000,-0.000
0.707,0.707
0.707,0.707,0.000,-0.000
0.707,0.707
0.707,0.707,0.000,-0.000
0.707,0.707
0.707,0.707,0.000,-0.000
0.707,0.707
0.707,0.707,0.000,-0.000
0.707,0.707
0.707,0.707,0.000,-0.000
0.707,0.707
0.707,0.707,0.000,-0.000
0.707,0.707
0.707,0.707,0.000,-0.000
0.707,0.707
0.707,0.707,0.000,-0.000
0.707,0.707
0.707,0.707,0.000,-0.000
0.707,0.707
0.707,0.707,0.000,-0.000
0.707,0.707
0.707,0.707,0.000,-0.000
0.707,0.707
0.707,0.707,0.000,-0.000
0.707,0.707
0.707,0.707,0.000,-0.000
0.707,0.707
0.707,0.707,0.000,-0.000
0.707,0.707
0.707,0.707,0.000,-0.000
0.707,0.707
0.707,0.707,0.000,-0.000
0.707,0.707
0.707,0.707,0.000,-0.000
0.707,0.707
0.707,0.707,0.000,-0.000
0.707,0.707
0.707,0.707,0.000,-0.000
0.707,0.707
0.707,0.707,0.000,-0.000
0.707,0.707
0.707,0.707,0.000,-0.000
0.707,0.707
0.707,0.707,0.000,-0.000
0.707,0.707
0.707,0.707,0.000,-0.000
0.707,0.707
0.707,0.707,0.000,-0.000
0.707,0.707
0.707,0.707,0.000,-0.000
0.707,0.707
0.707,0.707,0.000,-0.000
0.707,0.707
0.707,0.707,0.000,-0.000
0.707,0.707
0.707,0.707,0.000,-0.000
0.707,0.707
0.707,0.707,0.000,-0.000
0.707,0.707
0.707,0.707,0.000,-0.000
0.707,0.707
0.707,0.707,0.000,-0.000
0.707,0.707
0.707,0.707,0.000,-0.000
0.707,0.707
0.707,0.707,0.000,-0.000
0.707,0.707
0.707,0.707,0.000,-0.000
0.707,0.707
0.707,0.707,0.000,-0.000
0.707,0.707
0.707,0.707,0.000,-0.000
0.707,0.707
0.707,0.707,0.000,-0.000
0.707,0.707
0.707,0.707,0.000,-0.000
0.707,0.707
0.707,0.707,0.000,-0.000
0.707,0.707
0.707,0.707,0.000,-0.000
0.707,0.707
0.707,0.707,0.000,-0.000
0.707,0.707
0.707,0.707,0.000,-0.000
0.707,0.707
0.707,0.707,0.000,-0.000
0.707,0.707
0.707,0.707,0.000,-0.000
0.707,0.707
0.707,0.707,0.000,-0.000
0.707,0.707
0.707,0.707,0.000,-0.000
0.707,0.707
0.707,0.707,0.000,-0.000
0.707,0.707
0.707,0.707,0.000,-0.000
0.707,0.707
0.707,0.707,0.000,-0.000
0.707,0.707
0.707,0.707,0.000,-0.000
0.707,0.707
0.707,0.707,0.000,-0.000
0.707,0.707
0.707,0.707,0.000,-0.000
0.707,0.707
0.707,0.707,0.000,-0.000
0.707,0.707
0.707,0.707,0.000,-0.000
0.707,0.707
0.707,0.707,0.000,-0.000
0.707,0.707
0.707,0.707,0.000,-0.000
0.707,0.707
0.707,0.707,0.000,-0.000
0.707,0.707
0.707,0.707,0.000,-0.000
0.707,0.707
0.707,0.707,0.000,-0.000
0.707,0.707
0.707,0.707,0.000,-0.000
0.707,0.707
0.707,0.707,0.000,-0.000
0.707,0.707
0.707,0.707,0.000,-0.000
0.707,0.707
0.707,0.707,0.000,-0.000
0.707,0.707
0.707,0.707,0.000,-0.000
0.707,0.707
0.707,0.707,0.000,-0.000
0.707,0.707
0.707,0.707,0.000,-0.000
0.707,0.707
0.707,0.707,0.000,-0.000
0.707,0.707
0.707,0.707,0.000,-0.000
0.707,0.707
0.707,0.707,0.000,-0.000
0.707,0.707
0.707,0.707,0.000,-0.000
0.707,0.707
0.707,0.707,0.000,-0.000
0.707,0.707
0.707,0.707,0.000,-0.000
0.707,0.707
0.707,0.707,0.000,-0.000
0.707,0.707
0.707,0.707,0.000,-0.000
0.707,0.707
0.707,0.707,0.000,-0.000
0.707,0.707
0.707,0.707,0.000,-0.000
0.707,0.707
0.707,0.707,0.000,-0.000
0.707,0.707
0.707,0.707,0.000,-0.000
0.707,0.707
0.707,0.707,0.000,-0.000
0.707,0.707
0.707,0.707,0.000,-0.000
0.707,0.707
0.707,0.707,0.000,-0.000
0.707,0.707
0.707,0.707,0.000,-0.000
0.707,0.707
0.707,0.707,0.000,-0.000
0.707,0.707
0.707,0.707,0.000,-0.000
0.707,0.707
0.707,0.707,0.000,-0.000
0.707,0.707
0.707,0.707,0.000,-0.000
0.707,0.707
0.707,0.707,0.000,-0.000
0.707,0.707
0.707,0.707,0.000,-0.000
0.707,0.707
0.707,0.707,0.000,-0.000
0.707,0.707
0.707,0.707,0.000,-0.000
0.707,0.707
0.707,0.707,0.000,-0.000
0.707,0.707
0.707,0.707,0.000,-0.000
0.707,0.707
0.707,0.707,0.000,-0.000
0.707,0.707
0.707,0.707,0.000,-0.000
0.707,0.707
0.707,0.707,0.000,-0.000
0.707,0.707
0.707,0.707,0.000,-0.000
0.707,0.707
0.707,0.707,0.000,-0.000
0.707,0.707
0.707,0.707,0.000,-0.000
0.707,0.707
0.707,0.707,0.000,-0.000
0.707,0.707
0.707,0.707,0.000,-0.000
0.707,0.707
0.707,0.707,0.000,-0.000
0.707,0.707
0.707,0.707,0.000,-0.000
0.707,0.707
0.707,0.707,0.000,-0.000
0.707,0.707
0.707,0.707,0.000,-0.000
0.707,0.707
0.707,0.707,0.000,-0.000
0.707,0.707
0.707,0.707,0.000,-0.000
0.707,0.707
0.707,0.707,0.000,-0.000
0.707,0.707
0.707,0.707,0.000,-0.000
0.707,0.707
0.707,0.707,0.000,-0.000
0.707,0.707
0.707,0.707,0.000,-0.000
0.707,0.707
0.707,0.707,0.000,-0.000
0.707,0.707
0.707,0.707,0.000,-0.000
0.707,0.707
0.707,0.707,0.000,-0.000
0.707,0.707
0.707,0.707,0.000,-0.000
0.707,0.707
0.707,0.707,0.000,-0.000
0.707,0.707
0.707,0.707,0.000,-0.000
0.707,0.707
0.707,0.707,0.000,-0.000
0.707,0.707
0.707,0.707,0.000,-0.000
0.707,0.707
0.707,0.707,0.000,-0.000
0.707,0.707
0.707,0.707,0.000,-0.000
0.707,0.707
0.707,0.707,0.000,-0.000
0.707,0.707
0.707,0.707,0.000,-0.000
0.707,0.707
0.707,0.707,0.000,-0.000
0.707,0.707
0.707,0.707,0.000,-0.000
0.707,0.707
0.707,0.707,0.000,-0.000
0.707,0.707
0.707,0.707,0.000,-0.000
0.707,0.707
0.707,0.707,0.000,-0.000
0.707,0.707
0.707,0.707,0.000,-0.000
0.707,0.707
0.707,0.707,0.000,-0.000
0.707,0.707
0.707,0.707,0.000,-0.000
0.707,0.707
0.707,0.707,0.000,-0.000
0.707,0.707
0.707,0.707,0.000,-0.000
0.707,0.707
0.707,0.707,0.000,-0.000
0.707,0.707
0.707,0.707,0.000,-0.000
0.707,0.707
0.707,0.707,0.000,-0.000
0.707,0.707
0.707,0.707,0.000,-0.000
0.707,0.707
0.707,0.707,0.000,-0.000
0.707,0.707
0.707,0.707,0.000,-0.000
0.707,0.707
0.707,0.707,0.000,-0.000
0.707,0.707
0.707,0.707,0.000,-0.000
0.707,0.707
0.707,0.707,0.000,-0.000
0.707,0.707
0.707,0.707,0.000,-0.000
0.707,0.707
0.707,0.707,0.000,-0.000
0.707,0.707
0.707,0.707,0.000,-0.000
0.707,0.707
0.707,0.707,0.000,-0.000
0.707,0.707
0.707,0.707,0.000,-0.000
0.707,0.707
0.707,0.707,0.000,-0.000
0.707,0.707
0.707,0.707,0.000,-0.000
0.707,0.707
0.707,0.707,0.000,-0.000
0.707,0.707
0.707,0.707,0.000,-0.000
0.707,0.707
0.707,0.707,0.000,-0.000
0.707,0.707
0.707,0.707,0.000,-0.000
0.707,0.707
0.707,0.707,0.000,-0.000
0.707,0.707
0.707,0.707,0.000,-0.000
0.707,0.707
0.707,0.707,0.000,-0.000
0.707,0.707
0.707,0.707,0.000,-0.000
0.707,0.707
0.707,0.707,0.000,-0.000
0.707,0.707
0.707,0.707,0.000,-0.000
0.707,0.707
0.707,0.707,0.000,-0.000
0.707,0.707
0.707,0.707,0.000,-0.000
0.707,0.707
0.707,0.707,0.000,-0.000
0.707,0.707
0.707,0.707,0.000,-0.000
0.707,0.707
0.707,0.707,0.000,-0.000
0.707,0.707
0.707,0.707,0.000,-0.000
0.707,0.707
0.707,0.707,0.000,-0.000
0.707,0.707
0.707,0.707,0.000,-0.000
0.707,0.707
0.707,0.707,0.000,-0.000
0.707,0.707
0.707,0.707,0.000,-0.000
0.707,0.707
0.707,0.707,0.000,-0.000
0.707,0.707
0.707,0.707,0.000,-0.000
0.707,0.707
0.707,0.707,0.000,-0.000
0.707,0.707
0.707,0.707,0.000,-0.000
0.707,0.707
0.707,0.707,0.000,-0.000
0.707,0.707
0.707,0.707,0.000,-0.000
0.707,0.707
0.707,0.707,0.000,-0.000
0.707,0.707
0.707,0.707,0.000,-0.000
0.707,0.707
0.707,0.707,0.000,-0.000
0.707,0.707
0.707,0.707,0.000,-0.000
0.707,0.707
0.707,0.707,0.000,-0.000
0.707,0.707
0.707,0.707,0.000,-0.000
0.707,0.707
0.707,0.707,0.000,-0.000
0.707,0.707
0.707,0.707,0.000,-0.000
0.707,0.707
0.707,0.707,0.000,-0.000
0.707,0.707
0.707,0.707,0.000,-0.000
0.707,0.707
0.707,0.707,0.000,-0.000
0.707,0.707
0.707,0.707,0.000,-0.000
0.707,0.707
0.707,0.707,0.000,-0.000
0.707,0.707
0.707,0.707,0.000,-0.000
0.707,0.707
0.707,0.707,0.000,-0.000
0.707,0.707
0.707,0.707,0.000,-0.000
0.707,0.707
0.707,0.707,0.000,-0.000
0.707,0.707
0.707,0.707,0.000,-0.000
0.707,0.707
0.707,0.707,0.000,-0.000
0.707,0.707
0.707,0.707,0.000,-0.000
0.707,0.707
0.707,0.707,0.000,-0.000
0.707,0.707
0.707,0.707,0.000,-0.000
0.707,0.707
0.707,0.707,0.000,-0.000
0.707,0.707
0.707,0.707,0.000,-0.000
0.707,0.707
0.707,0.707,0.000,-0.000
0.707,0.707
0.707,0.707,0.000,-0.000
0.707,0.707
0.707,0.707,0.000,-0.000
0.707,0.707
0.707,0.707,0.000,-0.000
0.707,0.707
0.707,0.707,0.000,-0.000
0.707,0.707
0.707,0.707,0.000,-0.000
0.707,0.707
0.707,0.707,0.000,-0.000
0.707,0.707
0.707,0.707,0.000,-0.000
0.707,0.707
0.707,0.707,0.000,-0.000
0.707,0.707
0.707,0.707,0.000,-0.000
0.707,0.707
0.707,0.707,0.000,-0.000
0.707,0.707
0.707,0.707,0.000,-0.000
0.707,0.707
0.707,0.707,0.000,-0.000
0.707,0.707
0.707,0.707,0.000,-0.000
0.707,0.707
0.707,0.707,0.000,-0.000
0.707,0.707
0.707,0.707,0.000,-0.000
0.707,0.707
0.707,0.707,0.000,-0.000
0.707,0.707
0.707,0.707,0.000,-0.000
0.707,0.707
0.707,0.707,0.000,-0.000
0.707,0.707
0.707,0.707,0.000,-0.000
0.707,0.707
0.707,0.707,0.000,-0.000
0.707,0.707
0.707,0.707,0.000,-0.000
0.707,0.707
0.707,0.707,0.000,-0.000
0.707,0.707
0.707,0.707,0.000,-0.000
0.707,0.707
0.707,0.707,0.000,-0.000
0.707,0.707
0.707,0.707,0.000,-0.000
0.707,0.707
0.707,0.707,0.000,-0.000
0.707,0.707
0.707,0.707,0.000,-0.000
0.707,0.707
0.707,0.707,0.000,-0.000
0.707,0.707
0.707,0.707,0.000,-0.000
0.707,0.707
0.707,0.707,0.000,-0.000
0.707,0.707
0.707,0.707,0.000,-0.000
0.707,0.707
0.707,0.707,0.000,-0.000
0.707,0.707
0.707,0.707,0.000,-0.000
0.707,0.707
0.707,0.707,0.000,-0.000
0.707,0.707
0.707,0.707,0.000,-0.000
0.707,0.707
0.707,0.707,0.000,-0.000
0.707,0.707
0.707,0.707,0.000,-0.000
0.707,0.707
0.707,0.707,0.000,-0.000
0.707,0.707
0.707,0.707,0.000,-0.000
0.707,0.707
0.707,0.707,0.000,-0.000
0.707,0.707
0.707,0.707,0.000,-0.000
0.707,0.707
0.707,0.707,0.000,-0.000
0.707,0.707
0.707,0.707,0.000,-0.000
0.707,0.707
0.707,0.707,0.000,-0.000
0.707,0.707
0.707,0.707,0.000,-0.000
0.707,0.707
0.707,0.707,0.000,-0.000
0.707,0.707
0.707,0.707,0.000,-0.000
0.707,0.707
0.707,0.707,0.000,-0.000
0.707,0.707
0.707,0.707,0.000,-0.000
0.707,0.707
0.707,0.707,0.000,-0.000
0.707,0.707
0.707,0.707,0.000,-0.000
0.707,0.707
0.707,0.707,0.000,-0.000
0.707,0.707
0.707,0.707,0.000,-0.000
0.707,0.707
0.707,0.707,0.000,-0.000
0.707,0.707
0.707,0.707,0.000,-0.000
0.707,0.707
0.707,0.707,0.000,-0.000
0.707,0.707
0.707,0.707,0.000,-0.000
0.707,0.707
0.707,0.707,0.000,-0.000
0.707,0.707
0.707,0.707,0.000,-0.000
0.707,0.707
0.707,0.707,0.000,-0.000
0.707,0.707
0.707,0.707,0.000,-0.000
0.707,0.707
0.707,0.707,0.000,-0.000
0.707,0.707
0.707,0.707,0.000,-0.000
0.707,0.707
0.707,0.707,0.000,-0.000
0.707,0.707
0.707,0.707,0.000,-0.000
0.707,0.707
0.707,0.707,0.000,-0.000
0.707,0.707
0.707,0.707,0.000,-0.000
0.707,0.707
0.707,0.707,0.000,-0.000
0.707,0.707
0.707,0.707,0.000,-0.000
0.707,0.707
0.707,0.707,0.000,-0.000
0.707,0.707
0.707,0.707,0.000,-0.000
0.707,0.707
0.707,0.707,0.000,-0.000
0.707,0.707
0.707,0.707,0.000,-0.000
0.707,0.707
0.707,0.707,0.000,-0.000
0.707,0.707
0.707,0.707,0.000,-0.000
0.707,0.707
0.707,0.707,0.000,-0.000
0.707,0.707
0.707,0.707,0.000,-0.000
0.707,0.707
0.707,0.707,0.000,-0.000
0.707,0.707
0.707,0.707,0.000,-0.000
0.707,0.707
0.707,0.707,0.000,-0.000
0.707,0.707
0.707,0.707,0.000,-0.000
0.707,0.707
0.707,0.707,0.000,-0.000
0.707,0.707
0.707,0.707,0.000,-0.000
0.707,0.707
0.707,0.707,0.000,-0.000
0.707,0.707
0.707,0.707,0.000,-0.000
0.707,0.707
0.707,0.707,0.000,-0.000
0.707,0.707
0.707,0.707,0.000,-0.000
0.707,0.707
0.707,0.707,0.000,-0.000
0.707,0.707
0.707,0.707,0.000,-0.000
0.707,0.707
0.707,0.707,0.000,-0.000
0.707,0.707
0.707,0.707,0.000,-0.000
0.707,0.707
0.707,0.707,0.000,-0.000
0.707,0.707
0.707,0.707,0.000,-0.000
0.707,0.707
0.707,0.707,0.000,-0.000
0.707,0.707
0.707,0.707,0.000,-0.000
0.707,0.707
0.707,0.707,0.000,-0.000
0.707,0.707
0.707,0.707,0.000,-0.000
0.707,0.707
0.707,0.707,0.000,-0.000
0.707,0.707
0.707,0.707,0.000,-0.000
0.707,0.707
0.707,0.707,0.000,-0.000
0.707,0.707
0.707,0.707,0.000,-0.000
0.707,0.707
0.707,0.707,0.000,-0.000
0.707,0.707
0.707,0.707,0.000,-0.000
0.707,0.707
0.707,0.707,0.000,-0.000
0.707,0.707
0.707,0.707,0.000,-0.000
0.707,0.707
0.707,0.707,0.000,-0.000
0.707,0.707
0.707,0.707,0.000,-0.000
0.707,0.707
0.707,0.707,0.000,-0.000
0.707,0.707
0.707,0.707,0.000,-0.000
0.707,0.707
0.707,0.707,0.000,-0.000
0.707,0.707
0.707,0.707,0.000,-0.000
0.707,0.707
0.707,0.707,0.000,-0.000
0.707,0.707
0.707,0.707,0.000,-0.000
0.707,0.707
0.707,0.707,0.000,-0.000
0.707,0.707
0.707,0.707,0.000,-0.000
0.707,0.707
0.707,0.707,0.000,-0.000
0.707,0.707
0.707,0.707,0.000,-0.000
0.707,0.707
0.707,0.707,0.000,-0.000
0.707,0.707
0.707,0.707,0.000,-0.000
0.707,0.707
0.707,0.707,0.000,-0.000
0.707,0.707
0.707,0.707,0.000,-0.000
0.707,0.707
0.707,0.707,0.000,-0.000
0.707,0.707
0.707,0.707,0.000,-0.000
0.707,0.707
0.707,0.707,0.000,-0.000
0.707,0.707
0.707,0.707,0.000,-0.000
0.707,0.707
0.707,0.707,0.000,-0.000
0.707,0.707
0.707,0.707,0.000,-0.000
0.707,0.707
0.707,0.707,0.000,-0.000
0.707,0.707
0.707,0.707,0.000,-0.000
0.707,0.707
0.707,0.707,0.000,-0.000
0.707,0.707
0.707,0.707,0.000,-0.000
0.707,0.707
0.707,0.707,0.000,-0.000
0.707,0.707
0.707,0.707,0.000,-0.000
0.707,0.707
0.707,0.707,0.000,-0.000
0.707,0.707
0.707,0.707,0.000,-0.000
0.707,0.707
0.707,0.707,0.000,-0.000
0.707,0.707
0.707,0.707,0.000,-0.000
0.707,0.707
0.707,0.707,0.000,-0.000
0.707,0.707
0.707,0.707,0.000,-0.000
0.707,0.707
0.707,0.707,0.000,-0.000
0.707,0.707
0.707,0.707,0.000,-0.000
0.707,0.707
0.707,0.707,0.000,-0.000
0.707,0.707
0.707,0.707,0.000,-0.000
0.707,0.707
0.707,0.707,0.000,-0.000
0.707,0.707
0.707,0.707,0.000,-0.000
0.707,0.707
0.707,0.707,0.000,-0.000
0.707,0.707
0.707,0.707,0.000,-0.000
0.707,0.707
0.707,0.707,0.000,-0.000
0.707,0.707
0.707,0.707,0.000,-0.000
0.707,0.707
0.707,0.707,0.000,-0.000
0.707,0.707
0.707,0.707,0.000,-0.000
0.707,0.707
0.707,0.707,0.000,-0.000
0.707,0.707
0.707,0.707,0.000,-0.000
0.707,0.707
0.707,0.707,0.000,-0.000
0.707,0.707
0.707,0.707,0.000,-0.000
0.707,0.707
0.707,0.707,0.000,-0.000
0.707,0.707
0.707,0.707,0.000,-0.000
0.707,0.707
0.707,0.707,0.000,-0.000
0.707,0.707
0.707,0.707,0.000,-0.000
0.707,0.707
0.707,0.707,0.000,-0.000
0.707,0.707
0.707,0.707,0.000,-0.000
0.707,0.707
0.707,0.707,0.000,-0.000
0.707,0.707
0.707,0.707,0.000,-0.000
0.707,0.707
0.707,0.707,0.000,-0.000
0.707,0.707
0.707,0.707,0.000,-0.000
0.707,0.707
0.707,0.707,0.000,-0.000
0.707,0.707
0.707,0.707,0.000,-0.000
0.707,0.707
0.707,0.707,0.000,-0.000
0.707,0.707
0.707,0.707,0.000,-0.000
0.707,0.707
0.707,0.707,0.000,-0.000
0.707,0.707
0.707,0.707,0.000,-0.000
0.707,0.707
0.707,0.707,0.000,-0.000
0.707,0.707
0.707,0.707,0.000,-0.000
0.707,0.707
0.707,0.707,0.000,-0.000
0.707,0.707
0.707,0.707,0.000,-0.000
0.707,0.707
0.707,0.707,0.000,-0.000
0.707,0.707
0.707,0.707,0.000,-0.000
0.707,0.707
0.707,0.707,0.000,-0.000
0.707,0.707
0.707,0.707,0.000,-0.000
0.707,0.707
0.707,0.707,0.000,-0.000
0.707,0.707
0.707,0.707,0.000,-0.000
0.707,0.707
0.707,0.707,0.000,-0.000
0.707,0.707
0.707,0.707,0.000,-0.000
0.707,0.707
0.707,0.707,0.000,-0.000
0.707,0.707
0.707,0.707,0.000,-0.000
0.707,0.707
0.707,0.707,0.000,-0.000
0.707,0.707
0.707,0.707,0.000,-0.000
0.707,0.707
0.707,0.707,0.000,-0.000
0.707,0.707
0.707,0.707,0.000,-0.000
0.707,0.707
0.707,0.707,0.000,-0.000
0.707,0.707
0.707,0.707,0.000,-0.000
0.707,0.707
0.707,0.707,0.000,-0.000
0.707,0.707
0.707,0.707,0.000,-0.000
0.707,0.707
0.707,0.707,0.000,-0.000
0.707,0.707
0.707,0.707,0.000,-0.000
0.707,0.707
0.707,0.707,0.000,-0.000
0.707,0.707
0.707,0.707,0.000,-0.000
0.707,0.707
0.707,0.707,0.000,-0.000
0.707,0.707
0.707,0.707,0.000,-0.000
0.707,0.707
0.707,0.707,0.000,-0.000
0.707,0.707
0.707,0.707,0.000,-0.000
0.707,0.707
0.707,0.707,0.000,-0.000
0.707,0.707
0.707,0.707,0.000,-0.000
0.707,0.707
0.707,0.707,0.000,-0.000
0.707,0.707
0.707,0.707,0.000,-0.000
0.707,0.707
0.707,0.707,0.000,-0.000
0.707,0.707
0.707,0.707,0.000,-0.000
0.707,0.707
0.707,0.707,0.000,-0.000
0.707,0.707
0.707,0.707,0.000,-0.000
0.707,0.707
0.707,0.707,0.000,-0.000
0.707,0.707
0.707,0.707,0.000,-0.000
0.707,0.707
0.707,0.707,0.000,-0.000
0.707,0.707
0.707,0.707,0.000,-0.000
0.707,0.707
0.707,0.707,0.000,-0.000
0.707,0.707
0.707,0.707,0.000,-0.000
0.707,0.707
0.707,0.707,0.000,-0.000
0.707,0.707
0.707,0.707,0.000,-0.000
0.707,0.707
0.707,0.707,0.000,-0.000
0.707,0.707
0.707,0.707,0.000,-0.000
0.707,0.707
0.707,0.707,0.000,-0.000
0.707,0.707
0.707,0.707,0.000,-0.000
0.707,0.707
0.707,0.707,0.000,-0.000
0.707,0.707
0.707,0.707,0.000,-0.000
0.707,0.707
0.707,0.707,0.000,-0.000
0.707,0.707
0.707,0.707,0.000,-0.000
0.707,0.707
0.707,0.707,0.000,-0.000
0.707,0.707
0.707,0.707,0.000,-0.000
0.707,0.707
0.707,0.707,0.000,-0.000
0.707,0.707
0.707,0.707,0.000,-0.000
0.707,0.707
0.707,0.707,0.000,-0.000
0.707,0.707
0.707,0.707,0.000,-0.000
0.707,0.707
0.707,0.707,0.000,-0.000
0.707,0.707
0.707,0.707,0.000,-0.000
0.707,0.707
0.707,0.707,0.000,-0.000
0.707,0.707
0.707,0.707,0.000,-0.000
0.707,0.707
0.707,0.707,0.000,-0.000
0.707,0.707
0.707,0.707,0.000,-0.000
0.707,0.707
0.707,0.707,0.000,-0.000
0.707,0.707
0.707,0.707,0.000,-0.000
0.707,0.707
0.707,0.707,0.000,-0.000
0.707,0.707
0.707,0.707,0.000,-0.000
0.707,0.707
0.707,0.707,0.000,-0.000
0.707,0.707
0.707,0.707,0.000,-0.000
0.707,0.707
0.707,0.707,0.000,-0.000
0.707,0.707
0.707,0.707,0.000,-0.000
0.707,0.707
0.707,0.707,0.000,-0.000
0.707,0.707
0.707,0.707,0.000,-0.000
0.707,0.707
0.707,0.707,0.000,-0.000
WARNING - pros.serial.terminal.terminal:stop - Stopping terminal
