


         _+=+_
      .-`  .  `-.          8888888b.  8888888b.   .d88888b.   .d8888b.
   _+`     "     `+_       888   Y88b 888   Y88b d88P" "Y88b d88P  Y88b
  \\\sssssssssssss///      888    888 888    888 888     888 Y88b.
     .ss\  *  /ss.         888   d88P 888   d88P 888     888  "Y888b.
 .+bm  .s  *  s.  md+.     8888888P"  8888888P"  888     888     "Y88b.
.hMMMMs .  *  . sMMMMh.    888        888 T88b   888     888       "888
 `\hMMMb \ | / dMMMh:      888        888  T88b  Y88b. .d88P Y88b  d88P
   -SNMNo  -  oNMNs-       888        888   T88b  "Y88888P"   "Y8888P"
     `+dMh\./dMd/
        `:yNy:`                      Powered by PROS for VEX V5
           "                Copyright (c) Purdue University ACM SIGBots
Version:        3.2.1     Platform:  V1.0.11 (b70)     Uptime:    0.000 s
Compiled:                Unknown     Directory:                 Unknown


.velList #0: 0.000
.velList #1: 0.319
.velList #2: 0.451
.velList #3: 0.500
.velList #4: 0.500
.velList #5: 0.500
.velList #6: 0.500
.velList #7: 0.500
.velList #8: 0.500
.velList #9: 0.500
.velList #10: 0.500
.velList #11: 0.500
.velList #12: 0.500
.velList #13: 0.500
.velList #14: 0.500
.velList #15: 0.500
.velList #16: 0.500
.velList #17: 0.500
.velList #18: 0.500
.velList #19: 0.500
.velList #20: 0.500
.velList #21: 0.500
.velList #22: 0.500
.velList #23: 0.500
.velList #24: 0.500
.velList #25: 0.500
.velList #26: 0.500
.velList #27: 0.500
.velList #28: 0.500
.velList #29: 0.500
.velList #30: 0.500
.velList #31: 0.500
.velList #32: 0.500
.velList #33: 0.500
.velList #34: 0.500
.velList #35: 0.500
.velList #36: 0.500
.velList #37: 0.500
.velList #38: 0.451
.velList #39: 0.319
.velList #40: 0.000
0.319,0.000
.Accelerate
0.040,0.040,0.000,-0.000,1.000
0.319,0.020
.Accelerate
0.080,0.080,0.000,-0.000,1.000
0.319,0.040
.Accelerate
0.120,0.120,0.000,-0.000,1.000
0.319,0.060
.Accelerate
0.160,0.160,0.051,0.023,1.000
0.319,0.080
.Accelerate
0.200,0.200,0.062,0.060,1.000
0.319,0.100
.Accelerate
0.240,0.240,0.124,0.116,1.000
0.319,0.120
.Accelerate
0.280,0.280,0.176,0.171,1.000
0.319,0.140
.Accelerate
0.320,0.320,0.239,0.229,1.000
0.319,0.160
.Accelerate
0.360,0.360,0.234,0.239,1.000
0.319,0.180
.Accelerate
0.400,0.400,0.200,0.204,1.000
0.319,0.200
.Accelerate
0.461,0.419,0.218,0.222,1.000
0.319,0.220
.Accelerate
0.527,0.433,0.266,0.239,1.000
0.319,0.240
.Accelerate
0.597,0.443,0.285,0.245,1.000
0.319,0.260
.Accelerate
0.659,0.461,0.351,0.243,1.000
0.319,0.280
.Accelerate
0.695,0.505,0.342,0.330,1.000
0.319,0.300
0.693,0.582,0.417,0.371,1.000
0.319,0.319
0.695,0.580,0.504,0.402,1.000
0.319,0.319
0.638,0.637,0.555,0.389,1.000
0.319,0.319
0.638,0.637,0.564,0.428,1.000
0.451,0.319
.Accelerate
0.816,0.539,0.576,0.354,2.000
0.451,0.339
.Accelerate
0.834,0.601,0.583,0.411,2.000
0.451,0.359
.Accelerate
0.758,0.757,0.618,0.451,2.000
0.451,0.379
.Accelerate
0.798,0.797,0.617,0.436,2.000
0.500,0.399
.Accelerate
0.898,0.777,0.646,0.451,3.000
0.500,0.419
.Accelerate
0.897,0.858,0.646,0.509,3.000
0.500,0.439
.Accelerate
0.917,0.918,0.662,0.577,3.000
0.500,0.459
.Accelerate
0.846,1.069,0.668,0.621,4.000
0.500,0.479
.Accelerate
0.872,1.123,0.679,0.637,4.000
0.500,0.499
1.000,1.000,0.687,0.644,4.000
0.500,0.500
0.776,1.224,0.689,0.636,5.000
0.500,0.500
0.682,1.318,0.691,0.656,5.000
0.500,0.500
0.999,1.001,0.716,0.671,5.000
0.500,0.500
0.579,1.421,0.714,0.670,6.000
0.500,0.500
0.998,1.002,0.721,0.701,6.000
0.500,0.500
0.551,1.449,0.704,0.708,7.000
0.500,0.500
0.998,1.002,0.695,0.725,7.000
0.500,0.500
0.998,1.002,0.691,0.720,7.000
0.500,0.500
0.359,1.641,0.700,0.732,8.000
0.500,0.500
0.998,1.002,0.721,0.738,8.000
0.500,0.500
0.321,1.679,0.698,0.746,9.000
0.500,0.500
0.997,1.003,0.654,0.763,9.000
0.500,0.500
0.205,1.795,0.625,0.746,10.000
0.500,0.500
0.168,1.832,0.593,0.768,10.000
0.500,0.500
0.996,1.004,0.586,0.757,10.000
0.500,0.500
0.124,1.876,0.500,0.764,11.000
0.500,0.500
0.996,1.004,0.471,0.766,11.000
0.500,0.500
0.065,1.935,0.451,0.762,12.000
0.500,0.500
0.995,1.005,0.420,0.767,12.000
0.500,0.500
0.125,1.875,0.382,0.767,13.000
0.500,0.500
0.142,1.858,0.360,0.757,13.000
0.500,0.500
0.995,1.005,0.345,0.765,13.000
0.500,0.500
0.062,1.938,0.335,0.772,14.000
0.500,0.500
0.157,1.843,0.356,0.772,14.000
0.500,0.500
0.996,1.004,0.310,0.777,14.000
0.500,0.500
0.348,1.652,0.283,0.760,15.000
0.500,0.500
0.506,1.494,0.315,0.761,15.000
0.500,0.500
0.997,1.003,0.380,0.758,15.000
0.500,0.500
0.644,1.356,0.469,0.753,16.000
0.500,0.500
0.722,1.278,0.517,0.763,16.000
0.500,0.500
0.998,1.002,0.589,0.769,16.000
0.500,0.500
0.819,1.181,0.665,0.755,17.000
0.500,0.500
0.936,1.064,0.628,0.767,17.000
0.500,0.500
1.000,1.000,0.611,0.753,17.000
0.500,0.500
1.000,1.000,0.615,0.746,17.000
0.500,0.500
1.157,0.843,0.626,0.753,18.000
0.500,0.500
1.002,0.998,0.637,0.751,18.000
0.500,0.500
1.003,0.997,0.632,0.762,18.000
0.500,0.500
1.479,0.521,0.617,0.753,19.000
0.500,0.500
1.006,0.994,0.645,0.739,19.000
0.500,0.500
1.714,0.286,0.646,0.709,20.000
0.500,0.500
1.882,0.118,0.664,0.707,20.000
0.500,0.500
1.011,0.989,0.687,0.661,20.000
0.500,0.500
2.268,-0.268,0.690,0.564,21.000
0.500,0.500
1.016,0.984,0.717,0.494,21.000
0.500,0.500
2.597,-0.597,0.718,0.288,22.000
0.500,0.500
2.713,-0.713,0.734,0.328,22.000
0.500,0.500
1.024,0.976,0.731,0.203,22.000
0.500,0.500
2.911,-0.911,0.743,0.135,23.000
0.500,0.500
3.056,-1.056,0.747,0.191,23.000
0.500,0.500
3.116,-1.116,0.738,0.152,24.000
0.500,0.500
3.149,-1.149,0.777,0.045,24.000
0.500,0.500
3.130,-1.130,0.751,-0.089,24.000
0.500,0.500
3.099,-1.099,0.773,-0.190,25.000
0.500,0.500
2.976,-0.976,0.769,-0.319,25.000
0.500,0.500
2.912,-0.912,0.765,-0.340,25.000
0.500,0.500
2.850,-0.850,0.772,-0.376,26.000
0.500,0.500
2.809,-0.809,0.773,-0.380,26.000
0.500,0.500
2.935,-0.935,0.764,-0.419,26.000
0.500,0.500
2.999,-0.999,0.779,-0.463,26.000
0.500,0.500
1.043,0.957,0.766,-0.505,26.000
0.500,0.500
1.046,0.954,0.750,-0.468,26.000
0.500,0.500
3.225,-1.225,0.762,-0.205,27.000
0.500,0.500
3.285,-1.285,0.747,-0.041,27.000
0.500,0.500
3.345,-1.345,0.755,-0.121,27.000
0.500,0.500
3.309,-1.309,0.743,-0.446,27.000
0.500,0.500
3.324,-1.324,0.747,-0.568,27.000
0.500,0.500
3.433,-1.433,0.732,-0.642,27.000
0.500,0.500
3.484,-1.484,0.739,-0.637,27.000
0.500,0.500
3.501,-1.501,0.733,-0.617,28.000
0.500,0.500
3.495,-1.495,0.727,-0.605,28.000
0.500,0.500
3.537,-1.537,0.727,-0.609,28.000
0.500,0.500
3.709,-1.709,0.732,-0.635,28.000
0.500,0.500
3.716,-1.716,0.738,-0.652,28.000
0.500,0.500
3.669,-1.669,0.726,-0.648,28.000
0.500,0.500
3.696,-1.696,0.736,-0.663,28.000
0.500,0.500
3.857,-1.857,0.730,-0.675,28.000
0.500,0.500
3.870,-1.870,0.725,-0.676,28.000
0.500,0.500
3.883,-1.883,0.737,-0.693,28.000
0.500,0.500
3.955,-1.955,0.739,-0.708,28.000
0.500,0.500
4.038,-2.038,0.740,-0.732,28.000
0.500,0.500
4.047,-2.047,0.745,-0.712,28.000
0.500,0.500
4.101,-2.101,0.722,-0.736,28.000
0.500,0.500
4.188,-2.188,0.741,-0.730,28.000
0.500,0.500
4.291,-2.291,0.726,-0.727,28.000
0.500,0.500
4.267,-2.267,0.740,-0.732,28.000
0.500,0.500
4.286,-2.286,0.742,-0.742,28.000
0.500,0.500
4.421,-2.421,0.740,-0.761,28.000
0.500,0.500
4.503,-2.503,0.761,-0.748,28.000
0.500,0.500
4.499,-2.499,0.752,-0.769,28.000
0.500,0.500
4.494,-2.494,0.753,-0.751,28.000
0.500,0.500
4.561,-2.561,0.740,-0.766,28.000
0.500,0.500
4.626,-2.626,0.737,-0.777,28.000
0.500,0.500
-2.681,4.681,0.743,-0.763,28.000
0.500,0.500
4.660,-2.660,0.757,-0.780,28.000
0.500,0.500
4.662,-2.662,0.454,-0.441,28.000
0.500,0.500
-2.702,4.702,0.230,-0.290,28.000
0.500,0.500
2.668,-0.668,0.246,-0.315,28.000
0.500,0.500
2.689,-0.689,0.176,-0.232,29.000
0.500,0.500
2.685,-0.685,0.168,-0.294,29.000
0.500,0.500
2.709,-0.709,0.310,-0.414,29.000
0.500,0.500
2.759,-0.759,0.466,-0.561,29.000
0.500,0.500
2.802,-0.802,0.615,-0.660,29.000
0.500,0.500
2.783,-0.783,0.670,-0.736,29.000
0.500,0.500
2.770,-0.770,0.711,-0.739,29.000
0.500,0.500
2.767,-0.767,0.663,-0.764,29.000
0.500,0.500
2.774,-0.774,0.624,-0.686,29.000
0.500,0.500
2.766,-0.766,0.616,-0.656,29.000
0.500,0.500
2.773,-0.773,0.632,-0.645,29.000
0.500,0.500
2.750,-0.750,0.621,-0.635,29.000
0.500,0.500
2.743,-0.743,0.638,-0.656,29.000
0.500,0.500
2.734,-0.734,0.644,-0.641,29.000
0.500,0.500
2.740,-0.740,0.657,-0.661,29.000
WARNING - pros.serial.terminal.terminal:stop - Stopping terminal
