.velList #0: 0.000
.velList #1: 0.225
.velList #2: 0.319
.velList #3: 0.390
.velList #4: 0.451
.velList #5: 0.504
.velList #6: 0.552
.velList #7: 0.596
.velList #8: 0.637
.velList #9: 0.676
.velList #10: 0.713
.velList #11: 0.748
.velList #12: 0.781
.velList #13: 0.813
.velList #14: 0.843
.velList #15: 0.873
.velList #16: 0.902
.velList #17: 0.929
.velList #18: 0.956
.velList #19: 0.982
.velList #20: 1.008
.velList #21: 1.033
.velList #22: 1.057
.velList #23: 1.081
.velList #24: 1.104
.velList #25: 1.081
.velList #26: 1.057
.velList #27: 1.033
.velList #28: 1.008
.velList #29: 0.982
.velList #30: 0.956
.velList #31: 0.929
.velList #32: 0.902
.velList #33: 0.873
.velList #34: 0.843
.velList #35: 0.813
.velList #36: 0.781
.velList #37: 0.748
.velList #38: 0.713
.velList #39: 0.676
.velList #40: 0.637
.velList #41: 0.596
.velList #42: 0.552
.velList #43: 0.504
.velList #44: 0.451
.velList #45: 0.390
.velList #46: 0.319
.velList #47: 0.225
.velList #48: 0.000
0.225,0.000
.Accelerate
0.020,0.020,0.000,-0.000,1.000
0.225,0.010
.Accelerate
0.040,0.040,0.000,-0.000,1.000
0.225,0.020
.Accelerate
0.060,0.060,0.000,-0.000,1.000
0.225,0.030
.Accelerate
0.080,0.080,0.009,0.005,1.000
0.225,0.040
.Accelerate
0.100,0.100,0.017,0.203,1.000
0.225,0.050
.Accelerate
0.120,0.120,0.034,0.048,1.000
0.225,0.060
.Accelerate
0.140,0.140,0.074,0.075,1.000
0.225,0.070
.Accelerate
0.160,0.160,0.103,0.107,1.000
0.225,0.080
.Accelerate
0.180,0.180,0.108,0.139,1.000
0.225,0.090
.Accelerate
0.200,0.200,0.099,0.165,1.000
0.225,0.100
.Accelerate
0.220,0.220,0.106,0.179,1.000
0.225,0.110
.Accelerate
0.240,0.240,0.121,0.157,1.000
0.225,0.120
.Accelerate
0.273,0.247,0.130,0.145,1.000
0.225,0.130
.Accelerate
0.287,0.273,0.166,0.164,1.000
0.225,0.140
.Accelerate
0.322,0.278,0.212,0.173,1.000
0.225,0.150
.Accelerate
0.336,0.304,0.256,0.206,1.000
0.225,0.160
.Accelerate
0.366,0.314,0.297,0.243,1.000
0.225,0.170
.Accelerate
0.388,0.332,0.325,0.272,1.000
0.225,0.180
.Accelerate
0.429,0.331,0.346,0.299,1.000
0.225,0.190
.Accelerate
0.453,0.347,0.372,0.325,1.000
0.225,0.200
.Accelerate
0.477,0.363,0.414,0.340,1.000
0.225,0.210
.Accelerate
0.440,0.440,0.447,0.349,1.000
0.225,0.220
0.451,0.451,0.498,0.363,1.000
0.225,0.225
0.451,0.451,0.523,0.441,1.000
0.319,0.225
.Accelerate
0.580,0.361,0.525,0.492,2.000
0.319,0.235
.Accelerate
0.635,0.346,0.537,0.492,2.000
0.319,0.245
.Accelerate
0.511,0.511,0.579,0.475,2.000
0.319,0.255
.Accelerate
0.531,0.530,0.543,0.443,2.000
0.390,0.265
.Accelerate
0.710,0.392,0.538,0.494,3.000
0.390,0.275
.Accelerate
0.776,0.365,0.532,0.520,3.000
0.390,0.285
.Accelerate
0.591,0.590,0.549,0.500,3.000
0.390,0.295
.Accelerate
0.611,0.610,0.654,0.509,3.000
0.451,0.305
.Accelerate
0.867,0.394,0.695,0.598,4.000
0.451,0.315
.Accelerate
0.651,0.650,0.702,0.647,4.000
0.504,0.325
.Accelerate
0.998,0.344,0.732,0.577,5.000
0.504,0.335
.Accelerate
1.044,0.337,0.755,0.634,5.000
0.504,0.345
.Accelerate
0.711,0.710,0.772,0.574,5.000
0.504,0.355
.Accelerate
0.732,0.730,0.749,0.575,5.000
0.552,0.365
.Accelerate
0.752,0.750,0.768,0.652,6.000
0.552,0.375
.Accelerate
0.772,0.770,0.778,0.696,6.000
0.596,0.385
.Accelerate
1.275,0.307,0.781,0.715,7.000
0.596,0.395
.Accelerate
1.340,0.281,0.773,0.727,7.000
0.596,0.405
.Accelerate
0.832,0.829,0.788,0.609,7.000
0.637,0.415
.Accelerate
1.472,0.229,0.796,0.569,8.000
0.637,0.425
.Accelerate
0.873,0.869,0.782,0.555,8.000
0.676,0.435
.Accelerate
1.590,0.192,0.779,0.506,9.000
0.676,0.445
.Accelerate
1.696,0.125,0.782,0.491,9.000
0.676,0.455
.Accelerate
0.933,0.928,0.773,0.442,9.000
0.713,0.465
.Accelerate
1.882,0.020,0.751,0.362,10.000
0.713,0.475
.Accelerate
1.945,-0.003,0.780,0.333,10.000
0.713,0.485
.Accelerate
0.994,0.988,0.802,0.265,10.000
0.748,0.495
.Accelerate
2.221,-0.199,0.759,0.188,11.000
0.748,0.505
.Accelerate
2.236,-0.175,0.784,0.174,11.000
0.748,0.515
.Accelerate
1.054,1.047,0.760,0.137,11.000
0.781,0.525
.Accelerate
2.322,-0.181,0.738,0.039,12.000
0.781,0.535
.Accelerate
1.094,1.087,0.741,-0.013,12.000
0.781,0.545
.Accelerate
1.115,1.107,0.750,0.017,12.000
0.813,0.555
.Accelerate
2.384,-0.123,0.780,0.003,13.000
0.813,0.565
.Accelerate
2.316,-0.015,0.784,0.134,13.000
0.813,0.575
.Accelerate
1.175,1.166,0.792,0.151,13.000
0.843,0.585
.Accelerate
2.540,-0.159,0.783,0.084,14.000
0.843,0.595
.Accelerate
2.543,-0.121,0.770,0.080,14.000
0.843,0.605
.Accelerate
2.620,-0.159,0.766,0.123,14.000
0.843,0.615
.Accelerate
1.256,1.245,0.784,0.078,14.000
0.843,0.625
.Accelerate
1.276,1.265,0.781,-0.055,14.000
0.873,0.635
.Accelerate
2.747,-0.166,0.789,-0.056,15.000
0.873,0.645
.Accelerate
1.317,1.305,0.780,0.031,15.000
0.873,0.655
.Accelerate
1.337,1.325,0.783,0.039,15.000
0.902,0.665
.Accelerate
2.944,-0.243,0.791,0.092,16.000
0.902,0.675
.Accelerate
2.988,-0.246,0.768,0.194,16.000
0.902,0.685
.Accelerate
2.993,-0.212,0.777,0.218,16.000
0.902,0.695
.Accelerate
1.417,1.405,0.779,0.035,16.000
0.902,0.705
.Accelerate
1.436,1.425,0.788,-0.108,16.000
0.929,0.715
.Accelerate
2.788,0.113,0.784,-0.127,17.000
0.929,0.725
.Accelerate
2.800,0.142,0.784,-0.090,17.000
0.929,0.735
.Accelerate
1.496,1.486,0.794,0.145,17.000
0.956,0.745
.Accelerate
2.521,0.501,0.779,0.155,18.000
0.956,0.755
.Accelerate
2.327,0.735,0.768,0.223,18.000
0.956,0.765
.Accelerate
2.279,0.823,0.787,0.305,18.000
0.956,0.775
.Accelerate
1.574,1.568,0.786,0.350,18.000
0.956,0.785
.Accelerate
1.593,1.589,0.790,0.443,18.000
0.982,0.795
.Accelerate
1.828,1.393,0.775,0.542,19.000
0.982,0.805
.Accelerate
1.546,1.716,0.770,0.582,19.000
0.982,0.815
.Accelerate
1.649,1.652,0.764,0.646,19.000
0.982,0.825
.Accelerate
1.668,1.674,0.786,0.693,19.000
1.008,0.835
.Accelerate
0.829,2.552,0.764,0.699,20.000
1.008,0.845
.Accelerate
0.584,2.838,0.809,0.707,20.000
1.008,0.855
.Accelerate
0.206,3.256,0.774,0.700,20.000
1.008,0.865
.Accelerate
1.740,1.761,0.744,0.722,20.000
1.033,0.875
.Accelerate
-1.199,4.741,0.697,0.737,21.000
1.033,0.885
.Accelerate
-1.669,5.251,0.579,0.754,21.000
1.033,0.895
.Accelerate
-2.217,5.839,0.255,0.723,21.000
1.057,0.905
.Accelerate
-2.728,6.389,0.134,0.711,22.000
1.057,0.915
.Accelerate
-3.326,7.028,0.068,0.682,22.000
1.057,0.925
.Accelerate
-3.938,7.680,0.014,0.683,22.000
1.057,0.935
.Accelerate
-4.497,8.279,-0.163,0.720,22.000
1.081,0.945
.Accelerate
-4.935,8.756,-0.348,0.709,23.000
1.081,0.955
.Accelerate
-1.319,5.180,-0.500,0.715,23.000
1.081,0.965
.Accelerate
-1.589,5.491,-0.569,0.698,23.000
1.081,0.975
.Accelerate
-1.860,5.801,-0.637,0.699,23.000
1.104,0.985
.Accelerate
-2.133,6.115,-0.670,0.704,24.000
1.104,0.995
.Accelerate
-2.405,6.426,-0.713,0.725,24.000
1.104,1.005
.Accelerate
-2.616,6.678,-0.680,0.730,24.000
1.104,1.015
.Accelerate
-2.826,6.928,-0.706,0.735,24.000
1.104,1.025
.Accelerate
-2.997,7.139,-0.688,0.731,24.000
1.081,1.035
.Accelerate
-0.866,5.048,-0.703,0.722,25.000
1.081,1.045
.Accelerate
-0.965,5.187,-0.736,0.741,25.000
1.081,1.055
.Accelerate
-1.078,5.339,-0.765,0.728,25.000
1.081,1.065
.Accelerate
-1.237,5.539,-0.771,0.771,25.000
1.057,1.075
.Decelerate
-1.341,5.602,-0.792,0.761,26.000
1.057,1.065
-1.422,5.651,-0.657,0.778,26.000
1.057,1.057
-1.486,5.714,-0.681,0.765,26.000
1.057,1.057
-1.527,5.756,-0.715,0.758,26.000
1.057,1.057
-1.608,5.837,-0.728,0.753,26.000
1.057,1.057
-1.661,5.890,-0.777,0.764,26.000
1.033,1.057
.Decelerate
-1.722,5.911,-0.788,0.780,27.000
1.033,1.047
.Decelerate
-1.805,5.953,-0.753,0.789,27.000
1.033,1.037
-0.479,4.610,-0.707,0.780,27.000
1.033,1.033
-0.525,4.657,-0.696,0.764,27.000
1.033,1.033
-0.564,4.695,-0.650,0.768,27.000
1.033,1.033
-0.603,4.735,-0.657,0.760,27.000
1.033,1.033
-0.667,4.799,-0.646,0.773,27.000
1.033,1.033
-0.699,4.831,-0.694,0.768,27.000
1.008,1.033
.Decelerate
-0.745,4.836,-0.744,0.783,28.000
1.008,1.023
.Decelerate
-0.767,4.819,-0.752,0.778,28.000
1.008,1.013
-0.770,4.801,-0.708,0.780,28.000
1.008,1.008
-0.779,4.811,-0.732,0.768,28.000
1.008,1.008
-0.808,4.840,-0.724,0.784,28.000
1.008,1.008
-0.842,4.874,-0.755,0.765,28.000
1.008,1.008
-0.871,4.903,-0.779,0.770,28.000
1.008,1.008
-0.883,4.915,-0.788,0.780,28.000
1.008,1.008
-0.916,4.948,-0.796,0.792,28.000
1.008,1.008
-0.961,4.993,-0.805,0.804,28.000
0.982,1.008
.Decelerate
-0.960,4.952,-0.775,0.782,29.000
0.982,0.998
.Decelerate
-0.974,4.926,-0.750,0.768,29.000
0.982,0.988
-0.080,4.010,-0.751,0.759,29.000
0.982,0.982
-0.108,4.038,-0.741,0.760,29.000
0.982,0.982
-0.137,4.067,-0.596,0.776,29.000
0.982,0.982
-0.129,4.059,-0.453,0.780,29.000
0.982,0.982
-0.135,4.064,-0.388,0.784,29.000
0.982,0.982
-0.149,4.079,-0.331,0.783,29.000
0.982,0.982
-0.153,4.083,-0.275,0.766,29.000
0.982,0.982
-0.158,4.088,-0.249,0.759,29.000
0.982,0.982
-0.153,4.082,-0.249,0.776,29.000
0.982,0.982
-0.153,4.083,-0.243,0.764,29.000
0.982,0.982
-0.159,4.089,-0.249,0.766,29.000
0.956,0.982
.Decelerate
-0.148,4.038,-0.266,0.769,30.000
0.956,0.972
.Decelerate
-0.135,3.985,-0.273,0.762,30.000
0.956,0.962
-0.114,3.939,-0.266,0.766,30.000
0.956,0.956
-0.100,3.925,-0.249,0.742,30.000
0.956,0.956
-0.942,4.767,-0.226,0.750,30.000
0.956,0.956
-0.918,4.743,-0.216,0.760,30.000
0.956,0.956
-0.859,4.684,-0.369,0.767,30.000
0.956,0.956
-0.810,4.635,-0.542,0.768,30.000
0.956,0.956
-0.755,4.580,-0.649,0.772,30.000
0.956,0.956
-0.701,4.526,-0.733,0.755,30.000
0.929,0.956
.Decelerate
-0.625,4.410,-0.683,0.765,31.000
0.929,0.946
.Decelerate
-0.568,4.313,-0.691,0.745,31.000
0.929,0.936
-0.504,4.221,-0.691,0.766,31.000
0.929,0.929
-0.456,4.173,-0.635,0.768,31.000
0.929,0.929
-0.398,4.115,-0.627,0.784,31.000
0.929,0.929
-1.594,5.311,-0.622,0.787,31.000
0.929,0.929
-1.538,5.255,-0.620,0.778,31.000
0.929,0.929
-1.468,5.186,-0.670,0.772,31.000
0.929,0.929
-1.393,5.110,-0.736,0.761,31.000
0.929,0.929
-1.321,5.038,-0.745,0.767,31.000
0.902,0.929
.Decelerate
-1.237,4.914,-0.750,0.757,32.000
0.902,0.919
.Decelerate
-1.164,4.801,-0.722,0.777,32.000
0.902,0.909
-1.086,4.692,-0.729,0.762,32.000
0.902,0.902
-1.053,4.660,-0.759,0.777,32.000
0.902,0.902
-0.996,4.602,-0.779,0.764,32.000
0.902,0.902
-0.958,4.565,-0.773,0.768,32.000
0.902,0.902
-0.904,4.510,-0.763,0.761,32.000
0.902,0.902
-0.847,4.454,-0.781,0.767,32.000
0.902,0.902
-0.820,4.426,-0.779,0.757,32.000
0.902,0.902
-0.788,4.395,-0.794,0.753,32.000
0.902,0.902
-0.754,4.360,-0.782,0.761,32.000
0.902,0.902
-2.629,6.235,-0.777,0.760,32.000
0.902,0.902
-2.561,6.167,-0.803,0.755,32.000
0.902,0.902
-2.531,6.137,-0.789,0.743,32.000
0.902,0.902
-2.502,6.108,-0.793,0.746,32.000
0.902,0.902
-2.346,5.952,-0.804,0.755,32.000
0.902,0.902
-2.234,5.840,-0.802,0.770,32.000
0.902,0.902
-2.074,5.681,-0.783,0.761,32.000
0.902,0.902
-1.910,5.516,-0.797,0.783,32.000
0.902,0.902
-1.792,5.398,-0.785,0.762,32.000
0.873,0.902
.Decelerate
-1.792,5.359,-0.802,0.777,33.000
0.873,0.892
.Decelerate
-1.716,5.243,-0.790,0.769,33.000
0.873,0.882
-1.581,5.073,-0.797,0.756,33.000
0.873,0.873
-1.520,5.011,-0.785,0.774,33.000
0.873,0.873
-1.508,5.000,-0.812,0.788,33.000
0.873,0.873
-1.443,4.935,-0.786,0.779,33.000