.velList #0: 0.000
.velList #1: 0.159
.velList #2: 0.225
.velList #3: 0.276
.velList #4: 0.319
.velList #5: 0.356
.velList #6: 0.390
.velList #7: 0.422
.velList #8: 0.451
.velList #9: 0.478
.velList #10: 0.504
.velList #11: 0.478
.velList #12: 0.451
.velList #13: 0.422
.velList #14: 0.390
.velList #15: 0.356
.velList #16: 0.319
.velList #17: 0.276
.velList #18: 0.225
.velList #19: 0.159
.velList #20: 0.000
0.159,0.000
.Accelerate
0.005,0.005,0.000,-0.000,1.000
0.159,0.005
.Accelerate
0.010,0.010,0.000,-0.000,1.000
0.159,0.010
.Accelerate
0.015,0.015,0.000,-0.000,1.000
0.159,0.015
.Accelerate
0.020,0.020,0.000,-0.000,1.000
0.159,0.020
.Accelerate
0.025,0.025,0.000,-0.000,1.000
0.159,0.025
.Accelerate
0.030,0.030,0.000,0.018,1.000
0.159,0.030
.Accelerate
0.035,0.035,0.000,0.012,1.000
0.159,0.035
.Accelerate
0.040,0.040,0.000,0.012,1.000
0.159,0.040
.Accelerate
0.045,0.045,0.000,0.009,1.000
0.159,0.045
.Accelerate
0.050,0.050,0.009,0.010,1.000
0.159,0.050
.Accelerate
0.055,0.055,0.012,0.014,1.000
0.159,0.055
.Accelerate
0.060,0.060,0.013,0.014,1.000
0.159,0.060
.Accelerate
0.065,0.065,0.014,0.011,1.000
0.159,0.065
.Accelerate
0.072,0.068,0.016,0.014,1.000
0.159,0.070
.Accelerate
0.077,0.073,0.018,0.015,1.000
0.159,0.075
.Accelerate
0.084,0.076,0.019,0.014,1.000
0.159,0.080
.Accelerate
0.087,0.083,0.020,0.020,1.000
0.159,0.085
.Accelerate
0.094,0.086,0.025,0.022,1.000
0.159,0.090
.Accelerate
0.102,0.088,0.033,0.027,1.000
0.159,0.095
.Accelerate
0.107,0.093,0.036,0.029,1.000
0.159,0.100
.Accelerate
0.115,0.095,0.038,0.035,1.000
0.159,0.105
.Accelerate
0.123,0.097,0.044,0.040,1.000
0.159,0.110
.Accelerate
0.129,0.101,0.055,0.044,1.000
0.159,0.115
.Accelerate
0.137,0.103,0.061,0.049,1.000
0.159,0.120
.Accelerate
0.146,0.104,0.069,0.057,1.000
0.159,0.125
.Accelerate
0.152,0.108,0.082,0.064,1.000
0.159,0.130
.Accelerate
0.155,0.115,0.095,0.067,1.000
0.159,0.135
.Accelerate
0.161,0.119,0.102,0.069,1.000
0.159,0.140
.Accelerate
0.170,0.120,0.108,0.074,1.000
0.159,0.145
.Accelerate
0.173,0.127,0.114,0.079,1.000
0.159,0.150
.Accelerate
0.182,0.128,0.131,0.084,1.000
0.159,0.155
0.188,0.131,0.138,0.093,1.000
0.159,0.159
0.184,0.134,0.140,0.100,1.000
0.159,0.159
0.181,0.138,0.153,0.109,1.000
0.159,0.159
0.185,0.134,0.159,0.114,1.000
0.159,0.159
0.185,0.134,0.163,0.116,1.000
0.159,0.159
0.185,0.133,0.175,0.120,1.000
0.159,0.159
0.190,0.129,0.173,0.124,1.000
0.159,0.159
0.186,0.133,0.175,0.129,1.000
0.159,0.159
0.187,0.132,0.179,0.134,1.000
0.159,0.159
0.160,0.159,0.176,0.137,1.000
0.159,0.159
0.160,0.159,0.173,0.142,1.000
0.159,0.159
0.160,0.159,0.160,0.153,1.000
0.159,0.159
0.160,0.159,0.153,0.156,1.000
0.159,0.159
0.160,0.159,0.158,0.157,1.000
0.225,0.159
.Accelerate
0.195,0.134,0.163,0.153,2.000
0.225,0.164
.Accelerate
0.201,0.137,0.166,0.154,2.000
0.225,0.169
.Accelerate
0.208,0.141,0.180,0.150,2.000
0.225,0.174
.Accelerate
0.214,0.145,0.191,0.151,2.000
0.225,0.179
.Accelerate
0.220,0.148,0.201,0.156,2.000
0.225,0.184
.Accelerate
0.227,0.152,0.217,0.158,2.000
0.225,0.189
.Accelerate
0.195,0.194,0.223,0.162,2.000
0.225,0.194
.Accelerate
0.200,0.199,0.228,0.163,2.000
0.225,0.199
.Accelerate
0.205,0.204,0.213,0.189,2.000
0.225,0.204
.Accelerate
0.210,0.209,0.211,0.197,2.000
0.225,0.209
.Accelerate
0.215,0.214,0.205,0.202,2.000
0.276,0.214
.Accelerate
0.272,0.167,0.208,0.206,3.000
0.276,0.219
.Accelerate
0.279,0.170,0.225,0.210,3.000
0.276,0.224
.Accelerate
0.292,0.167,0.262,0.199,3.000
0.276,0.229
.Accelerate
0.299,0.170,0.287,0.196,3.000
0.276,0.234
.Accelerate
0.240,0.239,0.313,0.199,3.000
0.276,0.239
.Accelerate
0.245,0.243,0.325,0.213,3.000
0.276,0.244
.Accelerate
0.250,0.248,0.298,0.250,3.000
0.276,0.249
.Accelerate
0.255,0.253,0.280,0.258,3.000
0.319,0.254
.Accelerate
0.343,0.176,0.270,0.260,4.000
0.319,0.259
.Accelerate
0.338,0.190,0.289,0.254,4.000
0.319,0.264
.Accelerate
0.353,0.186,0.349,0.223,4.000
0.319,0.269
.Accelerate
0.354,0.195,0.360,0.223,4.000
0.319,0.274
.Accelerate
0.281,0.278,0.370,0.228,4.000
0.319,0.279
.Accelerate
0.286,0.283,0.379,0.249,4.000
0.319,0.284
.Accelerate
0.291,0.288,0.359,0.304,4.000
0.356,0.289
.Accelerate
0.379,0.210,0.346,0.323,5.000
0.356,0.294
.Accelerate
0.387,0.212,0.342,0.305,5.000
0.356,0.299
.Accelerate
0.387,0.222,0.389,0.263,5.000
0.356,0.304
.Accelerate
0.311,0.308,0.415,0.252,5.000
0.356,0.309
.Accelerate
0.316,0.313,0.423,0.277,5.000
0.356,0.314
.Accelerate
0.321,0.318,0.417,0.332,5.000
0.390,0.319
.Accelerate
0.401,0.247,0.410,0.349,6.000
0.390,0.324
.Accelerate
0.392,0.267,0.398,0.357,6.000
0.390,0.329
.Accelerate
0.336,0.333,0.431,0.342,6.000
0.390,0.334
.Accelerate
0.341,0.338,0.427,0.342,6.000
0.390,0.339
.Accelerate
0.346,0.343,0.411,0.376,6.000
0.422,0.344
.Accelerate
0.418,0.281,0.420,0.383,7.000
0.422,0.349
.Accelerate
0.415,0.294,0.441,0.380,7.000
0.422,0.354
.Accelerate
0.361,0.358,0.471,0.371,7.000
0.422,0.359
.Accelerate
0.366,0.363,0.479,0.384,7.000
0.422,0.364
.Accelerate
0.371,0.367,0.452,0.418,7.000
0.451,0.369
.Accelerate
0.439,0.309,0.438,0.436,8.000
0.451,0.374
.Accelerate
0.426,0.333,0.455,0.440,8.000
0.451,0.379
.Accelerate
0.386,0.383,0.492,0.412,8.000
0.451,0.384
.Accelerate
0.391,0.388,0.511,0.421,8.000
0.478,0.389
.Accelerate
0.461,0.328,0.508,0.454,9.000
0.478,0.394
.Accelerate
0.477,0.322,0.505,0.456,9.000
0.478,0.399
.Accelerate
0.407,0.402,0.529,0.445,9.000
0.478,0.404
.Accelerate
0.412,0.407,0.548,0.435,9.000
0.504,0.409
.Accelerate
0.474,0.354,0.539,0.467,10.000
0.504,0.414
.Accelerate
0.501,0.338,0.547,0.480,10.000
0.504,0.419
.Accelerate
0.428,0.421,0.566,0.463,10.000
0.504,0.424
.Accelerate
0.433,0.426,0.581,0.466,10.000
0.478,0.429
.Accelerate
0.521,0.348,0.560,0.494,11.000
0.478,0.434
.Accelerate
0.539,0.340,0.590,0.499,11.000
0.478,0.439
.Accelerate
0.450,0.439,0.623,0.478,11.000
0.478,0.444
.Accelerate
0.456,0.442,0.638,0.476,11.000
0.451,0.449
0.560,0.341,0.592,0.517,12.000
0.451,0.451
0.563,0.339,0.573,0.520,12.000
0.451,0.451
0.458,0.443,0.571,0.488,12.000
0.422,0.451
.Decelerate
0.562,0.330,0.591,0.492,13.000
0.422,0.446
.Decelerate
0.558,0.324,0.573,0.510,13.000
0.422,0.441
.Decelerate
0.446,0.426,0.631,0.497,13.000
0.422,0.436
.Decelerate
0.443,0.419,0.635,0.494,13.000
0.390,0.431
.Decelerate
0.558,0.294,0.605,0.518,14.000
0.390,0.426
.Decelerate
0.543,0.298,0.610,0.529,14.000
0.390,0.421
.Decelerate
0.428,0.403,0.605,0.499,14.000
0.356,0.416
.Decelerate
0.512,0.309,0.602,0.486,15.000
0.356,0.411
.Decelerate
0.507,0.304,0.617,0.496,15.000
0.356,0.406
.Decelerate
0.418,0.383,0.606,0.495,15.000
0.356,0.401
.Decelerate
0.409,0.382,0.610,0.479,15.000
0.319,0.396
.Decelerate
0.450,0.332,0.582,0.490,16.000
0.319,0.391
.Decelerate
0.403,0.368,0.568,0.507,16.000
0.319,0.386
.Decelerate
0.392,0.370,0.568,0.493,16.000
0.276,0.381
.Decelerate
0.410,0.342,0.551,0.494,17.000
0.276,0.376
.Decelerate
0.383,0.359,0.539,0.484,17.000
0.276,0.371
.Decelerate
0.370,0.361,0.543,0.474,17.000
0.225,0.366
.Decelerate
0.381,0.340,0.541,0.490,18.000
0.225,0.361
.Decelerate
0.364,0.347,0.521,0.479,18.000
0.225,0.356
.Decelerate
0.328,0.374,0.528,0.483,18.000
0.225,0.351
.Decelerate
0.334,0.358,0.515,0.493,18.000
0.159,0.346
.Decelerate
0.314,0.368,0.497,0.488,19.000
0.159,0.341
.Decelerate
0.245,0.426,0.487,0.503,19.000
0.159,0.336
.Decelerate
0.072,0.589,0.465,0.508,19.000