.velList #0: 0.000
.velList #1: 0.159
.velList #2: 0.225
.velList #3: 0.276
.velList #4: 0.319
.velList #5: 0.356
.velList #6: 0.390
.velList #7: 0.422
.velList #8: 0.451
.velList #9: 0.478
.velList #10: 0.504
.velList #11: 0.478
.velList #12: 0.451
.velList #13: 0.422
.velList #14: 0.390
.velList #15: 0.356
.velList #16: 0.319
.velList #17: 0.276
.velList #18: 0.225
.velList #19: 0.159
.velList #20: 0.000
0.159,0.000
.Accelerate
0.005,0.005,0.000,-0.000,1.000
0.159,0.005
.Accelerate
0.010,0.010,0.000,-0.000,1.000
0.159,0.010
.Accelerate
0.015,0.015,0.000,-0.000,1.000
0.159,0.015
.Accelerate
0.020,0.020,0.000,-0.000,1.000
0.159,0.020
.Accelerate
0.025,0.025,0.000,-0.000,1.000
0.159,0.025
.Accelerate
0.030,0.030,0.007,-0.000,1.000
0.159,0.030
.Accelerate
0.035,0.035,0.016,-0.000,1.000
0.159,0.035
.Accelerate
0.040,0.040,0.016,0.013,1.000
0.159,0.040
.Accelerate
0.045,0.045,0.023,0.014,1.000
0.159,0.045
.Accelerate
0.050,0.050,0.022,0.015,1.000
0.159,0.050
.Accelerate
0.055,0.055,0.026,0.016,1.000
0.159,0.055
.Accelerate
0.060,0.060,0.021,0.019,1.000
0.159,0.060
.Accelerate
0.065,0.065,0.023,0.022,1.000
0.159,0.065
.Accelerate
0.070,0.070,0.021,0.029,1.000
0.159,0.070
.Accelerate
0.075,0.075,0.021,0.035,1.000
0.159,0.075
.Accelerate
0.080,0.080,0.025,0.035,1.000
0.159,0.080
.Accelerate
0.085,0.085,0.025,0.033,1.000
0.159,0.085
.Accelerate
0.090,0.090,0.025,0.035,1.000
0.159,0.090
.Accelerate
0.097,0.093,0.022,0.031,1.000
0.159,0.095
.Accelerate
0.102,0.098,0.022,0.029,1.000
0.159,0.100
.Accelerate
0.108,0.102,0.022,0.029,1.000
0.159,0.105
.Accelerate
0.118,0.102,0.028,0.033,1.000
0.159,0.110
.Accelerate
0.123,0.107,0.033,0.040,1.000
0.159,0.115
.Accelerate
0.132,0.108,0.041,0.041,1.000
0.159,0.120
.Accelerate
0.140,0.110,0.046,0.043,1.000
0.159,0.125
.Accelerate
0.149,0.111,0.050,0.045,1.000
0.159,0.130
.Accelerate
0.155,0.115,0.054,0.048,1.000
0.159,0.135
.Accelerate
0.164,0.116,0.060,0.053,1.000
0.159,0.140
.Accelerate
0.170,0.120,0.065,0.056,1.000
0.159,0.145
.Accelerate
0.176,0.124,0.074,0.060,1.000
0.159,0.150
.Accelerate
0.182,0.128,0.085,0.061,1.000
0.159,0.155
0.183,0.135,0.091,0.062,1.000
0.159,0.159
0.183,0.135,0.096,0.066,1.000
0.159,0.159
0.187,0.131,0.105,0.075,1.000
0.159,0.159
0.188,0.131,0.113,0.079,1.000
0.159,0.159
0.184,0.135,0.120,0.081,1.000
0.159,0.159
0.180,0.138,0.127,0.081,1.000
0.159,0.159
0.184,0.134,0.129,0.085,1.000
0.159,0.159
0.189,0.130,0.128,0.091,1.000
0.159,0.159
0.189,0.130,0.126,0.094,1.000
0.159,0.159
0.185,0.133,0.127,0.094,1.000
0.159,0.159
0.182,0.137,0.130,0.095,1.000
0.159,0.159
0.190,0.129,0.132,0.100,1.000
0.159,0.159
0.190,0.129,0.135,0.104,1.000
0.159,0.159
0.187,0.132,0.135,0.104,1.000
0.159,0.159
0.160,0.159,0.136,0.107,1.000
0.159,0.159
0.160,0.159,0.136,0.107,1.000
0.159,0.159
0.160,0.159,0.127,0.115,1.000
0.159,0.159
0.160,0.159,0.121,0.125,1.000
0.159,0.159
0.160,0.159,0.124,0.123,1.000
0.159,0.159
0.160,0.159,0.125,0.123,1.000
0.159,0.159
0.160,0.159,0.125,0.125,1.000
0.159,0.159
0.160,0.159,0.125,0.125,1.000
0.225,0.159
.Accelerate
0.195,0.133,0.122,0.129,2.000
0.225,0.164
.Accelerate
0.206,0.133,0.122,0.133,2.000
0.225,0.169
.Accelerate
0.208,0.141,0.126,0.126,2.000
0.225,0.174
.Accelerate
0.214,0.144,0.136,0.118,2.000
0.225,0.179
.Accelerate
0.221,0.148,0.144,0.117,2.000
0.225,0.184
.Accelerate
0.227,0.152,0.144,0.120,2.000
0.225,0.189
.Accelerate
0.238,0.151,0.149,0.126,2.000
0.225,0.194
.Accelerate
0.200,0.199,0.156,0.131,2.000
0.225,0.199
.Accelerate
0.205,0.204,0.169,0.130,2.000
0.225,0.204
.Accelerate
0.210,0.209,0.158,0.144,2.000
0.225,0.209
.Accelerate
0.215,0.214,0.152,0.154,2.000
0.225,0.214
.Accelerate
0.220,0.219,0.155,0.160,2.000
0.276,0.219
.Accelerate
0.279,0.170,0.163,0.163,3.000
0.276,0.224
.Accelerate
0.286,0.173,0.168,0.164,3.000
0.276,0.229
.Accelerate
0.298,0.170,0.190,0.151,3.000
0.276,0.234
.Accelerate
0.312,0.167,0.207,0.148,3.000
0.276,0.239
.Accelerate
0.319,0.170,0.215,0.153,3.000
0.276,0.244
.Accelerate
0.308,0.190,0.233,0.157,3.000
0.276,0.249
.Accelerate
0.255,0.254,0.244,0.162,3.000
0.276,0.254
.Accelerate
0.260,0.258,0.247,0.172,3.000
0.276,0.259
.Accelerate
0.265,0.263,0.231,0.196,3.000
0.276,0.264
.Accelerate
0.270,0.268,0.221,0.202,3.000
0.319,0.269
.Accelerate
0.337,0.212,0.230,0.207,4.000
0.319,0.274
.Accelerate
0.337,0.222,0.235,0.212,4.000
0.319,0.279
.Accelerate
0.344,0.225,0.264,0.201,4.000
0.319,0.284
.Accelerate
0.365,0.214,0.272,0.199,4.000
0.319,0.289
.Accelerate
0.295,0.293,0.288,0.207,4.000
0.319,0.294
.Accelerate
0.300,0.298,0.296,0.219,4.000
0.319,0.299
.Accelerate
0.305,0.303,0.279,0.256,4.000
0.319,0.304
.Accelerate
0.310,0.308,0.271,0.268,4.000
0.356,0.309
.Accelerate
0.369,0.260,0.270,0.267,5.000
0.356,0.314
.Accelerate
0.383,0.256,0.283,0.258,5.000
0.356,0.319
.Accelerate
0.382,0.267,0.314,0.242,5.000
0.356,0.324
.Accelerate
0.330,0.328,0.327,0.243,5.000
0.356,0.329
.Accelerate
0.335,0.333,0.329,0.263,5.000
0.356,0.334
.Accelerate
0.340,0.338,0.326,0.294,5.000
0.390,0.339
.Accelerate
0.398,0.291,0.328,0.311,6.000
0.390,0.344
.Accelerate
0.395,0.303,0.326,0.313,6.000
0.390,0.349
.Accelerate
0.392,0.317,0.351,0.304,6.000
0.390,0.354
.Accelerate
0.406,0.312,0.366,0.300,6.000
0.390,0.359
.Accelerate
0.366,0.363,0.377,0.303,6.000
0.390,0.364
.Accelerate
0.371,0.368,0.383,0.315,6.000
0.390,0.369
.Accelerate
0.376,0.373,0.359,0.337,6.000
0.422,0.374
.Accelerate
0.439,0.319,0.359,0.337,7.000
0.422,0.379
.Accelerate
0.436,0.333,0.359,0.348,7.000
0.422,0.384
.Accelerate
0.391,0.388,0.401,0.342,7.000
0.422,0.389
.Accelerate
0.396,0.393,0.422,0.338,7.000
0.422,0.394
.Accelerate
0.402,0.397,0.419,0.350,7.000
0.451,0.399
.Accelerate
0.471,0.338,0.398,0.360,8.000
0.451,0.404
.Accelerate
0.487,0.332,0.379,0.364,8.000
0.451,0.409
.Accelerate
0.494,0.335,0.413,0.352,8.000
0.451,0.414
.Accelerate
0.422,0.417,0.444,0.342,8.000
0.451,0.419
.Accelerate
0.428,0.421,0.473,0.350,8.000
0.478,0.424
.Accelerate
0.548,0.311,0.478,0.376,9.000
0.478,0.429
.Accelerate
0.537,0.332,0.468,0.391,9.000
0.478,0.434
.Accelerate
0.545,0.334,0.478,0.371,9.000
0.478,0.439
.Accelerate
0.447,0.441,0.486,0.353,9.000
0.478,0.444
.Accelerate
0.453,0.446,0.513,0.347,9.000
0.504,0.449
.Accelerate
0.585,0.324,0.502,0.381,10.000
0.504,0.454
.Accelerate
0.595,0.324,0.505,0.408,10.000
0.504,0.459
.Accelerate
0.605,0.324,0.578,0.379,10.000
0.504,0.464
.Accelerate
0.474,0.464,0.589,0.366,10.000
0.504,0.469
.Accelerate
0.480,0.469,0.554,0.364,10.000
0.478,0.474
0.604,0.353,0.524,0.404,11.000
0.478,0.478
0.632,0.324,0.521,0.423,11.000
0.478,0.478
0.487,0.470,0.560,0.410,11.000
0.478,0.478
0.487,0.469,0.567,0.376,11.000
0.478,0.478
0.488,0.468,0.552,0.404,11.000
0.451,0.478
.Decelerate
0.651,0.295,0.484,0.437,12.000
0.451,0.473
.Decelerate
0.652,0.284,0.482,0.448,12.000
0.451,0.468
.Decelerate
0.476,0.450,0.528,0.404,12.000
0.451,0.463
.Decelerate
0.471,0.445,0.557,0.375,12.000
0.422,0.458
.Decelerate
0.663,0.243,0.537,0.415,13.000
0.422,0.453
.Decelerate
0.674,0.222,0.528,0.444,13.000
0.422,0.448
.Decelerate
0.461,0.425,0.563,0.410,13.000
0.422,0.443
.Decelerate
0.458,0.418,0.539,0.371,13.000
0.390,0.438
.Decelerate
0.651,0.215,0.509,0.378,14.000
0.390,0.433
.Decelerate
0.628,0.229,0.524,0.406,14.000
0.390,0.428
.Decelerate
0.446,0.401,0.547,0.377,14.000
0.390,0.423
.Decelerate
0.443,0.393,0.538,0.343,14.000
0.356,0.418
.Decelerate
0.621,0.205,0.517,0.375,15.000
0.356,0.413
.Decelerate
0.609,0.208,0.509,0.390,15.000
0.356,0.408
.Decelerate
0.595,0.211,0.543,0.349,15.000
0.356,0.403
.Decelerate
0.430,0.366,0.532,0.311,15.000
0.356,0.398
.Decelerate
0.423,0.363,0.557,0.291,15.000
0.319,0.393
.Decelerate
0.553,0.223,0.502,0.328,16.000
0.319,0.388
.Decelerate
0.546,0.220,0.497,0.349,16.000
0.319,0.383
.Decelerate
0.420,0.336,0.531,0.325,16.000
0.319,0.378
.Decelerate
0.411,0.335,0.513,0.306,16.000
0.276,0.373
.Decelerate
0.488,0.248,0.485,0.328,17.000
0.276,0.368
.Decelerate
0.469,0.257,0.455,0.333,17.000
0.276,0.363
.Decelerate
0.410,0.306,0.475,0.322,17.000
0.276,0.358
.Decelerate
0.427,0.279,0.490,0.318,17.000
0.225,0.353
.Decelerate
0.410,0.286,0.471,0.323,18.000
0.225,0.348
.Decelerate
0.412,0.274,0.465,0.319,18.000
0.225,0.343
.Decelerate
0.384,0.292,0.456,0.321,18.000
0.225,0.338
.Decelerate
0.381,0.285,0.461,0.326,18.000
0.225,0.333
.Decelerate
0.381,0.275,0.451,0.331,18.000
0.159,0.328
.Decelerate
0.431,0.215,0.433,0.327,19.000
0.159,0.323
.Decelerate
0.394,0.242,0.427,0.320,19.000
0.159,0.318
.Decelerate
0.387,0.239,0.453,0.291,19.000
0.159,0.313
.Decelerate
0.231,0.386,0.443,0.288,19.000