.velList #0: 0.000
.velList #1: 0.225
.velList #2: 0.319
.velList #3: 0.390
.velList #4: 0.451
.velList #5: 0.504
.velList #6: 0.552
.velList #7: 0.596
.velList #8: 0.637
.velList #9: 0.676
.velList #10: 0.713
.velList #11: 0.748
.velList #12: 0.781
.velList #13: 0.813
.velList #14: 0.843
.velList #15: 0.873
.velList #16: 0.902
.velList #17: 0.929
.velList #18: 0.956
.velList #19: 0.982
.velList #20: 1.008
.velList #21: 1.033
.velList #22: 1.057
.velList #23: 1.081
.velList #24: 1.104
.velList #25: 1.081
.velList #26: 1.057
.velList #27: 1.033
.velList #28: 1.008
.velList #29: 0.982
.velList #30: 0.956
.velList #31: 0.929
.velList #32: 0.902
.velList #33: 0.873
.velList #34: 0.843
.velList #35: 0.813
.velList #36: 0.781
.velList #37: 0.748
.velList #38: 0.713
.velList #39: 0.676
.velList #40: 0.637
.velList #41: 0.596
.velList #42: 0.552
.velList #43: 0.504
.velList #44: 0.451
.velList #45: 0.390
.velList #46: 0.319
.velList #47: 0.225
.velList #48: 0.000
0.225,0.000
.Accelerate
0.010,0.010,0.000,-0.000,1.000
0.225,0.010
.Accelerate
0.020,0.020,0.000,-0.000,1.000
0.225,0.020
.Accelerate
0.030,0.030,0.000,-0.000,1.000
0.225,0.030
.Accelerate
0.040,0.040,0.000,0.022,1.000
0.225,0.040
.Accelerate
0.050,0.050,0.028,0.028,1.000
0.225,0.050
.Accelerate
0.060,0.060,0.051,0.031,1.000
0.225,0.060
.Accelerate
0.070,0.070,0.034,0.034,1.000
0.225,0.070
.Accelerate
0.080,0.080,0.033,0.044,1.000
0.225,0.080
.Accelerate
0.090,0.090,0.044,0.040,1.000
0.225,0.090
.Accelerate
0.100,0.100,0.064,0.046,1.000
0.225,0.100
.Accelerate
0.110,0.110,0.074,0.056,1.000
0.225,0.110
.Accelerate
0.120,0.120,0.072,0.083,1.000
0.225,0.120
.Accelerate
0.133,0.127,0.064,0.102,1.000
0.225,0.130
.Accelerate
0.143,0.137,0.057,0.105,1.000
0.225,0.140
.Accelerate
0.154,0.146,0.069,0.100,1.000
0.225,0.150
.Accelerate
0.172,0.148,0.088,0.099,1.000
0.225,0.160
.Accelerate
0.182,0.158,0.103,0.103,1.000
0.225,0.170
.Accelerate
0.189,0.171,0.131,0.103,1.000
0.225,0.180
.Accelerate
0.204,0.176,0.149,0.103,1.000
0.225,0.190
.Accelerate
0.215,0.185,0.167,0.110,1.000
0.225,0.200
.Accelerate
0.226,0.194,0.185,0.126,1.000
0.225,0.210
.Accelerate
0.237,0.203,0.200,0.142,1.000
0.225,0.220
0.248,0.202,0.219,0.154,1.000
0.225,0.225
0.254,0.196,0.225,0.177,1.000
0.225,0.225
0.255,0.196,0.230,0.180,1.000
0.225,0.225
0.255,0.195,0.250,0.186,1.000
0.225,0.225
0.256,0.195,0.268,0.185,1.000
0.225,0.225
0.251,0.200,0.279,0.192,1.000
0.225,0.225
0.225,0.225,0.275,0.194,1.000
0.225,0.225
0.225,0.225,0.281,0.202,1.000
0.225,0.225
0.225,0.225,0.272,0.235,1.000
0.319,0.225
.Accelerate
0.271,0.200,0.267,0.240,2.000
0.319,0.235
.Accelerate
0.295,0.195,0.271,0.238,2.000
0.319,0.245
.Accelerate
0.296,0.215,0.304,0.235,2.000
0.319,0.255
.Accelerate
0.308,0.222,0.319,0.234,2.000
0.319,0.265
.Accelerate
0.275,0.275,0.326,0.240,2.000
0.319,0.275
.Accelerate
0.286,0.285,0.333,0.248,2.000
0.319,0.285
.Accelerate
0.296,0.295,0.334,0.271,2.000
0.319,0.295
.Accelerate
0.306,0.305,0.342,0.306,2.000
0.390,0.305
.Accelerate
0.399,0.232,0.354,0.310,3.000
0.390,0.315
.Accelerate
0.376,0.275,0.378,0.318,3.000
0.390,0.325
.Accelerate
0.336,0.335,0.411,0.302,3.000
0.390,0.335
.Accelerate
0.346,0.345,0.423,0.314,3.000
0.390,0.345
.Accelerate
0.356,0.355,0.398,0.380,3.000
0.451,0.355
.Accelerate
0.472,0.258,0.428,0.390,4.000
0.451,0.365
.Accelerate
0.376,0.375,0.472,0.378,4.000
0.451,0.375
.Accelerate
0.386,0.385,0.513,0.339,4.000
0.451,0.385
.Accelerate
0.396,0.395,0.489,0.432,4.000
0.504,0.395
.Accelerate
0.505,0.306,0.481,0.452,5.000
0.504,0.405
.Accelerate
0.416,0.415,0.491,0.468,5.000
0.504,0.415
.Accelerate
0.426,0.425,0.540,0.431,5.000
0.504,0.425
.Accelerate
0.436,0.435,0.535,0.438,5.000
0.552,0.435
.Accelerate
0.567,0.323,0.555,0.468,6.000
0.552,0.445
.Accelerate
0.591,0.320,0.559,0.498,6.000
0.552,0.455
.Accelerate
0.466,0.465,0.592,0.463,6.000
0.596,0.465
.Accelerate
0.640,0.311,0.637,0.473,7.000
0.596,0.475
.Accelerate
0.647,0.324,0.637,0.509,7.000
0.596,0.485
.Accelerate
0.496,0.495,0.684,0.454,7.000
0.596,0.495
.Accelerate
0.506,0.505,0.726,0.452,7.000
0.596,0.505
.Accelerate
0.516,0.515,0.706,0.553,7.000
0.637,0.515
.Accelerate
0.655,0.396,0.696,0.570,8.000
0.637,0.525
.Accelerate
0.536,0.535,0.693,0.599,8.000
0.637,0.535
.Accelerate
0.546,0.545,0.720,0.579,8.000
0.676,0.545
.Accelerate
0.686,0.424,0.719,0.580,9.000
0.676,0.555
.Accelerate
0.720,0.411,0.694,0.575,9.000
0.676,0.565
.Accelerate
0.576,0.575,0.743,0.543,9.000
0.713,0.575
.Accelerate
0.815,0.356,0.762,0.579,10.000
0.713,0.585
.Accelerate
0.804,0.387,0.744,0.596,10.000
0.713,0.595
.Accelerate
0.606,0.605,0.778,0.543,10.000
0.713,0.605
.Accelerate
0.616,0.615,0.784,0.572,10.000
0.748,0.615
.Accelerate
0.943,0.308,0.764,0.633,11.000
0.748,0.625
.Accelerate
1.000,0.271,0.798,0.681,11.000
0.748,0.635
.Accelerate
0.647,0.644,0.811,0.617,11.000
0.748,0.645
.Accelerate
0.657,0.654,0.799,0.531,11.000
0.781,0.655
.Accelerate
1.198,0.133,0.808,0.573,12.000
0.781,0.665
.Accelerate
0.677,0.674,0.775,0.610,12.000
0.781,0.675
.Accelerate
0.687,0.684,0.769,0.560,12.000
0.813,0.685
.Accelerate
1.400,-0.009,0.751,0.490,13.000
0.813,0.695
.Accelerate
1.414,-0.003,0.756,0.525,13.000
0.813,0.705
.Accelerate
0.718,0.713,0.788,0.392,13.000
0.843,0.715
.Accelerate
1.541,-0.090,0.810,0.242,14.000
0.843,0.725
.Accelerate
1.667,-0.196,0.795,0.171,14.000
0.843,0.735
.Accelerate
1.712,-0.222,0.798,0.174,14.000
0.843,0.745
.Accelerate
0.759,0.752,0.795,0.099,14.000
0.873,0.755
.Accelerate
1.808,-0.277,0.796,-0.004,15.000
0.873,0.765
.Accelerate
1.924,-0.373,0.779,-0.038,15.000
0.873,0.775
.Accelerate
1.976,-0.405,0.812,-0.006,15.000
0.873,0.785
.Accelerate
0.800,0.791,0.792,-0.182,15.000
0.902,0.795
.Accelerate
2.127,-0.517,0.783,-0.249,16.000
0.902,0.805
.Accelerate
2.161,-0.531,0.799,-0.118,16.000
0.902,0.815
.Accelerate
2.169,-0.518,0.737,-0.083,16.000
0.902,0.825
.Accelerate
0.841,0.830,0.785,-0.171,16.000
0.902,0.835
.Accelerate
0.851,0.840,0.803,-0.175,16.000
0.929,0.845
.Accelerate
2.229,-0.518,0.790,-0.121,17.000
0.929,0.855
.Accelerate
2.325,-0.595,0.771,-0.015,17.000
0.929,0.865
.Accelerate
2.319,-0.568,0.797,0.035,17.000
0.929,0.875
.Accelerate
2.404,-0.633,0.787,-0.117,17.000
0.929,0.885
.Accelerate
2.446,-0.655,0.822,-0.250,17.000
0.929,0.895
.Accelerate
0.912,0.899,0.795,-0.362,17.000
0.929,0.905
.Accelerate
0.922,0.909,0.773,-0.458,17.000
0.956,0.915
.Accelerate
2.554,-0.703,0.767,-0.222,18.000
0.956,0.925
.Accelerate
2.636,-0.765,0.756,0.040,18.000
0.956,0.935
.Accelerate
2.649,-0.758,0.728,0.143,18.000
0.956,0.945
.Accelerate
2.655,-0.745,0.752,-0.167,18.000
0.956,0.955
2.674,-0.762,0.764,-0.378,18.000
0.956,0.956
2.667,-0.755,0.765,-0.527,18.000
0.956,0.956
2.673,-0.761,0.784,-0.570,18.000
0.956,0.956
0.964,0.948,0.761,-0.640,18.000
0.956,0.956
0.965,0.948,0.782,-0.541,18.000
0.982,0.956
.Accelerate
2.761,-0.829,0.733,-0.221,19.000
0.982,0.966
.Accelerate
2.712,-0.760,0.730,-0.011,19.000
0.982,0.976
2.702,-0.737,0.767,-0.211,19.000
0.982,0.982
2.656,-0.691,0.783,-0.449,19.000
0.982,0.982
2.677,-0.712,0.805,-0.620,19.000
0.982,0.982
2.609,-0.644,0.781,-0.695,19.000
0.982,0.982
2.576,-0.611,0.756,-0.667,19.000
0.982,0.982
2.539,-0.574,0.747,-0.681,19.000
0.982,0.982
2.498,-0.533,0.760,-0.695,19.000
0.982,0.982
0.990,0.975,0.763,-0.688,19.000
0.982,0.982
0.990,0.975,0.798,-0.689,19.000
0.982,0.982
0.989,0.976,0.774,-0.368,19.000
0.982,0.982
0.989,0.976,0.781,0.007,19.000
1.008,0.982
.Accelerate
2.098,-0.113,0.794,0.016,20.000
1.008,0.992
.Accelerate
2.043,-0.038,0.770,0.002,20.000
1.008,1.002
1.941,0.075,0.785,0.014,20.000
1.008,1.008
1.883,0.133,0.779,-0.002,20.000
1.008,1.008
1.757,0.259,0.790,-0.015,20.000
1.008,1.008
1.631,0.385,0.787,0.031,20.000
1.008,1.008
1.494,0.522,0.774,0.168,20.000
1.008,1.008
1.009,1.006,0.766,0.264,20.000
1.008,1.008
1.008,1.008,0.783,0.338,20.000
1.008,1.008
1.007,1.009,0.786,0.436,20.000
1.008,1.008
1.006,1.009,0.795,0.524,20.000
1.008,1.008
1.005,1.011,0.775,0.661,20.000
1.033,1.008
.Accelerate
0.026,2.010,0.787,0.689,21.000
1.033,1.018
.Accelerate
-0.251,2.307,0.765,0.719,21.000
1.033,1.028
-0.517,2.583,0.549,0.721,21.000
1.033,1.033
-0.814,2.879,0.277,0.736,21.000
1.033,1.033
-1.087,3.153,0.107,0.715,21.000
1.033,1.033
-1.421,3.487,0.000,0.716,21.000
1.033,1.033
-1.747,3.812,-0.173,0.707,21.000
1.033,1.033
-2.041,4.107,-0.347,0.710,21.000
1.033,1.033
-2.354,4.419,-0.467,0.701,21.000
1.033,1.033
-2.650,4.716,-0.572,0.677,21.000
1.033,1.033
-0.749,2.814,-0.628,0.683,21.000
1.057,1.033
.Accelerate
-0.890,2.975,-0.683,0.673,22.000
1.057,1.043
.Accelerate
-1.058,3.164,-0.721,0.711,22.000
1.057,1.053
-1.177,3.291,-0.713,0.735,22.000
1.057,1.057
-1.303,3.418,-0.665,0.752,22.000
1.057,1.057
-1.403,3.518,-0.682,0.755,22.000
1.057,1.057
-1.515,3.630,-0.698,0.711,22.000
1.057,1.057
-0.453,2.567,-0.694,0.678,22.000
1.057,1.057
-0.507,2.621,-0.720,0.654,22.000
1.057,1.057
-0.580,2.694,-0.715,0.700,22.000
1.057,1.057
-0.651,2.765,-0.705,0.738,22.000
1.057,1.057
-0.713,2.827,-0.711,0.766,22.000
1.057,1.057
-0.772,2.886,-0.663,0.783,22.000
1.081,1.057
.Accelerate
-0.825,2.959,-0.607,0.759,23.000
1.081,1.067
.Accelerate
-0.879,3.033,-0.635,0.747,23.000
1.081,1.077
-0.928,3.090,-0.657,0.706,23.000
1.081,1.081
-0.246,2.408,-0.691,0.706,23.000
1.081,1.081
-0.286,2.448,-0.764,0.726,23.000
1.081,1.081
-0.331,2.493,-0.712,0.750,23.000
1.081,1.081
-0.382,2.544,-0.669,0.749,23.000
1.081,1.081
-0.431,2.593,-0.577,0.765,23.000
1.081,1.081
-0.456,2.618,-0.464,0.751,23.000
1.081,1.081
-0.478,2.640,-0.451,0.753,23.000
1.081,1.081
-0.500,2.662,-0.483,0.754,23.000
1.081,1.081
-0.521,2.682,-0.522,0.746,23.000
1.081,1.081
-0.056,2.218,-0.580,0.763,23.000
1.081,1.081
-0.081,2.243,-0.558,0.758,23.000
1.081,1.081
-0.101,2.263,-0.434,0.763,23.000
1.081,1.081
-0.122,2.284,-0.320,0.761,23.000
1.081,1.081
-0.137,2.299,-0.254,0.763,23.000
1.104,1.081
.Accelerate
-0.160,2.342,-0.215,0.774,24.000
1.104,1.091
.Accelerate
-0.190,2.392,-0.194,0.779,24.000
1.104,1.101
-0.200,2.409,-0.207,0.756,24.000
1.104,1.104
-0.215,2.423,-0.245,0.764,24.000
1.104,1.104
-0.242,2.450,-0.262,0.767,24.000
1.104,1.104
-0.263,2.471,-0.295,0.758,24.000
1.104,1.104
0.084,2.124,-0.304,0.769,24.000
1.104,1.104
0.071,2.138,-0.301,0.754,24.000
1.104,1.104
0.059,2.149,-0.161,0.766,24.000
1.104,1.104
0.042,2.166,-0.093,0.764,24.000
1.104,1.104
0.024,2.184,-0.084,0.767,24.000
1.081,1.104
.Decelerate
0.008,2.181,-0.061,0.776,25.000
1.081,1.094
.Decelerate
-0.001,2.170,-0.050,0.777,25.000
1.081,1.084
-0.013,2.175,-0.050,0.771,25.000
1.081,1.081
-0.028,2.190,-0.050,0.762,25.000
1.081,1.081
-0.042,2.204,-0.049,0.758,25.000
1.081,1.081
-0.060,2.222,-0.044,0.759,25.000
1.081,1.081
-0.069,2.230,-0.037,0.759,25.000
1.057,1.081
.Decelerate
0.190,1.951,-0.053,0.762,26.000
1.057,1.071
.Decelerate
0.183,1.939,-0.073,0.768,26.000
1.057,1.061
0.171,1.943,-0.011,0.766,26.000
1.057,1.057
0.163,1.952,0.071,0.755,26.000
1.057,1.057
0.159,1.955,0.128,0.769,26.000
1.033,1.057
.Decelerate
0.153,1.941,0.148,0.757,27.000
1.033,1.047
.Decelerate
0.143,1.931,0.148,0.765,27.000
1.033,1.037
0.135,1.931,0.142,0.754,27.000
1.033,1.033
0.136,1.930,0.132,0.762,27.000
1.033,1.033
0.132,1.934,0.120,0.761,27.000
1.008,1.033
.Decelerate
0.128,1.918,0.113,0.767,28.000
1.008,1.023
.Decelerate
0.123,1.903,0.113,0.760,28.000
1.008,1.013
0.122,1.894,0.115,0.756,28.000
1.008,1.008
0.121,1.895,0.115,0.762,28.000
1.008,1.008
0.118,1.898,0.115,0.762,28.000
0.982,1.008
.Decelerate
0.117,1.879,0.112,0.763,29.000
0.982,0.998
.Decelerate
0.116,1.860,0.110,0.757,29.000
0.982,0.988
0.118,1.847,0.104,0.762,29.000
0.982,0.982
0.114,1.851,0.102,0.743,29.000
0.956,0.982
.Decelerate
0.118,1.827,0.101,0.757,30.000
0.956,0.972
.Decelerate
0.117,1.808,0.084,0.746,30.000
0.956,0.962
0.121,1.791,0.072,0.766,30.000
0.956,0.956
0.125,1.787,0.081,0.760,30.000
0.929,0.956
.Decelerate
0.129,1.764,0.091,0.776,31.000
0.929,0.946
.Decelerate
0.135,1.738,0.102,0.758,31.000
0.929,0.936
0.138,1.720,0.107,0.755,31.000
0.929,0.929
0.146,1.713,0.110,0.758,31.000
0.902,0.929
.Decelerate
0.154,1.685,0.104,0.750,32.000
0.902,0.919
.Decelerate
0.159,1.659,0.102,0.752,32.000
0.902,0.909
-0.060,1.863,0.114,0.750,32.000
0.902,0.902
-0.045,1.848,0.127,0.769,32.000
0.902,0.902
-0.029,1.832,0.107,0.741,32.000
0.873,0.902
.Decelerate
-0.018,1.801,0.059,0.764,33.000
0.873,0.892
.Decelerate
-0.004,1.767,0.045,0.746,33.000
0.873,0.882
0.013,1.733,-0.009,0.759,33.000
0.873,0.873
0.029,1.717,-0.011,0.749,33.000
0.843,0.873
.Decelerate
0.040,1.686,-0.011,0.756,34.000
0.843,0.863
.Decelerate
0.056,1.650,-0.010,0.753,34.000
0.843,0.853
-0.207,1.893,-0.010,0.749,34.000
0.843,0.843
-0.182,1.868,-0.011,0.754,34.000
0.843,0.843
-0.161,1.848,-0.016,0.749,34.000
0.813,0.843
.Decelerate
-0.139,1.805,-0.133,0.752,35.000
0.813,0.833
.Decelerate
-0.111,1.757,-0.181,0.744,35.000
0.813,0.823
.Decelerate
-0.082,1.709,-0.187,0.746,35.000
0.813,0.813
-0.058,1.684,-0.174,0.731,35.000
0.813,0.813
2.028,-0.403,-0.157,0.759,35.000
0.781,0.813
.Decelerate
-0.354,1.960,-0.136,0.664,36.000
0.781,0.803
.Decelerate
-0.309,1.894,-0.112,0.391,36.000
0.781,0.793
.Decelerate
-0.266,1.832,-0.047,0.250,36.000
0.781,0.783
-0.225,1.787,-0.164,0.265,36.000
0.781,0.781
-0.182,1.744,-0.259,0.374,36.000
0.748,0.781
.Decelerate
-0.651,2.193,-0.276,0.554,37.000
0.748,0.771
.Decelerate
-0.585,2.107,-0.290,0.687,37.000
0.748,0.761
.Decelerate
-0.531,2.032,-0.444,0.749,37.000
0.748,0.751
-0.475,1.970,-0.558,0.792,37.000
0.748,0.748
-0.429,1.924,-0.476,0.782,37.000
0.748,0.748
-0.384,1.879,-0.513,0.756,37.000
0.748,0.748
-0.340,1.835,-0.501,0.718,37.000
0.713,0.748
.Decelerate
-0.291,1.766,-0.458,0.713,38.000
0.713,0.738
.Decelerate
-0.995,2.450,-0.431,0.739,38.000
0.713,0.728
.Decelerate
-0.900,2.335,-0.418,0.731,38.000
0.713,0.718
-0.820,2.246,-0.491,0.727,38.000
0.713,0.713
-0.737,2.162,-0.571,0.714,38.000