.velList #0: 0.000
.velList #1: 0.225
.velList #2: 0.319
.velList #3: 0.390
.velList #4: 0.451
.velList #5: 0.504
.velList #6: 0.552
.velList #7: 0.596
.velList #8: 0.637
.velList #9: 0.676
.velList #10: 0.713
.velList #11: 0.748
.velList #12: 0.781
.velList #13: 0.813
.velList #14: 0.843
.velList #15: 0.873
.velList #16: 0.902
.velList #17: 0.929
.velList #18: 0.956
.velList #19: 0.982
.velList #20: 1.008
.velList #21: 1.033
.velList #22: 1.057
.velList #23: 1.081
.velList #24: 1.104
.velList #25: 1.081
.velList #26: 1.057
.velList #27: 1.033
.velList #28: 1.008
.velList #29: 0.982
.velList #30: 0.956
.velList #31: 0.929
.velList #32: 0.902
.velList #33: 0.873
.velList #34: 0.843
.velList #35: 0.813
.velList #36: 0.781
.velList #37: 0.748
.velList #38: 0.713
.velList #39: 0.676
.velList #40: 0.637
.velList #41: 0.596
.velList #42: 0.552
.velList #43: 0.504
.velList #44: 0.451
.velList #45: 0.390
.velList #46: 0.319
.velList #47: 0.225
.velList #48: 0.000
0.225,0.000
.Accelerate
0.020,0.020,0.000,-0.000,1.000
0.225,0.010
.Accelerate
0.040,0.040,0.000,-0.000,1.000
0.225,0.020
.Accelerate
0.060,0.060,0.000,-0.000,1.000
0.225,0.030
.Accelerate
0.080,0.080,0.000,-0.000,1.000
0.225,0.040
.Accelerate
0.100,0.100,0.000,-0.000,1.000
0.225,0.050
.Accelerate
0.120,0.120,0.000,-0.000,1.000
0.225,0.060
.Accelerate
0.140,0.140,0.000,-0.000,1.000
0.225,0.070
.Accelerate
0.160,0.160,0.000,-0.000,1.000
0.225,0.080
.Accelerate
0.180,0.180,0.000,-0.000,1.000
0.225,0.090
.Accelerate
0.200,0.200,0.000,-0.000,1.000
0.225,0.100
.Accelerate
0.220,0.220,0.000,-0.000,1.000
0.225,0.110
.Accelerate
0.240,0.240,0.000,-0.000,1.000
0.225,0.120
.Accelerate
0.260,0.260,0.000,-0.000,1.000
0.225,0.130
.Accelerate
0.280,0.280,0.000,-0.000,1.000
0.225,0.140
.Accelerate
0.300,0.300,0.000,-0.000,1.000
0.225,0.150
.Accelerate
0.320,0.320,0.000,-0.000,1.000
0.225,0.160
.Accelerate
0.340,0.340,0.000,-0.000,1.000
0.225,0.170
.Accelerate
0.360,0.360,0.000,-0.000,1.000
0.225,0.180
.Accelerate
0.380,0.380,0.000,-0.000,1.000
0.225,0.190
.Accelerate
0.400,0.400,0.000,-0.000,1.000
0.225,0.200
.Accelerate
0.420,0.420,0.000,-0.000,1.000
0.225,0.210
.Accelerate
0.440,0.440,0.000,-0.000,1.000
0.225,0.220
0.451,0.451,0.000,-0.000,1.000
0.225,0.225
0.451,0.451,0.000,-0.000,1.000
0.225,0.225
0.451,0.451,0.000,-0.000,1.000
0.225,0.225
0.451,0.451,0.000,-0.000,1.000
0.225,0.225
0.451,0.451,0.000,-0.000,1.000
0.225,0.225
0.451,0.451,0.000,-0.000,1.000
0.225,0.225
0.451,0.451,0.000,-0.000,1.000
0.225,0.225
0.451,0.451,0.000,-0.000,1.000
0.225,0.225
0.451,0.451,0.000,-0.000,1.000
0.225,0.225
0.451,0.451,0.000,-0.000,1.000
0.225,0.225
0.451,0.451,0.000,-0.000,1.000
0.225,0.225
0.451,0.451,0.000,-0.000,1.000
0.225,0.225
0.451,0.451,0.000,-0.000,1.000
0.225,0.225
0.451,0.451,0.000,-0.000,1.000
0.225,0.225
0.451,0.451,0.000,-0.000,1.000
0.225,0.225
0.451,0.451,0.000,-0.000,1.000
0.225,0.225
0.451,0.451,0.000,-0.000,1.000
0.225,0.225
0.451,0.451,0.000,-0.000,1.000
0.225,0.225
0.451,0.451,0.000,-0.000,1.000
0.225,0.225
0.451,0.451,0.000,-0.000,1.000
0.225,0.225
0.451,0.451,0.000,-0.000,1.000
0.225,0.225
0.451,0.451,0.000,-0.000,1.000
0.225,0.225
0.451,0.451,0.000,-0.000,1.000
0.225,0.225
0.451,0.451,0.000,-0.000,1.000
0.225,0.225
0.451,0.451,0.000,-0.000,1.000
0.225,0.225
0.451,0.451,0.000,-0.000,1.000
0.225,0.225
0.451,0.451,0.000,-0.000,1.000
0.225,0.225
0.451,0.451,0.000,-0.000,1.000
0.225,0.225
0.451,0.451,0.000,-0.000,1.000
0.225,0.225
0.451,0.451,0.000,-0.000,1.000
0.225,0.225
0.451,0.451,0.000,-0.000,1.000
0.225,0.225
0.451,0.451,0.000,-0.000,1.000
0.225,0.225
0.451,0.451,0.000,-0.000,1.000
0.225,0.225
0.451,0.451,0.000,-0.000,1.000
0.225,0.225
0.451,0.451,0.000,-0.000,1.000
0.225,0.225
0.451,0.451,0.000,-0.000,1.000
0.225,0.225
0.451,0.451,0.000,-0.000,1.000
0.225,0.225
0.451,0.451,0.000,-0.000,1.000
0.225,0.225
0.451,0.451,0.000,-0.000,1.000
0.225,0.225
0.451,0.451,0.000,-0.000,1.000
0.225,0.225
0.451,0.451,0.000,-0.000,1.000
0.225,0.225
0.451,0.451,0.000,-0.000,1.000
0.225,0.225
0.451,0.451,0.000,-0.000,1.000
0.225,0.225
0.451,0.451,0.000,-0.000,1.000
0.225,0.225
0.451,0.451,0.000,-0.000,1.000
0.225,0.225
0.451,0.451,0.000,-0.000,1.000
0.225,0.225
0.451,0.451,0.000,-0.000,1.000
0.225,0.225
0.451,0.451,0.000,-0.000,1.000
0.225,0.225
0.451,0.451,0.000,-0.000,1.000
0.225,0.225
0.451,0.451,0.000,-0.000,1.000
0.225,0.225
0.451,0.451,0.000,-0.000,1.000
0.225,0.225
0.451,0.451,0.000,-0.000,1.000
0.225,0.225
0.451,0.451,0.000,-0.000,1.000
0.225,0.225
0.451,0.451,0.000,-0.000,1.000
0.225,0.225
0.451,0.451,0.000,-0.000,1.000
0.225,0.225
0.451,0.451,0.000,-0.000,1.000
0.225,0.225
0.451,0.451,0.000,-0.000,1.000
0.225,0.225
0.451,0.451,0.000,-0.000,1.000
0.225,0.225
0.451,0.451,0.000,-0.000,1.000
0.225,0.225
0.451,0.451,0.000,-0.000,1.000
0.225,0.225
0.451,0.451,0.000,-0.000,1.000
0.225,0.225
0.451,0.451,0.000,-0.000,1.000
0.225,0.225
0.451,0.451,0.000,-0.000,1.000
0.225,0.225
0.451,0.451,0.000,-0.000,1.000
0.225,0.225
0.451,0.451,0.000,-0.000,1.000
0.225,0.225
0.451,0.451,0.000,-0.000,1.000
0.225,0.225
0.451,0.451,0.000,-0.000,1.000
0.225,0.225
0.451,0.451,0.000,-0.000,1.000
0.225,0.225
0.451,0.451,0.000,-0.000,1.000
0.225,0.225
0.451,0.451,0.000,-0.000,1.000
0.225,0.225
0.451,0.451,0.000,-0.000,1.000
0.225,0.225
0.451,0.451,0.000,-0.000,1.000
0.225,0.225
0.451,0.451,0.000,-0.000,1.000
0.225,0.225
0.451,0.451,0.000,-0.000,1.000
0.225,0.225
0.451,0.451,0.000,-0.000,1.000
0.225,0.225
0.451,0.451,0.000,-0.000,1.000
0.225,0.225
0.451,0.451,0.000,-0.000,1.000
0.225,0.225
0.451,0.451,0.000,-0.000,1.000
0.225,0.225
0.451,0.451,0.000,-0.000,1.000
0.225,0.225
0.451,0.451,0.000,-0.000,1.000
0.225,0.225
0.451,0.451,0.000,-0.000,1.000
0.225,0.225
0.451,0.451,0.000,-0.000,1.000
0.225,0.225
0.451,0.451,0.000,-0.000,1.000
0.225,0.225
0.451,0.451,0.000,-0.000,1.000
0.225,0.225
0.451,0.451,0.000,-0.000,1.000
0.225,0.225
0.451,0.451,0.000,-0.000,1.000
0.225,0.225
0.451,0.451,0.000,-0.000,1.000
0.225,0.225
0.451,0.451,0.000,-0.000,1.000
0.225,0.225
0.451,0.451,0.000,-0.000,1.000
0.225,0.225
0.451,0.451,0.000,-0.000,1.000
0.225,0.225
0.451,0.451,0.000,-0.000,1.000
0.225,0.225
0.451,0.451,0.000,-0.000,1.000
0.225,0.225
0.451,0.451,0.000,-0.000,1.000
0.225,0.225
0.451,0.451,0.000,-0.000,1.000
0.225,0.225
0.451,0.451,0.000,-0.000,1.000
0.225,0.225
0.451,0.451,0.000,-0.000,1.000
0.225,0.225
0.451,0.451,0.000,-0.000,1.000
0.225,0.225
0.451,0.451,0.000,-0.000,1.000
0.225,0.225
0.451,0.451,0.000,-0.000,1.000
0.225,0.225
0.451,0.451,0.000,-0.000,1.000
0.225,0.225
0.451,0.451,0.000,-0.000,1.000
0.225,0.225
0.451,0.451,0.000,-0.000,1.000
0.225,0.225
0.451,0.451,0.000,-0.000,1.000
0.225,0.225
0.451,0.451,0.000,-0.000,1.000
0.225,0.225
0.451,0.451,0.000,-0.000,1.000
0.225,0.225
0.451,0.451,0.000,-0.000,1.000
0.225,0.225
0.451,0.451,0.000,-0.000,1.000
0.225,0.225
0.451,0.451,0.000,-0.000,1.000
0.225,0.225
0.451,0.451,0.000,-0.000,1.000
0.225,0.225
0.451,0.451,0.000,-0.000,1.000
0.225,0.225
0.451,0.451,0.000,-0.000,1.000
0.225,0.225
0.451,0.451,0.000,-0.000,1.000
0.225,0.225
0.451,0.451,0.000,-0.000,1.000
0.225,0.225
0.451,0.451,0.000,-0.000,1.000
0.225,0.225
0.451,0.451,0.000,-0.000,1.000
0.225,0.225
0.451,0.451,0.000,-0.000,1.000
0.225,0.225
0.451,0.451,0.000,-0.000,1.000
0.225,0.225
0.451,0.451,0.000,-0.000,1.000
0.225,0.225
0.451,0.451,0.000,-0.000,1.000
0.225,0.225
0.451,0.451,0.000,-0.000,1.000
0.225,0.225
0.451,0.451,0.000,-0.000,1.000
0.225,0.225
0.451,0.451,0.000,-0.000,1.000
0.225,0.225
0.451,0.451,0.000,-0.000,1.000
0.225,0.225
0.451,0.451,0.000,-0.000,1.000
0.225,0.225
0.451,0.451,0.000,-0.000,1.000
0.225,0.225
0.451,0.451,0.000,-0.000,1.000
0.225,0.225
0.451,0.451,0.000,-0.000,1.000
0.225,0.225
0.451,0.451,0.000,-0.000,1.000
0.225,0.225
0.451,0.451,0.000,-0.000,1.000
0.225,0.225
0.451,0.451,0.000,-0.000,1.000
0.225,0.225
0.451,0.451,0.000,-0.000,1.000
0.225,0.225
0.451,0.451,0.000,-0.000,1.000
0.225,0.225
0.451,0.451,0.000,-0.000,1.000
0.225,0.225
0.451,0.451,0.000,-0.000,1.000
0.225,0.225
0.451,0.451,0.000,-0.000,1.000
0.225,0.225
0.451,0.451,0.000,-0.000,1.000
0.225,0.225
0.451,0.451,0.000,-0.000,1.000
0.225,0.225
0.451,0.451,0.000,-0.000,1.000
0.225,0.225
0.451,0.451,0.000,-0.000,1.000
0.225,0.225
0.451,0.451,0.000,-0.000,1.000
0.225,0.225
0.451,0.451,0.000,-0.000,1.000
0.225,0.225
0.451,0.451,0.000,-0.000,1.000
0.225,0.225
0.451,0.451,0.000,-0.000,1.000
0.225,0.225
0.451,0.451,0.000,-0.000,1.000
0.225,0.225
0.451,0.451,0.000,-0.000,1.000
0.225,0.225
0.451,0.451,0.000,-0.000,1.000
0.225,0.225
0.451,0.451,0.000,-0.000,1.000
0.225,0.225
0.451,0.451,0.000,-0.000,1.000
0.225,0.225
0.451,0.451,0.000,-0.000,1.000
0.225,0.225
0.451,0.451,0.000,-0.000,1.000
0.225,0.225
0.451,0.451,0.000,-0.000,1.000
0.225,0.225
0.451,0.451,0.000,-0.000,1.000
0.225,0.225
0.451,0.451,0.000,-0.000,1.000
0.225,0.225
0.451,0.451,0.000,-0.000,1.000
0.225,0.225
0.451,0.451,0.000,-0.000,1.000
0.225,0.225
0.451,0.451,0.000,-0.000,1.000
0.225,0.225
0.451,0.451,0.000,-0.000,1.000
0.225,0.225
0.451,0.451,0.000,-0.000,1.000
0.225,0.225
0.451,0.451,0.000,-0.000,1.000
0.225,0.225
0.451,0.451,0.000,-0.000,1.000
0.225,0.225
0.451,0.451,0.000,-0.000,1.000
0.225,0.225
0.451,0.451,0.000,-0.000,1.000
0.225,0.225
0.451,0.451,0.000,-0.000,1.000
0.225,0.225
0.451,0.451,0.000,-0.000,1.000
0.225,0.225
0.451,0.451,0.000,-0.000,1.000
0.225,0.225
0.451,0.451,0.000,-0.000,1.000
0.225,0.225
0.451,0.451,0.000,-0.000,1.000
0.225,0.225
0.451,0.451,0.000,-0.000,1.000
0.225,0.225
0.451,0.451,0.000,-0.000,1.000
0.225,0.225
0.451,0.451,0.000,-0.000,1.000
0.225,0.225
0.451,0.451,0.000,-0.000,1.000
0.225,0.225
0.451,0.451,0.000,-0.000,1.000
0.225,0.225
0.451,0.451,0.000,-0.000,1.000
0.225,0.225
0.451,0.451,0.000,-0.000,1.000
0.225,0.225
0.451,0.451,0.000,-0.000,1.000
0.225,0.225
0.451,0.451,0.000,-0.000,1.000
0.225,0.225
0.451,0.451,0.000,-0.000,1.000
0.225,0.225
0.451,0.451,0.000,-0.000,1.000
0.225,0.225
0.451,0.451,0.000,-0.000,1.000
0.225,0.225
0.451,0.451,0.000,-0.000,1.000
0.225,0.225
0.451,0.451,0.000,-0.000,1.000
0.225,0.225
0.451,0.451,0.000,-0.000,1.000
0.225,0.225
0.451,0.451,0.000,-0.000,1.000
0.225,0.225
0.451,0.451,0.000,-0.000,1.000
0.225,0.225
0.451,0.451,0.000,-0.000,1.000
0.225,0.225
0.451,0.451,0.000,-0.000,1.000
0.225,0.225
0.451,0.451,0.000,-0.000,1.000
0.225,0.225
0.451,0.451,0.000,-0.000,1.000
0.225,0.225
0.451,0.451,0.000,-0.000,1.000
0.225,0.225
0.451,0.451,0.000,-0.000,1.000
0.225,0.225
0.451,0.451,0.000,-0.000,1.000
0.225,0.225
0.451,0.451,0.000,-0.000,1.000
0.225,0.225
0.451,0.451,0.000,-0.000,1.000
0.225,0.225
0.451,0.451,0.000,-0.000,1.000
0.225,0.225
0.451,0.451,0.000,-0.000,1.000
0.225,0.225
0.451,0.451,0.000,-0.000,1.000
0.225,0.225
0.451,0.451,0.000,-0.000,1.000
0.225,0.225
0.451,0.451,0.000,-0.000,1.000
0.225,0.225
0.451,0.451,0.000,-0.000,1.000
0.225,0.225
0.451,0.451,0.000,-0.000,1.000
0.225,0.225
0.451,0.451,0.000,-0.000,1.000
0.225,0.225
0.451,0.451,0.000,-0.000,1.000
0.225,0.225
0.451,0.451,0.000,-0.000,1.000
0.225,0.225
0.451,0.451,0.000,-0.000,1.000
0.225,0.225
0.451,0.451,0.000,-0.000,1.000
0.225,0.225
0.440,0.462,0.000,-0.000,1.000
0.225,0.225
0.460,0.441,0.000,-0.000,1.000
0.225,0.225
0.460,0.441,0.000,-0.000,1.000
0.225,0.225
0.460,0.441,0.000,-0.000,1.000
0.225,0.225
0.460,0.441,0.000,-0.000,1.000
0.225,0.225
0.460,0.441,0.000,-0.000,1.000
0.225,0.225
0.460,0.441,0.000,-0.000,1.000
0.225,0.225
0.460,0.441,0.000,-0.000,1.000
0.225,0.225
0.460,0.441,0.000,-0.000,1.000
0.225,0.225
0.460,0.441,0.000,-0.000,1.000
0.225,0.225
0.460,0.441,0.000,-0.000,1.000
0.225,0.225
0.460,0.441,0.000,-0.000,1.000
0.225,0.225
0.460,0.441,0.000,-0.000,1.000
0.225,0.225
0.460,0.441,0.000,-0.000,1.000
0.225,0.225
0.471,0.431,0.000,-0.000,1.000
0.225,0.225
0.460,0.441,0.000,-0.000,1.000
0.225,0.225
0.471,0.431,0.000,-0.000,1.000
0.225,0.225
0.471,0.431,0.000,-0.000,1.000
0.225,0.225
0.471,0.431,0.000,-0.000,1.000
0.225,0.225
0.460,0.441,0.000,-0.000,1.000
0.225,0.225
0.471,0.431,0.000,-0.000,1.000
0.225,0.225
0.482,0.420,0.000,-0.000,1.000
0.225,0.225
0.471,0.431,0.000,0.013,1.000
0.225,0.225
0.460,0.441,0.010,0.012,1.000
0.225,0.225
0.460,0.441,0.010,0.012,1.000
0.225,0.225
0.460,0.441,0.062,0.012,1.000
0.225,0.225
0.460,0.441,0.062,0.012,1.000
0.225,0.225
0.471,0.431,0.062,0.011,1.000
0.225,0.225
0.460,0.441,0.062,0.011,1.000
0.225,0.225
0.471,0.431,0.033,0.012,1.000
0.225,0.225
0.482,0.420,0.028,0.011,1.000
0.225,0.225
0.460,0.441,0.027,0.011,1.000
0.225,0.225
0.460,0.441,0.030,0.011,1.000
0.225,0.225
0.471,0.431,0.030,0.014,1.000
0.225,0.225
0.460,0.441,0.030,0.019,1.000
0.225,0.225
0.460,0.442,0.032,0.032,1.000
0.225,0.225
0.460,0.442,0.035,0.032,1.000
0.225,0.225
0.449,0.452,0.042,0.035,1.000
0.225,0.225
0.460,0.442,0.047,0.037,1.000
0.225,0.225
0.460,0.442,0.052,0.050,1.000
0.225,0.225
0.449,0.453,0.054,0.058,1.000
0.225,0.225
0.460,0.442,0.057,0.063,1.000
0.225,0.225
0.438,0.464,0.061,0.068,1.000
0.225,0.225
0.438,0.464,0.069,0.072,1.000
0.225,0.225
0.426,0.475,0.076,0.077,1.000
0.225,0.225
0.437,0.465,0.083,0.083,1.000
0.225,0.225
0.425,0.476,0.091,0.087,1.000
0.225,0.225
0.414,0.488,0.099,0.091,1.000
0.225,0.225
0.425,0.477,0.107,0.095,1.000
0.225,0.225
0.413,0.488,0.111,0.100,1.000
0.225,0.225
0.434,0.467,0.113,0.105,1.000
0.225,0.225
0.412,0.490,0.117,0.112,1.000
0.225,0.225
0.451,0.451,0.119,0.117,1.000
0.225,0.225
0.451,0.451,0.126,0.121,1.000
0.225,0.225
0.451,0.451,0.137,0.135,1.000
0.225,0.225
0.451,0.451,0.144,0.138,1.000
0.225,0.225
0.451,0.451,0.147,0.142,1.000
0.319,0.225
.Accelerate
0.425,0.517,0.151,0.142,2.000
0.319,0.235
.Accelerate
0.442,0.540,0.155,0.145,2.000
0.319,0.245
.Accelerate
0.446,0.575,0.159,0.149,2.000
0.319,0.255
.Accelerate
0.462,0.599,0.161,0.154,2.000
0.319,0.265
.Accelerate
0.478,0.624,0.160,0.165,2.000
0.319,0.275
.Accelerate
0.494,0.648,0.167,0.172,2.000
0.319,0.285
.Accelerate
0.591,0.591,0.166,0.177,2.000
0.319,0.295
.Accelerate
0.611,0.611,0.174,0.184,2.000
0.319,0.305
.Accelerate
0.631,0.631,0.178,0.185,2.000
0.390,0.315
.Accelerate
0.586,0.715,0.178,0.191,3.000
0.390,0.325
.Accelerate
0.586,0.756,0.185,0.199,3.000
0.390,0.335
.Accelerate
0.585,0.797,0.187,0.212,3.000
0.390,0.345
.Accelerate
0.599,0.823,0.194,0.220,3.000
0.390,0.355
.Accelerate
0.613,0.848,0.193,0.216,3.000
0.390,0.365
.Accelerate
0.751,0.751,0.198,0.217,3.000
0.390,0.375
.Accelerate
0.771,0.771,0.197,0.222,3.000
0.451,0.385
.Accelerate
0.673,0.909,0.202,0.231,4.000
0.451,0.395
.Accelerate
0.708,0.914,0.201,0.235,4.000
0.451,0.405
.Accelerate
0.723,0.938,0.207,0.234,4.000
0.451,0.415
.Accelerate
0.760,0.942,0.207,0.244,4.000
0.451,0.425
.Accelerate
0.871,0.871,0.209,0.239,4.000
0.451,0.435
.Accelerate
0.891,0.891,0.204,0.232,4.000
0.451,0.445
0.901,0.902,0.207,0.231,4.000
0.504,0.451
.Accelerate
0.839,1.004,0.210,0.231,5.000
0.504,0.461
.Accelerate
0.879,1.004,0.217,0.239,5.000
0.504,0.471
.Accelerate
0.945,0.978,0.213,0.241,5.000
0.504,0.481
.Accelerate
0.990,0.973,0.212,0.239,5.000
0.504,0.491
.Accelerate
1.002,1.002,0.208,0.242,5.000
0.504,0.501
1.008,1.008,0.208,0.236,5.000
0.504,0.504
1.008,1.008,0.208,0.239,5.000
0.504,0.504
1.008,1.008,0.211,0.245,5.000
0.552,0.504
.Accelerate
1.100,0.956,0.210,0.245,6.000
0.552,0.514
.Accelerate
1.150,0.946,0.214,0.247,6.000
0.552,0.524
.Accelerate
1.068,1.068,0.216,0.248,6.000
0.552,0.534
.Accelerate
1.088,1.088,0.216,0.244,6.000
0.552,0.544
1.105,1.104,0.218,0.249,6.000
0.596,0.552
.Accelerate
1.340,0.909,0.221,0.243,7.000
0.596,0.562
.Accelerate
1.370,0.919,0.223,0.249,7.000
0.596,0.572
.Accelerate
1.400,0.928,0.226,0.248,7.000
0.596,0.582
.Accelerate
1.459,0.909,0.232,0.236,7.000
0.596,0.592
1.193,1.192,0.228,0.237,7.000
0.596,0.596
1.193,1.192,0.226,0.243,7.000
0.596,0.596
1.193,1.192,0.230,0.245,7.000
0.637,0.596
.Accelerate
1.594,0.831,0.231,0.244,8.000
0.637,0.606
.Accelerate
1.630,0.836,0.230,0.231,8.000
0.637,0.616
.Accelerate
1.665,0.840,0.219,0.225,8.000
0.637,0.626
.Accelerate
1.274,1.272,0.214,0.224,8.000
0.637,0.636
1.276,1.274,0.211,0.228,8.000
0.637,0.637
1.276,1.274,0.216,0.233,8.000
0.676,0.637
.Accelerate
1.789,0.801,0.225,0.233,9.000
0.676,0.647
.Accelerate
1.859,0.771,0.224,0.227,9.000
0.676,0.657
.Accelerate
1.865,0.805,0.226,0.226,9.000
0.676,0.667
1.898,0.806,0.226,0.223,9.000
0.676,0.676
1.354,1.351,0.225,0.219,9.000
0.676,0.676
1.354,1.351,0.224,0.214,9.000
0.676,0.676
1.354,1.351,0.220,0.218,9.000
0.713,0.676
.Accelerate
2.015,0.729,0.226,0.226,10.000
0.713,0.686
.Accelerate
2.091,0.694,0.226,0.227,10.000
0.713,0.696
.Accelerate
2.098,0.727,0.227,0.227,10.000
0.713,0.706
2.128,0.723,0.227,0.218,10.000
0.713,0.713
1.427,1.423,0.221,0.222,10.000
0.713,0.713
1.428,1.423,0.216,0.223,10.000
0.713,0.713
1.428,1.423,0.215,0.226,10.000
0.748,0.713
.Accelerate
2.215,0.676,0.220,0.220,11.000
0.748,0.723
.Accelerate
2.259,0.672,0.224,0.213,11.000
0.748,0.733
.Accelerate
2.338,0.633,0.217,0.214,11.000
0.748,0.743
2.404,0.587,0.207,0.212,11.000
0.748,0.748
1.498,1.492,0.203,0.219,11.000
0.748,0.748
1.498,1.492,0.207,0.218,11.000
0.748,0.748
1.498,1.492,0.200,0.210,11.000
0.781,0.748
.Accelerate
2.501,0.529,0.194,0.203,12.000
0.781,0.758
.Accelerate
2.508,0.562,0.198,0.205,12.000
0.781,0.768
.Accelerate
2.553,0.557,0.197,0.202,12.000
0.781,0.778
2.539,0.584,0.202,0.206,12.000
0.781,0.781
1.565,1.558,0.201,0.207,12.000
0.781,0.781
1.565,1.559,0.199,0.207,12.000
0.781,0.781
1.565,1.558,0.197,0.213,12.000
0.781,0.781
1.565,1.559,0.195,0.208,12.000
0.813,0.781
.Accelerate
2.601,0.562,0.196,0.205,13.000
0.813,0.791
.Accelerate
2.685,0.518,0.198,0.196,13.000
0.813,0.801
.Accelerate
2.691,0.552,0.200,0.191,13.000
0.813,0.811
2.711,0.540,0.199,0.187,13.000
0.813,0.813
2.724,0.527,0.198,0.188,13.000
0.813,0.813
1.629,1.622,0.199,0.192,13.000
0.813,0.813
1.629,1.622,0.206,0.193,13.000
0.813,0.813
1.629,1.622,0.207,0.188,13.000
0.843,0.813
.Accelerate
2.815,0.476,0.207,0.185,14.000
0.843,0.823
.Accelerate
2.822,0.508,0.195,0.176,14.000
0.843,0.833
.Accelerate
2.866,0.504,0.196,0.174,14.000
0.843,0.843
2.878,0.495,0.193,0.169,14.000
0.843,0.843
2.848,0.525,0.189,0.164,14.000
0.843,0.843
1.691,1.683,0.194,0.161,14.000
0.843,0.843
1.691,1.683,0.192,0.157,14.000
0.843,0.843
1.690,1.683,0.196,0.157,14.000
0.873,0.843
.Accelerate
2.801,0.612,0.197,0.166,15.000
0.873,0.853
.Accelerate
2.799,0.654,0.193,0.166,15.000
0.873,0.863
2.837,0.655,0.192,0.169,15.000
0.873,0.873
2.801,0.691,0.186,0.163,15.000
0.873,0.873
2.765,0.727,0.183,0.159,15.000
0.873,0.873
1.749,1.742,0.180,0.155,15.000
0.873,0.873
1.750,1.742,0.172,0.154,15.000
0.873,0.873
1.750,1.742,0.172,0.155,15.000
0.873,0.873
1.749,1.742,0.175,0.152,15.000
0.902,0.873
.Accelerate
2.644,0.888,0.179,0.152,16.000
0.902,0.883
.Accelerate
2.676,0.896,0.184,0.147,16.000
0.902,0.893
2.703,0.903,0.182,0.146,16.000
0.902,0.902
2.749,0.857,0.185,0.145,16.000
0.902,0.902
2.752,0.854,0.184,0.138,16.000
0.902,0.902
1.806,1.800,0.186,0.136,16.000
0.902,0.902
1.806,1.800,0.189,0.138,16.000
0.902,0.902
1.806,1.800,0.187,0.138,16.000
0.902,0.902
1.806,1.800,0.183,0.133,16.000
0.929,0.902
.Accelerate
2.466,1.180,0.184,0.132,17.000
0.929,0.912
.Accelerate
2.317,1.370,0.181,0.129,17.000
0.929,0.922
2.286,1.431,0.186,0.123,17.000
0.929,0.929
2.280,1.437,0.193,0.125,17.000
0.929,0.929
2.230,1.487,0.197,0.122,17.000
0.929,0.929
2.179,1.539,0.198,0.118,17.000
0.929,0.929
1.860,1.858,0.202,0.120,17.000
0.929,0.929
1.859,1.858,0.208,0.117,17.000
0.929,0.929
1.858,1.859,0.210,0.121,17.000
0.929,0.929
1.858,1.859,0.210,0.118,17.000
0.956,0.929
.Accelerate
1.550,2.207,0.208,0.117,18.000
0.956,0.939
.Accelerate
1.506,2.291,0.207,0.118,18.000
0.956,0.949
1.407,2.418,0.213,0.113,18.000
0.956,0.956
1.209,2.616,0.219,0.106,18.000
0.956,0.956
1.103,2.722,0.227,0.108,18.000
0.956,0.956
1.039,2.786,0.231,0.103,18.000
0.956,0.956
1.908,1.917,0.226,0.098,18.000
0.956,0.956
1.907,1.918,0.223,0.095,18.000
0.956,0.956
1.906,1.919,0.219,0.099,18.000
0.982,0.956
.Accelerate
0.173,3.692,0.222,0.103,19.000
0.982,0.966
.Accelerate
-0.038,3.943,0.220,0.109,19.000
0.982,0.976
-0.166,4.096,0.221,0.118,19.000
0.982,0.982
-0.253,4.182,0.222,0.121,19.000
0.982,0.982
-0.419,4.349,0.219,0.126,19.000
0.982,0.982
-0.455,4.384,0.218,0.131,19.000
0.982,0.982
-0.631,4.561,0.211,0.135,19.000
0.982,0.982
1.952,1.978,0.207,0.140,19.000
0.982,0.982
1.951,1.979,0.204,0.143,19.000
0.982,0.982
1.950,1.980,0.201,0.148,19.000
1.008,0.982
.Accelerate
-1.193,5.163,0.204,0.155,20.000
1.008,0.992
.Accelerate
-1.300,5.310,0.203,0.158,20.000
1.008,1.002
-1.494,5.526,0.206,0.166,20.000
1.008,1.008
-1.682,5.714,0.197,0.171,20.000
1.008,1.008
-1.693,5.725,0.198,0.185,20.000
1.008,1.008
-1.826,5.858,0.195,0.191,20.000
1.008,1.008
-1.916,5.948,0.199,0.204,20.000
1.008,1.008
-2.024,6.056,0.200,0.207,20.000
1.008,1.008
1.995,2.037,0.200,0.205,20.000
1.033,1.008
.Accelerate
-2.244,6.316,0.198,0.205,21.000
1.033,1.018
.Accelerate
-2.357,6.469,0.196,0.202,21.000
1.033,1.028
-2.526,6.657,0.196,0.204,21.000
1.033,1.033
-2.672,6.804,0.198,0.208,21.000
1.033,1.033
-2.726,6.858,0.205,0.214,21.000
1.033,1.033
-2.976,7.107,0.214,0.221,21.000
1.033,1.033
-2.974,7.106,0.213,0.223,21.000
1.033,1.033
-3.166,7.298,0.220,0.233,21.000
1.057,1.033
.Accelerate
-3.203,7.375,0.214,0.237,22.000
1.057,1.043
.Accelerate
-3.390,7.602,0.217,0.233,22.000
1.057,1.053
-3.550,7.779,0.215,0.231,22.000
1.057,1.057
-3.650,7.879,0.212,0.225,22.000
1.057,1.057
-3.852,8.081,0.215,0.227,22.000
1.057,1.057
-3.952,8.181,0.217,0.231,22.000
1.057,1.057
-4.107,8.336,0.223,0.233,22.000
1.057,1.057
-4.263,8.491,0.232,0.235,22.000
1.081,1.057
.Accelerate
-4.402,8.671,0.232,0.232,23.000
1.081,1.067
.Accelerate
-4.504,8.813,0.221,0.225,23.000
1.081,1.077
-4.725,9.049,0.218,0.228,23.000
1.081,1.081
-4.884,9.208,0.219,0.231,23.000
1.081,1.081
-4.878,9.201,0.225,0.228,23.000
1.081,1.081
-4.938,9.262,0.231,0.228,23.000
1.081,1.081
-5.154,9.478,0.236,0.225,23.000
1.104,1.081
.Accelerate
-5.313,9.677,0.239,0.221,24.000
1.104,1.091
.Accelerate
-5.466,9.869,0.239,0.225,24.000
1.104,1.101
-5.594,10.011,0.243,0.222,24.000
1.104,1.104
-5.670,10.087,0.252,0.225,24.000
1.104,1.104
-5.724,10.141,0.246,0.224,24.000
1.104,1.104
-5.789,10.206,0.252,0.224,24.000
1.104,1.104
-5.903,10.320,0.241,0.231,24.000
1.104,1.104
-1.475,5.891,0.244,0.234,24.000
1.081,1.104
.Decelerate
-1.519,5.895,0.254,0.238,25.000
1.081,1.094
.Decelerate
-1.536,5.872,0.259,0.243,25.000
1.081,1.084
-1.541,5.864,0.262,0.254,25.000
1.081,1.081
-1.592,5.916,0.264,0.259,25.000
1.081,1.081
-1.628,5.952,0.274,0.271,25.000
1.081,1.081
-1.706,6.030,0.281,0.269,25.000
1.057,1.081
.Decelerate
-1.733,6.017,0.282,0.269,26.000
1.057,1.071
.Decelerate
-1.774,6.018,0.283,0.264,26.000
1.057,1.061
-1.826,6.055,0.289,0.276,26.000
1.057,1.057
-1.870,6.099,0.296,0.291,26.000
1.057,1.057
-1.887,6.116,0.299,0.302,26.000
1.057,1.057
-1.951,6.180,0.299,0.304,26.000
1.033,1.057
.Decelerate
-1.970,6.159,0.295,0.312,27.000
1.033,1.047
.Decelerate
-1.994,6.143,0.296,0.301,27.000
1.033,1.037
-2.095,6.226,0.294,0.301,27.000
1.033,1.033
-2.140,6.271,0.295,0.308,27.000
1.033,1.033
-2.159,6.291,0.298,0.315,27.000
1.033,1.033
-2.245,6.376,0.305,0.320,27.000
1.008,1.033
.Decelerate
-2.267,6.358,0.305,0.315,28.000
1.008,1.023
.Decelerate
-2.288,6.340,0.311,0.311,28.000
1.008,1.013
-2.399,6.431,0.314,0.312,28.000
1.008,1.008
-2.464,6.495,0.324,0.306,28.000
1.008,1.008
-2.529,6.560,0.321,0.304,28.000
0.982,1.008
.Decelerate
-2.550,6.541,0.313,0.295,29.000
0.982,0.998
.Decelerate
-2.609,6.561,0.315,0.294,29.000
0.982,0.988
-2.716,6.646,0.315,0.296,29.000
0.982,0.982
-2.714,6.643,0.307,0.294,29.000
0.982,0.982
-2.759,6.689,0.306,0.298,29.000
0.982,0.982
-2.799,6.728,0.289,0.309,29.000
0.956,0.982
.Decelerate
-2.791,6.681,0.285,0.313,30.000
0.956,0.972
.Decelerate
-2.763,6.613,0.275,0.325,30.000
0.956,0.962
-2.801,6.626,0.273,0.335,30.000
0.956,0.956
-2.814,6.639,0.265,0.345,30.000
0.956,0.956
6.674,-2.849,0.263,0.336,30.000
0.956,0.956
6.667,-2.842,0.259,0.324,30.000
0.929,0.956
.Decelerate
-0.773,4.558,0.251,0.323,31.000
0.929,0.946
.Decelerate
-0.773,4.518,0.253,0.325,31.000
0.929,0.936
-0.765,4.482,0.259,0.318,31.000
0.929,0.929
-0.782,4.499,0.264,0.312,31.000
0.929,0.929
-0.789,4.506,0.265,0.311,31.000
0.902,0.929
.Decelerate
-0.787,4.465,0.271,0.310,32.000
0.902,0.919
.Decelerate
-0.783,4.420,0.274,0.313,32.000
0.902,0.909
-0.794,4.400,0.288,0.313,32.000
0.902,0.902
-0.800,4.406,0.299,0.309,32.000
0.902,0.902
-0.818,4.424,0.305,0.313,32.000
0.902,0.902
-0.811,4.417,0.311,0.314,32.000
0.873,0.902
.Decelerate
-0.828,4.395,0.316,0.315,33.000
0.873,0.892
.Decelerate
-0.846,4.372,0.308,0.329,33.000
0.873,0.882
-0.831,4.323,0.309,0.328,33.000
0.873,0.873
-0.847,4.339,0.305,0.323,33.000
0.873,0.873
-0.852,4.343,0.295,0.323,33.000
0.843,0.873
.Decelerate
-0.846,4.298,0.291,0.329,34.000
0.843,0.863
.Decelerate
-0.851,4.263,0.286,0.330,34.000
0.843,0.853
-0.845,4.219,0.284,0.326,34.000
0.843,0.843
-0.858,4.231,0.287,0.311,34.000
0.843,0.843
-0.850,4.223,0.282,0.316,34.000
0.843,0.843
-0.852,4.226,0.272,0.321,34.000
0.813,0.843
.Decelerate
-0.844,4.177,0.261,0.327,35.000
0.813,0.833
.Decelerate
-0.834,4.128,0.259,0.333,35.000
0.813,0.823
.Decelerate
-0.815,4.068,0.250,0.322,35.000
0.813,0.813
-0.813,4.064,0.240,0.317,35.000
0.813,0.813
-0.812,4.063,0.231,0.312,35.000
0.813,0.813
-0.791,4.042,0.228,0.309,35.000
0.781,0.813
.Decelerate
-0.760,3.970,0.221,0.308,36.000
0.781,0.803
.Decelerate
-0.728,3.899,0.208,0.299,36.000
0.781,0.793
.Decelerate
-0.688,3.818,0.203,0.291,36.000
0.781,0.783
-0.647,3.770,0.195,0.290,36.000
0.781,0.781
-2.325,5.448,0.187,0.285,36.000
0.781,0.781
-2.255,5.378,0.174,0.286,36.000
0.781,0.781
-2.197,5.320,0.173,0.277,36.000
0.748,0.781
.Decelerate
-2.145,5.228,0.171,0.279,37.000
0.748,0.771
.Decelerate
-2.060,5.103,0.172,0.286,37.000
0.748,0.761
.Decelerate
-1.960,4.963,0.174,0.289,37.000
0.748,0.751
-1.922,4.912,0.182,0.292,37.000
0.748,0.748
-1.896,4.886,0.191,0.291,37.000
0.748,0.748
-1.867,4.857,0.200,0.290,37.000
0.748,0.748
-1.806,4.797,0.210,0.292,37.000
0.713,0.748
.Decelerate
-1.800,4.750,0.216,0.278,38.000
0.713,0.738
.Decelerate
-1.746,4.656,0.226,0.274,38.000
0.713,0.728
.Decelerate
-1.679,4.549,0.231,0.280,38.000
0.713,0.718
-1.624,4.475,0.239,0.276,38.000
0.713,0.713
-1.641,4.492,0.249,0.274,38.000
0.713,0.713
-1.581,4.432,0.267,0.267,38.000
0.713,0.713
-1.613,4.464,0.281,0.259,38.000
0.676,0.713
.Decelerate
-1.591,4.402,0.289,0.257,39.000
0.676,0.703
.Decelerate
-1.585,4.356,0.290,0.267,39.000
0.676,0.693
.Decelerate
-1.563,4.294,0.290,0.271,39.000
0.676,0.683
-1.535,4.240,0.291,0.263,39.000
0.676,0.676
-1.521,4.226,0.290,0.267,39.000
0.676,0.676
-1.521,4.226,0.297,0.277,39.000
0.637,0.676
.Decelerate
-1.499,4.164,0.310,0.286,40.000
0.637,0.666
.Decelerate
-1.506,4.131,0.317,0.291,40.000
0.637,0.656
.Decelerate
-1.459,4.044,0.314,0.301,40.000
0.637,0.646
-1.455,4.005,0.321,0.307,40.000
0.637,0.637
-1.471,4.021,0.329,0.304,40.000
0.596,0.637
.Decelerate
-1.401,3.911,0.330,0.297,41.000
0.596,0.627
.Decelerate
-1.408,3.878,0.329,0.288,41.000
0.596,0.617
.Decelerate
-1.340,3.770,0.326,0.293,41.000
0.596,0.607
.Decelerate
-1.362,3.752,0.333,0.292,41.000
0.596,0.597
-1.340,3.725,0.336,0.284,41.000
0.552,0.596
.Decelerate
-1.272,3.618,0.340,0.288,42.000
0.552,0.586
.Decelerate
-1.254,3.560,0.341,0.295,42.000
0.552,0.576
.Decelerate
-1.226,3.491,0.331,0.322,42.000
0.552,0.566
.Decelerate
-1.186,3.411,0.320,0.325,42.000
0.552,0.556
-1.181,3.389,0.321,0.321,42.000
0.552,0.552
-1.209,3.418,0.307,0.324,42.000
0.504,0.552
.Decelerate
-1.170,3.339,0.306,0.323,43.000
0.504,0.542
.Decelerate
-1.120,3.249,0.301,0.317,43.000
0.504,0.532
.Decelerate
-1.083,3.171,0.301,0.320,43.000
0.504,0.522
.Decelerate
-1.034,3.082,0.310,0.318,43.000
0.504,0.512
-1.001,3.017,0.315,0.304,43.000
0.451,0.504
.Decelerate
-0.976,2.952,0.311,0.296,44.000
0.451,0.494
.Decelerate
-0.942,2.878,0.306,0.290,44.000
0.451,0.484
.Decelerate
-0.906,2.802,0.303,0.290,44.000
0.451,0.474
.Decelerate
-0.853,2.709,0.301,0.287,44.000
0.451,0.464
.Decelerate
-0.810,2.626,0.292,0.275,44.000
0.451,0.454
-0.779,2.582,0.287,0.266,44.000
0.390,0.451
.Decelerate
-0.756,2.519,0.281,0.261,45.000
0.390,0.441
.Decelerate
-0.707,2.430,0.274,0.257,45.000
0.390,0.431
.Decelerate
-0.695,2.378,0.265,0.256,45.000
0.390,0.421
.Decelerate
-0.648,2.292,0.259,0.245,45.000
0.390,0.411
.Decelerate
-0.628,2.231,0.254,0.235,45.000
0.390,0.401
.Decelerate
-0.600,2.163,0.257,0.233,45.000
0.390,0.391
-0.562,2.124,0.255,0.229,45.000
0.319,0.390
.Decelerate
-0.408,1.930,0.244,0.220,46.000
0.319,0.380
.Decelerate
-0.474,1.956,0.236,0.209,46.000
0.319,0.370
.Decelerate
-0.517,1.959,0.229,0.203,46.000
0.319,0.360
.Decelerate
-0.569,1.970,0.225,0.199,46.000
0.319,0.350
.Decelerate
-0.613,1.975,0.220,0.188,46.000
0.319,0.340
.Decelerate
-0.658,1.980,0.212,0.181,46.000
0.319,0.330
.Decelerate
-0.685,1.967,0.200,0.169,46.000
0.319,0.320
-0.723,1.998,0.192,0.158,46.000
0.319,0.319
-0.773,2.048,0.180,0.146,46.000
0.319,0.319
-0.807,2.082,0.172,0.134,46.000
0.319,0.319
-0.841,2.116,0.160,0.121,46.000
0.319,0.319
-0.887,2.162,0.147,0.111,46.000
0.225,0.319
.Decelerate
-0.877,2.112,0.130,0.098,47.000
0.225,0.309
.Decelerate
-0.877,2.072,0.109,0.087,47.000
0.225,0.299
.Decelerate
-0.869,2.024,0.088,0.073,47.000
0.225,0.289
.Decelerate
-0.850,1.965,0.069,0.059,47.000
0.225,0.279
.Decelerate
-0.835,1.910,0.049,0.052,47.000
0.225,0.269
.Decelerate
-0.814,1.849,0.049,0.042,47.000
0.225,0.259
.Decelerate
-0.783,1.778,0.049,0.034,47.000
0.225,0.249
.Decelerate
-0.766,1.721,0.047,0.034,47.000
0.225,0.239
.Decelerate
-0.737,1.652,0.047,0.034,47.000
0.225,0.229
-0.726,1.628,0.047,0.034,47.000
0.225,0.225
-0.726,1.628,0.039,0.034,47.000
0.225,0.225
-0.698,1.599,0.039,0.031,47.000
0.225,0.225
-0.707,1.609,0.039,0.031,47.000
0.225,0.225
-0.710,1.612,0.036,0.027,47.000
0.225,0.225
-0.710,1.612,0.036,0.024,47.000
0.225,0.225
-0.710,1.612,0.036,0.024,47.000
0.225,0.225
-0.710,1.612,0.010,0.028,47.000
0.225,0.225
-0.710,1.612,0.010,0.019,47.000
0.225,0.225
-0.710,1.612,0.010,0.019,47.000
0.225,0.225
-0.710,1.612,0.000,-0.008,47.000
0.225,0.225
-0.710,1.612,0.000,-0.000,47.000
0.225,0.225
-0.710,1.612,0.000,-0.000,47.000
0.225,0.225
-0.710,1.612,0.000,-0.000,47.000
0.225,0.225
-0.710,1.612,0.000,-0.000,47.000
0.225,0.225
-0.710,1.612,0.000,-0.000,47.000
0.225,0.225
-0.710,1.612,0.000,-0.000,47.000
0.225,0.225
-0.720,1.621,0.000,-0.000,47.000
0.225,0.225
-0.733,1.634,0.000,-0.000,47.000
0.225,0.225
-0.733,1.634,0.000,-0.000,47.000
0.225,0.225
-0.733,1.634,0.000,-0.000,47.000
0.225,0.225
-0.736,1.637,0.000,-0.000,47.000
0.225,0.225
-0.758,1.660,0.000,-0.000,47.000
0.225,0.225
-0.769,1.670,0.000,-0.000,47.000
0.225,0.225
-0.782,1.683,0.000,0.027,47.000
0.225,0.225
-0.784,1.686,0.000,0.027,47.000
0.225,0.225
-0.805,1.707,0.000,0.027,47.000
0.225,0.225
-0.816,1.718,0.000,0.027,47.000
0.225,0.225
-0.816,1.718,0.000,0.018,47.000
0.225,0.225
-0.827,1.728,0.000,0.015,47.000
0.225,0.225
-0.827,1.728,0.000,0.015,47.000
0.225,0.225
-0.835,1.736,0.000,0.013,47.000
0.225,0.225
-0.854,1.756,0.000,0.013,47.000
0.225,0.225
-0.874,1.775,0.000,0.013,47.000
0.225,0.225
-0.882,1.783,0.000,0.013,47.000
0.225,0.225
-0.890,1.791,0.000,0.012,47.000
0.225,0.225
-0.898,1.800,0.000,0.012,47.000
0.225,0.225
-0.898,1.800,0.000,0.012,47.000
0.225,0.225
-0.874,1.775,0.000,0.010,47.000
0.225,0.225
-0.874,1.775,0.000,0.010,47.000
0.225,0.225
-0.870,1.771,0.000,0.010,47.000
0.225,0.225
-0.865,1.767,0.000,0.011,47.000
0.225,0.225
-0.873,1.774,0.000,0.011,47.000
0.225,0.225
-0.873,1.774,0.000,0.011,47.000
0.225,0.225
-0.870,1.771,0.000,-0.000,47.000
0.225,0.225
-0.870,1.771,0.000,-0.000,47.000
0.225,0.225
-0.876,1.778,0.000,-0.000,47.000
0.225,0.225
-0.876,1.778,0.000,-0.000,47.000
0.225,0.225
-0.876,1.778,0.000,-0.000,47.000
0.225,0.225
-0.876,1.778,0.000,-0.000,47.000
0.225,0.225
-0.876,1.778,0.000,-0.000,47.000
0.225,0.225
-0.876,1.778,0.000,-0.000,47.000
0.225,0.225
-0.876,1.778,0.000,-0.000,47.000
0.225,0.225
-0.876,1.778,0.000,-0.000,47.000
0.225,0.225
-0.876,1.778,0.000,-0.000,47.000
0.225,0.225
-0.876,1.778,0.000,-0.000,47.000
0.225,0.225
-0.876,1.778,0.000,-0.000,47.000
0.225,0.225
-0.876,1.778,0.000,-0.000,47.000
0.225,0.225
-0.876,1.778,0.000,-0.000,47.000
0.225,0.225
-0.876,1.778,0.000,-0.000,47.000
0.225,0.225
-0.876,1.778,0.000,-0.000,47.000
0.225,0.225
-0.876,1.778,0.000,-0.000,47.000
0.225,0.225
-0.876,1.778,0.000,-0.000,47.000
0.225,0.225
-0.876,1.778,0.000,-0.000,47.000
0.225,0.225
-0.876,1.778,0.000,-0.000,47.000
0.225,0.225
-0.876,1.778,0.000,-0.000,47.000
0.225,0.225
-0.876,1.778,0.000,-0.000,47.000
0.225,0.225
-0.876,1.778,0.000,-0.000,47.000
0.225,0.225
-0.876,1.778,0.000,-0.000,47.000
0.225,0.225
-0.876,1.778,0.000,-0.000,47.000
0.225,0.225
-0.876,1.778,0.000,-0.000,47.000
0.225,0.225
-0.876,1.778,0.000,-0.000,47.000
0.225,0.225
-0.876,1.778,0.000,-0.000,47.000
0.225,0.225
-0.876,1.778,0.000,-0.000,47.000
0.225,0.225
-0.876,1.778,0.000,-0.000,47.000
0.225,0.225
-0.876,1.778,0.000,-0.000,47.000
0.225,0.225
-0.876,1.778,0.000,-0.000,47.000
0.225,0.225
-0.876,1.778,0.000,-0.000,47.000
0.225,0.225
-0.876,1.778,0.000,-0.000,47.000
0.225,0.225
-0.876,1.778,0.000,-0.000,47.000
0.225,0.225
-0.876,1.778,0.000,-0.000,47.000
0.225,0.225
-0.876,1.778,0.000,-0.000,47.000
0.225,0.225
-0.876,1.778,0.000,-0.000,47.000
0.225,0.225
-0.876,1.778,0.000,-0.000,47.000
0.225,0.225
-0.876,1.778,0.000,-0.000,47.000
0.225,0.225
-0.876,1.778,0.000,-0.000,47.000
0.225,0.225
-0.876,1.778,0.000,-0.000,47.000
0.225,0.225
-0.876,1.778,0.000,-0.000,47.000
0.225,0.225
-0.876,1.778,0.000,-0.000,47.000
0.225,0.225
-0.876,1.778,0.000,-0.000,47.000
0.225,0.225
-0.876,1.778,0.000,-0.000,47.000
0.225,0.225
-0.876,1.778,0.000,-0.000,47.000
0.225,0.225
-0.876,1.778,0.000,-0.000,47.000
0.225,0.225
-0.876,1.778,0.000,-0.000,47.000
0.225,0.225
-0.870,1.772,0.000,-0.000,47.000
0.225,0.225
-0.870,1.772,0.000,-0.000,47.000
0.225,0.225
-0.870,1.772,0.000,-0.000,47.000
0.225,0.225
-0.870,1.772,0.000,-0.000,47.000
0.225,0.225
-0.870,1.772,0.000,-0.000,47.000
0.225,0.225
-0.870,1.772,0.000,-0.000,47.000
0.225,0.225
-0.870,1.772,0.000,-0.000,47.000
0.225,0.225
-0.870,1.772,0.000,-0.000,47.000
0.225,0.225
-0.870,1.772,0.000,-0.000,47.000
0.225,0.225
-0.870,1.772,0.000,-0.000,47.000
0.225,0.225
-0.870,1.772,0.000,-0.000,47.000
0.225,0.225
-0.870,1.772,0.000,-0.000,47.000
0.225,0.225
-0.870,1.772,0.000,-0.000,47.000
0.225,0.225
-0.870,1.772,0.000,-0.000,47.000
0.225,0.225
-0.870,1.772,0.000,-0.000,47.000
0.225,0.225
-0.870,1.772,0.000,-0.000,47.000
0.225,0.225
-0.870,1.772,0.000,-0.000,47.000
0.225,0.225
-0.870,1.772,0.000,-0.000,47.000
0.225,0.225
-0.870,1.772,0.000,-0.000,47.000
0.225,0.225
-0.870,1.772,0.000,-0.000,47.000
0.225,0.225
-0.870,1.772,0.000,-0.000,47.000
0.225,0.225
-0.870,1.772,0.000,-0.000,47.000
0.225,0.225
-0.870,1.772,0.000,-0.000,47.000
0.225,0.225
-0.870,1.772,0.000,-0.000,47.000
0.225,0.225
-0.870,1.772,0.000,-0.000,47.000
0.225,0.225
-0.870,1.772,0.000,-0.000,47.000
0.225,0.225
-0.870,1.772,0.000,-0.000,47.000
0.225,0.225
-0.870,1.772,0.000,-0.000,47.000
0.225,0.225
-0.870,1.772,0.000,-0.000,47.000
0.225,0.225
-0.870,1.772,0.000,-0.000,47.000
0.225,0.225
-0.870,1.772,0.000,-0.000,47.000
0.225,0.225
-0.870,1.772,0.000,-0.000,47.000
0.225,0.225
-0.870,1.772,0.000,-0.000,47.000
0.225,0.225
-0.870,1.772,0.000,-0.000,47.000
0.225,0.225
-0.870,1.772,0.000,-0.000,47.000
0.225,0.225
-0.870,1.772,0.000,-0.000,47.000
0.225,0.225
-0.870,1.772,0.000,-0.000,47.000
0.225,0.225
-0.870,1.772,0.000,-0.000,47.000
0.225,0.225
-0.870,1.772,0.000,-0.000,47.000
0.225,0.225
-0.870,1.772,0.000,-0.000,47.000
0.225,0.225
-0.870,1.772,0.000,-0.000,47.000
0.225,0.225
-0.870,1.772,0.000,-0.000,47.000
0.225,0.225
-0.870,1.772,0.000,-0.000,47.000
0.225,0.225
-0.870,1.772,0.000,-0.000,47.000
0.225,0.225
-0.870,1.772,0.000,-0.000,47.000
0.225,0.225
-0.870,1.772,0.000,-0.000,47.000
0.225,0.225
-0.870,1.772,0.000,-0.000,47.000
0.225,0.225
-0.870,1.772,0.000,-0.000,47.000
0.225,0.225
-0.870,1.772,0.000,-0.000,47.000
0.225,0.225
-0.870,1.772,0.000,-0.000,47.000
0.225,0.225
-0.870,1.772,0.000,-0.000,47.000
0.225,0.225
-0.870,1.772,0.000,-0.000,47.000
0.225,0.225
-0.870,1.772,0.000,-0.000,47.000
0.225,0.225
-0.870,1.772,0.000,-0.000,47.000
0.225,0.225
-0.870,1.772,0.000,-0.000,47.000
0.225,0.225
-0.870,1.772,0.000,-0.000,47.000
0.225,0.225
-0.870,1.772,0.000,-0.000,47.000
0.225,0.225
-0.870,1.772,0.000,-0.000,47.000
0.225,0.225
-0.870,1.772,0.000,-0.000,47.000
0.225,0.225
-0.870,1.772,0.000,-0.000,47.000
0.225,0.225
-0.870,1.772,0.000,-0.000,47.000
0.225,0.225
-0.870,1.772,0.000,-0.000,47.000
0.225,0.225
-0.870,1.772,0.000,-0.000,47.000
0.225,0.225
-0.870,1.772,0.000,-0.000,47.000
0.225,0.225
-0.870,1.772,0.000,-0.000,47.000
0.225,0.225
-0.870,1.772,0.000,-0.000,47.000
0.225,0.225
-0.870,1.772,0.000,-0.000,47.000
0.225,0.225
-0.870,1.772,0.000,-0.000,47.000
0.225,0.225
-0.870,1.772,0.000,-0.000,47.000
0.225,0.225
-0.870,1.772,0.000,-0.000,47.000
0.225,0.225
-0.870,1.772,0.000,-0.000,47.000
0.225,0.225
-0.870,1.772,0.000,-0.000,47.000
0.225,0.225
-0.870,1.772,0.000,-0.000,47.000
0.225,0.225
-0.870,1.772,0.000,-0.000,47.000
0.225,0.225
-0.870,1.772,0.000,-0.000,47.000
0.225,0.225
-0.870,1.772,0.000,-0.000,47.000
0.225,0.225
-0.870,1.772,0.000,-0.000,47.000
0.225,0.225
-0.870,1.772,0.000,-0.000,47.000
0.225,0.225
-0.870,1.772,0.000,-0.000,47.000
0.225,0.225
-0.870,1.772,0.000,-0.000,47.000
0.225,0.225
-0.870,1.772,0.000,-0.000,47.000
0.225,0.225
-0.870,1.772,0.000,-0.000,47.000
0.225,0.225
-0.870,1.772,0.000,-0.000,47.000
0.225,0.225
-0.870,1.772,0.000,-0.000,47.000
0.225,0.225
-0.870,1.772,0.000,-0.000,47.000
0.225,0.225
-0.870,1.772,0.000,-0.000,47.000
0.225,0.225
-0.870,1.772,0.000,-0.000,47.000
0.225,0.225
-0.870,1.772,0.000,-0.000,47.000
0.225,0.225
-0.870,1.772,0.000,-0.000,47.000
0.225,0.225
-0.870,1.772,0.000,-0.000,47.000
0.225,0.225
-0.870,1.772,0.000,-0.000,47.000
0.225,0.225
-0.870,1.772,0.000,-0.000,47.000
0.225,0.225
-0.870,1.772,0.000,-0.000,47.000
0.225,0.225
-0.870,1.772,0.000,-0.000,47.000
0.225,0.225
-0.870,1.772,0.000,-0.000,47.000
0.225,0.225
-0.870,1.772,0.000,-0.000,47.000
0.225,0.225
-0.870,1.772,0.000,-0.000,47.000
0.225,0.225
-0.870,1.772,0.000,-0.000,47.000
0.225,0.225
-0.870,1.772,0.000,-0.000,47.000
0.225,0.225
-0.870,1.772,0.000,-0.000,47.000
0.225,0.225
-0.870,1.772,0.000,-0.000,47.000
0.225,0.225
-0.870,1.772,0.000,-0.000,47.000
0.225,0.225
-0.870,1.772,0.000,-0.000,47.000
0.225,0.225
-0.870,1.772,0.000,-0.000,47.000
0.225,0.225
-0.870,1.772,0.000,-0.000,47.000
0.225,0.225
-0.870,1.772,0.000,-0.000,47.000
0.225,0.225
-0.870,1.772,0.000,-0.000,47.000
0.225,0.225
-0.870,1.772,0.000,-0.000,47.000
0.225,0.225
-0.870,1.772,0.000,-0.000,47.000
0.225,0.225
-0.870,1.772,0.000,-0.000,47.000
0.225,0.225
-0.870,1.772,0.000,-0.000,47.000