


         _+=+_
      .-`  .  `-.          8888888b.  8888888b.   .d88888b.   .d8888b.
   _+`     "     `+_       888   Y88b 888   Y88b d88P" "Y88b d88P  Y88b
  \\\sssssssssssss///      888    888 888    888 888     888 Y88b.
     .ss\  *  /ss.         888   d88P 888   d88P 888     888  "Y888b.
 .+bm  .s  *  s.  md+.     8888888P"  8888888P"  888     888     "Y88b.
.hMMMMs .  *  . sMMMMh.    888        888 T88b   888     888       "888
 `\hMMMb \ | / dMMMh:      888        888  T88b  Y88b. .d88P Y88b  d88P
   -SNMNo  -  oNMNs-       888        888   T88b  "Y88888P"   "Y8888P"
     `+dMh\./dMd/
        `:yNy:`                      Powered by PROS for VEX V5
           "                Copyright (c) Purdue University ACM SIGBots
Version:        3.2.1     Platform:  V1.0.11 (b70)     Uptime:    0.000 s
Compiled:   Jul 12 2020 12:38:33     Directory:  /VEX-90819-2021/90819A


.velList #0: 0.000
.velList #1: 0.319
.velList #2: 0.451
.velList #3: 0.552
.velList #4: 0.637
.velList #5: 0.713
.velList #6: 0.781
.velList #7: 0.843
.velList #8: 0.902
.velList #9: 0.956
.velList #10: 1.008
.velList #11: 1.057
.velList #12: 1.104
.velList #13: 1.149
.velList #14: 1.193
.velList #15: 1.235
.velList #16: 1.275
.velList #17: 1.314
.velList #18: 1.352
.velList #19: 1.389
.velList #20: 1.425
.velList #21: 1.389
.velList #22: 1.352
.velList #23: 1.314
.velList #24: 1.275
.velList #25: 1.235
.velList #26: 1.193
.velList #27: 1.149
.velList #28: 1.104
.velList #29: 1.057
.velList #30: 1.008
.velList #31: 0.956
.velList #32: 0.902
.velList #33: 0.843
.velList #34: 0.781
.velList #35: 0.713
.velList #36: 0.637
.velList #37: 0.552
.velList #38: 0.451
.velList #39: 0.319
.velList #40: 0.000
0.319,0.000
.Accelerate
0.040,0.040,0.000,-0.000,1.000
0.319,0.020
.Accelerate
0.080,0.080,0.000,-0.000,1.000
0.319,0.040
.Accelerate
0.120,0.120,0.000,0.028,1.000
0.319,0.060
.Accelerate
0.160,0.160,0.022,0.034,1.000
0.319,0.080
.Accelerate
0.200,0.200,0.055,0.078,1.000
0.319,0.100
.Accelerate
0.240,0.240,0.119,0.143,1.000
0.319,0.120
.Accelerate
0.280,0.280,0.177,0.195,1.000
0.319,0.140
.Accelerate
0.320,0.320,0.221,0.229,1.000
0.319,0.160
.Accelerate
0.351,0.369,0.232,0.218,1.000
0.319,0.180
.Accelerate
0.410,0.390,0.218,0.199,1.000
0.319,0.200
.Accelerate
0.482,0.398,0.240,0.234,1.000
0.319,0.220
.Accelerate
0.551,0.409,0.262,0.268,1.000
0.319,0.240
.Accelerate
0.588,0.452,0.300,0.263,1.000
0.319,0.260
.Accelerate
0.650,0.470,0.306,0.306,1.000
0.319,0.280
.Accelerate
0.716,0.484,0.365,0.351,1.000
0.319,0.300
0.766,0.509,0.449,0.379,1.000
0.319,0.319
0.638,0.637,0.512,0.416,1.000
0.319,0.319
0.638,0.637,0.565,0.423,1.000
0.451,0.319
.Accelerate
0.852,0.503,0.597,0.409,2.000
0.451,0.339
.Accelerate
0.893,0.542,0.614,0.498,2.000
0.451,0.359
.Accelerate
0.758,0.757,0.619,0.493,2.000
0.451,0.379
.Accelerate
0.798,0.797,0.636,0.512,2.000
0.552,0.399
.Accelerate
0.979,0.696,0.644,0.545,3.000
0.552,0.419
.Accelerate
1.009,0.746,0.665,0.564,3.000
0.552,0.439
.Accelerate
0.918,0.917,0.687,0.668,3.000
0.637,0.459
.Accelerate
0.958,0.957,0.695,0.681,4.000
0.637,0.479
.Accelerate
0.998,0.997,0.708,0.694,4.000
0.713,0.499
.Accelerate
1.255,0.820,0.692,0.694,5.000
0.713,0.519
.Accelerate
1.078,1.077,0.729,0.703,5.000
0.781,0.539
.Accelerate
1.409,0.826,0.718,0.724,6.000
0.781,0.559
.Accelerate
1.159,1.156,0.746,0.741,6.000
0.843,0.579
.Accelerate
1.518,0.877,0.760,0.773,7.000
0.843,0.599
.Accelerate
1.571,0.904,0.769,0.772,7.000
0.843,0.619
.Accelerate
1.279,1.276,0.774,0.777,7.000
0.902,0.639
.Accelerate
1.319,1.316,0.765,0.768,8.000
0.956,0.659
.Accelerate
1.743,0.972,0.770,0.776,9.000
0.956,0.679
.Accelerate
1.400,1.395,0.783,0.771,9.000
1.008,0.699
.Accelerate
1.897,0.978,0.791,0.796,10.000
1.008,0.719
.Accelerate
1.480,1.475,0.803,0.802,10.000
1.057,0.739
.Accelerate
2.017,1.018,0.780,0.786,11.000
1.057,0.759
.Accelerate
1.560,1.555,0.782,0.794,11.000
1.104,0.779
.Accelerate
2.181,1.014,0.778,0.791,12.000
1.104,0.799
.Accelerate
2.246,1.029,0.797,0.799,12.000
1.104,0.819
.Accelerate
1.681,1.674,0.812,0.807,12.000
1.149,0.839
.Accelerate
1.722,1.713,0.772,0.803,13.000
1.193,0.859
.Accelerate
2.607,0.908,0.803,0.805,14.000
1.193,0.879
.Accelerate
1.803,1.792,0.806,0.805,14.000
1.235,0.899
.Accelerate
2.808,0.867,0.803,0.814,15.000
1.235,0.919
.Accelerate
1.884,1.870,0.786,0.806,15.000
1.275,0.939
.Accelerate
3.008,0.827,0.800,0.801,16.000
1.275,0.959
.Accelerate
1.966,1.949,0.792,0.814,16.000
1.314,0.979
.Accelerate
3.439,0.556,0.804,0.813,17.000
1.314,0.999
.Accelerate
3.565,0.510,0.796,0.815,17.000
1.314,1.019
.Accelerate
2.090,2.065,0.799,0.782,17.000
1.352,1.039
.Accelerate
3.732,0.503,0.800,0.756,18.000
1.352,1.059
.Accelerate
2.172,2.143,0.809,0.761,18.000
1.389,1.079
.Accelerate
3.996,0.399,0.789,0.752,19.000
1.389,1.099
.Accelerate
2.254,2.221,0.806,0.749,19.000
1.425,1.119
.Accelerate
4.039,0.516,0.805,0.717,20.000
1.425,1.139
.Accelerate
2.338,2.297,0.790,0.712,20.000
1.389,1.159
.Accelerate
4.369,0.346,0.796,0.703,21.000
1.389,1.179
.Accelerate
2.420,2.375,0.801,0.704,21.000
1.352,1.199
.Accelerate
4.535,0.340,0.794,0.725,22.000
1.352,1.219
.Accelerate
2.502,2.453,0.790,0.710,22.000
1.314,1.239
.Accelerate
4.715,0.320,0.785,0.677,23.000
1.314,1.259
.Accelerate
2.590,2.525,0.790,0.663,23.000
1.275,1.279
4.670,0.430,0.794,0.675,24.000
1.275,1.275
2.584,2.516,0.788,0.680,24.000
1.235,1.275
.Decelerate
4.461,0.559,0.788,0.696,25.000
1.235,1.255
.Decelerate
2.504,2.436,0.799,0.726,25.000
1.193,1.235
.Decelerate
4.157,0.703,0.797,0.734,26.000
1.193,1.215
.Decelerate
3.965,0.814,0.789,0.749,26.000
1.193,1.195
2.421,2.349,0.770,0.761,26.000
1.149,1.193
.Decelerate
3.862,0.828,0.791,0.772,27.000
1.149,1.173
.Decelerate
2.345,2.266,0.784,0.766,27.000
1.104,1.153
.Decelerate
4.044,0.487,0.805,0.778,28.000
1.104,1.133
.Decelerate
2.272,2.179,0.783,0.744,28.000
1.057,1.113
.Decelerate
3.873,0.497,0.798,0.735,29.000
1.057,1.093
.Decelerate
3.868,0.423,0.767,0.708,29.000
1.057,1.073
2.179,2.050,0.790,0.725,29.000
1.008,1.057
.Decelerate
3.868,0.280,0.780,0.708,30.000
1.008,1.037
.Decelerate
2.103,1.965,0.794,0.705,30.000
0.956,1.017
.Decelerate
3.740,0.249,0.785,0.686,31.000
0.956,0.997
.Decelerate
2.036,1.873,0.799,0.631,31.000
0.902,0.977
.Decelerate
3.321,0.508,0.794,0.588,32.000
0.902,0.957
.Decelerate
1.956,1.793,0.799,0.603,32.000
0.843,0.937
.Decelerate
3.042,0.627,0.787,0.644,33.000
0.843,0.917
.Decelerate
2.885,0.704,0.778,0.692,33.000
0.843,0.897
.Decelerate
1.848,1.661,0.785,0.749,33.000
0.781,0.877
.Decelerate
2.617,0.812,0.806,0.810,34.000
0.781,0.857
.Decelerate
1.781,1.568,0.799,0.789,34.000
0.713,0.837
.Decelerate
2.404,0.864,0.795,0.807,35.000
0.713,0.817
.Decelerate
1.720,1.469,0.785,0.799,35.000
0.637,0.797
.Decelerate
2.200,0.908,0.790,0.799,36.000
0.637,0.777
.Decelerate
1.661,1.368,0.799,0.806,36.000
0.637,0.757
.Decelerate
1.648,1.301,0.785,0.809,36.000
0.552,0.737
.Decelerate
1.966,0.903,0.794,0.763,37.000
0.552,0.717
.Decelerate
1.634,1.154,0.788,0.777,37.000
0.451,0.697
.Decelerate
1.656,1.052,0.791,0.759,38.000
0.451,0.677
.Decelerate
1.675,0.954,0.792,0.756,38.000
0.319,0.657
.Decelerate
1.868,0.680,0.808,0.782,39.000
0.319,0.637
.Decelerate
2.195,0.274,0.770,0.774,39.000
WARNING - pros.serial.terminal.terminal:stop - Stopping terminal
