.velList #0: 0.000
.velList #1: 0.447
.velList #2: 0.632
.velList #3: 0.775
.velList #4: 0.894
.velList #5: 1.000
.velList #6: 1.095
.velList #7: 1.183
.velList #8: 1.265
.velList #9: 1.342
.velList #10: 1.414
.velList #11: 1.342
.velList #12: 1.265
.velList #13: 1.183
.velList #14: 1.095
.velList #15: 1.000
.velList #16: 0.894
.velList #17: 0.775
.velList #18: 0.632
.velList #19: 0.447
.velList #20: 0.000
0.447,0.000
.Accelerate
0.001,0.001,0.000,-0.000
0.447,0.001
.Accelerate
0.002,0.002,0.000,-0.000
0.447,0.002
.Accelerate
0.003,0.003,0.000,-0.000
0.447,0.003
.Accelerate
0.004,0.004,0.000,-0.000
0.447,0.004
.Accelerate
0.005,0.005,0.000,-0.000
0.447,0.005
.Accelerate
0.006,0.006,0.000,-0.000
0.447,0.006
.Accelerate
0.007,0.007,0.000,-0.000
0.447,0.007
.Accelerate
0.008,0.008,0.000,-0.000
0.447,0.008
.Accelerate
0.009,0.009,0.000,-0.000
0.447,0.009
.Accelerate
0.010,0.010,0.000,-0.000
0.447,0.010
.Accelerate
0.011,0.011,0.000,-0.000
0.447,0.011
.Accelerate
0.012,0.012,0.000,-0.000
0.447,0.012
.Accelerate
0.013,0.013,0.000,-0.000
0.447,0.013
.Accelerate
0.014,0.014,0.000,-0.000
0.447,0.014
.Accelerate
0.015,0.015,0.000,-0.000
0.447,0.015
.Accelerate
0.016,0.016,0.000,-0.000
0.447,0.016
.Accelerate
0.017,0.017,0.000,-0.000
0.447,0.017
.Accelerate
0.018,0.018,0.000,-0.000
0.447,0.018
.Accelerate
0.019,0.019,0.000,-0.000
0.447,0.019
.Accelerate
0.020,0.020,0.000,0.031
0.447,0.020
.Accelerate
0.021,0.021,0.000,0.031
0.447,0.021
.Accelerate
0.022,0.022,0.000,0.031
0.447,0.022
.Accelerate
0.023,0.023,0.149,0.031
0.447,0.023
.Accelerate
0.024,0.024,0.149,0.059
0.447,0.024
.Accelerate
0.025,0.025,0.149,0.059
0.447,0.025
.Accelerate
0.026,0.026,0.149,0.044
0.447,0.026
.Accelerate
0.027,0.027,0.149,0.044
0.447,0.027
.Accelerate
0.028,0.028,0.149,0.062
0.447,0.028
.Accelerate
0.029,0.029,0.144,0.062
0.447,0.029
.Accelerate
0.030,0.030,0.144,0.056
0.447,0.030
.Accelerate
0.031,0.031,0.148,0.049
0.447,0.031
.Accelerate
0.032,0.032,0.164,0.058
0.447,0.032
.Accelerate
0.033,0.033,0.164,0.059
0.447,0.033
.Accelerate
0.034,0.034,0.164,0.059
0.447,0.034
.Accelerate
0.035,0.035,0.164,0.064
0.447,0.035
.Accelerate
0.036,0.036,0.132,0.063
0.447,0.036
.Accelerate
0.037,0.037,0.111,0.131
0.447,0.037
.Accelerate
0.038,0.038,0.111,0.134
0.447,0.038
.Accelerate
0.039,0.039,0.111,0.141
0.447,0.039
.Accelerate
0.040,0.040,0.100,0.148
0.447,0.040
.Accelerate
0.041,0.041,0.100,0.151
0.447,0.041
.Accelerate
0.042,0.042,0.104,0.198
0.447,0.042
.Accelerate
0.043,0.043,0.116,0.198
0.447,0.043
.Accelerate
0.044,0.044,0.102,0.160
0.447,0.044
.Accelerate
0.045,0.045,0.097,0.182
0.447,0.045
.Accelerate
0.046,0.046,0.107,0.189
0.447,0.046
.Accelerate
0.047,0.047,0.109,0.184
0.447,0.047
.Accelerate
0.048,0.048,0.108,0.205
0.447,0.048
.Accelerate
0.049,0.049,0.113,0.217
0.447,0.049
.Accelerate
0.050,0.050,0.134,0.226
0.447,0.050
.Accelerate
0.051,0.051,0.134,0.258
0.447,0.051
.Accelerate
0.052,0.052,0.134,0.265
0.447,0.052
.Accelerate
0.053,0.053,0.137,0.278
0.447,0.053
.Accelerate
0.054,0.054,0.135,0.289
0.447,0.054
.Accelerate
0.055,0.055,0.135,0.298
0.447,0.055
.Accelerate
0.056,0.056,0.174,0.305
0.447,0.056
.Accelerate
0.057,0.057,0.186,0.305
0.447,0.057
.Accelerate
0.058,0.058,0.197,0.290
0.447,0.058
.Accelerate
0.059,0.059,0.160,0.268
0.447,0.059
.Accelerate
0.060,0.060,0.158,0.238
0.447,0.060
.Accelerate
0.061,0.061,0.156,0.239
0.447,0.061
.Accelerate
0.062,0.062,0.151,0.240
0.447,0.062
.Accelerate
0.063,0.063,0.151,0.238
0.447,0.063
.Accelerate
0.064,0.064,0.153,0.240
0.447,0.064
.Accelerate
0.065,0.065,0.154,0.235
0.447,0.065
.Accelerate
0.066,0.066,0.160,0.189
0.447,0.066
.Accelerate
0.067,0.067,0.151,0.189
0.447,0.067
.Accelerate
0.068,0.068,0.154,0.186
0.447,0.068
.Accelerate
0.071,0.067,0.151,0.179
0.447,0.069
.Accelerate
0.072,0.068,0.147,0.179
0.447,0.070
.Accelerate
0.073,0.069,0.255,0.173
0.447,0.071
.Accelerate
0.074,0.070,0.255,0.179
0.447,0.072
.Accelerate
0.075,0.071,0.243,0.182
0.447,0.073
.Accelerate
0.076,0.072,0.243,0.184
0.447,0.074
.Accelerate
0.077,0.073,0.243,0.180
0.447,0.075
.Accelerate
0.080,0.072,0.261,0.171
0.447,0.076
.Accelerate
0.081,0.073,0.261,0.144
0.447,0.077
.Accelerate
0.082,0.074,0.183,0.129
0.447,0.078
.Accelerate
0.083,0.075,0.182,0.135
0.447,0.079
.Accelerate
0.084,0.076,0.182,0.135
0.447,0.080
.Accelerate
0.085,0.077,0.182,0.116
0.447,0.081
.Accelerate
0.086,0.078,0.252,0.128
0.447,0.082
.Accelerate
0.089,0.077,0.273,0.135
0.447,0.083
.Accelerate
0.092,0.076,0.245,0.135
0.447,0.084
.Accelerate
0.093,0.077,0.221,0.135
0.447,0.085
.Accelerate
0.094,0.078,0.221,0.112
0.447,0.086
.Accelerate
0.095,0.079,0.208,0.122
0.447,0.087
.Accelerate
0.096,0.080,0.191,0.123
0.447,0.088
.Accelerate
0.095,0.083,0.159,0.123
0.447,0.089
.Accelerate
0.097,0.083,0.138,0.135
0.447,0.090
.Accelerate
0.100,0.082,0.136,0.252
0.447,0.091
.Accelerate
0.101,0.083,0.097,0.200
0.447,0.092
.Accelerate
0.102,0.084,0.100,0.171
0.447,0.093
.Accelerate
0.103,0.085,0.104,0.171
0.447,0.094
.Accelerate
0.104,0.086,0.091,0.179
0.447,0.095
.Accelerate
0.105,0.087,0.097,0.246
0.447,0.096
.Accelerate
0.106,0.088,0.097,0.246
0.447,0.097
.Accelerate
0.112,0.084,0.109,0.164
0.447,0.098
.Accelerate
0.113,0.085,0.129,0.142
0.447,0.099
.Accelerate
0.110,0.090,0.160,0.148
0.447,0.100
.Accelerate
0.113,0.089,0.190,0.196
0.447,0.101
.Accelerate
0.117,0.087,0.183,0.171
0.447,0.102
.Accelerate
0.116,0.090,0.184,0.171
0.447,0.103
.Accelerate
0.117,0.091,0.188,0.184
0.447,0.104
.Accelerate
0.120,0.090,0.204,0.136
0.447,0.105
.Accelerate
0.122,0.090,0.230,0.161
0.447,0.106
.Accelerate
0.120,0.094,0.242,0.165
0.447,0.107
.Accelerate
0.124,0.092,0.265,0.163
0.447,0.108
.Accelerate
0.123,0.095,0.278,0.203
0.447,0.109
.Accelerate
0.124,0.096,0.292,0.212
0.447,0.110
.Accelerate
0.125,0.097,0.309,0.231
0.447,0.111
.Accelerate
0.126,0.098,0.319,0.238
0.447,0.112
.Accelerate
0.127,0.099,0.319,0.243
0.447,0.113
.Accelerate
0.126,0.102,0.332,0.246
0.447,0.114
.Accelerate
0.127,0.103,0.352,0.261
0.447,0.115
.Accelerate
0.128,0.104,0.367,0.280
0.447,0.116
.Accelerate
0.129,0.105,0.376,0.282
0.447,0.117
.Accelerate
0.131,0.105,0.399,0.297
0.447,0.118
.Accelerate
0.132,0.106,0.428,0.312
0.447,0.119
.Accelerate
0.130,0.110,0.439,0.332
0.447,0.120
.Accelerate
0.128,0.114,0.438,0.355
0.447,0.121
.Accelerate
0.132,0.112,0.447,0.358
0.447,0.122
.Accelerate
0.133,0.113,0.453,0.363
0.447,0.123
.Accelerate
0.132,0.116,0.456,0.368
0.447,0.124
.Accelerate
0.136,0.114,0.488,0.383
0.447,0.125
.Accelerate
0.137,0.115,0.500,0.409
0.447,0.126
.Accelerate
0.135,0.119,0.505,0.430
0.447,0.127
.Accelerate
0.136,0.120,0.530,0.440
0.447,0.128
.Accelerate
0.137,0.121,0.527,0.448
0.447,0.129
.Accelerate
0.138,0.122,0.531,0.452
0.447,0.130
.Accelerate
0.142,0.120,0.528,0.460
0.447,0.131
.Accelerate
0.140,0.124,0.514,0.483
0.447,0.132
.Accelerate
0.133,0.133,0.527,0.498
0.447,0.133
.Accelerate
0.134,0.134,0.525,0.493
0.447,0.134
.Accelerate
0.135,0.135,0.547,0.510
0.447,0.135
.Accelerate
0.136,0.136,0.545,0.556
0.447,0.136
.Accelerate
0.137,0.137,0.538,0.570
0.447,0.137
.Accelerate
0.138,0.138,0.541,0.577
0.447,0.138
.Accelerate
0.139,0.139,0.566,0.575
0.447,0.139
.Accelerate
0.140,0.140,0.592,0.587
0.447,0.140
.Accelerate
0.141,0.141,0.601,0.601
0.447,0.141
.Accelerate
0.142,0.142,0.601,0.640
0.447,0.142
.Accelerate
0.143,0.143,0.614,0.651
0.632,0.143
.Accelerate
0.165,0.123,0.612,0.655
0.632,0.144
.Accelerate
0.166,0.124,0.622,0.675
0.632,0.145
.Accelerate
0.168,0.124,0.700,0.664
0.632,0.146
.Accelerate
0.169,0.125,0.769,0.635
0.632,0.147
.Accelerate
0.170,0.126,0.774,0.634
0.632,0.148
.Accelerate
0.172,0.126,0.767,0.640
0.632,0.149
.Accelerate
0.173,0.127,0.779,0.638
0.632,0.150
.Accelerate
0.171,0.131,0.793,0.624
0.632,0.151
.Accelerate
0.168,0.136,0.833,0.634
0.632,0.152
.Accelerate
0.153,0.153,0.835,0.647
0.632,0.153
.Accelerate
0.154,0.154,0.830,0.680
0.632,0.154
.Accelerate
0.155,0.155,0.808,0.696
0.632,0.155
.Accelerate
0.156,0.156,0.786,0.719
0.632,0.156
.Accelerate
0.157,0.157,0.806,0.733
0.632,0.157
.Accelerate
0.158,0.158,0.807,0.760
0.632,0.158
.Accelerate
0.159,0.159,0.822,0.770
0.632,0.159
.Accelerate
0.160,0.160,0.828,0.802
0.632,0.160
.Accelerate
0.161,0.161,0.815,0.823
0.632,0.161
.Accelerate
0.162,0.162,0.816,0.822
0.775,0.162
.Accelerate
0.178,0.148,0.828,0.836
0.775,0.163
.Accelerate
0.187,0.141,0.852,0.883
0.775,0.164
.Accelerate
0.192,0.138,0.905,0.838
0.775,0.165
.Accelerate
0.198,0.134,0.978,0.819
0.775,0.166
.Accelerate
0.191,0.143,0.990,0.841
0.775,0.167
.Accelerate
0.197,0.139,1.026,0.839
0.775,0.168
.Accelerate
0.169,0.169,1.030,0.852
0.775,0.169
.Accelerate
0.170,0.170,1.050,0.854
0.775,0.170
.Accelerate
0.171,0.171,1.020,0.914
0.775,0.171
.Accelerate
0.172,0.172,1.000,0.969
0.775,0.172
.Accelerate
0.173,0.173,1.011,0.963
0.775,0.173
.Accelerate
0.174,0.174,1.023,0.910
0.894,0.174
.Accelerate
0.198,0.152,1.028,0.901
0.894,0.175
.Accelerate
0.190,0.162,1.021,0.909
0.894,0.176
.Accelerate
0.196,0.158,1.044,0.883
0.894,0.177
.Accelerate
0.193,0.163,1.038,0.916
0.894,0.178
.Accelerate
0.198,0.160,1.032,0.908
0.894,0.179
.Accelerate
0.200,0.160,1.018,0.948
0.894,0.180
.Accelerate
0.201,0.161,1.065,0.960
0.894,0.181
.Accelerate
0.182,0.182,1.066,0.954
0.894,0.182
.Accelerate
0.183,0.183,1.098,0.972
0.894,0.183
.Accelerate
0.184,0.184,1.069,1.027
0.894,0.184
.Accelerate
0.185,0.185,1.071,1.043
0.894,0.185
.Accelerate
0.186,0.186,1.096,1.074
0.894,0.186
.Accelerate
0.187,0.187,1.127,1.083
1.000,0.187
.Accelerate
0.200,0.176,1.164,1.077
1.000,0.188
.Accelerate
0.201,0.177,1.144,1.042
1.000,0.189
.Accelerate
0.207,0.173,1.124,1.041
1.000,0.190
.Accelerate
0.203,0.179,1.108,1.080
1.000,0.191
.Accelerate
0.204,0.180,1.130,1.074
1.000,0.192
.Accelerate
0.201,0.185,1.137,1.107
1.000,0.193
.Accelerate
0.194,0.194,1.150,1.091
1.000,0.194
.Accelerate
0.195,0.195,1.146,1.123
1.000,0.195
.Accelerate
0.196,0.196,1.118,1.110
1.000,0.196
.Accelerate
0.197,0.197,1.118,1.121
1.000,0.197
.Accelerate
0.198,0.198,1.141,1.145
1.095,0.198
.Accelerate
0.212,0.186,1.170,1.170
1.095,0.199
.Accelerate
0.218,0.182,1.153,1.174
1.095,0.200
.Accelerate
0.219,0.183,1.197,1.133
1.095,0.201
.Accelerate
0.220,0.184,1.224,1.152
1.095,0.202
.Accelerate
0.221,0.185,1.229,1.126
1.095,0.203
.Accelerate
0.218,0.190,1.228,1.152
1.095,0.204
.Accelerate
0.205,0.205,1.233,1.170
1.095,0.205
.Accelerate
0.206,0.206,1.228,1.211
1.095,0.206
.Accelerate
0.207,0.207,1.213,1.242
1.095,0.207
.Accelerate
0.208,0.208,1.221,1.260
1.095,0.208
.Accelerate
0.209,0.209,1.203,1.242
1.095,0.209
.Accelerate
0.210,0.210,1.220,1.232
1.183,0.210
.Accelerate
0.220,0.202,1.231,1.238
1.183,0.211
.Accelerate
0.221,0.203,1.238,1.232
1.183,0.212
.Accelerate
0.221,0.205,1.258,1.226
1.183,0.213
.Accelerate
0.222,0.206,1.293,1.261
1.183,0.214
.Accelerate
0.229,0.201,1.291,1.260
1.183,0.215
.Accelerate
0.216,0.216,1.265,1.265
1.183,0.216
.Accelerate
0.217,0.217,1.286,1.265
1.183,0.217
.Accelerate
0.218,0.218,1.290,1.326
1.183,0.218
.Accelerate
0.219,0.219,1.280,1.362
1.183,0.219
.Accelerate
0.220,0.220,1.294,1.347
1.265,0.220
.Accelerate
0.219,0.223,1.299,1.378
1.265,0.221
.Accelerate
0.226,0.218,1.316,1.333
1.265,0.222
.Accelerate
0.227,0.219,1.318,1.341
1.265,0.223
.Accelerate
0.228,0.220,1.346,1.318
1.265,0.224
.Accelerate
0.229,0.221,1.345,1.330
1.265,0.225
.Accelerate
0.226,0.226,1.335,1.345
1.265,0.226
.Accelerate
0.227,0.227,1.344,1.377
1.265,0.227
.Accelerate
0.228,0.228,1.359,1.416
1.265,0.228
.Accelerate
0.229,0.229,1.394,1.444
1.265,0.229
.Accelerate
0.230,0.230,1.405,1.471
1.342,0.230
.Accelerate
0.224,0.238,1.411,1.450
1.342,0.231
.Accelerate
0.215,0.249,1.397,1.442
1.342,0.232
.Accelerate
0.227,0.239,1.379,1.473
1.342,0.233
.Accelerate
0.217,0.251,1.364,1.506
1.342,0.234
.Accelerate
0.234,0.236,1.385,1.485
1.342,0.235
.Accelerate
0.235,0.237,1.371,1.527
1.342,0.236
.Accelerate
0.236,0.238,1.408,1.506
1.342,0.237
.Accelerate
0.237,0.239,1.428,1.510
1.342,0.238
.Accelerate
0.238,0.240,1.437,1.514
1.414,0.239
.Accelerate
0.226,0.254,1.472,1.544
1.414,0.240
.Accelerate
0.204,0.278,1.487,1.559
1.414,0.241
.Accelerate
0.211,0.273,1.466,1.637
1.414,0.242
.Accelerate
0.219,0.267,1.366,1.746
1.414,0.243
.Accelerate
0.243,0.245,1.338,1.725
1.414,0.244
.Accelerate
0.244,0.246,1.350,1.710
1.414,0.245
.Accelerate
0.245,0.247,1.466,1.620
1.414,0.246
.Accelerate
0.247,0.247,1.521,1.589
1.342,0.247
.Accelerate
0.230,0.266,1.519,1.627
1.342,0.248
.Accelerate
0.232,0.266,1.505,1.659
1.342,0.249
.Accelerate
0.240,0.260,1.444,1.760
1.342,0.250
.Accelerate
0.242,0.260,1.439,1.822
1.342,0.251
.Accelerate
0.251,0.253,1.523,1.804
1.342,0.252
.Accelerate
0.252,0.254,1.590,1.746
1.342,0.253
.Accelerate
0.254,0.254,1.593,1.680
1.342,0.254
.Accelerate
0.256,0.254,1.583,1.705
1.265,0.255
.Accelerate
0.275,0.237,1.617,1.722
1.265,0.256
.Accelerate
0.279,0.235,1.627,1.719
1.265,0.257
.Accelerate
0.271,0.245,1.691,1.685
1.265,0.258
.Accelerate
0.280,0.238,1.725,1.667
1.265,0.259
.Accelerate
0.261,0.259,1.687,1.678
1.265,0.260
.Accelerate
0.262,0.260,1.694,1.667
1.265,0.261
.Accelerate
0.264,0.260,1.669,1.726
1.265,0.262
.Accelerate
0.265,0.261,1.734,1.754
1.183,0.263
.Accelerate
0.304,0.224,1.792,1.733
1.183,0.264
.Accelerate
0.308,0.222,1.825,1.714
1.183,0.265
.Accelerate
0.300,0.232,1.883,1.590
1.183,0.266
.Accelerate
0.310,0.224,1.907,1.580
1.183,0.267
.Accelerate
0.271,0.265,1.915,1.602
1.183,0.268
.Accelerate
0.272,0.266,1.886,1.610
1.183,0.269
.Accelerate
0.274,0.266,1.838,1.726
1.095,0.270
.Accelerate
0.306,0.236,1.804,1.801
1.095,0.271
.Accelerate
0.316,0.228,1.892,1.793
1.095,0.272
.Accelerate
0.320,0.226,1.998,1.719
1.095,0.273
.Accelerate
0.317,0.231,2.047,1.611
1.095,0.274
.Accelerate
0.280,0.270,2.050,1.566
1.095,0.275
.Accelerate
0.281,0.271,2.048,1.620
1.095,0.276
.Accelerate
0.283,0.271,1.949,1.754
1.095,0.277
.Accelerate
0.284,0.272,1.929,1.877
1.000,0.278
.Accelerate
0.322,0.236,1.865,1.849
1.000,0.279
.Accelerate
0.325,0.235,1.935,1.835
1.000,0.280
.Accelerate
0.329,0.233,2.069,1.720
1.000,0.281
.Accelerate
0.290,0.274,2.160,1.705
1.000,0.282
.Accelerate
0.291,0.275,2.076,1.734
1.000,0.283
.Accelerate
0.293,0.275,1.950,1.841
0.894,0.284
.Accelerate
0.329,0.241,1.921,1.869
0.894,0.285
.Accelerate
0.332,0.240,1.903,1.876
0.894,0.286
.Accelerate
0.328,0.246,2.068,1.775
0.894,0.287
.Accelerate
0.330,0.246,2.120,1.679
0.894,0.288
.Accelerate
0.299,0.279,2.165,1.700
0.894,0.289
.Accelerate
0.303,0.277,2.147,1.754
0.894,0.290
.Accelerate
0.306,0.276,2.054,1.857
0.775,0.291
.Accelerate
0.328,0.256,2.029,1.917
0.775,0.292
.Accelerate
0.323,0.263,2.103,1.929
0.775,0.293
.Accelerate
0.326,0.262,2.163,1.840
0.775,0.294
.Accelerate
0.310,0.280,2.201,1.775
0.775,0.295
.Accelerate
0.306,0.286,2.174,1.826
0.775,0.296
.Accelerate
0.305,0.289,2.142,1.928
0.632,0.297
.Accelerate
0.312,0.284,2.194,1.997
0.632,0.298
.Accelerate
0.315,0.283,2.154,1.970
0.632,0.299
.Accelerate
0.320,0.280,2.118,1.940
0.632,0.300
.Accelerate
0.318,0.284,2.097,1.942
0.632,0.301
.Accelerate
0.331,0.273,2.144,1.973
0.632,0.302
.Accelerate
0.340,0.266,2.165,1.975
0.632,0.303
.Accelerate
0.337,0.271,2.204,2.004
0.447,0.304
.Accelerate
0.349,0.261,2.240,1.980
0.447,0.305
.Accelerate
0.365,0.247,2.286,1.956
0.447,0.306
.Accelerate
0.421,0.193,2.277,1.938
0.447,0.307
.Accelerate
0.350,0.266,2.347,1.847
0.447,0.308
.Accelerate
0.376,0.242,2.518,1.786
0.447,0.309
.Accelerate
0.529,0.091,2.421,1.867