.velList #0: 0.000
.velList #1: 0.225
.velList #2: 0.319
.velList #3: 0.390
.velList #4: 0.451
.velList #5: 0.504
.velList #6: 0.552
.velList #7: 0.596
.velList #8: 0.637
.velList #9: 0.676
.velList #10: 0.713
.velList #11: 0.676
.velList #12: 0.637
.velList #13: 0.596
.velList #14: 0.552
.velList #15: 0.504
.velList #16: 0.451
.velList #17: 0.390
.velList #18: 0.319
.velList #19: 0.225
.velList #20: 0.000
0.225,0.000
.Accelerate
0.020,0.020,0.000,-0.000,1.000
0.225,0.010
.Accelerate
0.040,0.040,0.000,-0.000,1.000
0.225,0.020
.Accelerate
0.060,0.060,0.000,-0.000,1.000
0.225,0.030
.Accelerate
0.080,0.080,0.010,0.014,1.000
0.225,0.040
.Accelerate
0.100,0.100,0.011,0.018,1.000
0.225,0.050
.Accelerate
0.120,0.120,0.020,0.044,1.000
0.225,0.060
.Accelerate
0.140,0.140,0.065,0.077,1.000
0.225,0.070
.Accelerate
0.160,0.160,0.107,0.111,1.000
0.225,0.080
.Accelerate
0.180,0.180,0.141,0.140,1.000
0.225,0.090
.Accelerate
0.200,0.200,0.167,0.173,1.000
0.225,0.100
.Accelerate
0.220,0.220,0.182,0.194,1.000
0.225,0.110
.Accelerate
0.240,0.240,0.165,0.198,1.000
0.225,0.120
.Accelerate
0.260,0.260,0.131,0.164,1.000
0.225,0.130
.Accelerate
0.300,0.260,0.133,0.140,1.000
0.225,0.140
.Accelerate
0.329,0.271,0.169,0.156,1.000
0.225,0.150
.Accelerate
0.352,0.288,0.215,0.174,1.000
0.225,0.160
.Accelerate
0.391,0.289,0.247,0.208,1.000
0.225,0.170
.Accelerate
0.425,0.295,0.280,0.247,1.000
0.225,0.180
.Accelerate
0.441,0.319,0.318,0.273,1.000
0.225,0.190
.Accelerate
0.465,0.335,0.351,0.293,1.000
0.225,0.200
.Accelerate
0.480,0.360,0.383,0.307,1.000
0.225,0.210
.Accelerate
0.441,0.439,0.412,0.340,1.000
0.225,0.220
0.452,0.450,0.427,0.374,1.000
0.319,0.225
.Accelerate
0.546,0.396,0.406,0.408,2.000
0.319,0.235
.Accelerate
0.559,0.423,0.440,0.415,2.000
0.319,0.245
.Accelerate
0.512,0.510,0.483,0.426,2.000
0.319,0.255
.Accelerate
0.532,0.529,0.494,0.465,2.000
0.390,0.265
.Accelerate
0.657,0.445,0.503,0.487,3.000
0.390,0.275
.Accelerate
0.682,0.459,0.516,0.500,3.000
0.390,0.285
.Accelerate
0.593,0.588,0.567,0.516,3.000
0.390,0.295
.Accelerate
0.613,0.608,0.619,0.525,3.000
0.451,0.305
.Accelerate
0.780,0.481,0.642,0.585,4.000
0.451,0.315
.Accelerate
0.653,0.649,0.648,0.606,4.000
0.451,0.325
.Accelerate
0.674,0.668,0.671,0.573,4.000
0.504,0.335
.Accelerate
0.907,0.474,0.688,0.624,5.000
0.504,0.345
.Accelerate
0.714,0.707,0.700,0.652,5.000
0.552,0.355
.Accelerate
0.924,0.538,0.731,0.622,6.000
0.552,0.365
.Accelerate
0.929,0.572,0.725,0.651,6.000
0.552,0.375
.Accelerate
0.774,0.767,0.743,0.643,6.000
0.596,0.385
.Accelerate
0.946,0.635,0.737,0.654,7.000
0.596,0.395
.Accelerate
0.814,0.808,0.756,0.688,7.000
0.637,0.405
.Accelerate
1.017,0.644,0.762,0.717,8.000
0.637,0.415
.Accelerate
0.990,0.712,0.741,0.734,8.000
0.637,0.425
.Accelerate
0.875,0.866,0.776,0.742,8.000
0.676,0.435
.Accelerate
1.005,0.776,0.760,0.740,9.000
0.676,0.445
.Accelerate
0.915,0.906,0.781,0.754,9.000
0.713,0.455
.Accelerate
1.022,0.840,0.789,0.755,10.000
0.713,0.465
.Accelerate
0.954,0.948,0.780,0.776,10.000
0.676,0.475
.Accelerate
1.007,0.935,0.776,0.762,11.000
0.676,0.485
.Accelerate
0.981,1.001,0.782,0.789,11.000
0.676,0.495
.Accelerate
1.007,1.014,0.775,0.778,11.000
0.637,0.505
.Accelerate
0.918,1.144,0.801,0.792,12.000
0.637,0.515
.Accelerate
1.043,1.059,0.809,0.776,12.000
0.596,0.525
.Accelerate
0.926,1.216,0.784,0.785,13.000
0.596,0.535
.Accelerate
1.080,1.101,0.796,0.792,13.000
0.552,0.545
0.997,1.212,0.786,0.800,14.000
0.552,0.552
1.089,1.119,0.783,0.794,14.000
0.504,0.552
.Decelerate
0.971,1.197,0.786,0.786,15.000
0.504,0.542
.Decelerate
1.047,1.081,0.785,0.786,15.000
0.451,0.532
.Decelerate
0.990,1.098,0.768,0.803,16.000
0.451,0.522
.Decelerate
1.015,1.033,0.799,0.815,16.000
0.451,0.512
.Decelerate
0.991,1.017,0.781,0.788,16.000
0.390,0.502
.Decelerate
0.992,0.977,0.781,0.790,17.000
0.390,0.492
.Decelerate
0.936,0.992,0.780,0.799,17.000
0.319,0.482
.Decelerate
0.965,0.923,0.788,0.810,18.000
0.319,0.472
.Decelerate
0.923,0.925,0.773,0.815,18.000
0.225,0.462
.Decelerate
1.027,0.781,0.804,0.802,19.000
0.225,0.452
.Decelerate
1.378,0.390,0.774,0.798,19.000