.velList #0: 0.000
.velList #1: 0.750
.velList #2: 0.750
.velList #3: 0.750
.velList #4: 0.750
.velList #5: 0.750
.velList #6: 0.750
.velList #7: 0.750
.velList #8: 0.750
.velList #9: 0.750
.velList #10: 0.750
.velList #11: 0.750
.velList #12: 0.750
.velList #13: 0.750
.velList #14: 0.750
.velList #15: 0.750
.velList #16: 0.750
.velList #17: 0.750
.velList #18: 0.750
.velList #19: 0.750
.velList #20: 0.000
0.750,0.000
.Accelerate
0.020,0.020,0.000,-0.000
0.750,0.020
.Accelerate
0.040,0.040,0.000,-0.000
0.750,0.040
.Accelerate
0.060,0.060,0.000,-0.000
0.750,0.060
.Accelerate
0.080,0.080,0.000,0.196
0.750,0.080
.Accelerate
0.100,0.100,0.231,0.143
0.750,0.100
.Accelerate
0.120,0.120,0.200,0.182
0.750,0.120
.Accelerate
0.140,0.140,0.284,0.290
0.750,0.140
.Accelerate
0.160,0.160,0.459,0.523
0.750,0.160
.Accelerate
0.180,0.180,0.630,0.692
0.750,0.180
.Accelerate
0.200,0.200,0.802,0.912
0.750,0.200
.Accelerate
0.220,0.220,0.996,1.063
0.750,0.220
.Accelerate
0.240,0.240,1.145,1.187
0.750,0.240
.Accelerate
0.260,0.260,1.227,1.203
0.750,0.260
.Accelerate
0.280,0.280,1.144,0.978
0.750,0.280
.Accelerate
0.314,0.286,1.059,1.001
0.750,0.300
.Accelerate
0.351,0.289,1.153,1.065
0.750,0.320
.Accelerate
0.381,0.299,1.384,1.089
0.750,0.340
.Accelerate
0.413,0.307,1.630,1.185
0.750,0.360
.Accelerate
0.446,0.314,2.000,1.339
0.750,0.380
.Accelerate
0.473,0.327,2.300,1.528
0.750,0.400
.Accelerate
0.498,0.342,2.438,1.689
0.750,0.420
.Accelerate
0.535,0.345,2.628,1.781
0.750,0.440
.Accelerate
0.553,0.367,2.875,1.881
0.750,0.460
.Accelerate
0.558,0.402,3.106,2.012
0.750,0.480
.Accelerate
0.597,0.403,3.423,2.190
0.750,0.500
.Accelerate
0.521,0.519,3.632,2.378
0.750,0.520
.Accelerate
0.541,0.539,3.686,2.617
0.750,0.540
.Accelerate
0.562,0.558,3.693,2.831
0.750,0.560
.Accelerate
0.751,0.409,3.728,3.022
0.750,0.580
.Accelerate
0.785,0.415,3.660,2.922
0.750,0.600
.Accelerate
0.840,0.400,3.862,2.660
0.750,0.620
.Accelerate
0.643,0.637,4.496,2.736
0.750,0.640
.Accelerate
0.663,0.657,4.883,2.985
0.750,0.660
.Accelerate
0.684,0.676,4.659,3.498
0.750,0.680
.Accelerate
1.074,0.326,4.700,3.726
0.750,0.700
.Accelerate
1.093,0.347,4.578,3.787
0.750,0.720
.Accelerate
0.746,0.734,4.739,3.207
0.750,0.740
0.756,0.744,4.769,3.159
0.750,0.750
1.210,0.290,4.708,4.053
0.750,0.750
1.299,0.201,5.039,4.246
0.750,0.750
1.387,0.113,5.368,3.649
0.750,0.750
0.760,0.740,5.614,2.976
0.750,0.750
1.412,0.088,5.497,2.365
0.750,0.750
1.461,0.039,5.366,2.252
0.750,0.750
1.483,0.017,5.006,1.908
0.750,0.750
0.764,0.736,4.981,1.283
0.750,0.750
1.585,-0.085,5.299,0.888
0.750,0.750
1.611,-0.111,5.419,1.252
0.750,0.750
1.670,-0.170,5.441,0.937
0.750,0.750
0.770,0.730,5.385,0.587
0.750,0.750
1.631,-0.131,5.150,0.212
0.750,0.750
1.607,-0.107,4.974,0.094
0.750,0.750
1.573,-0.073,4.994,0.094
0.750,0.750
0.769,0.731,4.997,0.016
0.750,0.750
0.770,0.730,5.251,-0.095
0.750,0.750
1.593,-0.093,5.245,0.332
0.750,0.750
1.586,-0.086,5.363,1.734
0.750,0.750
1.594,-0.094,5.334,1.057
0.750,0.750
0.773,0.727,5.181,0.590
0.750,0.750
0.773,0.727,5.195,0.155
0.750,0.750
1.555,-0.055,5.389,0.495
0.750,0.750
1.570,-0.070,5.408,1.540
0.750,0.750
1.618,-0.118,5.483,0.441
0.750,0.750
1.604,-0.104,5.516,0.147
0.750,0.750
0.778,0.722,5.408,0.184
0.750,0.750
0.778,0.722,5.418,-0.165
0.750,0.750
1.501,-0.001,5.201,-0.060
0.750,0.750
1.478,0.022,5.396,1.385
0.750,0.750
1.470,0.030,5.450,0.909
0.750,0.750
0.778,0.722,5.588,0.632
0.750,0.750
0.779,0.721,5.430,0.465
0.750,0.750
0.779,0.721,5.363,1.143
0.750,0.750
1.342,0.158,5.197,2.448
0.750,0.750
1.262,0.238,5.302,3.032
0.750,0.750
0.776,0.724,5.266,2.358
0.750,0.750
0.774,0.726,5.490,2.172
0.750,0.750
0.770,0.730,5.306,2.243
0.750,0.750
1.034,0.466,5.457,2.760
0.750,0.750
0.993,0.507,5.382,3.404
0.750,0.750
0.758,0.742,5.310,3.184
0.750,0.750
0.749,0.751,5.366,3.414
0.750,0.750
0.632,0.868,5.305,3.896
0.750,0.750
0.526,0.974,5.304,4.637
0.750,0.750
0.720,0.780,4.957,4.891
0.750,0.750
0.706,0.794,4.936,4.538
0.750,0.750
0.097,1.403,5.032,4.622
0.750,0.750
-0.018,1.518,4.662,4.754
0.750,0.750
0.642,0.858,3.479,4.993
0.750,0.750
0.610,0.890,2.037,5.256
0.750,0.750
-0.522,2.022,2.080,5.142
0.750,0.750
-0.694,2.194,2.579,5.119
0.750,0.750
-0.925,2.425,1.055,5.137
0.750,0.750
-1.105,2.605,0.506,4.903
0.750,0.750
-1.246,2.746,-0.816,5.041
0.750,0.750
-1.438,2.938,-1.982,5.133
0.750,0.750
-1.616,3.116,-3.113,5.239
0.750,0.750
-1.794,3.294,-3.764,5.291
0.750,0.750
-1.872,3.372,-4.255,5.289
0.750,0.750
-2.035,3.535,-4.641,5.246
0.750,0.750
-0.544,2.044,-4.762,5.143
0.750,0.750
-0.427,1.927,-4.954,5.233
0.750,0.750
-0.569,2.069,-4.112,5.304
0.750,0.750
-0.690,2.190,-3.803,5.374
0.750,0.750
-0.762,2.262,-3.769,5.383
0.750,0.750
-0.842,2.342,-3.934,5.366
0.750,0.750
-0.934,2.434,-3.790,5.416
0.750,0.750
-0.996,2.496,-4.277,5.303
0.750,0.750
-1.031,2.531,-4.774,5.446
0.750,0.750
-1.059,2.559,-4.895,5.536
0.750,0.750
-1.093,2.593,-4.760,5.508