


         _+=+_
      .-`  .  `-.          8888888b.  8888888b.   .d88888b.   .d8888b.
   _+`     "     `+_       888   Y88b 888   Y88b d88P" "Y88b d88P  Y88b
  \\\sssssssssssss///      888    888 888    888 888     888 Y88b.
     .ss\  *  /ss.         888   d88P 888   d88P 888     888  "Y888b.
 .+bm  .s  *  s.  md+.     8888888P"  8888888P"  888     888     "Y88b.
.hMMMMs .  *  . sMMMMh.    888        888 T88b   888     888       "888
 `\hMMMb \ | / dMMMh:      888        888  T88b  Y88b. .d88P Y88b  d88P
   -SNMNo  -  oNMNs-       888        888   T88b  "Y88888P"   "Y8888P"
     `+dMh\./dMd/
        `:yNy:`                      Powered by PROS for VEX V5
           "                Copyright (c) Purdue University ACM SIGBots
Version:        3.2.1     Platform:  V1.0.11 (b70)     Uptime:    0.000 s
Compiled:                Unknown     Directory:                 Unknown


.velList #0: 0.000
.velList #1: 0.129
.velList #2: 0.183
.velList #3: 0.224
.velList #4: 0.259
.velList #5: 0.290
.velList #6: 0.317
.velList #7: 0.343
.velList #8: 0.366
.velList #9: 0.388
.velList #10: 0.409
.velList #11: 0.429
.velList #12: 0.449
.velList #13: 0.467
.velList #14: 0.484
.velList #15: 0.500
.velList #16: 0.500
.velList #17: 0.500
.velList #18: 0.500
.velList #19: 0.500
.velList #20: 0.500
.velList #21: 0.500
.velList #22: 0.500
.velList #23: 0.500
.velList #24: 0.500
.velList #25: 0.500
.velList #26: 0.484
.velList #27: 0.467
.velList #28: 0.449
.velList #29: 0.429
.velList #30: 0.409
.velList #31: 0.388
.velList #32: 0.366
.velList #33: 0.343
.velList #34: 0.317
.velList #35: 0.290
.velList #36: 0.259
.velList #37: 0.224
.velList #38: 0.183
.velList #39: 0.129
.velList #40: 0.000
.Time: .Location: (0.000, 0.000, 0.000)
.lookAheadPoint: (0.000, 5.000)
.Accelerate
0.129,0.003,0.000
0.003,0.003,0.000,-0.000,1.000
.Time: 10.Location: (0.000, 0.000, 0.000)
.lookAheadPoint: (0.000, 5.000)
.Accelerate
0.129,0.007,0.000
0.007,0.007,0.000,-0.000,1.000
.Time: 20.Location: (0.000, 0.000, 0.000)
.lookAheadPoint: (0.000, 5.000)
.Accelerate
0.129,0.010,0.000
0.010,0.010,0.000,-0.000,1.000
.Time: 30.Location: (0.000, 0.000, 0.000)
.lookAheadPoint: (0.000, 5.000)
.Accelerate
0.129,0.013,0.000
0.013,0.013,0.000,-0.000,1.000
.Time: 40.Location: (0.000, 0.000, 0.000)
.lookAheadPoint: (0.000, 5.000)
.Accelerate
0.129,0.017,0.000
0.017,0.017,0.000,-0.000,1.000
.Time: 50.Location: (0.000, 0.000, 0.000)
.lookAheadPoint: (0.000, 5.000)
.Accelerate
0.129,0.020,0.000
0.020,0.020,0.000,-0.000,1.000
.Time: 60.Location: (0.000, 0.000, 0.000)
.lookAheadPoint: (0.000, 5.000)
.Accelerate
0.129,0.023,0.000
0.023,0.023,0.000,-0.000,1.000
.Time: 70.Location: (0.000, 0.000, 0.000)
.lookAheadPoint: (0.000, 5.000)
.Accelerate
0.129,0.026,0.000
0.026,0.026,0.000,0.004,1.000
.Time: 80.Location: (0.000, 0.000, 0.000)
.lookAheadPoint: (0.000, 5.000)
.Accelerate
0.129,0.030,0.000
0.030,0.030,0.000,0.004,1.000
.Time: 90.Location: (0.000, 0.000, 0.000)
.lookAheadPoint: (0.000, 5.000)
.Accelerate
0.129,0.033,0.000
0.033,0.033,0.021,0.036,1.000
.Time: 100.Location: (0.000, 0.000, 0.000)
.lookAheadPoint: (0.000, 5.000)
.Accelerate
0.129,0.036,0.000
0.036,0.036,0.015,0.017,1.000
.Time: 110.Location: (0.000, 0.000, 0.000)
.lookAheadPoint: (0.000, 5.000)
.Accelerate
0.129,0.040,0.000
0.040,0.040,0.015,0.020,1.000
.Time: 120.Location: (0.000, 0.000, 0.000)
.lookAheadPoint: (0.000, 5.000)
.Accelerate
0.129,0.043,0.000
0.043,0.043,0.008,0.017,1.000
.Time: 130.Location: (0.000, 0.000, 0.000)
.lookAheadPoint: (0.000, 5.000)
.Accelerate
0.129,0.046,0.000
0.046,0.046,0.010,0.018,1.000
.Time: 140.Location: (0.000, 0.000, 0.000)
.lookAheadPoint: (0.000, 5.000)
.Accelerate
0.129,0.049,0.000
0.049,0.049,0.022,0.019,1.000
.Time: 150.Location: (0.000, 0.000, 0.000)
.lookAheadPoint: (0.000, 5.000)
.Accelerate
0.129,0.053,0.000
0.053,0.053,0.024,0.020,1.000
.Time: 160.Location: (0.000, 0.000, 0.000)
.lookAheadPoint: (0.000, 5.000)
.Accelerate
0.129,0.056,0.000
0.056,0.056,0.026,0.022,1.000
.Time: 170.Location: (0.000, 0.000, 0.000)
.lookAheadPoint: (0.000, 5.000)
.Accelerate
0.129,0.059,0.000
0.059,0.059,0.028,0.028,1.000
.Time: 180.Location: (0.000, 0.000, 0.000)
.lookAheadPoint: (0.000, 5.000)
.Accelerate
0.129,0.063,0.000
0.063,0.063,0.027,0.029,1.000
.Time: 190.Location: (0.000, 0.000, 0.000)
.lookAheadPoint: (0.000, 5.000)
.Accelerate
0.129,0.066,0.000
0.066,0.066,0.027,0.029,1.000
.Time: 200.Location: (0.000, 0.000, 0.000)
.lookAheadPoint: (0.000, 5.000)
.Accelerate
0.129,0.069,0.000
0.069,0.069,0.027,0.028,1.000
.Time: 210.Location: (0.000, 0.000, 0.000)
.lookAheadPoint: (0.000, 5.000)
.Accelerate
0.129,0.073,0.000
0.073,0.073,0.027,0.029,1.000
.Time: 220.Location: (0.000, 0.000, 0.000)
.lookAheadPoint: (0.000, 5.000)
.Accelerate
0.129,0.076,0.000
0.076,0.076,0.030,0.032,1.000
.Time: 230.Location: (0.000, 0.000, 0.000)
.lookAheadPoint: (0.000, 5.000)
.Accelerate
0.129,0.079,0.000
0.079,0.079,0.033,0.039,1.000
.Time: 240.Location: (0.000, 0.000, 0.000)
.lookAheadPoint: (0.000, 5.000)
.Accelerate
0.129,0.082,0.000
0.082,0.082,0.037,0.040,1.000
.Time: 250.Location: (0.000, 0.000, 0.000)
.lookAheadPoint: (0.000, 5.000)
.Accelerate
0.129,0.086,0.000
0.086,0.086,0.041,0.039,1.000
.Time: 260.Location: (0.000, 0.000, 0.000)
.lookAheadPoint: (0.000, 5.000)
.Accelerate
0.129,0.089,0.000
0.089,0.089,0.047,0.037,1.000
.Time: 270.Location: (0.000, 0.000, 0.000)
.lookAheadPoint: (0.000, 5.000)
.Accelerate
0.129,0.092,0.000
0.092,0.092,0.050,0.033,1.000
.Time: 280.Location: (-0.013, 0.012, 359.854)
.lookAheadPoint: (0.000, 5.012)
.Accelerate
0.129,0.096,0.001
0.096,0.095,0.047,0.028,1.000
.Time: 290.Location: (-0.013, 0.012, 359.854)
.lookAheadPoint: (0.000, 5.012)
.Accelerate
0.129,0.099,0.001
0.100,0.098,0.051,0.027,1.000
.Time: 300.Location: (-0.000, 0.024, 360.000)
.lookAheadPoint: (0.000, 5.024)
.Accelerate
0.129,0.102,0.000
0.102,0.102,0.050,0.029,1.000
.Time: 310.Location: (-0.013, 0.036, 359.854)
.lookAheadPoint: (0.000, 5.036)
.Accelerate
0.129,0.106,0.001
0.106,0.105,0.052,0.030,1.000
.Time: 320.Location: (-0.013, 0.060, 359.854)
.lookAheadPoint: (0.000, 5.060)
.Accelerate
0.129,0.109,0.001
0.110,0.108,0.055,0.038,1.000
.Time: 330.Location: (-0.013, 0.084, 359.854)
.lookAheadPoint: (0.000, 5.084)
.Accelerate
0.129,0.112,0.001
0.113,0.111,0.061,0.045,1.000
.Time: 340.Location: (-0.000, 0.096, 360.000)
.lookAheadPoint: (0.000, 5.096)
.Accelerate
0.129,0.115,0.000
0.116,0.115,0.064,0.050,1.000
.Time: 350.Location: (-0.000, 0.120, 360.000)
.lookAheadPoint: (0.000, 5.120)
.Accelerate
0.129,0.119,0.000
0.119,0.119,0.062,0.055,1.000
.Time: 360.Location: (-0.013, 0.132, 359.854)
.lookAheadPoint: (0.000, 5.132)
.Accelerate
0.129,0.122,0.001
0.123,0.121,0.058,0.059,1.000
.Time: 370.Location: (-0.000, 0.168, 360.000)
.lookAheadPoint: (0.000, 5.168)
.Accelerate
0.129,0.125,0.000
0.125,0.125,0.056,0.064,1.000
.Time: 380.Location: (-0.013, 0.204, 359.854)
.lookAheadPoint: (0.000, 5.204)
.Accelerate
0.129,0.129,0.001
0.130,0.128,0.061,0.067,1.000
.Time: 390.Location: (-0.013, 0.228, 359.854)
.lookAheadPoint: (0.000, 5.228)
0.129,0.129,0.001
0.130,0.128,0.069,0.073,1.000
.Time: 400.Location: (-0.013, 0.276, 359.854)
.lookAheadPoint: (0.000, 5.276)
0.129,0.129,0.001
0.131,0.128,0.075,0.079,1.000
.Time: 410.Location: (-0.013, 0.300, 359.854)
.lookAheadPoint: (0.000, 5.300)
0.129,0.129,0.001
0.131,0.128,0.081,0.082,1.000
.Time: 420.Location: (-0.026, 0.360, 359.709)
.lookAheadPoint: (0.000, 5.360)
0.129,0.129,0.002
0.132,0.127,0.083,0.085,1.000
.Time: 430.Location: (-0.014, 0.396, 359.854)
.lookAheadPoint: (0.000, 5.396)
0.129,0.129,0.001
0.131,0.128,0.086,0.086,1.000
.Time: 440.Location: (-0.014, 0.468, 359.854)
.lookAheadPoint: (0.000, 5.468)
0.129,0.129,0.001
0.131,0.128,0.092,0.090,1.000
.Time: 450.Location: (-0.027, 0.528, 359.709)
.lookAheadPoint: (0.000, 5.527)
0.129,0.129,0.002
0.132,0.127,0.098,0.095,1.000
.Time: 460.Location: (-0.027, 0.576, 359.709)
.lookAheadPoint: (0.000, 5.575)
0.129,0.129,0.002
0.132,0.127,0.101,0.098,1.000
.Time: 470.Location: (-0.040, 0.635, 359.563)
.lookAheadPoint: (0.000, 5.635)
0.129,0.129,0.003
0.133,0.126,0.104,0.099,1.000
.Time: 480.Location: (-0.028, 0.695, 359.709)
.lookAheadPoint: (0.000, 5.695)
0.129,0.129,0.002
0.132,0.127,0.107,0.102,1.000
.Time: 490.Location: (-0.028, 0.767, 359.709)
.lookAheadPoint: (0.000, 5.767)
0.129,0.129,0.002
0.132,0.127,0.109,0.105,1.000
.Time: 500.Location: (-0.042, 0.827, 359.563)
.lookAheadPoint: (0.000, 5.827)
0.129,0.129,0.003
0.133,0.126,0.113,0.106,1.000
.Time: 510.Location: (-0.055, 0.887, 359.418)
.lookAheadPoint: (0.000, 5.887)
0.129,0.129,0.004
0.134,0.125,0.111,0.106,1.000
.Time: 520.Location: (-0.068, 0.947, 359.272)
.lookAheadPoint: (0.000, 5.947)
0.129,0.129,0.005
0.135,0.124,0.108,0.108,1.000
.Time: 530.Location: (-0.069, 1.019, 359.272)
.lookAheadPoint: (0.000, 40.000)
0.129,0.129,0.000
0.130,0.129,0.106,0.108,1.000
.Time: 540.Location: (-0.070, 1.091, 359.272)
.lookAheadPoint: (0.000, 40.000)
0.129,0.129,0.000
0.130,0.129,0.109,0.108,1.000
.Time: 550.Location: (-0.084, 1.151, 359.127)
.lookAheadPoint: (0.000, 40.000)
0.129,0.129,0.000
0.130,0.129,0.111,0.113,1.000
.Time: 560.Location: (-0.059, 1.223, 359.418)
.lookAheadPoint: (0.000, 40.000)
0.129,0.129,0.000
0.130,0.129,0.114,0.115,1.000
.Time: 570.Location: (-0.060, 1.295, 359.418)
.lookAheadPoint: (0.000, 40.000)
0.129,0.129,0.000
0.130,0.129,0.115,0.117,1.000
.Time: 580.Location: (-0.048, 1.355, 359.563)
.lookAheadPoint: (0.000, 40.000)
0.129,0.129,0.000
0.130,0.129,0.114,0.119,1.000
.Time: 590.Location: (-0.061, 1.415, 359.418)
.lookAheadPoint: (0.000, 40.000)
0.129,0.129,0.000
0.130,0.129,0.112,0.119,1.000
.Time: 600.Location: (-0.062, 1.487, 359.418)
.lookAheadPoint: (0.000, 40.000)
0.129,0.129,0.000
0.130,0.129,0.114,0.119,1.000
.Time: 610.Location: (-0.062, 1.559, 359.418)
.lookAheadPoint: (0.000, 6.558)
.Accelerate
0.183,0.133,0.005
0.138,0.128,0.113,0.118,2.000
.Time: 620.Location: (-0.063, 1.607, 359.418)
.lookAheadPoint: (0.000, 6.606)
.Accelerate
0.183,0.136,0.005
0.141,0.131,0.111,0.117,2.000
.Time: 630.Location: (-0.077, 1.691, 359.272)
.lookAheadPoint: (0.000, 6.690)
.Accelerate
0.183,0.139,0.006
0.146,0.133,0.111,0.116,2.000
.Time: 640.Location: (-0.078, 1.763, 359.272)
.lookAheadPoint: (0.000, 6.762)
.Accelerate
0.183,0.143,0.006
0.149,0.136,0.116,0.118,2.000
.Time: 650.Location: (-0.105, 1.834, 358.981)
.lookAheadPoint: (0.000, 6.833)
.Accelerate
0.183,0.146,0.008
0.155,0.137,0.123,0.119,2.000
.Time: 660.Location: (-0.106, 1.906, 358.981)
.lookAheadPoint: (0.000, 6.905)
.Accelerate
0.183,0.149,0.008
0.159,0.140,0.128,0.119,2.000
.Time: 670.Location: (-0.094, 1.966, 359.127)
.lookAheadPoint: (0.000, 6.965)
.Accelerate
0.183,0.153,0.008
0.161,0.144,0.127,0.120,2.000
.Time: 680.Location: (-0.082, 2.002, 359.272)
.lookAheadPoint: (0.000, 40.000)
.Accelerate
0.183,0.156,0.000
0.156,0.156,0.126,0.121,2.000
.Time: 690.Location: (-0.096, 2.086, 359.127)
.lookAheadPoint: (0.000, 40.000)
.Accelerate
0.183,0.159,0.000
0.159,0.159,0.128,0.126,2.000
.Time: 700.Location: (-0.110, 2.170, 358.981)
.lookAheadPoint: (0.000, 40.000)
.Accelerate
0.183,0.162,0.000
0.163,0.162,0.129,0.130,2.000
.Time: 710.Location: (-0.111, 2.242, 358.981)
.lookAheadPoint: (0.000, 40.000)
.Accelerate
0.183,0.166,0.000
0.166,0.166,0.133,0.136,2.000
.Time: 720.Location: (-0.126, 2.326, 358.836)
.lookAheadPoint: (0.000, 40.000)
.Accelerate
0.183,0.169,0.000
0.169,0.169,0.137,0.142,2.000
.Time: 730.Location: (-0.127, 2.398, 358.836)
.lookAheadPoint: (0.000, 40.000)
.Accelerate
0.183,0.172,0.000
0.173,0.172,0.143,0.147,2.000
.Time: 740.Location: (-0.116, 2.482, 358.981)
.lookAheadPoint: (0.000, 40.000)
.Accelerate
0.183,0.176,0.000
0.176,0.175,0.146,0.148,2.000
.Time: 750.Location: (-0.104, 2.542, 359.127)
.lookAheadPoint: (0.000, 7.541)
.Accelerate
0.224,0.179,0.008
0.190,0.168,0.151,0.151,3.000
.Time: 760.Location: (-0.131, 2.613, 358.836)
.lookAheadPoint: (0.000, 7.612)
.Accelerate
0.224,0.182,0.010
0.197,0.168,0.156,0.155,3.000
.Time: 770.Location: (-0.133, 2.709, 358.836)
.lookAheadPoint: (0.000, 7.708)
.Accelerate
0.224,0.186,0.011
0.200,0.171,0.162,0.156,3.000
.Time: 780.Location: (-0.135, 2.805, 358.836)
.lookAheadPoint: (0.000, 7.803)
.Accelerate
0.224,0.189,0.011
0.204,0.174,0.165,0.156,3.000
.Time: 790.Location: (-0.150, 2.889, 358.690)
.lookAheadPoint: (0.000, 7.887)
.Accelerate
0.224,0.192,0.012
0.209,0.175,0.163,0.162,3.000
.Time: 800.Location: (-0.141, 3.093, 358.836)
.lookAheadPoint: (0.000, 40.000)
.Accelerate
0.224,0.195,0.000
0.196,0.195,0.169,0.168,3.000
.Time: 810.Location: (-0.141, 3.093, 358.836)
.lookAheadPoint: (0.000, 40.000)
.Accelerate
0.224,0.199,0.000
0.199,0.198,0.176,0.169,3.000
.Time: 820.Location: (-0.145, 3.285, 358.836)
.lookAheadPoint: (0.000, 40.000)
.Accelerate
0.224,0.202,0.000
0.202,0.202,0.180,0.186,3.000
.Time: 830.Location: (-0.147, 3.381, 358.836)
.lookAheadPoint: (0.000, 40.000)
.Accelerate
0.224,0.205,0.000
0.206,0.205,0.182,0.192,3.000
.Time: 840.Location: (-0.176, 3.500, 358.545)
.lookAheadPoint: (0.000, 8.497)
.Accelerate
0.259,0.209,0.014
0.231,0.187,0.185,0.190,4.000
.Time: 850.Location: (-0.191, 3.608, 358.399)
.lookAheadPoint: (0.000, 8.604)
.Accelerate
0.259,0.212,0.015
0.236,0.188,0.193,0.192,4.000
.Time: 860.Location: (-0.182, 3.740, 358.545)
.lookAheadPoint: (0.000, 8.737)
.Accelerate
0.259,0.215,0.015
0.239,0.192,0.210,0.185,4.000
.Time: 870.Location: (-0.172, 3.848, 358.690)
.lookAheadPoint: (0.000, 8.845)
.Accelerate
0.259,0.219,0.014
0.241,0.196,0.214,0.187,4.000
.Time: 880.Location: (-0.161, 3.957, 358.836)
.lookAheadPoint: (0.000, 8.954)
.Accelerate
0.259,0.222,0.013
0.243,0.200,0.215,0.197,4.000
.Time: 890.Location: (-0.164, 4.101, 358.836)
.lookAheadPoint: (0.000, 40.000)
.Accelerate
0.259,0.225,0.000
0.226,0.225,0.221,0.207,4.000
.Time: 900.Location: (-0.166, 4.197, 358.836)
.lookAheadPoint: (0.000, 40.000)
.Accelerate
0.259,0.228,0.000
0.229,0.228,0.227,0.207,4.000
.Time: 910.Location: (-0.169, 4.340, 358.836)
.lookAheadPoint: (0.000, 40.000)
.Accelerate
0.259,0.232,0.000
0.232,0.231,0.224,0.223,4.000
.Time: 920.Location: (-0.185, 4.472, 358.690)
.lookAheadPoint: (0.000, 40.000)
.Accelerate
0.259,0.235,0.000
0.236,0.235,0.226,0.231,4.000
.Time: 930.Location: (-0.187, 4.592, 358.690)
.lookAheadPoint: (0.000, 9.589)
.Accelerate
0.290,0.238,0.015
0.265,0.212,0.239,0.236,5.000
.Time: 940.Location: (-0.204, 4.724, 358.545)
.lookAheadPoint: (0.000, 9.720)
.Accelerate
0.290,0.242,0.016
0.271,0.212,0.250,0.234,5.000
.Time: 950.Location: (-0.220, 4.855, 358.399)
.lookAheadPoint: (0.000, 9.850)
.Accelerate
0.290,0.245,0.018
0.277,0.213,0.262,0.225,5.000
.Time: 960.Location: (-0.211, 4.988, 358.545)
.lookAheadPoint: (0.000, 9.983)
.Accelerate
0.290,0.248,0.017
0.280,0.217,0.262,0.226,5.000
.Time: 970.Location: (-0.214, 5.131, 358.545)
.lookAheadPoint: (0.000, 40.000)
.Accelerate
0.290,0.252,0.000
0.252,0.251,0.265,0.233,5.000
.Time: 980.Location: (-0.205, 5.288, 358.690)
.lookAheadPoint: (0.000, 40.000)
.Accelerate
0.290,0.255,0.000
0.256,0.254,0.266,0.247,5.000
.Time: 990.Location: (-0.195, 5.444, 358.836)
.lookAheadPoint: (0.000, 40.000)
.Accelerate
0.290,0.258,0.000
0.259,0.258,0.258,0.269,5.000
.Time: 1000.Location: (-0.198, 5.588, 358.836)
.lookAheadPoint: (0.000, 10.584)
.Accelerate
0.317,0.261,0.016
0.293,0.230,0.262,0.282,6.000
.Time: 1010.Location: (-0.201, 5.756, 358.836)
.lookAheadPoint: (0.000, 10.752)
.Accelerate
0.317,0.265,0.016
0.297,0.233,0.279,0.278,6.000
.Time: 1020.Location: (-0.205, 5.924, 358.836)
.lookAheadPoint: (0.000, 10.920)
.Accelerate
0.317,0.268,0.016
0.301,0.235,0.306,0.263,6.000
.Time: 1030.Location: (-0.208, 6.068, 358.836)
.lookAheadPoint: (0.000, 40.000)
.Accelerate
0.317,0.271,0.000
0.272,0.271,0.319,0.258,6.000
.Time: 1040.Location: (-0.212, 6.260, 358.836)
.lookAheadPoint: (0.000, 40.000)
.Accelerate
0.317,0.275,0.000
0.275,0.274,0.315,0.273,6.000
.Time: 1050.Location: (-0.188, 6.428, 359.127)
.lookAheadPoint: (0.000, 40.000)
.Accelerate
0.317,0.278,0.000
0.279,0.277,0.304,0.300,6.000
.Time: 1060.Location: (-0.191, 6.620, 359.127)
.lookAheadPoint: (0.000, 11.616)
.Accelerate
0.343,0.281,0.015
0.314,0.249,0.296,0.313,7.000
.Time: 1070.Location: (-0.180, 6.776, 359.272)
.lookAheadPoint: (0.000, 11.773)
.Accelerate
0.343,0.285,0.014
0.315,0.254,0.307,0.312,7.000
.Time: 1080.Location: (-0.196, 6.956, 359.127)
.lookAheadPoint: (0.000, 11.952)
.Accelerate
0.343,0.288,0.016
0.322,0.254,0.336,0.299,7.000
.Time: 1090.Location: (-0.212, 7.136, 358.981)
.lookAheadPoint: (0.000, 40.000)
.Accelerate
0.343,0.291,0.000
0.292,0.290,0.348,0.294,7.000
.Time: 1100.Location: (-0.229, 7.315, 358.836)
.lookAheadPoint: (0.000, 40.000)
.Accelerate
0.343,0.294,0.000
0.295,0.294,0.351,0.303,7.000
.Time: 1110.Location: (-0.206, 7.531, 359.127)
.lookAheadPoint: (0.000, 12.527)
.Accelerate
0.366,0.298,0.016
0.335,0.261,0.336,0.325,8.000
.Time: 1120.Location: (-0.182, 7.724, 359.418)
.lookAheadPoint: (0.000, 12.720)
.Accelerate
0.366,0.301,0.015
0.334,0.268,0.337,0.335,8.000
.Time: 1130.Location: (-0.171, 7.928, 359.563)
.lookAheadPoint: (0.000, 12.925)
.Accelerate
0.366,0.304,0.014
0.336,0.273,0.351,0.323,8.000
.Time: 1140.Location: (-0.172, 8.120, 359.563)
.lookAheadPoint: (0.000, 40.000)
.Accelerate
0.366,0.308,0.000
0.308,0.307,0.365,0.319,8.000
.Time: 1150.Location: (-0.174, 8.312, 359.563)
.lookAheadPoint: (0.000, 40.000)
.Accelerate
0.366,0.311,0.000
0.312,0.310,0.370,0.330,8.000
.Time: 1160.Location: (-0.202, 8.503, 359.272)
.lookAheadPoint: (0.000, 13.499)
.Accelerate
0.388,0.314,0.016
0.352,0.276,0.353,0.353,9.000
.Time: 1170.Location: (-0.205, 8.719, 359.272)
.lookAheadPoint: (0.000, 13.715)
.Accelerate
0.388,0.318,0.016
0.357,0.279,0.351,0.360,9.000
.Time: 1180.Location: (-0.194, 8.923, 359.418)
.lookAheadPoint: (0.000, 13.920)
.Accelerate
0.388,0.321,0.016
0.358,0.284,0.384,0.345,9.000
.Time: 1190.Location: (-0.196, 9.139, 359.418)
.lookAheadPoint: (0.000, 40.000)
.Accelerate
0.388,0.324,0.000
0.325,0.323,0.398,0.340,9.000
.Time: 1200.Location: (-0.185, 9.343, 359.563)
.lookAheadPoint: (0.000, 40.000)
.Accelerate
0.388,0.327,0.000
0.328,0.327,0.385,0.350,9.000
.Time: 1210.Location: (-0.186, 9.559, 359.563)
.lookAheadPoint: (0.000, 14.556)
.Accelerate
0.409,0.331,0.015
0.368,0.294,0.378,0.375,10.000
.Time: 1220.Location: (-0.175, 9.787, 359.709)
.lookAheadPoint: (0.000, 14.784)
.Accelerate
0.409,0.334,0.014
0.369,0.299,0.388,0.386,10.000
.Time: 1230.Location: (-0.149, 10.003, 360.000)
.lookAheadPoint: (0.000, 40.000)
.Accelerate
0.409,0.337,0.000
0.338,0.337,0.412,0.360,10.000
.Time: 1240.Location: (-0.121, 10.243, 0.291)
.lookAheadPoint: (0.000, 40.000)
.Accelerate
0.409,0.341,0.000
0.341,0.340,0.421,0.361,10.000
.Time: 1250.Location: (-0.107, 10.471, 0.437)
.lookAheadPoint: (0.000, 40.000)
.Accelerate
0.409,0.344,0.000
0.345,0.343,0.406,0.392,10.000
.Time: 1260.Location: (-0.091, 10.699, 0.582)
.lookAheadPoint: (0.000, 15.698)
.Accelerate
0.429,0.347,0.007
0.366,0.328,0.401,0.408,11.000
.Time: 1270.Location: (-0.103, 10.903, 0.437)
.lookAheadPoint: (0.000, 15.902)
.Accelerate
0.429,0.351,0.008
0.372,0.329,0.414,0.407,11.000
.Time: 1280.Location: (-0.114, 11.179, 0.291)
.lookAheadPoint: (0.000, 40.000)
.Accelerate
0.429,0.354,0.000
0.355,0.353,0.430,0.399,11.000
.Time: 1290.Location: (-0.086, 11.394, 0.582)
.lookAheadPoint: (0.000, 40.000)
.Accelerate
0.429,0.357,0.000
0.358,0.357,0.421,0.404,11.000
.Time: 1300.Location: (-0.070, 11.646, 0.728)
.lookAheadPoint: (0.000, 16.646)
.Accelerate
0.449,0.360,0.006
0.376,0.345,0.418,0.413,12.000
.Time: 1310.Location: (-0.053, 11.898, 0.873)
.lookAheadPoint: (0.000, 16.898)
.Accelerate
0.449,0.364,0.004
0.375,0.352,0.431,0.428,12.000
.Time: 1320.Location: (-0.063, 12.126, 0.728)
.lookAheadPoint: (0.000, 40.000)
.Accelerate
0.449,0.367,0.000
0.368,0.367,0.437,0.422,12.000
.Time: 1330.Location: (-0.087, 12.390, 0.437)
.lookAheadPoint: (0.000, 40.000)
.Accelerate
0.449,0.370,0.000
0.371,0.370,0.439,0.420,12.000
.Time: 1340.Location: (-0.099, 12.666, 0.291)
.lookAheadPoint: (0.000, 17.665)
.Accelerate
0.467,0.374,0.008
0.396,0.351,0.431,0.429,13.000
.Time: 1350.Location: (-0.098, 12.906, 0.291)
.lookAheadPoint: (0.000, 17.905)
.Accelerate
0.467,0.377,0.008
0.399,0.355,0.434,0.441,13.000
.Time: 1360.Location: (-0.110, 13.158, 0.146)
.lookAheadPoint: (0.000, 40.000)
.Accelerate
0.467,0.380,0.000
0.381,0.379,0.460,0.439,13.000
.Time: 1370.Location: (-0.150, 13.386, 359.709)
.lookAheadPoint: (0.000, 40.000)
.Accelerate
0.467,0.384,0.000
0.385,0.382,0.465,0.444,13.000
.Time: 1380.Location: (-0.152, 13.626, 359.709)
.lookAheadPoint: (0.000, 18.624)
.Accelerate
0.484,0.387,0.012
0.422,0.352,0.459,0.443,14.000
.Time: 1390.Location: (-0.167, 13.902, 359.563)
.lookAheadPoint: (0.000, 18.899)
.Accelerate
0.484,0.390,0.013
0.429,0.351,0.465,0.444,14.000
.Time: 1400.Location: (-0.169, 14.166, 359.563)
.lookAheadPoint: (0.000, 40.000)
.Accelerate
0.484,0.393,0.001
0.395,0.392,0.474,0.441,14.000
.Time: 1410.Location: (-0.157, 14.442, 359.709)
.lookAheadPoint: (0.000, 40.000)
.Accelerate
0.484,0.397,0.000
0.398,0.395,0.482,0.444,14.000
.Time: 1420.Location: (-0.158, 14.682, 359.709)
.lookAheadPoint: (0.000, 19.679)
.Accelerate
0.500,0.400,0.013
0.438,0.362,0.476,0.460,15.000
.Time: 1430.Location: (-0.160, 14.970, 359.709)
.lookAheadPoint: (0.000, 19.967)
.Accelerate
0.500,0.403,0.013
0.442,0.365,0.479,0.470,15.000
.Time: 1440.Location: (-0.147, 15.246, 359.854)
.lookAheadPoint: (0.000, 40.000)
.Accelerate
0.500,0.407,0.000
0.408,0.405,0.494,0.455,15.000
.Time: 1450.Location: (-0.134, 15.522, 360.000)
.lookAheadPoint: (0.000, 20.520)
.Accelerate
0.500,0.410,0.011
0.443,0.377,0.498,0.456,16.000
.Time: 1460.Location: (-0.162, 15.785, 359.709)
.lookAheadPoint: (0.000, 20.783)
.Accelerate
0.500,0.413,0.013
0.453,0.373,0.502,0.465,16.000
.Time: 1470.Location: (-0.177, 16.061, 359.563)
.lookAheadPoint: (0.000, 40.000)
.Accelerate
0.500,0.417,0.001
0.419,0.415,0.506,0.467,16.000
.Time: 1480.Location: (-0.179, 16.349, 359.563)
.lookAheadPoint: (0.000, 40.000)
.Accelerate
0.500,0.420,0.001
0.422,0.418,0.498,0.470,16.000
.Time: 1490.Location: (-0.140, 16.625, 360.000)
.lookAheadPoint: (0.000, 21.623)
.Accelerate
0.500,0.423,0.011
0.459,0.388,0.521,0.493,17.000
.Time: 1500.Location: (-0.140, 16.913, 360.000)
.lookAheadPoint: (0.000, 21.911)
.Accelerate
0.500,0.426,0.011
0.462,0.391,0.505,0.502,17.000
.Time: 1510.Location: (-0.140, 17.201, 360.000)
.lookAheadPoint: (0.000, 40.000)
.Accelerate
0.500,0.430,0.001
0.432,0.428,0.531,0.494,17.000
.Time: 1520.Location: (-0.140, 17.489, 360.000)
.lookAheadPoint: (0.000, 40.000)
.Accelerate
0.500,0.433,0.001
0.435,0.431,0.531,0.496,17.000
.Time: 1530.Location: (-0.140, 17.777, 360.000)
.lookAheadPoint: (0.000, 22.775)
.Accelerate
0.500,0.436,0.011
0.473,0.400,0.534,0.511,18.000
.Time: 1540.Location: (-0.140, 18.065, 360.000)
.lookAheadPoint: (0.000, 40.000)
.Accelerate
0.500,0.440,0.001
0.442,0.438,0.535,0.509,18.000
.Time: 1550.Location: (-0.168, 18.377, 359.709)
.lookAheadPoint: (0.000, 40.000)
.Accelerate
0.500,0.443,0.001
0.445,0.441,0.556,0.514,18.000
.Time: 1560.Location: (-0.141, 18.689, 360.000)
.lookAheadPoint: (0.000, 23.687)
.Accelerate
0.500,0.446,0.011
0.484,0.408,0.555,0.531,19.000
.Time: 1570.Location: (-0.128, 19.013, 0.146)
.lookAheadPoint: (0.000, 40.000)
.Accelerate
0.500,0.450,0.001
0.452,0.448,0.549,0.538,19.000
.Time: 1580.Location: (-0.099, 19.324, 0.437)
.lookAheadPoint: (0.000, 40.000)
.Accelerate
0.500,0.453,0.000
0.454,0.451,0.571,0.536,19.000
.Time: 1590.Location: (-0.083, 19.624, 0.582)
.lookAheadPoint: (0.000, 24.623)
.Accelerate
0.500,0.456,0.007
0.479,0.433,0.555,0.546,20.000
.Time: 1600.Location: (-0.107, 19.960, 0.291)
.lookAheadPoint: (0.000, 24.959)
.Accelerate
0.500,0.459,0.009
0.489,0.430,0.567,0.553,20.000
.Time: 1610.Location: (-0.106, 20.296, 0.291)
.lookAheadPoint: (0.000, 40.000)
.Accelerate
0.500,0.463,0.001
0.465,0.461,0.574,0.559,20.000
.Time: 1620.Location: (-0.077, 20.584, 0.582)
.lookAheadPoint: (0.000, 25.583)
.Accelerate
0.500,0.466,0.006
0.488,0.445,0.578,0.550,21.000
.Time: 1630.Location: (-0.087, 20.908, 0.437)
.lookAheadPoint: (0.000, 25.907)
.Accelerate
0.500,0.469,0.007
0.494,0.445,0.557,0.561,21.000
.Time: 1640.Location: (-0.085, 21.268, 0.437)
.lookAheadPoint: (0.000, 40.000)
.Accelerate
0.500,0.473,0.000
0.474,0.471,0.589,0.581,21.000
.Time: 1650.Location: (-0.068, 21.592, 0.582)
.lookAheadPoint: (0.000, 26.591)
.Accelerate
0.500,0.476,0.005
0.495,0.457,0.584,0.569,22.000
.Time: 1660.Location: (-0.093, 21.928, 0.291)
.lookAheadPoint: (0.000, 26.927)
.Accelerate
0.500,0.479,0.007
0.506,0.453,0.597,0.586,22.000
.Time: 1670.Location: (-0.091, 22.264, 0.291)
.lookAheadPoint: (0.000, 40.000)
.Accelerate
0.500,0.483,0.001
0.485,0.480,0.614,0.576,22.000
.Time: 1680.Location: (-0.075, 22.611, 0.437)
.lookAheadPoint: (0.000, 27.611)
.Accelerate
0.500,0.486,0.006
0.508,0.464,0.588,0.577,23.000
.Time: 1690.Location: (-0.059, 22.959, 0.582)
.lookAheadPoint: (0.000, 27.959)
.Accelerate
0.500,0.489,0.005
0.506,0.472,0.600,0.596,23.000
.Time: 1700.Location: (-0.055, 23.295, 0.582)
.lookAheadPoint: (0.000, 40.000)
.Accelerate
0.500,0.492,0.000
0.494,0.491,0.607,0.595,23.000
.Time: 1710.Location: (-0.051, 23.655, 0.582)
.lookAheadPoint: (0.000, 28.655)
.Accelerate
0.500,0.496,0.004
0.511,0.480,0.603,0.596,24.000
.Time: 1720.Location: (-0.062, 24.003, 0.437)
.lookAheadPoint: (0.000, 40.000)
.Accelerate
0.500,0.499,0.000
0.501,0.497,0.610,0.605,24.000
.Time: 1730.Location: (-0.045, 24.351, 0.582)
.lookAheadPoint: (0.000, 40.000)
0.500,0.500,0.000
0.501,0.499,0.607,0.604,24.000
.Time: 1740.Location: (-0.070, 24.711, 0.291)
.lookAheadPoint: (0.000, 29.711)
0.500,0.500,0.006
0.521,0.479,0.631,0.604,25.000
.Time: 1750.Location: (-0.068, 25.071, 0.291)
.lookAheadPoint: (0.000, 40.000)
0.500,0.500,0.001
0.502,0.498,0.635,0.614,25.000
.Time: 1760.Location: (-0.038, 25.431, 0.582)
.lookAheadPoint: (0.000, 40.000)
0.500,0.500,0.000
0.501,0.499,0.629,0.607,25.000
.Time: 1770.Location: (-0.034, 25.791, 0.582)
.lookAheadPoint: (0.000, 30.790)
.Decelerate
0.484,0.497,0.003
0.507,0.486,0.624,0.620,26.000
.Time: 1780.Location: (-0.045, 26.163, 0.437)
.lookAheadPoint: (0.000, 40.000)
.Decelerate
0.484,0.493,0.000
0.495,0.492,0.644,0.618,26.000
.Time: 1790.Location: (-0.042, 26.523, 0.437)
.lookAheadPoint: (0.000, 31.522)
.Decelerate
0.467,0.490,0.003
0.502,0.478,0.624,0.631,27.000
.Time: 1800.Location: (-0.039, 26.859, 0.437)
.lookAheadPoint: (0.000, 31.858)
.Decelerate
0.467,0.487,0.003
0.498,0.475,0.641,0.610,27.000
.Time: 1810.Location: (-0.036, 27.242, 0.437)
.lookAheadPoint: (0.000, 40.000)
.Decelerate
0.467,0.483,0.000
0.485,0.482,0.624,0.609,27.000
.Time: 1820.Location: (-0.033, 27.626, 0.437)
.lookAheadPoint: (0.000, 32.626)
.Decelerate
0.449,0.480,0.003
0.490,0.471,0.636,0.618,28.000
.Time: 1830.Location: (-0.017, 27.998, 0.582)
.lookAheadPoint: (0.000, 32.998)
.Decelerate
0.449,0.477,0.001
0.482,0.472,0.634,0.618,28.000
.Time: 1840.Location: (-0.013, 28.358, 0.582)
.lookAheadPoint: (0.000, 40.000)
.Decelerate
0.449,0.474,0.000
0.474,0.473,0.629,0.612,28.000
.Time: 1850.Location: (-0.009, 28.718, 0.582)
.lookAheadPoint: (0.000, 33.718)
.Decelerate
0.429,0.470,0.001
0.473,0.468,0.616,0.619,29.000
.Time: 1860.Location: (0.009, 29.090, 0.728)
.lookAheadPoint: (0.000, 40.000)
.Decelerate
0.429,0.467,-0.000
0.466,0.468,0.625,0.612,29.000
.Time: 1870.Location: (0.013, 29.450, 0.728)
.lookAheadPoint: (0.000, 40.000)
.Decelerate
0.429,0.464,-0.000
0.463,0.465,0.607,0.618,29.000
.Time: 1880.Location: (0.018, 29.810, 0.728)
.lookAheadPoint: (0.000, 34.810)
.Decelerate
0.409,0.460,-0.001
0.455,0.465,0.622,0.602,30.000
.Time: 1890.Location: (0.037, 30.182, 0.873)
.lookAheadPoint: (0.000, 40.000)
.Decelerate
0.409,0.457,-0.001
0.454,0.460,0.601,0.620,30.000
.Time: 1900.Location: (0.028, 30.554, 0.728)
.lookAheadPoint: (0.000, 35.554)
.Decelerate
0.388,0.454,-0.002
0.446,0.461,0.612,0.622,31.000
.Time: 1910.Location: (-0.009, 30.926, 0.291)
.lookAheadPoint: (0.000, 35.926)
.Decelerate
0.388,0.450,0.001
0.453,0.448,0.605,0.611,31.000
.Time: 1920.Location: (-0.022, 31.274, 0.146)
.lookAheadPoint: (0.000, 40.000)
.Decelerate
0.388,0.447,0.001
0.449,0.445,0.598,0.606,31.000
.Time: 1930.Location: (-0.007, 31.622, 0.291)
.lookAheadPoint: (0.000, 36.622)
.Decelerate
0.366,0.444,0.001
0.446,0.442,0.599,0.611,32.000
.Time: 1940.Location: (-0.005, 31.981, 0.291)
.lookAheadPoint: (0.000, 36.981)
.Decelerate
0.366,0.441,0.000
0.442,0.439,0.608,0.604,32.000
.Time: 1950.Location: (-0.003, 32.341, 0.291)
.lookAheadPoint: (0.000, 40.000)
.Decelerate
0.366,0.437,0.000
0.438,0.437,0.590,0.606,32.000
.Time: 1960.Location: (-0.029, 32.701, 0.000)
.lookAheadPoint: (0.000, 37.701)
.Decelerate
0.343,0.434,0.002
0.442,0.426,0.590,0.592,33.000
.Time: 1970.Location: (-0.015, 33.049, 0.146)
.lookAheadPoint: (0.000, 40.000)
.Decelerate
0.343,0.431,0.001
0.433,0.429,0.586,0.591,33.000
.Time: 1980.Location: (-0.043, 33.409, 359.854)
.lookAheadPoint: (0.000, 40.000)
.Decelerate
0.343,0.427,0.002
0.434,0.421,0.575,0.593,33.000
.Time: 1990.Location: (-0.043, 33.745, 359.854)
.lookAheadPoint: (0.000, 38.745)
.Decelerate
0.317,0.424,0.003
0.435,0.413,0.574,0.584,34.000
.Time: 2000.Location: (-0.030, 34.093, 360.000)
.lookAheadPoint: (0.000, 40.000)
.Decelerate
0.317,0.421,0.002
0.426,0.415,0.579,0.575,34.000
.Time: 2010.Location: (-0.044, 34.441, 359.854)
.lookAheadPoint: (0.000, 40.000)
.Decelerate
0.317,0.417,0.003
0.426,0.409,0.564,0.588,34.000
.Time: 2020.Location: (-0.059, 34.789, 359.709)
.lookAheadPoint: (0.000, 40.000)
.hereWARNING - pros.serial.terminal.terminal:stop - Stopping terminal
WARNING - pros.serial.terminal.terminal:reader - Connection to COM7 broken
