.velList #0: 0.000
.velList #1: 0.750
.velList #2: 0.750
.velList #3: 0.750
.velList #4: 0.750
.velList #5: 0.750
.velList #6: 0.750
.velList #7: 0.750
.velList #8: 0.750
.velList #9: 0.750
.velList #10: 0.750
.velList #11: 0.750
.velList #12: 0.750
.velList #13: 0.750
.velList #14: 0.750
.velList #15: 0.750
.velList #16: 0.750
.velList #17: 0.750
.velList #18: 0.750
.velList #19: 0.750
.velList #20: 0.000
0.750,0.000
.Accelerate
0.010,0.010,0.000,-0.000,1.000
0.750,0.010
.Accelerate
0.020,0.020,0.000,-0.000,1.000
0.750,0.020
.Accelerate
0.030,0.030,0.000,-0.000,1.000
0.750,0.030
.Accelerate
0.040,0.040,0.000,-0.000,1.000
0.750,0.040
.Accelerate
0.050,0.050,0.000,0.013,1.000
0.750,0.050
.Accelerate
0.060,0.060,0.016,0.013,1.000
0.750,0.060
.Accelerate
0.070,0.070,0.020,0.030,1.000
0.750,0.070
.Accelerate
0.080,0.080,0.020,0.030,1.000
0.750,0.080
.Accelerate
0.090,0.090,0.018,0.034,1.000
0.750,0.090
.Accelerate
0.100,0.100,0.019,0.043,1.000
0.750,0.100
.Accelerate
0.110,0.110,0.021,0.054,1.000
0.750,0.110
.Accelerate
0.120,0.120,0.027,0.068,1.000
0.750,0.120
.Accelerate
0.130,0.130,0.028,0.084,1.000
0.750,0.130
.Accelerate
0.140,0.140,0.030,0.096,1.000
0.750,0.140
.Accelerate
0.150,0.150,0.035,0.106,1.000
0.750,0.150
.Accelerate
0.160,0.160,0.044,0.113,1.000
0.750,0.160
.Accelerate
0.170,0.170,0.053,0.113,1.000
0.750,0.170
.Accelerate
0.184,0.176,0.066,0.101,1.000
0.750,0.180
.Accelerate
0.195,0.185,0.071,0.081,1.000
0.750,0.190
.Accelerate
0.214,0.186,0.078,0.069,1.000
0.750,0.200
.Accelerate
0.230,0.190,0.092,0.083,1.000
0.750,0.210
.Accelerate
0.241,0.199,0.108,0.096,1.000
0.750,0.220
.Accelerate
0.253,0.207,0.122,0.109,1.000
0.750,0.230
.Accelerate
0.270,0.210,0.137,0.129,1.000
0.750,0.240
.Accelerate
0.281,0.219,0.151,0.138,1.000
0.750,0.250
.Accelerate
0.287,0.233,0.178,0.144,1.000
0.750,0.260
.Accelerate
0.311,0.229,0.196,0.151,1.000
0.750,0.270
.Accelerate
0.317,0.243,0.204,0.158,1.000
0.750,0.280
.Accelerate
0.329,0.251,0.220,0.167,1.000
0.750,0.290
.Accelerate
0.341,0.259,0.228,0.176,1.000
0.750,0.300
.Accelerate
0.360,0.260,0.248,0.191,1.000
0.750,0.310
.Accelerate
0.365,0.275,0.270,0.201,1.000
0.750,0.320
.Accelerate
0.331,0.329,0.283,0.214,1.000
0.750,0.330
.Accelerate
0.341,0.339,0.280,0.227,1.000
0.750,0.340
.Accelerate
0.351,0.349,0.266,0.248,1.000
0.750,0.350
.Accelerate
0.361,0.359,0.282,0.268,1.000
0.750,0.360
.Accelerate
0.437,0.303,0.305,0.286,2.000
0.750,0.370
.Accelerate
0.441,0.319,0.329,0.291,2.000
0.750,0.380
.Accelerate
0.464,0.316,0.372,0.284,2.000
0.750,0.390
.Accelerate
0.401,0.399,0.386,0.286,2.000
0.750,0.400
.Accelerate
0.411,0.409,0.393,0.294,2.000
0.750,0.410
.Accelerate
0.421,0.419,0.374,0.328,2.000
0.750,0.420
.Accelerate
0.512,0.348,0.357,0.342,3.000
0.750,0.430
.Accelerate
0.506,0.374,0.391,0.344,3.000
0.750,0.440
.Accelerate
0.532,0.368,0.444,0.336,3.000
0.750,0.450
.Accelerate
0.461,0.459,0.454,0.346,3.000
0.750,0.460
.Accelerate
0.471,0.469,0.475,0.356,3.000
0.750,0.470
.Accelerate
0.578,0.382,0.454,0.401,4.000
0.750,0.480
.Accelerate
0.594,0.386,0.449,0.400,4.000
0.750,0.490
.Accelerate
0.597,0.403,0.476,0.371,4.000
0.750,0.500
.Accelerate
0.512,0.508,0.487,0.372,4.000
0.750,0.510
.Accelerate
0.522,0.518,0.507,0.399,4.000
0.750,0.520
.Accelerate
0.660,0.400,0.508,0.451,5.000
0.750,0.530
.Accelerate
0.678,0.402,0.527,0.468,5.000
0.750,0.540
.Accelerate
0.553,0.547,0.555,0.425,5.000
0.750,0.550
.Accelerate
0.563,0.557,0.560,0.422,5.000
0.750,0.560
.Accelerate
0.702,0.438,0.565,0.481,6.000
0.750,0.570
.Accelerate
0.704,0.456,0.585,0.491,6.000
0.750,0.580
.Accelerate
0.593,0.587,0.599,0.475,6.000
0.750,0.590
.Accelerate
0.603,0.597,0.579,0.489,6.000
0.750,0.600
.Accelerate
0.736,0.484,0.574,0.537,7.000
0.750,0.610
.Accelerate
0.735,0.505,0.582,0.541,7.000
0.750,0.620
.Accelerate
0.633,0.627,0.651,0.511,7.000
0.750,0.630
.Accelerate
0.764,0.516,0.658,0.535,8.000
0.750,0.640
.Accelerate
0.762,0.538,0.644,0.552,8.000
0.750,0.650
.Accelerate
0.663,0.657,0.670,0.546,8.000
0.750,0.660
.Accelerate
0.673,0.667,0.687,0.571,8.000
0.750,0.670
.Accelerate
0.784,0.576,0.665,0.593,9.000
0.750,0.680
.Accelerate
0.693,0.687,0.659,0.590,9.000
0.750,0.690
.Accelerate
0.703,0.697,0.659,0.596,9.000
0.750,0.700
.Accelerate
0.781,0.639,0.653,0.601,10.000
0.750,0.710
.Accelerate
0.810,0.630,0.671,0.627,10.000
0.750,0.720
.Accelerate
0.732,0.728,0.675,0.630,10.000
0.750,0.730
.Accelerate
0.772,0.708,0.713,0.637,11.000
0.750,0.740
0.753,0.747,0.726,0.659,11.000
0.750,0.750
0.755,0.745,0.740,0.652,11.000
0.750,0.750
0.797,0.703,0.739,0.689,12.000
0.750,0.750
0.752,0.748,0.733,0.683,12.000
0.750,0.750
0.754,0.746,0.738,0.662,12.000
0.750,0.750
0.789,0.711,0.728,0.683,13.000
0.750,0.750
0.750,0.750,0.758,0.694,13.000
0.750,0.750
0.749,0.751,0.767,0.683,13.000
0.750,0.750
0.796,0.704,0.760,0.717,14.000
0.750,0.750
0.748,0.752,0.767,0.723,14.000
0.750,0.750
0.710,0.790,0.757,0.681,15.000
0.750,0.750
0.743,0.757,0.745,0.709,15.000
0.750,0.750
0.744,0.756,0.736,0.723,15.000
0.750,0.750
0.673,0.827,0.738,0.740,16.000
0.750,0.750
0.743,0.757,0.735,0.740,16.000
0.750,0.750
0.701,0.799,0.738,0.747,17.000
0.750,0.750
0.655,0.845,0.740,0.741,17.000
0.750,0.750
0.711,0.789,0.748,0.743,17.000
0.750,0.750
0.691,0.809,0.721,0.748,18.000
0.750,0.750
0.625,0.875,0.722,0.747,18.000
0.750,0.750
0.528,0.972,0.736,0.778,19.000
0.750,0.750
0.157,1.343,0.730,0.769,19.000