


         _+=+_
      .-`  .  `-.          8888888b.  8888888b.   .d88888b.   .d8888b.
   _+`     "     `+_       888   Y88b 888   Y88b d88P" "Y88b d88P  Y88b
  \\\sssssssssssss///      888    888 888    888 888     888 Y88b.
     .ss\  *  /ss.         888   d88P 888   d88P 888     888  "Y888b.
 .+bm  .s  *  s.  md+.     8888888P"  8888888P"  888     888     "Y88b.
.hMMMMs .  *  . sMMMMh.    888        888 T88b   888     888       "888
 `\hMMMb \ | / dMMMh:      888        888  T88b  Y88b. .d88P Y88b  d88P
   -SNMNo  -  oNMNs-       888        888   T88b  "Y88888P"   "Y8888P"
     `+dMh\./dMd/
        `:yNy:`                      Powered by PROS for VEX V5
           "                Copyright (c) Purdue University ACM SIGBots
Version:        3.2.1     Platform:  V1.0.11 (b70)     Uptime:    0.000 s
Compiled:                Unknown     Directory:                 Unknown


.velList #0: 0.000
.velList #1: 0.129
.velList #2: 0.183
.velList #3: 0.224
.velList #4: 0.259
.velList #5: 0.290
.velList #6: 0.317
.velList #7: 0.343
.velList #8: 0.366
.velList #9: 0.388
.velList #10: 0.409
.velList #11: 0.429
.velList #12: 0.449
.velList #13: 0.467
.velList #14: 0.484
.velList #15: 0.500
.velList #16: 0.500
.velList #17: 0.500
.velList #18: 0.500
.velList #19: 0.500
.velList #20: 0.500
.velList #21: 0.500
.velList #22: 0.500
.velList #23: 0.500
.velList #24: 0.500
.velList #25: 0.500
.velList #26: 0.484
.velList #27: 0.467
.velList #28: 0.449
.velList #29: 0.429
.velList #30: 0.409
.velList #31: 0.388
.velList #32: 0.366
.velList #33: 0.343
.velList #34: 0.317
.velList #35: 0.290
.velList #36: 0.259
.velList #37: 0.224
.velList #38: 0.183
.velList #39: 0.129
.velList #40: 0.000
0.129,0.000
.Accelerate
0.007,0.007,0.000,-0.000,1.000
0.129,0.003
.Accelerate
0.013,0.013,0.000,-0.000,1.000
0.129,0.007
.Accelerate
0.020,0.020,0.000,-0.000,1.000
0.129,0.010
.Accelerate
0.026,0.026,0.000,-0.000,1.000
0.129,0.013
.Accelerate
0.033,0.033,0.000,-0.000,1.000
0.129,0.017
.Accelerate
0.040,0.040,0.000,-0.000,1.000
0.129,0.020
.Accelerate
0.046,0.046,0.000,0.030,1.000
0.129,0.023
.Accelerate
0.053,0.053,0.037,0.020,1.000
0.129,0.026
.Accelerate
0.059,0.059,0.037,0.020,1.000
0.129,0.030
.Accelerate
0.066,0.066,0.037,0.021,1.000
0.129,0.033
.Accelerate
0.073,0.073,0.037,0.019,1.000
0.129,0.036
.Accelerate
0.079,0.079,0.070,0.023,1.000
0.129,0.040
.Accelerate
0.086,0.086,0.058,0.027,1.000
0.129,0.043
.Accelerate
0.092,0.092,0.029,0.029,1.000
0.129,0.046
.Accelerate
0.097,0.101,0.029,0.033,1.000
0.129,0.049
.Accelerate
0.103,0.108,0.024,0.034,1.000
0.129,0.053
.Accelerate
0.110,0.115,0.024,0.034,1.000
0.129,0.056
.Accelerate
0.119,0.119,0.027,0.037,1.000
0.129,0.059
.Accelerate
0.122,0.128,0.032,0.044,1.000
0.129,0.063
.Accelerate
0.135,0.129,0.039,0.051,1.000
0.129,0.066
.Accelerate
0.145,0.132,0.048,0.062,1.000
0.129,0.069
.Accelerate
0.152,0.138,0.057,0.072,1.000
0.129,0.073
.Accelerate
0.166,0.137,0.074,0.076,1.000
0.129,0.076
.Accelerate
0.174,0.143,0.081,0.076,1.000
0.129,0.079
.Accelerate
0.177,0.153,0.092,0.077,1.000
0.129,0.082
.Accelerate
0.189,0.155,0.107,0.082,1.000
0.129,0.086
.Accelerate
0.200,0.156,0.111,0.095,1.000
0.129,0.089
.Accelerate
0.204,0.166,0.119,0.105,1.000
0.129,0.092
.Accelerate
0.206,0.176,0.133,0.109,1.000
0.129,0.096
.Accelerate
0.214,0.182,0.149,0.122,1.000
0.129,0.099
.Accelerate
0.211,0.198,0.162,0.135,1.000
0.129,0.102
.Accelerate
0.218,0.204,0.167,0.148,1.000
0.129,0.106
.Accelerate
0.225,0.211,0.171,0.167,1.000
0.129,0.109
.Accelerate
0.237,0.211,0.178,0.176,1.000
0.129,0.112
.Accelerate
0.231,0.231,0.193,0.183,1.000
0.129,0.115
.Accelerate
0.238,0.238,0.211,0.186,1.000
0.129,0.119
.Accelerate
0.244,0.244,0.218,0.205,1.000
0.129,0.122
.Accelerate
0.251,0.251,0.221,0.221,1.000
0.183,0.125
.Accelerate
0.267,0.248,0.224,0.234,2.000
0.183,0.129
.Accelerate
0.287,0.241,0.232,0.241,2.000
0.183,0.132
.Accelerate
0.288,0.253,0.256,0.245,2.000
0.183,0.135
.Accelerate
0.296,0.259,0.278,0.247,2.000
0.183,0.139
.Accelerate
0.284,0.284,0.277,0.257,2.000
0.183,0.142
.Accelerate
0.290,0.290,0.281,0.277,2.000
0.183,0.145
.Accelerate
0.297,0.297,0.288,0.293,2.000
0.224,0.148
.Accelerate
0.342,0.266,0.297,0.300,3.000
0.224,0.152
.Accelerate
0.350,0.270,0.312,0.297,3.000
0.224,0.155
.Accelerate
0.359,0.275,0.331,0.292,3.000
0.224,0.158
.Accelerate
0.324,0.323,0.355,0.302,3.000
0.224,0.162
.Accelerate
0.330,0.330,0.364,0.318,3.000
0.224,0.165
.Accelerate
0.337,0.336,0.354,0.351,3.000
0.259,0.168
.Accelerate
0.393,0.293,0.353,0.363,4.000
0.259,0.172
.Accelerate
0.385,0.315,0.379,0.360,4.000
0.259,0.175
.Accelerate
0.356,0.356,0.418,0.348,4.000
0.259,0.178
.Accelerate
0.363,0.363,0.417,0.356,4.000
0.290,0.181
.Accelerate
0.399,0.341,0.406,0.392,5.000
0.290,0.185
.Accelerate
0.406,0.346,0.406,0.408,5.000
0.290,0.188
.Accelerate
0.404,0.362,0.432,0.400,5.000
0.290,0.191
.Accelerate
0.389,0.389,0.459,0.406,5.000
0.317,0.195
.Accelerate
0.407,0.385,0.460,0.407,6.000
0.317,0.198
.Accelerate
0.403,0.402,0.460,0.432,6.000
0.317,0.201
.Accelerate
0.408,0.410,0.466,0.438,6.000
0.317,0.205
.Accelerate
0.416,0.416,0.461,0.454,6.000
0.343,0.208
.Accelerate
0.420,0.425,0.482,0.472,7.000
0.343,0.211
.Accelerate
0.425,0.433,0.487,0.485,7.000
0.343,0.214
.Accelerate
0.436,0.436,0.492,0.490,7.000
0.343,0.218
.Accelerate
0.442,0.442,0.500,0.506,7.000
0.366,0.221
.Accelerate
0.442,0.456,0.516,0.512,8.000
0.366,0.224
.Accelerate
0.447,0.464,0.516,0.515,8.000
0.366,0.228
.Accelerate
0.462,0.462,0.526,0.534,8.000
0.388,0.231
.Accelerate
0.446,0.492,0.531,0.539,9.000
0.388,0.234
.Accelerate
0.462,0.488,0.537,0.545,9.000
0.388,0.238
.Accelerate
0.482,0.482,0.527,0.558,9.000
0.388,0.241
.Accelerate
0.488,0.488,0.547,0.566,9.000
0.409,0.244
.Accelerate
0.476,0.514,0.542,0.549,10.000
0.409,0.247
.Accelerate
0.501,0.502,0.557,0.563,10.000
0.409,0.251
.Accelerate
0.508,0.508,0.559,0.581,10.000
0.429,0.254
.Accelerate
0.461,0.568,0.577,0.583,11.000
0.429,0.257
.Accelerate
0.521,0.522,0.583,0.575,11.000
0.429,0.261
.Accelerate
0.528,0.528,0.591,0.584,11.000
0.449,0.264
.Accelerate
0.527,0.542,0.585,0.576,12.000
0.449,0.267
.Accelerate
0.541,0.541,0.609,0.589,12.000
0.449,0.271
.Accelerate
0.548,0.548,0.618,0.601,12.000
0.467,0.274
.Accelerate
0.562,0.547,0.620,0.658,13.000
0.467,0.277
.Accelerate
0.561,0.561,0.613,0.654,13.000
0.467,0.281
.Accelerate
0.568,0.568,0.627,0.637,13.000
0.484,0.284
.Accelerate
0.599,0.549,0.644,0.613,14.000
0.484,0.287
.Accelerate
0.581,0.581,0.625,0.614,14.000
0.500,0.290
.Accelerate
0.634,0.541,0.621,0.631,15.000
0.500,0.294
.Accelerate
0.644,0.544,0.612,0.643,15.000
0.500,0.297
.Accelerate
0.601,0.600,0.645,0.656,15.000
0.500,0.300
.Accelerate
0.682,0.533,0.694,0.653,16.000
0.500,0.304
.Accelerate
0.614,0.613,0.694,0.652,16.000
0.500,0.307
.Accelerate
0.621,0.619,0.702,0.644,16.000
0.500,0.310
.Accelerate
0.755,0.499,0.695,0.675,17.000
0.500,0.314
.Accelerate
0.635,0.632,0.700,0.674,17.000
0.500,0.317
.Accelerate
0.786,0.495,0.718,0.649,18.000
0.500,0.320
.Accelerate
0.784,0.509,0.729,0.646,18.000
0.500,0.323
.Accelerate
0.654,0.653,0.743,0.643,18.000
0.500,0.327
.Accelerate
0.721,0.599,0.721,0.644,19.000
0.500,0.330
.Accelerate
0.667,0.666,0.730,0.677,19.000
0.500,0.333
.Accelerate
0.719,0.628,0.725,0.706,20.000
0.500,0.337
.Accelerate
0.688,0.671,0.730,0.717,20.000
0.500,0.340
.Accelerate
0.686,0.687,0.756,0.703,20.000
0.500,0.343
.Accelerate
0.655,0.731,0.742,0.705,21.000
0.500,0.347
.Accelerate
0.699,0.700,0.749,0.704,21.000
0.500,0.350
.Accelerate
0.633,0.779,0.740,0.704,22.000
0.500,0.353
.Accelerate
0.711,0.714,0.738,0.716,22.000
0.500,0.356
.Accelerate
0.718,0.721,0.752,0.705,22.000
0.500,0.360
.Accelerate
0.581,0.871,0.747,0.726,23.000
0.500,0.363
.Accelerate
0.731,0.735,0.750,0.719,23.000
0.500,0.366
.Accelerate
0.589,0.890,0.739,0.737,24.000
0.500,0.370
.Accelerate
0.743,0.748,0.694,0.738,24.000
0.500,0.373
.Accelerate
0.599,0.906,0.725,0.731,25.000
0.500,0.376
.Accelerate
0.756,0.762,0.751,0.746,25.000
0.500,0.380
.Accelerate
0.763,0.769,0.754,0.735,25.000
0.484,0.383
.Accelerate
0.607,0.937,0.754,0.760,26.000
0.484,0.386
.Accelerate
0.775,0.783,0.741,0.751,26.000
0.467,0.389
.Accelerate
0.644,0.927,0.742,0.755,27.000
0.467,0.393
.Accelerate
0.788,0.796,0.734,0.746,27.000
0.449,0.396
.Accelerate
0.624,0.974,0.738,0.736,28.000
0.449,0.399
.Accelerate
0.801,0.810,0.748,0.740,28.000
0.449,0.403
.Accelerate
0.806,0.818,0.740,0.735,28.000
0.429,0.406
.Accelerate
0.597,1.039,0.758,0.731,29.000
0.429,0.409
.Accelerate
0.816,0.834,0.755,0.741,29.000
0.409,0.413
0.507,1.131,0.759,0.756,30.000
0.409,0.409
0.806,0.832,0.751,0.745,30.000
0.388,0.409
.Decelerate
0.530,1.095,0.720,0.767,31.000
0.388,0.406
.Decelerate
0.787,0.825,0.723,0.747,31.000
0.388,0.403
.Decelerate
0.777,0.821,0.703,0.754,31.000
0.366,0.400
.Decelerate
0.380,1.205,0.726,0.750,32.000
0.366,0.396
.Decelerate
0.758,0.814,0.739,0.755,32.000
0.343,0.393
.Decelerate
0.365,1.194,0.693,0.758,33.000
0.343,0.390
.Decelerate
0.734,0.811,0.670,0.741,33.000
0.317,0.386
.Decelerate
0.315,1.217,0.637,0.759,34.000
0.317,0.383
.Decelerate
0.709,0.810,0.633,0.744,34.000
0.317,0.380
.Decelerate
0.695,0.811,0.593,0.756,34.000
0.290,0.376
.Decelerate
0.372,1.121,0.621,0.746,35.000
0.290,0.373
.Decelerate
0.681,0.799,0.654,0.750,35.000
0.259,0.370
.Decelerate
0.406,1.060,0.628,0.748,36.000
0.259,0.367
.Decelerate
0.629,0.824,0.664,0.760,36.000
0.224,0.363
.Decelerate
0.423,1.016,0.653,0.748,37.000
0.224,0.360
.Decelerate
0.509,0.917,0.701,0.753,37.000
0.224,0.357
.Decelerate
0.589,0.825,0.665,0.743,37.000
0.183,0.353
.Decelerate
0.524,0.876,0.681,0.743,38.000
0.183,0.350
.Decelerate
0.472,0.915,0.699,0.760,38.000
0.129,0.347
.Decelerate
0.356,1.018,0.699,0.751,39.000
0.129,0.343
.Decelerate
0.203,1.158,0.685,0.766,39.000
0.129,0.340
.Decelerate
-0.204,1.551,0.642,0.756,39.000
WARNING - pros.serial.terminal.terminal:stop - Stopping terminal
WARNING - pros.serial.terminal.terminal:reader - Connection to COM7 broken
