


         _+=+_
      .-`  .  `-.          8888888b.  8888888b.   .d88888b.   .d8888b.
   _+`     "     `+_       888   Y88b 888   Y88b d88P" "Y88b d88P  Y88b
  \\\sssssssssssss///      888    888 888    888 888     888 Y88b.
     .ss\  *  /ss.         888   d88P 888   d88P 888     888  "Y888b.
 .+bm  .s  *  s.  md+.     8888888P"  8888888P"  888     888     "Y88b.
.hMMMMs .  *  . sMMMMh.    888        888 T88b   888     888       "888
 `\hMMMb \ | / dMMMh:      888        888  T88b  Y88b. .d88P Y88b  d88P
   -SNMNo  -  oNMNs-       888        888   T88b  "Y88888P"   "Y8888P"
     `+dMh\./dMd/
        `:yNy:`                      Powered by PROS for VEX V5
           "                Copyright (c) Purdue University ACM SIGBots
Version:        3.2.1     Platform:  V1.0.11 (b70)     Uptime:    0.000 s
Compiled:   Jul 12 2020 12:34:00     Directory:  /VEX-90819-2021/90819A


.velList #0: 0.000
.velList #1: 0.225
.velList #2: 0.319
.velList #3: 0.390
.velList #4: 0.451
.velList #5: 0.504
.velList #6: 0.552
.velList #7: 0.596
.velList #8: 0.637
.velList #9: 0.676
.velList #10: 0.713
.velList #11: 0.748
.velList #12: 0.781
.velList #13: 0.813
.velList #14: 0.843
.velList #15: 0.873
.velList #16: 0.902
.velList #17: 0.929
.velList #18: 0.956
.velList #19: 0.982
.velList #20: 1.008
.velList #21: 0.982
.velList #22: 0.956
.velList #23: 0.929
.velList #24: 0.902
.velList #25: 0.873
.velList #26: 0.843
.velList #27: 0.813
.velList #28: 0.781
.velList #29: 0.748
.velList #30: 0.713
.velList #31: 0.676
.velList #32: 0.637
.velList #33: 0.596
.velList #34: 0.552
.velList #35: 0.504
.velList #36: 0.451
.velList #37: 0.390
.velList #38: 0.319
.velList #39: 0.225
.velList #40: 0.000
0.225,0.000
.Accelerate
0.020,0.020,0.000,-0.000,1.000
0.225,0.010
.Accelerate
0.040,0.040,0.000,-0.000,1.000
0.225,0.020
.Accelerate
0.060,0.060,0.000,-0.000,1.000
0.225,0.030
.Accelerate
0.080,0.080,0.021,-0.000,1.000
0.225,0.040
.Accelerate
0.100,0.100,0.024,0.021,1.000
0.225,0.050
.Accelerate
0.120,0.120,0.028,0.028,1.000
0.225,0.060
.Accelerate
0.140,0.140,0.036,0.062,1.000
0.225,0.070
.Accelerate
0.160,0.160,0.043,0.097,1.000
0.225,0.080
.Accelerate
0.176,0.184,0.049,0.130,1.000
0.225,0.090
.Accelerate
0.195,0.205,0.063,0.160,1.000
0.225,0.100
.Accelerate
0.219,0.221,0.078,0.184,1.000
0.225,0.110
.Accelerate
0.245,0.235,0.100,0.209,1.000
0.225,0.120
.Accelerate
0.253,0.267,0.126,0.205,1.000
0.225,0.130
.Accelerate
0.286,0.274,0.148,0.171,1.000
0.225,0.140
.Accelerate
0.306,0.294,0.167,0.159,1.000
0.225,0.150
.Accelerate
0.334,0.306,0.202,0.180,1.000
0.225,0.160
.Accelerate
0.355,0.325,0.237,0.211,1.000
0.225,0.170
.Accelerate
0.394,0.326,0.268,0.250,1.000
0.225,0.180
.Accelerate
0.426,0.334,0.294,0.283,1.000
0.225,0.190
.Accelerate
0.439,0.361,0.330,0.306,1.000
0.225,0.200
.Accelerate
0.420,0.420,0.368,0.331,1.000
0.225,0.210
.Accelerate
0.440,0.440,0.403,0.351,1.000
0.319,0.220
.Accelerate
0.507,0.413,0.395,0.393,2.000
0.319,0.230
.Accelerate
0.530,0.430,0.427,0.400,2.000
0.319,0.240
.Accelerate
0.500,0.500,0.433,0.423,2.000
0.319,0.250
.Accelerate
0.520,0.520,0.460,0.435,2.000
0.390,0.260
.Accelerate
0.614,0.466,0.483,0.467,3.000
0.390,0.270
.Accelerate
0.654,0.466,0.505,0.496,3.000
0.390,0.280
.Accelerate
0.580,0.580,0.566,0.523,3.000
0.451,0.290
.Accelerate
0.676,0.524,0.593,0.526,4.000
0.451,0.300
.Accelerate
0.668,0.572,0.562,0.562,4.000
0.451,0.310
.Accelerate
0.640,0.640,0.633,0.541,4.000
0.504,0.320
.Accelerate
0.716,0.604,0.664,0.621,5.000
0.504,0.330
.Accelerate
0.722,0.638,0.683,0.565,5.000
0.504,0.340
.Accelerate
0.700,0.700,0.692,0.565,5.000
0.552,0.350
.Accelerate
0.709,0.731,0.704,0.643,6.000
0.552,0.360
.Accelerate
0.740,0.740,0.716,0.687,6.000
0.552,0.370
.Accelerate
0.760,0.760,0.727,0.696,6.000
0.596,0.380
.Accelerate
0.646,0.914,0.743,0.693,7.000
0.596,0.390
.Accelerate
0.799,0.801,0.766,0.705,7.000
0.637,0.400
.Accelerate
0.819,0.821,0.773,0.734,8.000
0.676,0.410
.Accelerate
0.595,1.085,0.782,0.741,9.000
0.676,0.420
.Accelerate
0.570,1.150,0.787,0.754,9.000
0.676,0.430
.Accelerate
0.878,0.882,0.771,0.763,9.000
0.713,0.440
.Accelerate
0.432,1.368,0.764,0.761,10.000
0.713,0.450
.Accelerate
0.918,0.922,0.752,0.775,10.000
0.748,0.460
.Accelerate
0.390,1.490,0.742,0.773,11.000
0.748,0.470
.Accelerate
0.957,0.963,0.711,0.776,11.000
0.781,0.480
.Accelerate
0.341,1.619,0.711,0.771,12.000
0.781,0.490
.Accelerate
0.997,1.003,0.676,0.767,12.000
0.813,0.500
.Accelerate
0.412,1.628,0.654,0.786,13.000
0.813,0.510
.Accelerate
1.036,1.044,0.654,0.781,13.000
0.843,0.520
.Accelerate
0.413,1.707,0.651,0.795,14.000
0.843,0.530
.Accelerate
1.076,1.084,0.682,0.769,14.000
0.873,0.540
.Accelerate
0.369,1.831,0.658,0.787,15.000
0.873,0.550
.Accelerate
1.115,1.125,0.678,0.785,15.000
0.902,0.560
.Accelerate
0.407,1.873,0.645,0.789,16.000
0.902,0.570
.Accelerate
1.155,1.165,0.651,0.796,16.000
0.929,0.580
.Accelerate
0.490,1.870,0.642,0.788,17.000
0.929,0.590
.Accelerate
0.523,1.877,0.659,0.777,17.000
0.929,0.600
.Accelerate
1.215,1.225,0.691,0.783,17.000
0.956,0.610
.Accelerate
0.666,1.814,0.698,0.798,18.000
0.956,0.620
.Accelerate
1.255,1.265,0.732,0.798,18.000
0.982,0.630
.Accelerate
0.769,1.791,0.753,0.798,19.000
0.982,0.640
.Accelerate
1.295,1.305,0.807,0.781,19.000
0.982,0.650
.Accelerate
1.315,1.325,0.806,0.798,19.000
1.008,0.660
.Accelerate
0.906,1.774,0.834,0.782,20.000
1.008,0.670
.Accelerate
1.356,1.364,0.832,0.793,20.000
0.982,0.680
.Accelerate
1.014,1.746,0.821,0.782,21.000
0.982,0.690
.Accelerate
1.396,1.404,0.777,0.771,21.000
0.956,0.700
.Accelerate
1.417,1.423,0.741,0.796,22.000
0.956,0.710
.Accelerate
1.439,1.441,0.756,0.778,22.000
0.929,0.720
.Accelerate
1.358,1.562,0.765,0.784,23.000
0.929,0.730
.Accelerate
1.479,1.481,0.757,0.780,23.000
0.902,0.740
.Accelerate
1.371,1.629,0.775,0.783,24.000
0.902,0.750
.Accelerate
1.520,1.520,0.784,0.776,24.000
0.873,0.760
.Accelerate
1.611,1.469,0.788,0.798,25.000
0.873,0.770
.Accelerate
1.562,1.558,0.799,0.788,25.000
0.843,0.780
.Accelerate
1.698,1.462,0.794,0.795,26.000
0.843,0.790
.Accelerate
1.606,1.594,0.778,0.790,26.000
0.813,0.800
.Accelerate
2.001,1.239,0.793,0.777,27.000
0.813,0.810
1.636,1.615,0.799,0.793,27.000
0.781,0.813
.Decelerate
2.167,1.043,0.785,0.799,28.000
0.781,0.803
.Decelerate
2.212,0.958,0.799,0.799,28.000
0.781,0.793
.Decelerate
1.585,1.546,0.803,0.793,28.000
0.748,0.783
.Decelerate
2.294,0.796,0.792,0.799,29.000
0.748,0.773
.Decelerate
1.553,1.497,0.801,0.778,29.000
0.713,0.763
.Decelerate
2.329,0.681,0.799,0.801,30.000
0.713,0.753
.Decelerate
1.522,1.448,0.800,0.791,30.000
0.676,0.743
.Decelerate
2.398,0.532,0.807,0.809,31.000
0.676,0.733
.Decelerate
1.500,1.390,0.808,0.782,31.000
0.637,0.723
.Decelerate
2.506,0.344,0.807,0.768,32.000
0.637,0.713
.Decelerate
1.475,1.335,0.823,0.753,32.000
0.596,0.703
.Decelerate
2.520,0.250,0.807,0.753,33.000
0.596,0.693
.Decelerate
2.508,0.223,0.807,0.697,33.000
0.596,0.683
.Decelerate
1.460,1.231,0.807,0.663,33.000
0.552,0.673
.Decelerate
2.547,0.104,0.816,0.598,34.000
0.552,0.663
.Decelerate
1.466,1.145,0.807,0.556,34.000
0.504,0.653
.Decelerate
2.581,-0.011,0.818,0.496,35.000
0.504,0.643
.Decelerate
1.505,1.025,0.809,0.452,35.000
0.451,0.633
.Decelerate
2.668,-0.178,0.808,0.266,36.000
0.451,0.623
.Decelerate
1.621,0.830,0.803,0.214,36.000
0.390,0.613
.Decelerate
2.557,-0.147,0.791,0.187,37.000
0.390,0.603
.Decelerate
2.426,-0.055,0.797,0.173,37.000
0.390,0.593
.Decelerate
1.816,0.515,0.816,0.128,37.000
0.319,0.583
.Decelerate
1.919,0.372,0.803,0.080,38.000
0.319,0.573
.Decelerate
2.057,0.194,0.791,0.061,38.000
0.319,0.563
.Decelerate
2.286,-0.075,0.799,0.305,38.000
0.225,0.553
.Decelerate
2.709,-0.538,0.802,0.348,39.000
0.225,0.543
.Decelerate
3.960,-1.829,0.786,0.233,39.000
0.225,0.533
.Decelerate
6.464,-4.374,0.780,0.161,39.000
WARNING - pros.serial.terminal.terminal:stop - Stopping terminal
