


  _____  _____   ____   _____ 
 |  __ \|  __ \ / __ \ / ____|          Powered by PROS for VEX V5
 | |__) | |__) | |  | | (___      Version:                          3.2.1
 |  ___/|  _  /| |  | |\___ \     Uptime:                        52.276 s
 | |    | | \ \| |__| |____) |    Compiled:                       Unknown
 |_|    |_|  \_\\____/|_____/     Directory:                      Unknown


.velList #0: 0.000
.velList #1: 0.129
.velList #2: 0.183
.velList #3: 0.224
.velList #4: 0.259
.velList #5: 0.290
.velList #6: 0.317
.velList #7: 0.343
.velList #8: 0.366
.velList #9: 0.388
.velList #10: 0.409
.velList #11: 0.429
.velList #12: 0.449
.velList #13: 0.467
.velList #14: 0.484
.velList #15: 0.500
.velList #16: 0.500
.velList #17: 0.500
.velList #18: 0.500
.velList #19: 0.500
.velList #20: 0.500
.velList #21: 0.500
.velList #22: 0.500
.velList #23: 0.500
.velList #24: 0.500
.velList #25: 0.500
.velList #26: 0.484
.velList #27: 0.467
.velList #28: 0.449
.velList #29: 0.429
.velList #30: 0.409
.velList #31: 0.388
.velList #32: 0.366
.velList #33: 0.343
.velList #34: 0.317
.velList #35: 0.290
.velList #36: 0.259
.velList #37: 0.224
.velList #38: 0.183
.velList #39: 0.129
.velList #40: 0.000
0.129,0.000
.Accelerate
0.007,0.007,0.000,-0.000,1.000
0.129,0.003
.Accelerate
0.013,0.013,0.000,-0.000,1.000
0.129,0.007
.Accelerate
0.020,0.020,0.000,-0.000,1.000
0.129,0.010
.Accelerate
0.026,0.026,0.000,-0.000,1.000
0.129,0.013
.Accelerate
0.033,0.033,0.008,-0.000,1.000
0.129,0.017
.Accelerate
0.040,0.040,0.008,-0.000,1.000
0.129,0.020
.Accelerate
0.046,0.046,0.008,-0.000,1.000
0.129,0.023
.Accelerate
0.053,0.053,0.006,0.005,1.000
0.129,0.026
.Accelerate
0.059,0.059,0.053,0.005,1.000
0.129,0.030
.Accelerate
0.066,0.066,0.029,0.006,1.000
0.129,0.033
.Accelerate
0.073,0.073,0.029,0.006,1.000
0.129,0.036
.Accelerate
0.079,0.079,0.037,0.008,1.000
0.129,0.040
.Accelerate
0.086,0.086,0.040,0.010,1.000
0.129,0.043
.Accelerate
0.092,0.092,0.048,0.018,1.000
0.129,0.046
.Accelerate
0.099,0.099,0.061,0.028,1.000
0.129,0.049
.Accelerate
0.106,0.106,0.068,0.029,1.000
0.129,0.053
.Accelerate
0.115,0.110,0.074,0.027,1.000
0.129,0.056
.Accelerate
0.122,0.116,0.074,0.026,1.000
0.129,0.059
.Accelerate
0.128,0.122,0.068,0.030,1.000
0.129,0.063
.Accelerate
0.141,0.123,0.060,0.038,1.000
0.129,0.066
.Accelerate
0.149,0.129,0.059,0.047,1.000
0.129,0.069
.Accelerate
0.156,0.135,0.067,0.052,1.000
0.129,0.073
.Accelerate
0.159,0.144,0.081,0.056,1.000
0.129,0.076
.Accelerate
0.170,0.147,0.094,0.066,1.000
0.129,0.079
.Accelerate
0.173,0.157,0.101,0.078,1.000
0.129,0.082
.Accelerate
0.184,0.159,0.116,0.087,1.000
0.129,0.086
.Accelerate
0.187,0.169,0.123,0.094,1.000
0.129,0.089
.Accelerate
0.190,0.180,0.134,0.103,1.000
0.129,0.092
.Accelerate
0.211,0.172,0.141,0.111,1.000
0.129,0.096
.Accelerate
0.213,0.183,0.149,0.124,1.000
0.129,0.099
.Accelerate
0.221,0.188,0.167,0.133,1.000
0.129,0.102
.Accelerate
0.218,0.205,0.180,0.140,1.000
0.129,0.106
.Accelerate
0.225,0.211,0.187,0.147,1.000
0.129,0.109
.Accelerate
0.232,0.217,0.188,0.167,1.000
0.129,0.112
.Accelerate
0.233,0.229,0.192,0.171,1.000
0.129,0.115
.Accelerate
0.238,0.238,0.203,0.185,1.000
0.129,0.119
.Accelerate
0.244,0.244,0.214,0.192,1.000
0.129,0.122
.Accelerate
0.251,0.251,0.222,0.209,1.000
0.129,0.125
.Accelerate
0.257,0.257,0.233,0.224,1.000
0.183,0.129
.Accelerate
0.266,0.262,0.248,0.236,2.000
0.183,0.132
.Accelerate
0.279,0.262,0.259,0.243,2.000
0.183,0.135
.Accelerate
0.279,0.275,0.267,0.249,2.000
0.183,0.139
.Accelerate
0.284,0.284,0.277,0.254,2.000
0.183,0.142
.Accelerate
0.290,0.290,0.287,0.273,2.000
0.183,0.145
.Accelerate
0.297,0.297,0.294,0.290,2.000
0.183,0.148
.Accelerate
0.304,0.304,0.296,0.301,2.000
0.224,0.152
.Accelerate
0.303,0.317,0.306,0.304,3.000
0.224,0.155
.Accelerate
0.317,0.316,0.322,0.311,3.000
0.224,0.158
.Accelerate
0.323,0.323,0.335,0.326,3.000
0.224,0.162
.Accelerate
0.330,0.330,0.338,0.334,3.000
0.224,0.165
.Accelerate
0.337,0.337,0.342,0.347,3.000
0.259,0.168
.Accelerate
0.336,0.351,0.354,0.357,4.000
0.259,0.172
.Accelerate
0.342,0.358,0.364,0.361,4.000
0.259,0.175
.Accelerate
0.356,0.356,0.368,0.377,4.000
0.259,0.178
.Accelerate
0.363,0.363,0.384,0.389,4.000
0.259,0.181
.Accelerate
0.370,0.370,0.395,0.388,4.000
0.290,0.185
.Accelerate
0.368,0.384,0.399,0.400,5.000
0.290,0.188
.Accelerate
0.384,0.382,0.417,0.425,5.000
0.290,0.191
.Accelerate
0.389,0.389,0.426,0.436,5.000
0.290,0.195
.Accelerate
0.396,0.396,0.427,0.430,5.000
0.317,0.198
.Accelerate
0.447,0.358,0.446,0.444,6.000
0.317,0.201
.Accelerate
0.446,0.373,0.460,0.449,6.000
0.317,0.205
.Accelerate
0.416,0.416,0.484,0.444,6.000
0.317,0.208
.Accelerate
0.422,0.422,0.495,0.447,6.000
0.343,0.211
.Accelerate
0.458,0.400,0.480,0.480,7.000
0.343,0.214
.Accelerate
0.466,0.405,0.488,0.494,7.000
0.343,0.218
.Accelerate
0.442,0.442,0.523,0.482,7.000
0.366,0.221
.Accelerate
0.459,0.439,0.532,0.465,8.000
0.366,0.224
.Accelerate
0.465,0.445,0.539,0.504,8.000
0.366,0.228
.Accelerate
0.462,0.462,0.532,0.515,8.000
0.366,0.231
.Accelerate
0.469,0.469,0.554,0.513,8.000
0.388,0.234
.Accelerate
0.437,0.514,0.553,0.528,9.000
0.388,0.238
.Accelerate
0.482,0.482,0.565,0.526,9.000
0.388,0.241
.Accelerate
0.488,0.489,0.563,0.559,9.000
0.409,0.244
.Accelerate
0.459,0.531,0.582,0.539,10.000
0.409,0.247
.Accelerate
0.436,0.567,0.588,0.555,10.000
0.409,0.251
.Accelerate
0.508,0.509,0.583,0.553,10.000
0.429,0.254
.Accelerate
0.411,0.619,0.577,0.562,11.000
0.429,0.257
.Accelerate
0.396,0.647,0.595,0.577,11.000
0.429,0.261
.Accelerate
0.527,0.529,0.568,0.620,11.000
0.449,0.264
.Accelerate
0.379,0.691,0.568,0.619,12.000
0.449,0.267
.Accelerate
0.403,0.679,0.602,0.587,12.000
0.449,0.271
.Accelerate
0.547,0.549,0.567,0.631,12.000
0.467,0.274
.Accelerate
0.399,0.710,0.590,0.645,13.000
0.467,0.277
.Accelerate
0.560,0.562,0.614,0.611,13.000
0.467,0.281
.Accelerate
0.567,0.568,0.606,0.642,13.000
0.484,0.284
.Accelerate
0.415,0.733,0.621,0.632,14.000
0.484,0.287
.Accelerate
0.580,0.582,0.613,0.647,14.000
0.484,0.290
.Accelerate
0.587,0.588,0.598,0.650,14.000
0.500,0.294
.Accelerate
0.455,0.733,0.626,0.658,15.000
0.500,0.297
.Accelerate
0.600,0.602,0.607,0.642,15.000
0.500,0.300
.Accelerate
0.606,0.608,0.619,0.677,15.000
0.500,0.304
.Accelerate
0.496,0.732,0.658,0.689,16.000
0.500,0.307
.Accelerate
0.620,0.621,0.678,0.697,16.000
0.500,0.310
.Accelerate
0.529,0.725,0.640,0.698,17.000
0.500,0.314
.Accelerate
0.555,0.712,0.655,0.701,17.000
0.500,0.317
.Accelerate
0.639,0.641,0.643,0.719,17.000
0.500,0.320
.Accelerate
0.575,0.719,0.646,0.720,18.000
0.500,0.323
.Accelerate
0.653,0.654,0.654,0.737,18.000
0.500,0.327
.Accelerate
0.633,0.687,0.649,0.724,19.000
0.500,0.330
.Accelerate
0.647,0.686,0.671,0.733,19.000
0.500,0.333
.Accelerate
0.673,0.673,0.701,0.730,19.000
0.500,0.337
.Accelerate
0.701,0.658,0.715,0.740,20.000
0.500,0.340
.Accelerate
0.687,0.686,0.725,0.754,20.000
0.500,0.343
.Accelerate
0.766,0.620,0.715,0.742,21.000
0.500,0.347
.Accelerate
0.700,0.699,0.734,0.751,21.000
0.500,0.350
.Accelerate
0.707,0.705,0.722,0.746,21.000
0.500,0.353
.Accelerate
0.817,0.609,0.732,0.738,22.000
0.500,0.356
.Accelerate
0.721,0.718,0.743,0.740,22.000
0.500,0.360
.Accelerate
0.865,0.587,0.742,0.740,23.000
0.500,0.363
.Accelerate
0.735,0.730,0.771,0.744,23.000
0.500,0.366
.Accelerate
0.916,0.563,0.755,0.755,24.000
0.500,0.370
.Accelerate
0.748,0.743,0.769,0.743,24.000
0.500,0.373
.Accelerate
0.756,0.749,0.770,0.731,24.000
0.500,0.376
.Accelerate
0.968,0.550,0.772,0.738,25.000
0.500,0.380
.Accelerate
0.770,0.761,0.766,0.741,25.000
0.484,0.383
.Accelerate
1.039,0.505,0.785,0.738,26.000
0.484,0.386
.Accelerate
0.784,0.774,0.760,0.729,26.000
0.467,0.389
.Accelerate
1.089,0.482,0.783,0.719,27.000
0.467,0.393
.Accelerate
0.799,0.785,0.771,0.733,27.000
0.449,0.396
.Accelerate
1.056,0.541,0.775,0.706,28.000
0.449,0.399
.Accelerate
1.121,0.490,0.774,0.710,28.000
0.449,0.403
.Accelerate
0.821,0.802,0.767,0.698,28.000
0.429,0.406
.Accelerate
1.080,0.557,0.782,0.690,29.000
0.429,0.409
.Accelerate
0.832,0.818,0.784,0.697,29.000
0.409,0.413
1.026,0.612,0.780,0.693,30.000
0.409,0.409
0.827,0.811,0.763,0.724,30.000
0.388,0.409
.Decelerate
1.001,0.623,0.778,0.747,31.000
0.388,0.406
.Decelerate
0.951,0.660,0.758,0.748,31.000
0.388,0.403
.Decelerate
0.806,0.793,0.784,0.735,31.000
0.366,0.400
.Decelerate
0.888,0.697,0.778,0.733,32.000
0.366,0.396
.Decelerate
0.792,0.780,0.770,0.735,32.000
0.343,0.393
.Decelerate
0.843,0.716,0.773,0.732,33.000
0.343,0.390
.Decelerate
0.781,0.764,0.770,0.736,33.000
0.317,0.386
.Decelerate
0.860,0.672,0.767,0.744,34.000
0.317,0.383
.Decelerate
0.772,0.747,0.784,0.752,34.000
0.317,0.380
.Decelerate
0.770,0.736,0.762,0.764,34.000
0.290,0.376
.Decelerate
0.894,0.599,0.778,0.747,35.000
0.290,0.373
.Decelerate
0.774,0.706,0.772,0.755,35.000
0.259,0.370
.Decelerate
0.943,0.523,0.769,0.753,36.000
0.259,0.367
.Decelerate
0.774,0.679,0.772,0.738,36.000
0.224,0.363
.Decelerate
0.916,0.524,0.772,0.719,37.000
0.224,0.360
.Decelerate
0.826,0.600,0.779,0.718,37.000
0.183,0.357
.Decelerate
0.838,0.575,0.777,0.708,38.000
0.183,0.353
.Decelerate
0.920,0.480,0.776,0.706,38.000
0.183,0.350
.Decelerate
0.963,0.424,0.767,0.700,38.000
0.129,0.347
.Decelerate
1.083,0.291,0.776,0.671,39.000
0.129,0.343
.Decelerate
1.709,-0.348,0.769,0.638,39.000
WARNING - pros.serial.terminal.terminal:stop - Stopping terminal
