.velList #0: 0.000
.velList #1: 0.447
.velList #2: 0.632
.velList #3: 0.750
.velList #4: 0.750
.velList #5: 0.750
.velList #6: 0.750
.velList #7: 0.750
.velList #8: 0.750
.velList #9: 0.750
.velList #10: 0.750
.velList #11: 0.750
.velList #12: 0.750
.velList #13: 0.750
.velList #14: 0.750
.velList #15: 0.750
.velList #16: 0.750
.velList #17: 0.750
.velList #18: 0.632
.velList #19: 0.447
.velList #20: 0.000
0.447,0.000
.Accelerate
0.001,0.001,0.000,-0.000
0.447,0.001
.Accelerate
0.002,0.002,0.000,-0.000
0.447,0.002
.Accelerate
0.003,0.003,0.000,-0.000
0.447,0.003
.Accelerate
0.004,0.004,0.000,-0.000
0.447,0.004
.Accelerate
0.005,0.005,0.000,-0.000
0.447,0.005
.Accelerate
0.006,0.006,0.000,-0.000
0.447,0.006
.Accelerate
0.007,0.007,0.000,-0.000
0.447,0.007
.Accelerate
0.008,0.008,0.000,-0.000
0.447,0.008
.Accelerate
0.009,0.009,0.000,-0.000
0.447,0.009
.Accelerate
0.010,0.010,0.000,-0.000
0.447,0.010
.Accelerate
0.011,0.011,0.000,-0.000
0.447,0.011
.Accelerate
0.012,0.012,0.000,-0.000
0.447,0.012
.Accelerate
0.013,0.013,0.000,-0.000
0.447,0.013
.Accelerate
0.014,0.014,0.000,-0.000
0.447,0.014
.Accelerate
0.015,0.015,0.000,-0.000
0.447,0.015
.Accelerate
0.016,0.016,0.000,-0.000
0.447,0.016
.Accelerate
0.017,0.017,0.000,-0.000
0.447,0.017
.Accelerate
0.018,0.018,0.000,-0.000
0.447,0.018
.Accelerate
0.019,0.019,0.000,-0.000
0.447,0.019
.Accelerate
0.020,0.020,0.000,-0.000
0.447,0.020
.Accelerate
0.021,0.021,0.074,-0.000
0.447,0.021
.Accelerate
0.022,0.022,0.074,-0.000
0.447,0.022
.Accelerate
0.023,0.023,0.074,-0.000
0.447,0.023
.Accelerate
0.024,0.024,0.074,0.031
0.447,0.024
.Accelerate
0.025,0.025,0.074,0.031
0.447,0.025
.Accelerate
0.026,0.026,0.074,0.128
0.447,0.026
.Accelerate
0.027,0.027,0.074,0.128
0.447,0.027
.Accelerate
0.028,0.028,0.272,0.136
0.447,0.028
.Accelerate
0.029,0.029,0.210,0.136
0.447,0.029
.Accelerate
0.030,0.030,0.210,0.113
0.447,0.030
.Accelerate
0.031,0.031,0.210,0.116
0.447,0.031
.Accelerate
0.032,0.032,0.459,0.116
0.447,0.032
.Accelerate
0.033,0.033,0.445,0.106
0.447,0.033
.Accelerate
0.034,0.034,0.445,0.105
0.447,0.034
.Accelerate
0.035,0.035,0.406,0.105
0.447,0.035
.Accelerate
0.036,0.036,0.415,0.121
0.447,0.036
.Accelerate
0.037,0.037,0.415,0.118
0.447,0.037
.Accelerate
0.038,0.038,0.387,0.122
0.447,0.038
.Accelerate
0.039,0.039,0.186,0.128
0.447,0.039
.Accelerate
0.040,0.040,0.186,0.116
0.447,0.040
.Accelerate
0.041,0.041,0.140,0.131
0.447,0.041
.Accelerate
0.042,0.042,0.123,0.136
0.447,0.042
.Accelerate
0.043,0.043,0.128,0.140
0.447,0.043
.Accelerate
0.044,0.044,0.138,0.146
0.447,0.044
.Accelerate
0.045,0.045,0.151,0.158
0.447,0.045
.Accelerate
0.046,0.046,0.151,0.171
0.447,0.046
.Accelerate
0.047,0.047,0.159,0.184
0.447,0.047
.Accelerate
0.048,0.048,0.158,0.193
0.447,0.048
.Accelerate
0.049,0.049,0.164,0.205
0.447,0.049
.Accelerate
0.050,0.050,0.174,0.216
0.447,0.050
.Accelerate
0.051,0.051,0.185,0.226
0.447,0.051
.Accelerate
0.052,0.052,0.204,0.230
0.447,0.052
.Accelerate
0.053,0.053,0.208,0.223
0.447,0.053
.Accelerate
0.054,0.054,0.184,0.221
0.447,0.054
.Accelerate
0.048,0.062,0.173,0.215
0.447,0.055
.Accelerate
0.048,0.064,0.178,0.207
0.447,0.056
.Accelerate
0.049,0.065,0.187,0.211
0.447,0.057
.Accelerate
0.050,0.066,0.191,0.184
0.447,0.058
.Accelerate
0.052,0.066,0.185,0.177
0.447,0.059
.Accelerate
0.053,0.067,0.177,0.181
0.447,0.060
.Accelerate
0.054,0.068,0.160,0.186
0.447,0.061
.Accelerate
0.055,0.069,0.158,0.192
0.447,0.062
.Accelerate
0.056,0.070,0.168,0.207
0.447,0.063
.Accelerate
0.057,0.071,0.171,0.202
0.447,0.064
.Accelerate
0.058,0.072,0.181,0.198
0.447,0.065
.Accelerate
0.059,0.073,0.174,0.195
0.447,0.066
.Accelerate
0.060,0.074,0.172,0.258
0.447,0.067
.Accelerate
0.060,0.076,0.163,0.258
0.447,0.068
.Accelerate
0.063,0.075,0.159,0.205
0.447,0.069
.Accelerate
0.066,0.074,0.159,0.191
0.447,0.070
.Accelerate
0.067,0.075,0.153,0.152
0.447,0.071
.Accelerate
0.067,0.077,0.142,0.132
0.447,0.072
.Accelerate
0.068,0.078,0.142,0.119
0.447,0.073
.Accelerate
0.071,0.077,0.178,0.105
0.447,0.074
.Accelerate
0.072,0.078,0.171,0.105
0.447,0.075
.Accelerate
0.073,0.079,0.171,0.111
0.447,0.076
.Accelerate
0.074,0.080,0.171,0.118
0.447,0.077
.Accelerate
0.077,0.079,0.158,0.112
0.447,0.078
.Accelerate
0.078,0.080,0.158,0.112
0.447,0.079
.Accelerate
0.079,0.081,0.465,0.132
0.447,0.080
.Accelerate
0.080,0.082,0.236,0.154
0.447,0.081
.Accelerate
0.081,0.083,0.236,0.164
0.447,0.082
.Accelerate
0.082,0.084,0.235,0.164
0.447,0.083
.Accelerate
0.083,0.085,0.235,0.130
0.447,0.084
.Accelerate
0.082,0.088,0.136,0.131
0.447,0.085
.Accelerate
0.085,0.087,0.151,0.108
0.447,0.086
.Accelerate
0.088,0.086,0.178,0.113
0.447,0.087
.Accelerate
0.089,0.087,0.178,0.113
0.447,0.088
.Accelerate
0.090,0.088,0.145,0.121
0.447,0.089
.Accelerate
0.087,0.093,0.131,0.100
0.447,0.090
.Accelerate
0.090,0.092,0.131,0.100
0.447,0.091
.Accelerate
0.091,0.093,0.106,0.104
0.447,0.092
.Accelerate
0.094,0.092,0.101,0.111
0.447,0.093
.Accelerate
0.093,0.095,0.103,0.127
0.447,0.094
.Accelerate
0.094,0.096,0.103,0.127
0.447,0.095
.Accelerate
0.095,0.097,0.111,0.111
0.447,0.096
.Accelerate
0.098,0.096,0.104,0.125
0.447,0.097
.Accelerate
0.099,0.097,0.113,0.131
0.447,0.098
.Accelerate
0.100,0.098,0.123,0.182
0.447,0.099
.Accelerate
0.101,0.099,0.138,0.182
0.447,0.100
.Accelerate
0.102,0.100,0.150,0.171
0.447,0.101
.Accelerate
0.103,0.101,0.164,0.165
0.447,0.102
.Accelerate
0.104,0.102,0.174,0.180
0.447,0.103
.Accelerate
0.103,0.105,0.184,0.218
0.447,0.104
.Accelerate
0.106,0.104,0.190,0.228
0.447,0.105
.Accelerate
0.108,0.104,0.191,0.224
0.447,0.106
.Accelerate
0.111,0.103,0.218,0.234
0.447,0.107
.Accelerate
0.110,0.106,0.235,0.268
0.447,0.108
.Accelerate
0.103,0.115,0.238,0.290
0.447,0.109
.Accelerate
0.110,0.110,0.247,0.305
0.447,0.110
.Accelerate
0.111,0.111,0.252,0.317
0.447,0.111
.Accelerate
0.104,0.120,0.258,0.330
0.447,0.112
.Accelerate
0.110,0.116,0.268,0.358
0.447,0.113
.Accelerate
0.112,0.116,0.289,0.360
0.447,0.114
.Accelerate
0.113,0.117,0.291,0.384
0.447,0.115
.Accelerate
0.114,0.118,0.285,0.406
0.447,0.116
.Accelerate
0.115,0.119,0.295,0.438
0.447,0.117
.Accelerate
0.116,0.120,0.302,0.448
0.447,0.118
.Accelerate
0.123,0.115,0.315,0.464
0.447,0.119
.Accelerate
0.124,0.116,0.332,0.458
0.447,0.120
.Accelerate
0.123,0.119,0.356,0.452
0.447,0.121
.Accelerate
0.124,0.120,0.402,0.454
0.447,0.122
.Accelerate
0.125,0.121,0.412,0.489
0.447,0.123
.Accelerate
0.126,0.122,0.419,0.510
0.447,0.124
.Accelerate
0.131,0.119,0.419,0.521
0.447,0.125
.Accelerate
0.129,0.123,0.420,0.535
0.447,0.126
.Accelerate
0.131,0.123,0.432,0.521
0.447,0.127
.Accelerate
0.129,0.127,0.453,0.514
0.447,0.128
.Accelerate
0.130,0.128,0.477,0.513
0.447,0.129
.Accelerate
0.130,0.130,0.466,0.513
0.447,0.130
.Accelerate
0.131,0.131,0.473,0.524
0.447,0.131
.Accelerate
0.132,0.132,0.472,0.517
0.447,0.132
.Accelerate
0.133,0.133,0.460,0.543
0.447,0.133
.Accelerate
0.134,0.134,0.478,0.550
0.447,0.134
.Accelerate
0.135,0.135,0.503,0.568
0.447,0.135
.Accelerate
0.136,0.136,0.535,0.575
0.447,0.136
.Accelerate
0.137,0.137,0.569,0.582
0.447,0.137
.Accelerate
0.138,0.138,0.580,0.599
0.447,0.138
.Accelerate
0.139,0.139,0.595,0.608
0.447,0.139
.Accelerate
0.140,0.140,0.606,0.622
0.447,0.140
.Accelerate
0.141,0.141,0.634,0.643
0.632,0.141
.Accelerate
0.146,0.138,0.634,0.661
0.632,0.142
.Accelerate
0.141,0.145,0.644,0.661
0.632,0.143
.Accelerate
0.146,0.142,0.663,0.667
0.632,0.144
.Accelerate
0.151,0.139,0.666,0.689
0.632,0.145
.Accelerate
0.149,0.143,0.661,0.688
0.632,0.146
.Accelerate
0.157,0.137,0.680,0.665
0.632,0.147
.Accelerate
0.156,0.140,0.685,0.668
0.632,0.148
.Accelerate
0.161,0.137,0.718,0.679
0.632,0.149
.Accelerate
0.156,0.144,0.746,0.695
0.632,0.150
.Accelerate
0.151,0.151,0.752,0.689
0.632,0.151
.Accelerate
0.152,0.152,0.767,0.720
0.632,0.152
.Accelerate
0.153,0.153,0.750,0.728
0.632,0.153
.Accelerate
0.154,0.154,0.749,0.730
0.632,0.154
.Accelerate
0.155,0.155,0.757,0.726
0.632,0.155
.Accelerate
0.156,0.156,0.755,0.742
0.632,0.156
.Accelerate
0.157,0.157,0.747,0.761
0.632,0.157
.Accelerate
0.158,0.158,0.768,0.775
0.632,0.158
.Accelerate
0.159,0.159,0.788,0.791
0.750,0.159
.Accelerate
0.166,0.154,0.786,0.809
0.750,0.160
.Accelerate
0.168,0.154,0.778,0.819
0.750,0.161
.Accelerate
0.166,0.158,0.809,0.812
0.750,0.162
.Accelerate
0.167,0.159,0.844,0.828
0.750,0.163
.Accelerate
0.169,0.159,0.869,0.841
0.750,0.164
.Accelerate
0.175,0.155,0.900,0.848
0.750,0.165
.Accelerate
0.177,0.155,0.905,0.870
0.750,0.166
.Accelerate
0.167,0.167,0.910,0.849
0.750,0.167
.Accelerate
0.168,0.168,0.911,0.850
0.750,0.168
.Accelerate
0.169,0.169,0.889,0.916
0.750,0.169
.Accelerate
0.170,0.170,0.862,0.943
0.750,0.170
.Accelerate
0.171,0.171,0.867,0.958
0.750,0.171
.Accelerate
0.172,0.172,0.887,0.965
0.750,0.172
.Accelerate
0.173,0.173,0.908,0.949
0.750,0.173
.Accelerate
0.203,0.145,0.922,0.956
0.750,0.174
.Accelerate
0.209,0.141,0.934,0.944
0.750,0.175
.Accelerate
0.199,0.153,1.002,0.887
0.750,0.176
.Accelerate
0.201,0.153,1.034,0.843
0.750,0.177
.Accelerate
0.204,0.152,0.993,0.851
0.750,0.178
.Accelerate
0.202,0.156,0.991,0.879
0.750,0.179
.Accelerate
0.195,0.165,1.039,0.902
0.750,0.180
.Accelerate
0.181,0.181,1.104,0.903
0.750,0.181
.Accelerate
0.182,0.182,1.101,0.941
0.750,0.182
.Accelerate
0.183,0.183,1.070,0.969
0.750,0.183
.Accelerate
0.184,0.184,1.083,0.974
0.750,0.184
.Accelerate
0.185,0.185,1.062,1.014
0.750,0.185
.Accelerate
0.186,0.186,1.075,1.045
0.750,0.186
.Accelerate
0.220,0.154,1.057,1.080
0.750,0.187
.Accelerate
0.218,0.158,1.061,1.095
0.750,0.188
.Accelerate
0.225,0.153,1.144,1.014
0.750,0.189
.Accelerate
0.227,0.153,1.179,0.981
0.750,0.190
.Accelerate
0.229,0.153,1.196,0.928
0.750,0.191
.Accelerate
0.227,0.157,1.238,0.917
0.750,0.192
.Accelerate
0.194,0.192,1.250,0.921
0.750,0.193
.Accelerate
0.195,0.193,1.250,0.942
0.750,0.194
.Accelerate
0.196,0.194,1.189,1.030
0.750,0.195
.Accelerate
0.196,0.196,1.171,1.043
0.750,0.196
.Accelerate
0.197,0.197,1.216,1.043
0.750,0.197
.Accelerate
0.198,0.198,1.227,1.057
0.750,0.198
.Accelerate
0.229,0.169,1.237,1.058
0.750,0.199
.Accelerate
0.236,0.164,1.224,1.117
0.750,0.200
.Accelerate
0.238,0.164,1.264,1.069
0.750,0.201
.Accelerate
0.236,0.168,1.292,1.078
0.750,0.202
.Accelerate
0.233,0.173,1.302,1.067
0.750,0.203
.Accelerate
0.205,0.203,1.272,1.077
0.750,0.204
.Accelerate
0.206,0.204,1.273,1.104
0.750,0.205
.Accelerate
0.207,0.205,1.221,1.137
0.750,0.206
.Accelerate
0.208,0.206,1.228,1.174
0.750,0.207
.Accelerate
0.209,0.207,1.262,1.157
0.750,0.208
.Accelerate
0.210,0.208,1.278,1.180
0.750,0.209
.Accelerate
0.233,0.187,1.296,1.181
0.750,0.210
.Accelerate
0.240,0.182,1.300,1.224
0.750,0.211
.Accelerate
0.242,0.182,1.359,1.210
0.750,0.212
.Accelerate
0.245,0.181,1.382,1.178
0.750,0.213
.Accelerate
0.247,0.181,1.419,1.150
0.750,0.214
.Accelerate
0.216,0.214,1.439,1.164
0.750,0.215
.Accelerate
0.217,0.215,1.473,1.160
0.750,0.216
.Accelerate
0.218,0.216,1.380,1.240
0.750,0.217
.Accelerate
0.219,0.217,1.311,1.312
0.750,0.218
.Accelerate
0.220,0.218,1.290,1.325
0.750,0.219
.Accelerate
0.255,0.185,1.305,1.301
0.750,0.220
.Accelerate
0.257,0.185,1.364,1.298
0.750,0.221
.Accelerate
0.258,0.186,1.470,1.241
0.750,0.222
.Accelerate
0.250,0.196,1.521,1.216
0.750,0.223
.Accelerate
0.246,0.202,1.507,1.222
0.750,0.224
.Accelerate
0.226,0.224,1.531,1.240
0.750,0.225
.Accelerate
0.227,0.225,1.575,1.269
0.750,0.226
.Accelerate
0.228,0.226,1.445,1.324
0.750,0.227
.Accelerate
0.229,0.227,1.398,1.340
0.750,0.228
.Accelerate
0.230,0.228,1.385,1.325
0.750,0.229
.Accelerate
0.264,0.196,1.398,1.310
0.750,0.230
.Accelerate
0.260,0.202,1.411,1.352
0.750,0.231
.Accelerate
0.262,0.202,1.543,1.301
0.750,0.232
.Accelerate
0.264,0.202,1.560,1.325
0.750,0.233
.Accelerate
0.265,0.203,1.593,1.324
0.750,0.234
.Accelerate
0.236,0.234,1.583,1.320
0.750,0.235
.Accelerate
0.237,0.235,1.593,1.366
0.750,0.236
.Accelerate
0.238,0.236,1.541,1.420
0.750,0.237
.Accelerate
0.239,0.237,1.508,1.463
0.750,0.238
.Accelerate
0.269,0.209,1.541,1.417
0.750,0.239
.Accelerate
0.270,0.210,1.560,1.432
0.750,0.240
.Accelerate
0.266,0.216,1.680,1.370
0.750,0.241
.Accelerate
0.268,0.216,1.716,1.373
0.750,0.242
.Accelerate
0.244,0.242,1.653,1.424
0.750,0.243
.Accelerate
0.245,0.243,1.655,1.463
0.750,0.244
.Accelerate
0.246,0.244,1.600,1.546
0.750,0.245
.Accelerate
0.247,0.245,1.616,1.557
0.750,0.246
.Accelerate
0.248,0.246,1.650,1.541
0.750,0.247
.Accelerate
0.272,0.224,1.665,1.506
0.750,0.248
.Accelerate
0.279,0.219,1.667,1.526
0.750,0.249
.Accelerate
0.281,0.219,1.748,1.517
0.750,0.250
.Accelerate
0.283,0.219,1.769,1.506
0.750,0.251
.Accelerate
0.254,0.250,1.753,1.520
0.750,0.252
.Accelerate
0.254,0.252,1.781,1.476
0.750,0.253
.Accelerate
0.255,0.253,1.680,1.603
0.750,0.254
.Accelerate
0.257,0.253,1.699,1.657
0.750,0.255
.Accelerate
0.278,0.234,1.735,1.610
0.750,0.256
.Accelerate
0.273,0.241,1.776,1.616
0.750,0.257
.Accelerate
0.281,0.235,1.798,1.529
0.750,0.258
.Accelerate
0.260,0.258,1.763,1.526
0.750,0.259
.Accelerate
0.262,0.258,1.789,1.580
0.750,0.260
.Accelerate
0.263,0.259,1.736,1.639
0.750,0.261
.Accelerate
0.263,0.261,1.760,1.706
0.750,0.262
.Accelerate
0.275,0.251,1.738,1.755
0.750,0.263
.Accelerate
0.289,0.239,1.748,1.687
0.750,0.264
.Accelerate
0.284,0.246,1.796,1.636
0.750,0.265
.Accelerate
0.278,0.254,1.880,1.660
0.750,0.266
.Accelerate
0.269,0.265,1.916,1.645
0.750,0.267
.Accelerate
0.271,0.265,1.876,1.687
0.750,0.268
.Accelerate
0.271,0.267,1.796,1.785
0.750,0.269
.Accelerate
0.273,0.267,1.805,1.777
0.750,0.270
.Accelerate
0.292,0.250,1.792,1.810
0.750,0.271
.Accelerate
0.293,0.251,1.819,1.721
0.750,0.272
.Accelerate
0.308,0.238,1.881,1.680
0.750,0.273
.Accelerate
0.277,0.271,1.879,1.684
0.750,0.274
.Accelerate
0.278,0.272,1.910,1.743
0.750,0.275
.Accelerate
0.280,0.272,1.847,1.775
0.750,0.276
.Accelerate
0.281,0.273,1.867,1.819
0.750,0.277
.Accelerate
0.308,0.248,1.858,1.825
0.750,0.278
.Accelerate
0.303,0.255,1.831,1.741
0.750,0.279
.Accelerate
0.304,0.256,1.909,1.661
0.750,0.280
.Accelerate
0.299,0.263,1.935,1.729
0.750,0.281
.Accelerate
0.289,0.275,1.889,1.736
0.750,0.282
.Accelerate
0.289,0.277,1.858,1.772
0.750,0.283
.Accelerate
0.289,0.279,1.887,1.858
0.750,0.284
.Accelerate
0.304,0.266,1.967,1.916
0.750,0.285
.Accelerate
0.312,0.260,1.989,1.868
0.750,0.286
.Accelerate
0.306,0.268,1.982,1.776
0.750,0.287
.Accelerate
0.293,0.283,1.965,1.758
0.750,0.288
.Accelerate
0.294,0.284,1.969,1.786
0.750,0.289
.Accelerate
0.298,0.282,1.960,1.893
0.750,0.290
.Accelerate
0.297,0.285,1.987,1.937
0.750,0.291
.Accelerate
0.305,0.279,1.999,1.939
0.750,0.292
.Accelerate
0.298,0.288,2.042,1.894
0.750,0.293
.Accelerate
0.313,0.275,2.090,1.851
0.750,0.294
.Accelerate
0.301,0.289,2.066,1.913
0.750,0.295
.Accelerate
0.296,0.296,2.051,1.913
0.750,0.296
.Accelerate
0.296,0.298,2.018,1.968
0.632,0.297
.Accelerate
0.297,0.299,2.037,1.997
0.632,0.298
.Accelerate
0.292,0.306,2.056,2.034
0.632,0.299
.Accelerate
0.292,0.308,2.080,2.013
0.632,0.300
.Accelerate
0.299,0.303,2.054,2.057
0.632,0.301
.Accelerate
0.299,0.305,2.063,2.054
0.632,0.302
.Accelerate
0.310,0.296,2.087,2.102
0.447,0.303
.Accelerate
0.299,0.309,2.081,2.090
0.447,0.304
.Accelerate
0.281,0.329,2.088,2.062
0.447,0.305
.Accelerate
0.318,0.294,2.077,2.096
0.447,0.306
.Accelerate
0.323,0.291,2.058,2.144
0.447,0.307
.Accelerate
0.288,0.328,2.154,2.141
0.447,0.308
.Accelerate
0.342,0.276,2.193,2.116
0.447,0.309
.Accelerate
0.492,0.128,2.180,2.125