


         _+=+_
      .-`  .  `-.          8888888b.  8888888b.   .d88888b.   .d8888b.
   _+`     "     `+_       888   Y88b 888   Y88b d88P" "Y88b d88P  Y88b
  \\\sssssssssssss///      888    888 888    888 888     888 Y88b.
     .ss\  *  /ss.         888   d88P 888   d88P 888     888  "Y888b.
 .+bm  .s  *  s.  md+.     8888888P"  8888888P"  888     888     "Y88b.
.hMMMMs .  *  . sMMMMh.    888        888 T88b   888     888       "888
 `\hMMMb \ | / dMMMh:      888        888  T88b  Y88b. .d88P Y88b  d88P
   -SNMNo  -  oNMNs-       888        888   T88b  "Y88888P"   "Y8888P"
     `+dMh\./dMd/
        `:yNy:`                      Powered by PROS for VEX V5
           "                Copyright (c) Purdue University ACM SIGBots
Version:        3.2.1     Platform:  V1.0.11 (b70)     Uptime:    0.000 s
Compiled:                Unknown     Directory:                 Unknown


.velList #0: 0.000
.velList #1: 0.319
.velList #2: 0.451
.velList #3: 0.552
.velList #4: 0.637
.velList #5: 0.713
.velList #6: 0.781
.velList #7: 0.843
.velList #8: 0.902
.velList #9: 0.956
.velList #10: 1.008
.velList #11: 1.057
.velList #12: 1.104
.velList #13: 1.149
.velList #14: 1.193
.velList #15: 1.235
.velList #16: 1.275
.velList #17: 1.314
.velList #18: 1.352
.velList #19: 1.389
.velList #20: 1.425
.velList #21: 1.389
.velList #22: 1.352
.velList #23: 1.314
.velList #24: 1.275
.velList #25: 1.235
.velList #26: 1.193
.velList #27: 1.149
.velList #28: 1.104
.velList #29: 1.057
.velList #30: 1.008
.velList #31: 0.956
.velList #32: 0.902
.velList #33: 0.843
.velList #34: 0.781
.velList #35: 0.713
.velList #36: 0.637
.velList #37: 0.552
.velList #38: 0.451
.velList #39: 0.319
.velList #40: 0.000
0.319,0.000
.Accelerate
0.040,0.040,0.000,-0.000,1.000
0.319,0.020
.Accelerate
0.080,0.080,0.000,-0.000,1.000
0.319,0.040
.Accelerate
0.120,0.120,0.000,-0.000,1.000
0.319,0.060
.Accelerate
0.160,0.160,0.020,0.053,1.000
0.319,0.080
.Accelerate
0.200,0.200,0.047,0.080,1.000
0.319,0.100
.Accelerate
0.240,0.240,0.121,0.139,1.000
0.319,0.120
.Accelerate
0.280,0.280,0.171,0.194,1.000
0.319,0.140
.Accelerate
0.320,0.320,0.237,0.252,1.000
0.319,0.160
.Accelerate
0.360,0.360,0.276,0.293,1.000
0.319,0.180
.Accelerate
0.400,0.400,0.248,0.238,1.000
0.319,0.200
.Accelerate
0.472,0.408,0.238,0.206,1.000
0.319,0.220
.Accelerate
0.562,0.398,0.269,0.212,1.000
0.319,0.240
.Accelerate
0.623,0.417,0.299,0.229,1.000
0.319,0.260
.Accelerate
0.689,0.431,0.371,0.277,1.000
0.319,0.280
.Accelerate
0.741,0.459,0.394,0.327,1.000
0.319,0.300
0.793,0.482,0.455,0.379,1.000
0.319,0.319
0.798,0.477,0.525,0.387,1.000
0.319,0.319
0.638,0.637,0.573,0.409,1.000
0.319,0.319
0.638,0.637,0.574,0.448,1.000
0.451,0.319
.Accelerate
0.850,0.505,0.605,0.467,2.000
0.451,0.339
.Accelerate
0.908,0.527,0.601,0.505,2.000
0.451,0.359
.Accelerate
0.758,0.757,0.641,0.465,2.000
0.552,0.379
.Accelerate
0.987,0.608,0.645,0.515,3.000
0.552,0.399
.Accelerate
0.979,0.696,0.657,0.535,3.000
0.552,0.419
.Accelerate
0.878,0.877,0.674,0.592,3.000
0.637,0.439
.Accelerate
1.137,0.698,0.684,0.657,4.000
0.637,0.459
.Accelerate
1.139,0.776,0.692,0.657,4.000
0.637,0.479
.Accelerate
0.998,0.997,0.711,0.662,4.000
0.713,0.499
.Accelerate
1.281,0.794,0.714,0.674,5.000
0.713,0.519
.Accelerate
1.078,1.077,0.731,0.685,5.000
0.781,0.539
.Accelerate
1.347,0.888,0.720,0.721,6.000
0.781,0.559
.Accelerate
1.424,0.891,0.730,0.730,6.000
0.781,0.579
.Accelerate
1.198,1.197,0.745,0.756,6.000
0.843,0.599
.Accelerate
1.556,0.919,0.759,0.755,7.000
0.843,0.619
.Accelerate
1.279,1.276,0.763,0.756,7.000
0.902,0.639
.Accelerate
1.591,1.044,0.782,0.764,8.000
0.902,0.659
.Accelerate
1.359,1.356,0.766,0.759,8.000
0.956,0.679
.Accelerate
1.722,1.073,0.771,0.772,9.000
0.956,0.699
.Accelerate
1.771,1.104,0.765,0.771,9.000
0.956,0.719
.Accelerate
1.479,1.476,0.773,0.793,9.000
1.008,0.739
.Accelerate
1.870,1.165,0.793,0.787,10.000
1.008,0.759
.Accelerate
1.559,1.556,0.789,0.790,10.000
1.057,0.779
.Accelerate
1.969,1.226,0.787,0.779,11.000
1.057,0.799
.Accelerate
1.639,1.636,0.782,0.803,11.000
1.104,0.819
.Accelerate
2.067,1.288,0.801,0.797,12.000
1.104,0.839
.Accelerate
1.719,1.716,0.787,0.814,12.000
1.149,0.859
.Accelerate
2.019,1.496,0.815,0.801,13.000
1.149,0.879
.Accelerate
1.799,1.796,0.784,0.797,13.000
1.193,0.899
.Accelerate
2.186,1.489,0.807,0.811,14.000
1.193,0.919
.Accelerate
1.880,1.875,0.797,0.813,14.000
1.193,0.939
.Accelerate
1.920,1.915,0.807,0.789,14.000
1.235,0.959
.Accelerate
2.590,1.325,0.785,0.793,15.000
1.235,0.979
.Accelerate
2.002,1.993,0.815,0.807,15.000
1.275,0.999
.Accelerate
2.846,1.229,0.801,0.805,16.000
1.275,1.019
.Accelerate
2.084,2.071,0.821,0.815,16.000
1.314,1.039
.Accelerate
3.019,1.216,0.802,0.798,17.000
1.314,1.059
.Accelerate
2.165,2.150,0.794,0.799,17.000
1.352,1.079
.Accelerate
3.255,1.140,0.800,0.803,18.000
1.352,1.099
.Accelerate
2.246,2.229,0.812,0.805,18.000
1.389,1.119
.Accelerate
3.504,1.051,0.796,0.801,19.000
1.389,1.139
.Accelerate
2.330,2.305,0.801,0.810,19.000
1.425,1.159
.Accelerate
3.738,0.977,0.806,0.800,20.000
1.425,1.179
.Accelerate
3.854,0.941,0.807,0.798,20.000
1.425,1.199
.Accelerate
2.453,2.422,0.805,0.817,20.000
1.389,1.219
.Accelerate
4.018,0.937,0.809,0.808,21.000
1.389,1.239
.Accelerate
2.536,2.499,0.792,0.799,21.000
1.352,1.259
.Accelerate
4.183,0.932,0.804,0.807,22.000
1.352,1.279
.Accelerate
2.620,2.575,0.796,0.811,22.000
1.314,1.299
4.471,0.786,0.794,0.802,23.000
1.314,1.314
2.657,2.600,0.810,0.802,23.000
1.275,1.314
.Decelerate
4.581,0.596,0.810,0.812,24.000
1.275,1.294
2.582,2.518,0.795,0.815,24.000
1.235,1.275
.Decelerate
4.485,0.535,0.793,0.819,25.000
1.235,1.255
.Decelerate
2.506,2.434,0.808,0.800,25.000
1.193,1.235
.Decelerate
4.439,0.421,0.795,0.778,26.000
1.193,1.215
.Decelerate
2.434,2.346,0.805,0.779,26.000
1.149,1.195
.Decelerate
4.591,0.109,0.810,0.749,27.000
1.149,1.175
.Decelerate
4.506,0.114,0.816,0.692,27.000
1.149,1.155
2.359,2.238,0.804,0.603,27.000
1.104,1.149
.Decelerate
4.528,-0.011,0.811,0.499,28.000
1.104,1.129
.Decelerate
2.286,2.151,0.790,0.439,28.000
1.057,1.109
.Decelerate
4.474,-0.117,0.819,0.217,29.000
1.057,1.089
.Decelerate
2.217,2.060,0.807,0.279,29.000
1.008,1.069
.Decelerate
4.290,-0.093,0.796,0.164,30.000
1.008,1.049
.Decelerate
2.144,1.973,0.796,0.262,30.000
0.956,1.029
.Decelerate
3.887,0.150,0.819,0.154,31.000
0.956,1.009
.Decelerate
3.621,0.336,0.796,0.264,31.000
0.956,0.989
.Decelerate
2.023,1.854,0.812,0.312,31.000
0.902,0.969
.Decelerate
3.312,0.485,0.801,0.418,32.000
0.902,0.949
.Decelerate
3.139,0.578,0.811,0.529,32.000
0.902,0.929
.Decelerate
1.903,1.734,0.801,0.562,32.000
0.843,0.909
.Decelerate
2.948,0.609,0.799,0.618,33.000
0.843,0.889
.Decelerate
2.764,0.713,0.778,0.604,33.000
0.843,0.869
.Decelerate
1.762,1.636,0.802,0.593,33.000
0.843,0.849
1.759,1.614,0.774,0.585,33.000
0.781,0.843
.Decelerate
2.434,0.859,0.776,0.587,34.000
0.781,0.823
.Decelerate
1.695,1.518,0.778,0.595,34.000
0.781,0.803
.Decelerate
1.653,1.480,0.762,0.620,34.000
0.713,0.783
.Decelerate
1.991,1.062,0.764,0.646,35.000
0.713,0.763
.Decelerate
1.551,1.423,0.774,0.675,35.000
0.637,0.743
.Decelerate
1.647,1.246,0.776,0.679,36.000
0.637,0.723
.Decelerate
1.442,1.372,0.777,0.700,36.000
0.637,0.703
.Decelerate
1.363,1.370,0.783,0.719,36.000
0.552,0.683
.Decelerate
1.102,1.551,0.763,0.735,37.000
0.552,0.663
.Decelerate
1.128,1.445,0.788,0.741,37.000
0.451,0.643
.Decelerate
0.850,1.643,0.785,0.763,38.000
0.451,0.623
.Decelerate
0.415,1.998,0.796,0.772,38.000
0.319,0.603
.Decelerate
-0.458,2.791,0.791,0.784,39.000
0.319,0.583
.Decelerate
-2.798,5.051,0.654,0.778,39.000
WARNING - pros.serial.terminal.terminal:stop - Stopping terminal
