


  _____  _____   ____   _____ 
 |  __ \|  __ \ / __ \ / ____|          Powered by PROS for VEX V5
 | |__) | |__) | |  | | (___      Version:                          3.2.1
 |  ___/|  _  /| |  | |\___ \     Uptime:                       107.405 s
 | |    | | \ \| |__| |____) |    Compiled:                       Unknown
 |_|    |_|  \_\\____/|_____/     Directory:                      Unknown


.velList #0: 0.000
.velList #1: 0.129
.velList #2: 0.183
.velList #3: 0.224
.velList #4: 0.259
.velList #5: 0.289
.velList #6: 0.317
.velList #7: 0.342
.velList #8: 0.366
.velList #9: 0.388
.velList #10: 0.409
.velList #11: 0.429
.velList #12: 0.448
.velList #13: 0.466
.velList #14: 0.484
.velList #15: 0.500
.velList #16: 0.500
.velList #17: 0.500
.velList #18: 0.500
.velList #19: 0.500
.velList #20: 0.500
.velList #21: 0.500
.velList #22: 0.500
.velList #23: 0.500
.velList #24: 0.500
.velList #25: 0.500
.velList #26: 0.500
.velList #27: 0.500
.velList #28: 0.500
.velList #29: 0.500
.velList #30: 0.500
.velList #31: 0.500
.velList #32: 0.500
.velList #33: 0.500
.velList #34: 0.500
.velList #35: 0.489
.velList #36: 0.472
.velList #37: 0.454
.velList #38: 0.435
.velList #39: 0.415
.velList #40: 0.395
.velList #41: 0.373
.velList #42: 0.350
.velList #43: 0.326
.velList #44: 0.299
.velList #45: 0.271
.velList #46: 0.239
.velList #47: 0.204
.velList #48: 0.164
.velList #49: 0.113
.velList #50: 0.000
.Time: .Location: (0.000, 0.000, 0.000)
.lookAheadPoint: (0.001, 5.000)
.Accelerate
0.129,0.003,0.000
0.003,0.003,0.000,-0.000,1.000
.Time: 10.Location: (0.000, 0.000, 0.000)
.lookAheadPoint: (0.001, 5.000)
.Accelerate
0.129,0.007,0.000
0.007,0.007,0.000,-0.000,1.000
.Time: 20.Location: (0.000, 0.000, 0.000)
.lookAheadPoint: (0.001, 5.000)
.Accelerate
0.129,0.010,0.000
0.010,0.010,0.000,-0.000,1.000
.Time: 30.Location: (0.000, 0.000, 0.000)
.lookAheadPoint: (0.001, 5.000)
.Accelerate
0.129,0.013,0.000
0.013,0.013,0.000,-0.000,1.000
.Time: 40.Location: (0.000, 0.000, 0.000)
.lookAheadPoint: (0.001, 5.000)
.Accelerate
0.129,0.017,0.000
0.017,0.016,0.000,-0.000,1.000
.Time: 50.Location: (0.000, 0.000, 0.000)
.lookAheadPoint: (0.001, 5.000)
.Accelerate
0.129,0.020,0.000
0.020,0.020,0.000,-0.000,1.000
.Time: 60.Location: (0.000, 0.000, 0.000)
.lookAheadPoint: (0.001, 5.000)
.Accelerate
0.129,0.023,0.000
0.023,0.023,0.000,-0.000,1.000
.Time: 70.Location: (0.000, 0.000, 0.000)
.lookAheadPoint: (0.001, 5.000)
.Accelerate
0.129,0.026,0.000
0.026,0.026,0.000,-0.000,1.000
.Time: 80.Location: (0.000, 0.000, 0.000)
.lookAheadPoint: (0.001, 5.000)
.Accelerate
0.129,0.030,0.000
0.030,0.030,0.019,-0.000,1.000
.Time: 90.Location: (0.000, 0.000, 0.000)
.lookAheadPoint: (0.001, 5.000)
.Accelerate
0.129,0.033,0.000
0.033,0.033,0.019,0.006,1.000
.Time: 100.Location: (0.000, 0.000, 0.000)
.lookAheadPoint: (0.001, 5.000)
.Accelerate
0.129,0.036,0.000
0.036,0.036,0.010,0.084,1.000
.Time: 110.Location: (0.000, 0.000, 0.000)
.lookAheadPoint: (0.001, 5.000)
.Accelerate
0.129,0.040,0.000
0.040,0.040,0.010,0.084,1.000
.Time: 120.Location: (0.000, 0.000, 0.000)
.lookAheadPoint: (0.001, 5.000)
.Accelerate
0.129,0.043,0.000
0.043,0.043,0.010,0.021,1.000
.Time: 130.Location: (0.000, 0.000, 0.000)
.lookAheadPoint: (0.001, 5.000)
.Accelerate
0.129,0.046,0.000
0.046,0.046,0.023,0.021,1.000
.Time: 140.Location: (0.000, 0.000, 0.000)
.lookAheadPoint: (0.001, 5.000)
.Accelerate
0.129,0.049,0.000
0.050,0.049,0.026,0.020,1.000
.Time: 150.Location: (0.000, 0.000, 0.000)
.lookAheadPoint: (0.001, 5.000)
.Accelerate
0.129,0.053,0.000
0.053,0.053,0.027,0.019,1.000
.Time: 160.Location: (0.000, 0.000, 0.000)
.lookAheadPoint: (0.001, 5.000)
.Accelerate
0.129,0.056,0.000
0.056,0.056,0.033,0.018,1.000
.Time: 170.Location: (0.000, 0.000, 0.000)
.lookAheadPoint: (0.001, 5.000)
.Accelerate
0.129,0.059,0.000
0.059,0.059,0.036,0.020,1.000
.Time: 180.Location: (0.000, 0.000, 0.000)
.lookAheadPoint: (0.001, 5.000)
.Accelerate
0.129,0.063,0.000
0.063,0.063,0.033,0.020,1.000
.Time: 190.Location: (0.000, 0.000, 0.000)
.lookAheadPoint: (0.001, 5.000)
.Accelerate
0.129,0.066,0.000
0.066,0.066,0.023,0.023,1.000
.Time: 200.Location: (0.000, 0.000, 0.000)
.lookAheadPoint: (0.001, 5.000)
.Accelerate
0.129,0.069,0.000
0.069,0.069,0.023,0.023,1.000
.Time: 210.Location: (0.000, 0.000, 0.000)
.lookAheadPoint: (0.001, 5.000)
.Accelerate
0.129,0.073,0.000
0.073,0.073,0.023,0.024,1.000
.Time: 220.Location: (0.000, 0.000, 0.000)
.lookAheadPoint: (0.001, 5.000)
.Accelerate
0.129,0.076,0.000
0.076,0.076,0.029,0.021,1.000
.Time: 230.Location: (0.000, 0.000, 0.000)
.lookAheadPoint: (0.001, 5.000)
.Accelerate
0.129,0.079,0.000
0.079,0.079,0.031,0.023,1.000
.Time: 240.Location: (0.000, 0.000, 0.000)
.lookAheadPoint: (0.001, 5.000)
.Accelerate
0.129,0.082,0.000
0.083,0.082,0.030,0.024,1.000
.Time: 250.Location: (0.000, 0.000, 0.000)
.lookAheadPoint: (0.001, 5.000)
.Accelerate
0.129,0.086,0.000
0.086,0.086,0.029,0.033,1.000
.Time: 260.Location: (0.000, 0.000, 0.000)
.lookAheadPoint: (0.001, 5.000)
.Accelerate
0.129,0.089,0.000
0.089,0.089,0.030,0.036,1.000
.Time: 270.Location: (0.000, 0.000, 0.000)
.lookAheadPoint: (0.001, 5.000)
.Accelerate
0.129,0.092,0.000
0.092,0.092,0.029,0.033,1.000
.Time: 280.Location: (0.000, 0.000, 0.000)
.lookAheadPoint: (0.001, 5.000)
.Accelerate
0.129,0.096,0.000
0.096,0.096,0.028,0.034,1.000
.Time: 290.Location: (0.000, 0.000, 0.000)
.lookAheadPoint: (0.001, 5.000)
.Accelerate
0.129,0.099,0.000
0.099,0.099,0.025,0.034,1.000
.Time: 300.Location: (-0.013, 0.012, 359.854)
.lookAheadPoint: (0.001, 5.012)
.Accelerate
0.129,0.102,0.001
0.103,0.101,0.026,0.035,1.000
.Time: 310.Location: (-0.013, 0.036, 359.854)
.lookAheadPoint: (0.001, 5.036)
.Accelerate
0.129,0.106,0.001
0.106,0.105,0.028,0.036,1.000
.Time: 320.Location: (-0.000, 0.048, 360.000)
.lookAheadPoint: (0.001, 5.048)
.Accelerate
0.129,0.109,0.000
0.109,0.109,0.036,0.040,1.000
.Time: 330.Location: (-0.013, 0.060, 359.854)
.lookAheadPoint: (0.001, 5.060)
.Accelerate
0.129,0.112,0.001
0.113,0.111,0.046,0.050,1.000
.Time: 340.Location: (-0.000, 0.096, 360.000)
.lookAheadPoint: (0.001, 5.096)
.Accelerate
0.129,0.115,0.000
0.116,0.115,0.054,0.055,1.000
.Time: 350.Location: (-0.000, 0.120, 360.000)
.lookAheadPoint: (0.001, 5.120)
.Accelerate
0.129,0.119,0.000
0.119,0.119,0.056,0.057,1.000
.Time: 360.Location: (-0.000, 0.144, 360.000)
.lookAheadPoint: (0.001, 5.144)
.Accelerate
0.129,0.122,0.000
0.122,0.122,0.057,0.059,1.000
.Time: 370.Location: (-0.013, 0.180, 359.854)
.lookAheadPoint: (0.001, 5.180)
.Accelerate
0.129,0.125,0.001
0.126,0.124,0.059,0.065,1.000
.Time: 380.Location: (-0.013, 0.228, 359.854)
.lookAheadPoint: (0.001, 5.228)
.Accelerate
0.129,0.129,0.001
0.130,0.128,0.062,0.072,1.000
.Time: 390.Location: (-0.026, 0.264, 359.709)
.lookAheadPoint: (0.001, 5.264)
0.129,0.129,0.002
0.132,0.127,0.067,0.077,1.000
.Time: 400.Location: (-0.026, 0.312, 359.709)
.lookAheadPoint: (0.001, 5.312)
0.129,0.129,0.002
0.132,0.127,0.075,0.081,1.000
.Time: 410.Location: (-0.026, 0.360, 359.709)
.lookAheadPoint: (0.001, 5.360)
0.129,0.129,0.002
0.132,0.127,0.082,0.085,1.000
.Time: 420.Location: (-0.027, 0.408, 359.709)
.lookAheadPoint: (0.001, 5.408)
0.129,0.129,0.002
0.132,0.127,0.087,0.089,1.000
.Time: 430.Location: (-0.040, 0.468, 359.563)
.lookAheadPoint: (0.001, 5.467)
0.129,0.129,0.003
0.133,0.126,0.092,0.091,1.000
.Time: 440.Location: (-0.027, 0.528, 359.709)
.lookAheadPoint: (0.001, 5.528)
0.129,0.129,0.002
0.132,0.127,0.096,0.093,1.000
.Time: 450.Location: (-0.053, 0.575, 359.418)
.lookAheadPoint: (0.001, 5.575)
0.129,0.129,0.004
0.134,0.125,0.096,0.097,1.000
.Time: 460.Location: (-0.054, 0.647, 359.418)
.lookAheadPoint: (0.001, 5.647)
0.129,0.129,0.004
0.134,0.125,0.103,0.102,1.000
.Time: 470.Location: (-0.055, 0.719, 359.418)
.lookAheadPoint: (0.001, 5.719)
0.129,0.129,0.005
0.134,0.125,0.108,0.104,1.000
.Time: 480.Location: (-0.055, 0.767, 359.418)
.lookAheadPoint: (0.001, 5.767)
0.129,0.129,0.005
0.134,0.125,0.112,0.107,1.000
.Time: 490.Location: (-0.043, 0.827, 359.563)
.lookAheadPoint: (0.002, 5.827)
0.129,0.129,0.004
0.133,0.126,0.112,0.110,1.000
.Time: 500.Location: (-0.031, 0.887, 359.709)
.lookAheadPoint: (0.002, 5.887)
0.129,0.129,0.003
0.132,0.127,0.113,0.111,1.000
.Time: 510.Location: (-0.057, 0.959, 359.418)
.lookAheadPoint: (0.002, 5.959)
0.129,0.129,0.005
0.134,0.125,0.115,0.113,1.000
.Time: 520.Location: (-0.057, 1.007, 359.418)
.lookAheadPoint: (20.000, 40.000)
0.129,0.129,0.021
0.150,0.109,0.114,0.114,1.000
.Time: 530.Location: (-0.084, 1.079, 359.127)
.lookAheadPoint: (20.000, 40.000)
0.129,0.129,0.021
0.150,0.109,0.116,0.115,1.000
.Time: 540.Location: (-0.072, 1.139, 359.272)
.lookAheadPoint: (20.000, 40.000)
0.129,0.129,0.021
0.150,0.109,0.120,0.113,1.000
.Time: 550.Location: (-0.073, 1.211, 359.272)
.lookAheadPoint: (20.000, 40.000)
0.129,0.129,0.021
0.150,0.109,0.127,0.104,1.000
.Time: 560.Location: (-0.087, 1.270, 359.127)
.lookAheadPoint: (20.000, 40.000)
0.129,0.129,0.021
0.150,0.109,0.127,0.099,1.000
.Time: 570.Location: (-0.062, 1.343, 359.418)
.lookAheadPoint: (20.000, 40.000)
0.129,0.129,0.021
0.150,0.109,0.125,0.099,1.000
.Time: 580.Location: (-0.076, 1.426, 359.272)
.lookAheadPoint: (20.000, 40.000)
0.129,0.129,0.021
0.150,0.109,0.127,0.101,1.000
.Time: 590.Location: (-0.077, 1.498, 359.272)
.lookAheadPoint: (20.000, 40.000)
0.129,0.129,0.021
0.150,0.109,0.131,0.100,1.000
.Time: 600.Location: (-0.065, 1.631, 359.418)
.lookAheadPoint: (0.002, 6.630)
.Accelerate
0.183,0.133,0.005
0.138,0.127,0.136,0.100,2.000
.Time: 610.Location: (-0.066, 1.727, 359.418)
.lookAheadPoint: (0.002, 6.726)
.Accelerate
0.183,0.136,0.005
0.142,0.130,0.141,0.100,2.000
.Time: 620.Location: (-0.080, 1.810, 359.272)
.lookAheadPoint: (0.002, 6.810)
.Accelerate
0.183,0.139,0.007
0.146,0.132,0.133,0.109,2.000
.Time: 630.Location: (-0.081, 1.882, 359.272)
.lookAheadPoint: (0.002, 6.882)
.Accelerate
0.183,0.143,0.007
0.150,0.136,0.131,0.115,2.000
.Time: 640.Location: (-0.069, 1.966, 359.418)
.lookAheadPoint: (0.002, 6.966)
.Accelerate
0.183,0.146,0.006
0.152,0.140,0.133,0.118,2.000
.Time: 650.Location: (-0.069, 2.014, 359.418)
.lookAheadPoint: (20.000, 40.000)
.Accelerate
0.183,0.149,0.022
0.174,0.125,0.141,0.117,2.000
.Time: 660.Location: (-0.057, 2.099, 359.563)
.lookAheadPoint: (20.000, 40.000)
.Accelerate
0.183,0.153,0.022
0.178,0.128,0.146,0.124,2.000
.Time: 670.Location: (-0.058, 2.171, 359.563)
.lookAheadPoint: (20.000, 40.000)
.Accelerate
0.183,0.156,0.022
0.181,0.130,0.159,0.123,2.000
.Time: 680.Location: (-0.058, 2.243, 359.563)
.lookAheadPoint: (20.000, 40.000)
.Accelerate
0.183,0.159,0.022
0.185,0.133,0.164,0.117,2.000
.Time: 690.Location: (-0.072, 2.302, 359.418)
.lookAheadPoint: (20.000, 40.000)
.Accelerate
0.183,0.162,0.022
0.189,0.136,0.163,0.120,2.000
.Time: 700.Location: (-0.086, 2.386, 359.272)
.lookAheadPoint: (20.000, 40.000)
.Accelerate
0.183,0.166,0.022
0.193,0.138,0.158,0.125,2.000
.Time: 710.Location: (-0.074, 2.470, 359.418)
.lookAheadPoint: (20.000, 40.000)
.Accelerate
0.183,0.169,0.022
0.197,0.141,0.157,0.126,2.000
.Time: 720.Location: (-0.061, 2.554, 359.563)
.lookAheadPoint: (0.003, 7.554)
.Accelerate
0.224,0.172,0.005
0.179,0.166,0.166,0.128,3.000
.Time: 730.Location: (-0.049, 2.662, 359.709)
.lookAheadPoint: (0.003, 7.662)
.Accelerate
0.224,0.176,0.004
0.181,0.170,0.172,0.131,3.000
.Time: 740.Location: (-0.024, 2.734, 360.000)
.lookAheadPoint: (0.003, 7.734)
.Accelerate
0.224,0.179,0.002
0.182,0.176,0.182,0.136,3.000
.Time: 750.Location: (-0.024, 2.830, 360.000)
.lookAheadPoint: (0.003, 7.830)
.Accelerate
0.224,0.182,0.002
0.185,0.179,0.178,0.153,3.000
.Time: 760.Location: (-0.024, 2.926, 360.000)
.lookAheadPoint: (0.004, 7.926)
.Accelerate
0.224,0.186,0.002
0.189,0.183,0.181,0.160,3.000
.Time: 770.Location: (-0.024, 3.022, 360.000)
.lookAheadPoint: (20.000, 40.000)
.Accelerate
0.224,0.189,0.023
0.221,0.157,0.188,0.164,3.000
.Time: 780.Location: (-0.024, 3.118, 360.000)
.lookAheadPoint: (20.000, 40.000)
.Accelerate
0.224,0.192,0.023
0.225,0.159,0.191,0.172,3.000
.Time: 790.Location: (-0.024, 3.214, 360.000)
.lookAheadPoint: (20.000, 40.000)
.Accelerate
0.224,0.195,0.023
0.229,0.162,0.208,0.165,3.000
.Time: 800.Location: (-0.024, 3.406, 360.000)
.lookAheadPoint: (20.000, 40.000)
.Accelerate
0.224,0.199,0.023
0.233,0.164,0.220,0.166,3.000
.Time: 810.Location: (-0.024, 3.502, 360.000)
.lookAheadPoint: (0.005, 8.502)
.Accelerate
0.259,0.202,0.002
0.206,0.199,0.219,0.168,4.000
.Time: 820.Location: (-0.037, 3.610, 359.854)
.lookAheadPoint: (0.005, 8.610)
.Accelerate
0.259,0.205,0.003
0.211,0.200,0.219,0.172,4.000
.Time: 830.Location: (-0.024, 3.742, 360.000)
.lookAheadPoint: (0.005, 8.742)
.Accelerate
0.259,0.209,0.002
0.212,0.205,0.210,0.190,4.000
.Time: 840.Location: (-0.011, 3.874, 0.146)
.lookAheadPoint: (0.005, 8.874)
.Accelerate
0.259,0.212,0.001
0.214,0.210,0.211,0.197,4.000
.Time: 850.Location: (0.029, 4.006, 0.582)
.lookAheadPoint: (20.000, 40.000)
.Accelerate
0.259,0.215,0.024
0.253,0.177,0.226,0.202,4.000
.Time: 860.Location: (0.043, 4.113, 0.728)
.lookAheadPoint: (20.000, 40.000)
.Accelerate
0.259,0.219,0.024
0.257,0.180,0.233,0.208,4.000
.Time: 870.Location: (0.058, 4.245, 0.873)
.lookAheadPoint: (20.000, 40.000)
.Accelerate
0.259,0.222,0.024
0.261,0.182,0.253,0.190,4.000
.Time: 880.Location: (0.060, 4.365, 0.873)
.lookAheadPoint: (20.000, 40.000)
.Accelerate
0.259,0.225,0.024
0.266,0.185,0.256,0.191,4.000
.Time: 890.Location: (0.049, 4.497, 0.728)
.lookAheadPoint: (20.000, 40.000)
.Accelerate
0.259,0.228,0.024
0.270,0.187,0.260,0.192,4.000
.Time: 900.Location: (0.064, 4.629, 0.873)
.lookAheadPoint: (0.008, 9.629)
.Accelerate
0.289,0.232,-0.004
0.224,0.240,0.270,0.204,5.000
.Time: 910.Location: (0.053, 4.761, 0.728)
.lookAheadPoint: (0.008, 9.761)
.Accelerate
0.289,0.235,-0.004
0.229,0.241,0.280,0.206,5.000
.Time: 920.Location: (0.094, 4.892, 1.164)
.lookAheadPoint: (0.008, 9.891)
.Accelerate
0.289,0.238,-0.007
0.226,0.251,0.259,0.224,5.000
.Time: 930.Location: (0.097, 5.036, 1.164)
.lookAheadPoint: (20.000, 40.000)
.Accelerate
0.289,0.242,0.025
0.286,0.197,0.250,0.247,5.000
.Time: 940.Location: (0.113, 5.192, 1.310)
.lookAheadPoint: (20.000, 40.000)
.Accelerate
0.289,0.245,0.025
0.290,0.199,0.254,0.257,5.000
.Time: 950.Location: (0.103, 5.324, 1.164)
.lookAheadPoint: (20.000, 40.000)
.Accelerate
0.289,0.248,0.025
0.295,0.202,0.281,0.240,5.000
.Time: 960.Location: (0.133, 5.467, 1.455)
.lookAheadPoint: (20.000, 40.000)
.Accelerate
0.289,0.252,0.025
0.299,0.204,0.322,0.221,5.000
.Time: 970.Location: (0.140, 5.779, 1.455)
.lookAheadPoint: (0.012, 10.777)
.Accelerate
0.317,0.255,-0.010
0.235,0.274,0.303,0.227,6.000
.Time: 980.Location: (0.131, 5.935, 1.310)
.lookAheadPoint: (0.013, 10.934)
.Accelerate
0.317,0.258,-0.009
0.240,0.277,0.295,0.243,6.000
.Time: 990.Location: (0.121, 6.091, 1.164)
.lookAheadPoint: (20.000, 40.000)
.Accelerate
0.317,0.261,0.026
0.312,0.211,0.272,0.286,6.000
.Time: 1000.Location: (0.192, 6.269, 1.892)
.lookAheadPoint: (20.000, 40.000)
.Accelerate
0.317,0.265,0.026
0.316,0.213,0.281,0.303,6.000
.Time: 1010.Location: (0.211, 6.448, 2.037)
.lookAheadPoint: (20.000, 40.000)
.Accelerate
0.317,0.268,0.026
0.321,0.216,0.326,0.267,6.000
.Time: 1020.Location: (0.230, 6.604, 2.183)
.lookAheadPoint: (0.018, 11.599)
.Accelerate
0.342,0.271,-0.017
0.237,0.306,0.354,0.254,7.000
.Time: 1030.Location: (0.249, 6.759, 2.328)
.lookAheadPoint: (0.019, 11.754)
.Accelerate
0.342,0.275,-0.018
0.237,0.313,0.353,0.249,7.000
.Time: 1040.Location: (0.229, 6.928, 2.037)
.lookAheadPoint: (0.019, 11.923)
.Accelerate
0.342,0.278,-0.017
0.243,0.313,0.299,0.289,7.000
.Time: 1050.Location: (0.222, 7.084, 1.892)
.lookAheadPoint: (20.000, 40.000)
.Accelerate
0.342,0.281,0.027
0.338,0.225,0.281,0.332,7.000
.Time: 1060.Location: (0.241, 7.263, 2.037)
.lookAheadPoint: (20.000, 40.000)
.Accelerate
0.342,0.285,0.027
0.342,0.227,0.288,0.347,7.000
.Time: 1070.Location: (0.302, 7.453, 2.619)
.lookAheadPoint: (20.000, 40.000)
.Accelerate
0.342,0.288,0.027
0.347,0.229,0.345,0.313,7.000
.Time: 1080.Location: (0.310, 7.644, 2.619)
.lookAheadPoint: (0.028, 12.636)
.Accelerate
0.366,0.291,-0.023
0.242,0.341,0.372,0.283,8.000
.Time: 1090.Location: (0.332, 7.823, 2.765)
.lookAheadPoint: (0.028, 12.814)
.Accelerate
0.366,0.294,-0.024
0.241,0.348,0.379,0.276,8.000
.Time: 1100.Location: (0.340, 7.991, 2.765)
.lookAheadPoint: (20.000, 40.000)
.Accelerate
0.366,0.298,0.028
0.360,0.236,0.330,0.327,8.000
.Time: 1110.Location: (0.335, 8.172, 2.619)
.lookAheadPoint: (20.000, 40.000)
.Accelerate
0.366,0.301,0.028
0.365,0.238,0.286,0.385,8.000
.Time: 1120.Location: (0.331, 8.376, 2.474)
.lookAheadPoint: (20.000, 40.000)
.Accelerate
0.366,0.304,0.028
0.369,0.240,0.292,0.357,8.000
.Time: 1130.Location: (0.367, 8.590, 2.765)
.lookAheadPoint: (0.042, 13.580)
.Accelerate
0.388,0.308,-0.026
0.247,0.368,0.376,0.311,9.000
.Time: 1140.Location: (0.404, 8.781, 3.056)
.lookAheadPoint: (0.043, 13.768)
.Accelerate
0.388,0.311,-0.029
0.244,0.378,0.407,0.288,9.000
.Time: 1150.Location: (0.428, 8.984, 3.201)
.lookAheadPoint: (20.000, 40.000)
.Accelerate
0.388,0.314,0.029
0.383,0.246,0.327,0.391,9.000
.Time: 1160.Location: (0.436, 9.380, 3.056)
.lookAheadPoint: (20.000, 40.000)
.Accelerate
0.388,0.318,0.030
0.388,0.247,0.323,0.403,9.000
.Time: 1170.Location: (0.433, 9.584, 2.910)
.lookAheadPoint: (0.063, 14.570)
.Accelerate
0.409,0.321,-0.030
0.250,0.392,0.400,0.346,10.000
.Time: 1180.Location: (0.471, 9.798, 3.201)
.lookAheadPoint: (0.066, 14.782)
.Accelerate
0.409,0.324,-0.032
0.245,0.403,0.404,0.333,10.000
.Time: 1190.Location: (0.525, 10.023, 3.638)
.lookAheadPoint: (20.000, 40.000)
.Accelerate
0.409,0.327,0.030
0.402,0.253,0.351,0.399,10.000
.Time: 1200.Location: (0.553, 10.250, 3.783)
.lookAheadPoint: (20.000, 40.000)
.Accelerate
0.409,0.331,0.031
0.407,0.254,0.327,0.430,10.000
.Time: 1210.Location: (0.567, 10.465, 3.783)
.lookAheadPoint: (20.000, 40.000)
.Accelerate
0.409,0.334,0.031
0.412,0.256,0.401,0.375,10.000
.Time: 1220.Location: (0.554, 10.682, 3.492)
.lookAheadPoint: (0.098, 15.661)
.Accelerate
0.429,0.337,-0.036
0.245,0.430,0.433,0.341,11.000
.Time: 1230.Location: (0.539, 10.875, 3.201)
.lookAheadPoint: (0.102, 15.856)
.Accelerate
0.429,0.341,-0.035
0.251,0.430,0.450,0.327,11.000
.Time: 1240.Location: (0.538, 11.104, 3.056)
.lookAheadPoint: (20.000, 40.000)
.Accelerate
0.429,0.344,0.032
0.427,0.261,0.378,0.406,11.000
.Time: 1250.Location: (0.550, 11.319, 3.056)
.lookAheadPoint: (20.000, 40.000)
.Accelerate
0.429,0.347,0.032
0.432,0.263,0.331,0.478,11.000
.Time: 1260.Location: (0.561, 11.535, 3.056)
.lookAheadPoint: (0.147, 16.518)
.Accelerate
0.448,0.351,-0.033
0.263,0.438,0.390,0.432,12.000
.Time: 1270.Location: (0.573, 11.751, 3.056)
.lookAheadPoint: (0.153, 16.733)
.Accelerate
0.448,0.354,-0.034
0.265,0.443,0.440,0.365,12.000
.Time: 1280.Location: (0.571, 11.979, 2.910)
.lookAheadPoint: (20.000, 40.000)
.Accelerate
0.448,0.357,0.033
0.447,0.268,0.425,0.394,12.000
.Time: 1290.Location: (0.585, 12.243, 2.910)
.lookAheadPoint: (20.000, 40.000)
.Accelerate
0.448,0.360,0.034
0.452,0.269,0.383,0.459,12.000
.Time: 1300.Location: (0.611, 12.494, 3.056)
.lookAheadPoint: (0.225, 17.479)
.Accelerate
0.466,0.364,-0.031
0.279,0.448,0.417,0.423,13.000
.Time: 1310.Location: (0.624, 12.733, 3.056)
.lookAheadPoint: (0.235, 17.718)
.Accelerate
0.466,0.367,-0.031
0.281,0.453,0.469,0.376,13.000
.Time: 1320.Location: (0.637, 12.973, 3.056)
.lookAheadPoint: (20.000, 40.000)
.Accelerate
0.466,0.370,0.035
0.468,0.273,0.451,0.410,13.000
.Time: 1330.Location: (0.608, 13.202, 2.619)
.lookAheadPoint: (20.000, 40.000)
.Accelerate
0.466,0.374,0.035
0.473,0.274,0.381,0.479,13.000
.Time: 1340.Location: (0.579, 13.455, 2.183)
.lookAheadPoint: (0.348, 18.450)
.Accelerate
0.484,0.377,-0.018
0.325,0.429,0.384,0.454,14.000
.Time: 1350.Location: (0.602, 13.707, 2.328)
.lookAheadPoint: (20.000, 40.000)
.Accelerate
0.484,0.380,0.036
0.484,0.277,0.476,0.397,14.000
.Time: 1360.Location: (0.612, 13.946, 2.328)
.lookAheadPoint: (20.000, 40.000)
.Accelerate
0.484,0.384,0.037
0.489,0.278,0.499,0.394,14.000
.Time: 1370.Location: (0.621, 14.186, 2.328)
.lookAheadPoint: (20.000, 40.000)
.Accelerate
0.484,0.387,0.037
0.495,0.279,0.473,0.448,14.000
.Time: 1380.Location: (0.605, 14.451, 2.037)
.lookAheadPoint: (20.000, 40.000)
.Accelerate
0.500,0.390,0.038
0.500,0.280,0.485,0.413,15.000
.Time: 1390.Location: (0.613, 14.691, 2.037)
.lookAheadPoint: (20.000, 40.000)
.Accelerate
0.500,0.393,0.038
0.506,0.281,0.503,0.392,15.000
.Time: 1400.Location: (0.650, 14.953, 2.328)
.lookAheadPoint: (20.000, 40.000)
.Accelerate
0.500,0.397,0.039
0.512,0.282,0.514,0.379,15.000
.Time: 1410.Location: (0.688, 15.216, 2.619)
.lookAheadPoint: (20.000, 40.000)
.Accelerate
0.500,0.400,0.039
0.517,0.283,0.534,0.372,15.000
.Time: 1420.Location: (0.673, 15.481, 2.328)
.lookAheadPoint: (20.000, 40.000)
.Accelerate
0.500,0.403,0.040
0.523,0.283,0.550,0.368,16.000
.Time: 1430.Location: (0.711, 15.743, 2.619)
.lookAheadPoint: (20.000, 40.000)
.Accelerate
0.500,0.407,0.040
0.529,0.284,0.542,0.364,16.000
.Time: 1440.Location: (0.737, 16.018, 2.765)
.lookAheadPoint: (20.000, 40.000)
.Accelerate
0.500,0.410,0.041
0.535,0.285,0.587,0.363,16.000
.Time: 1450.Location: (0.793, 16.315, 3.201)
.lookAheadPoint: (20.000, 40.000)
.Accelerate
0.500,0.413,0.041
0.541,0.285,0.577,0.366,17.000
.Time: 1460.Location: (0.850, 16.588, 3.638)
.lookAheadPoint: (20.000, 40.000)
.Accelerate
0.500,0.417,0.042
0.547,0.286,0.565,0.370,17.000
.Time: 1470.Location: (0.884, 16.862, 4.074)
.lookAheadPoint: (20.000, 40.000)
.Accelerate
0.500,0.420,0.042
0.554,0.286,0.582,0.376,17.000
.Time: 1480.Location: (0.923, 17.160, 4.511)
.lookAheadPoint: (20.000, 40.000)
.Accelerate
0.500,0.423,0.043
0.560,0.286,0.592,0.378,17.000
.Time: 1490.Location: (0.988, 17.455, 4.947)
.lookAheadPoint: (20.000, 40.000)
.Accelerate
0.500,0.426,0.044
0.566,0.287,0.605,0.378,18.000
.Time: 1500.Location: (1.020, 17.741, 5.529)
.lookAheadPoint: (20.000, 40.000)
.Accelerate
0.500,0.430,0.044
0.573,0.287,0.611,0.385,18.000
.Time: 1510.Location: (1.075, 18.025, 5.820)
.lookAheadPoint: (20.000, 40.000)
.Accelerate
0.500,0.433,0.045
0.579,0.287,0.612,0.384,18.000
.Time: 1520.Location: (1.109, 18.287, 6.402)
.lookAheadPoint: (20.000, 40.000)
.Accelerate
0.500,0.436,0.046
0.586,0.287,0.605,0.383,19.000
.Time: 1530.Location: (1.171, 18.594, 6.693)
.lookAheadPoint: (20.000, 40.000)
.Accelerate
0.500,0.440,0.046
0.592,0.287,0.607,0.387,19.000
.Time: 1540.Location: (1.212, 18.879, 7.275)
.lookAheadPoint: (20.000, 40.000)
.Accelerate
0.500,0.443,0.047
0.599,0.287,0.604,0.386,20.000
.Time: 1550.Location: (1.279, 19.160, 7.857)
.lookAheadPoint: (20.000, 40.000)
.Accelerate
0.500,0.446,0.048
0.606,0.287,0.629,0.379,20.000
.Time: 1560.Location: (1.349, 19.441, 8.439)
.lookAheadPoint: (20.000, 40.000)
.Accelerate
0.500,0.450,0.048
0.613,0.286,0.681,0.381,20.000
.Time: 1570.Location: (1.392, 19.701, 8.730)
.lookAheadPoint: (20.000, 40.000)
.Accelerate
0.500,0.453,0.049
0.620,0.286,0.676,0.380,21.000
.Time: 1580.Location: (1.431, 19.999, 9.167)
.lookAheadPoint: (20.000, 40.000)
.Accelerate
0.500,0.456,0.050
0.627,0.286,0.689,0.377,21.000
.Time: 1590.Location: (1.519, 20.264, 9.894)
.lookAheadPoint: (20.000, 40.000)
.Accelerate
0.500,0.459,0.051
0.634,0.285,0.694,0.378,22.000
.Time: 1600.Location: (1.591, 20.555, 10.622)
.lookAheadPoint: (20.000, 40.000)
.Accelerate
0.500,0.463,0.051
0.641,0.285,0.699,0.377,22.000
.Time: 1610.Location: (1.667, 20.846, 11.349)
.lookAheadPoint: (20.000, 40.000)
.Accelerate
0.500,0.466,0.052
0.648,0.284,0.714,0.374,22.000
.Time: 1620.Location: (1.797, 21.124, 12.368)
.lookAheadPoint: (20.000, 40.000)
.Accelerate
0.500,0.469,0.053
0.656,0.283,0.704,0.371,23.000
.Time: 1630.Location: (1.855, 21.418, 12.804)
.lookAheadPoint: (20.000, 40.000)
.Accelerate
0.500,0.473,0.054
0.663,0.282,0.727,0.374,23.000
.Time: 1640.Location: (1.959, 21.714, 13.677)
.lookAheadPoint: (20.000, 40.000)
.Accelerate
0.500,0.476,0.055
0.671,0.281,0.721,0.374,23.000
.Time: 1650.Location: (2.037, 21.991, 14.550)
.lookAheadPoint: (5.567, 25.532)
.Accelerate
0.500,0.479,0.282
1.494,-0.536,0.724,0.376,24.000
.Time: 1660.Location: (2.166, 22.291, 15.569)
.lookAheadPoint: (20.000, 40.000)
.Accelerate
0.500,0.483,0.056
0.687,0.278,0.740,0.374,24.000
.Time: 1670.Location: (2.261, 22.588, 16.442)
.lookAheadPoint: (20.000, 40.000)
.Accelerate
0.500,0.486,0.057
0.695,0.277,0.735,0.288,24.000
.Time: 1680.Location: (2.369, 22.868, 17.460)
.lookAheadPoint: (6.158, 26.131)
.Accelerate
0.500,0.489,0.303
1.601,-0.623,0.754,0.139,25.000
.Time: 1690.Location: (2.392, 23.202, 17.897)
.lookAheadPoint: (6.318, 26.298)
.Accelerate
0.500,0.492,0.314
1.653,-0.668,0.751,0.189,25.000
.Time: 1700.Location: (2.463, 23.495, 18.915)
.lookAheadPoint: (20.000, 40.000)
.Accelerate
0.500,0.496,0.060
0.721,0.271,0.753,0.222,25.000
.Time: 1710.Location: (2.516, 23.795, 19.934)
.lookAheadPoint: (20.000, 40.000)
.Accelerate
0.500,0.499,0.062
0.729,0.269,0.768,0.114,25.000
.Time: 1720.Location: (2.610, 24.093, 20.807)
.lookAheadPoint: (6.816, 26.798)
0.500,0.500,0.336
1.762,-0.762,0.744,0.039,26.000
.Time: 1730.Location: (2.710, 24.390, 21.680)
.lookAheadPoint: (6.989, 26.975)
0.500,0.500,0.342
1.784,-0.784,0.749,0.039,26.000
.Time: 1740.Location: (2.783, 24.710, 22.407)
.lookAheadPoint: (20.000, 40.000)
0.500,0.500,0.065
0.744,0.256,0.744,0.069,26.000
.Time: 1750.Location: (2.859, 24.992, 23.280)
.lookAheadPoint: (7.301, 27.286)
0.500,0.500,0.355
1.833,-0.833,0.747,-0.047,27.000
.Time: 1760.Location: (2.942, 25.270, 24.444)
.lookAheadPoint: (7.449, 27.436)
0.500,0.500,0.361
1.852,-0.852,0.749,-0.071,27.000
.Time: 1770.Location: (3.038, 25.531, 25.754)
.lookAheadPoint: (7.596, 27.586)
0.500,0.500,0.365
1.867,-0.867,0.748,-0.029,27.000
.Time: 1780.Location: (3.158, 25.793, 27.209)
.lookAheadPoint: (7.759, 27.751)
0.500,0.500,0.368
1.880,-0.880,0.757,0.010,27.000
.Time: 1790.Location: (3.231, 26.055, 28.664)
.lookAheadPoint: (7.887, 27.876)
0.500,0.500,0.373
1.897,-0.897,0.750,-0.044,28.000
.Time: 1800.Location: (3.290, 26.327, 30.119)
.lookAheadPoint: (8.004, 27.994)
0.500,0.500,0.377
1.914,-0.914,0.758,-0.195,28.000
.Time: 1810.Location: (3.366, 26.564, 31.865)
.lookAheadPoint: (8.120, 28.111)
0.500,0.500,0.380
1.926,-0.926,0.748,-0.307,28.000
.Time: 1820.Location: (3.421, 26.774, 33.757)
.lookAheadPoint: (8.212, 28.204)
0.500,0.500,0.383
1.937,-0.937,0.757,-0.392,28.000
.Time: 1830.Location: (3.425, 27.009, 35.503)
.lookAheadPoint: (8.266, 28.259)
0.500,0.500,0.387
1.952,-0.952,0.754,-0.463,28.000
.Time: 1840.Location: (3.462, 27.210, 37.685)
.lookAheadPoint: (8.336, 28.327)
0.500,0.500,0.390
1.962,-0.962,0.765,-0.501,29.000
.Time: 1850.Location: (3.488, 27.393, 39.577)
.lookAheadPoint: (8.390, 28.381)
0.500,0.500,0.392
1.970,-0.970,0.750,-0.543,29.000
.Time: 1860.Location: (3.560, 27.524, 41.905)
.lookAheadPoint: (8.471, 28.462)
0.500,0.500,0.393
1.973,-0.973,0.752,-0.537,29.000
.Time: 1870.Location: (3.551, 27.668, 44.233)
.lookAheadPoint: (8.486, 28.477)
0.500,0.500,0.395
1.980,-0.980,0.753,-0.572,29.000
.Time: 1880.Location: (3.535, 27.848, 46.706)
.lookAheadPoint: (8.494, 28.486)
0.500,0.500,0.397
1.988,-0.988,0.748,-0.601,29.000
.Time: 1890.Location: (3.508, 28.012, 49.180)
.lookAheadPoint: (8.486, 28.478)
0.500,0.500,0.398
1.993,-0.993,0.742,-0.613,29.000
.Time: 1900.Location: (3.528, 28.086, 51.944)
.lookAheadPoint: (8.511, 28.503)
0.500,0.500,0.399
1.995,-0.995,0.743,-0.646,29.000
.Time: 1910.Location: (3.500, 28.150, 55.000)
.lookAheadPoint: (8.489, 28.481)
0.500,0.500,0.399
1.997,-0.997,0.734,-0.663,29.000
.Time: 1920.Location: (3.487, 28.266, 57.910)
.lookAheadPoint: (8.483, 28.475)
0.500,0.500,0.400
1.999,-0.999,0.729,-0.669,29.000
.Time: 1930.Location: (3.449, 28.338, 60.820)
.lookAheadPoint: (8.448, 28.440)
0.500,0.500,0.400
2.000,-1.000,0.749,-0.680,29.000
.Time: 1940.Location: (3.447, 28.401, 63.730)
.lookAheadPoint: (8.446, 28.438)
0.500,0.500,0.400
2.000,-1.000,0.721,-0.686,29.000
.Time: 1950.Location: (3.386, 28.582, 66.495)
.lookAheadPoint: (8.381, 28.373)
0.500,0.500,-0.400
-0.999,1.999,0.744,-0.695,29.000
.Time: 1960.Location: (3.345, 28.628, 69.696)
.lookAheadPoint: (8.336, 28.327)
0.500,0.500,-0.399
-0.997,1.997,0.728,-0.718,29.000
.Time: 1970.Location: (3.322, 28.667, 73.042)
.lookAheadPoint: (8.308, 28.299)
0.500,0.500,-0.399
-0.996,1.996,0.615,-0.402,29.000
.Time: 1980.Location: (3.286, 28.718, 76.243)
.lookAheadPoint: (8.265, 28.255)
0.500,0.500,-0.398
-0.994,1.994,0.281,-0.165,29.000
.Time: 1990.Location: (3.264, 28.783, 79.590)
.lookAheadPoint: (8.233, 28.223)
0.500,0.500,-0.397
-0.991,1.991,0.041,-0.118,30.000
.Time: 2000.Location: (3.272, 28.829, 82.646)
.lookAheadPoint: (8.235, 28.225)
0.500,0.500,-0.397
-0.989,1.989,0.000,-0.035,30.000
.Time: 2010.Location: (3.247, 28.838, 85.556)
.lookAheadPoint: (8.206, 28.196)
0.500,0.500,-0.397
-0.988,1.988,0.013,-0.022,30.000
.Time: 2020.Location: (3.198, 28.921, 88.175)
.lookAheadPoint: (8.134, 28.124)
0.500,0.500,-0.395
-0.981,1.981,0.013,0.119,30.000
.Time: 2030.Location: (3.104, 29.058, 89.921)
.lookAheadPoint: (7.986, 27.975)
0.500,0.500,-0.390
-0.964,1.964,-0.126,0.234,30.000
.Time: 2040.Location: (3.083, 29.124, 91.376)
.lookAheadPoint: (7.937, 27.926)
0.500,0.500,-0.388
-0.956,1.956,-0.333,0.368,30.000
.Time: 2050.Location: (3.048, 29.156, 92.685)
.lookAheadPoint: (7.880, 27.869)
0.500,0.500,-0.387
-0.949,1.949,-0.394,0.436,30.000
.Time: 2060.Location: (3.028, 29.200, 93.849)
.lookAheadPoint: (7.835, 27.823)
0.500,0.500,-0.385
-0.942,1.942,-0.375,0.495,30.000
.Time: 2070.Location: (2.997, 29.258, 94.868)
.lookAheadPoint: (7.766, 27.754)
0.500,0.500,-0.381
-0.931,1.931,-0.449,0.548,30.000
.Time: 2080.Location: (2.981, 29.328, 95.741)
.lookAheadPoint: (7.706, 27.694)
0.500,0.500,-0.378
-0.918,1.918,-0.458,0.595,30.000
.Time: 2090.Location: (2.938, 29.378, 96.323)
.lookAheadPoint: (7.610, 27.598)
0.500,0.500,-0.374
-0.902,1.902,-0.483,0.633,30.000
.Time: 2100.Location: (2.920, 29.427, 96.614)
.lookAheadPoint: (7.548, 27.535)
0.500,0.500,-0.370
-0.888,1.888,-0.432,0.647,30.000
.Time: 2110.Location: (2.896, 29.429, 96.905)
.lookAheadPoint: (7.506, 27.493)
0.500,0.500,-0.369
-0.883,1.883,-0.411,0.666,30.000
.Time: 2120.Location: (2.875, 29.456, 96.905)
.lookAheadPoint: (7.448, 27.435)
0.500,0.500,-0.366
-0.872,1.872,-0.473,0.630,30.000
.Time: 2130.Location: (2.861, 29.445, 97.050)
.lookAheadPoint: (7.433, 27.420)
0.500,0.500,-0.366
-0.871,1.871,-0.506,0.641,30.000
.Time: 2140.Location: (2.851, 29.459, 96.905)
.lookAheadPoint: (7.403, 27.389)
0.500,0.500,-0.364
-0.865,1.865,-0.528,0.656,30.000
.Time: 2150.Location: (2.848, 29.435, 96.905)
.lookAheadPoint: (7.417, 27.403)
0.500,0.500,-0.366
-0.871,1.871,-0.566,0.662,30.000
.Time: 2160.Location: (2.848, 29.435, 96.905)
.lookAheadPoint: (7.417, 27.403)
0.500,0.500,-0.366
-0.871,1.871,-0.593,0.660,30.000
.Time: 2170.Location: (2.875, 29.457, 96.614)
.lookAheadPoint: (7.447, 27.434)
0.500,0.500,-0.366
-0.872,1.872,-0.591,0.664,30.000
.Time: 2180.Location: (2.910, 29.444, 96.177)
.lookAheadPoint: (7.519, 27.506)
0.500,0.500,-0.369
-0.883,1.883,-0.619,0.667,30.000
.Time: 2190.Location: (2.944, 29.430, 95.741)
.lookAheadPoint: (7.587, 27.575)
0.500,0.500,-0.371
-0.893,1.893,-0.637,0.695,30.000
.Time: 2200.Location: (2.962, 29.358, 95.450)
.lookAheadPoint: (7.660, 27.648)
0.500,0.500,-0.376
-0.910,1.910,-0.651,0.699,30.000
.Time: 2210.Location: (3.008, 29.333, 94.868)
.lookAheadPoint: (7.745, 27.733)
0.500,0.500,-0.379
-0.921,1.921,-0.649,0.724,30.000
.Time: 2220.Location: (3.067, 29.321, 94.140)
.lookAheadPoint: (7.839, 27.828)
0.500,0.500,-0.382
-0.932,1.932,-0.664,0.715,30.000
.Time: 2230.Location: (3.127, 29.309, 93.413)
.lookAheadPoint: (7.929, 27.918)
0.500,0.500,-0.384
-0.941,1.941,-0.660,0.728,30.000
.Time: 2240.Location: (3.175, 29.311, 92.540)
.lookAheadPoint: (7.996, 27.985)
0.500,0.500,-0.386
-0.946,1.946,-0.678,0.709,30.000
.Time: 2250.Location: (3.234, 29.277, 91.812)
.lookAheadPoint: (8.088, 28.078)
0.500,0.500,-0.388
-0.956,1.956,-0.677,0.724,30.000
.Time: 2260.Location: (3.281, 29.207, 91.230)
.lookAheadPoint: (8.170, 28.160)
0.500,0.500,-0.391
-0.967,1.967,-0.678,0.726,30.000
.Time: 2270.Location: (3.353, 29.188, 90.357)
.lookAheadPoint: (8.265, 28.256)
0.500,0.500,-0.393
-0.974,1.974,-0.696,0.743,30.000
.Time: 2280.Location: (3.426, 29.147, 89.193)
.lookAheadPoint: (8.362, 28.353)
0.500,0.500,-0.395
-0.981,1.981,-0.686,0.721,30.000
.Time: 2290.Location: (3.523, 29.133, 88.029)
.lookAheadPoint: (8.478, 28.470)
0.500,0.500,-0.396
-0.987,1.987,-0.686,0.728,30.000
.Time: 2300.Location: (3.631, 29.135, 86.720)
.lookAheadPoint: (8.601, 28.593)
0.500,0.500,-0.398
-0.991,1.991,-0.699,0.724,30.000
.Time: 2310.Location: (3.728, 29.125, 85.556)
.lookAheadPoint: (8.710, 28.703)
0.500,0.500,-0.399
-0.995,1.995,-0.708,0.736,30.000
.Time: 2320.Location: (3.820, 29.166, 84.101)
.lookAheadPoint: (8.806, 28.799)
0.500,0.500,-0.399
-0.996,1.996,-0.710,0.751,30.000
.Time: 2330.Location: (3.917, 29.163, 82.646)
.lookAheadPoint: (8.910, 28.904)
0.500,0.500,-0.399
-0.998,1.998,-0.705,0.748,30.000
.Time: 2340.Location: (4.015, 29.160, 81.481)
.lookAheadPoint: (9.012, 29.006)
0.500,0.500,-0.400
-0.999,1.999,-0.712,0.761,30.000
.Time: 2350.Location: (4.131, 29.189, 80.026)
.lookAheadPoint: (9.131, 29.125)
0.500,0.500,-0.400
-1.000,2.000,-0.717,0.766,30.000
.Time: 2360.Location: (4.238, 29.208, 78.426)
.lookAheadPoint: (9.238, 29.232)
0.500,0.500,0.400
2.000,-1.000,-0.713,0.773,31.000
.Time: 2370.Location: (4.344, 29.230, 76.825)
.lookAheadPoint: (9.343, 29.337)
0.500,0.500,0.400
2.000,-1.000,-0.723,0.776,31.000
.Time: 2380.Location: (4.464, 29.245, 75.370)
.lookAheadPoint: (9.460, 29.455)
0.500,0.500,0.400
1.999,-0.999,-0.572,0.647,31.000
.Time: 2390.Location: (4.584, 29.264, 73.915)
.lookAheadPoint: (9.574, 29.570)
0.500,0.500,0.399
1.997,-0.997,-0.220,0.293,31.000
.Time: 2400.Location: (4.672, 29.303, 72.169)
.lookAheadPoint: (9.659, 29.655)
0.500,0.500,0.399
1.996,-0.996,-0.122,0.104,31.000
.Time: 2410.Location: (4.739, 29.430, 69.987)
.lookAheadPoint: (9.730, 29.726)
0.500,0.500,0.399
1.997,-0.997,-0.032,0.075,31.000
.Time: 2420.Location: (4.760, 29.558, 67.368)
.lookAheadPoint: (9.757, 29.753)
0.500,0.500,0.400
1.999,-0.999,-0.011,-0.009,31.000
.Time: 2430.Location: (4.706, 29.693, 64.603)
.lookAheadPoint: (9.706, 29.702)
0.500,0.500,0.400
2.000,-1.000,0.080,-0.187,31.000
.Time: 2440.Location: (4.642, 29.808, 62.275)
.lookAheadPoint: (9.639, 29.635)
0.500,0.500,-0.400
-0.999,1.999,0.155,-0.360,31.000
.Time: 2450.Location: (4.656, 29.970, 59.947)
.lookAheadPoint: (9.646, 29.641)
0.500,0.500,-0.399
-0.997,1.997,0.305,-0.423,31.000
.Time: 2460.Location: (4.659, 30.098, 57.910)
.lookAheadPoint: (9.637, 29.633)
0.500,0.500,-0.398
-0.994,1.994,0.303,-0.445,31.000
.Time: 2470.Location: (4.674, 30.204, 56.455)
.lookAheadPoint: (9.642, 29.638)
0.500,0.500,-0.397
-0.990,1.990,0.075,-0.213,32.000
.Time: 2480.Location: (4.662, 30.383, 54.709)
.lookAheadPoint: (9.599, 29.595)
0.500,0.500,-0.395
-0.981,1.981,-0.054,-0.154,32.000
.Time: 2490.Location: (4.693, 30.520, 53.399)
.lookAheadPoint: (9.608, 29.604)
0.500,0.500,-0.393
-0.975,1.975,-0.106,0.007,32.000
.Time: 2500.Location: (4.704, 30.642, 52.381)
.lookAheadPoint: (9.591, 29.587)
0.500,0.500,-0.391
-0.966,1.966,-0.214,0.149,32.000
.Time: 2510.Location: (4.714, 30.782, 51.217)
.lookAheadPoint: (9.562, 29.557)
0.500,0.500,-0.388
-0.954,1.954,-0.368,0.314,32.000
.Time: 2520.Location: (4.721, 30.921, 50.053)
.lookAheadPoint: (9.519, 29.514)
0.500,0.500,-0.384
-0.939,1.939,-0.526,0.479,32.000
.Time: 2530.Location: (4.743, 31.059, 49.034)
.lookAheadPoint: (9.488, 29.483)
0.500,0.500,-0.380
-0.924,1.924,-0.549,0.619,32.000
.Time: 2540.Location: (4.745, 31.164, 48.161)
.lookAheadPoint: (9.434, 29.430)
0.500,0.500,-0.375
-0.907,1.907,-0.514,0.683,32.000
.Time: 2550.Location: (4.745, 31.269, 47.288)
.lookAheadPoint: (9.368, 29.363)
0.500,0.500,-0.370
-0.887,1.887,-0.567,0.668,32.000
.Time: 2560.Location: (4.761, 31.356, 46.415)
.lookAheadPoint: (9.329, 29.324)
0.500,0.500,-0.365
-0.871,1.871,-0.567,0.691,32.000
.Time: 2570.Location: (4.773, 31.479, 45.251)
.lookAheadPoint: (9.242, 29.237)
0.500,0.500,-0.358
-0.841,1.841,-0.597,0.694,32.000
.Time: 2580.Location: (4.748, 31.568, 43.796)
.lookAheadPoint: (9.086, 29.081)
0.500,0.500,-0.347
-0.801,1.801,-0.570,0.714,33.000
.Time: 2590.Location: (4.737, 31.642, 42.050)
.lookAheadPoint: (8.945, 28.940)
0.500,0.500,-0.337
-0.762,1.762,-0.588,0.703,33.000
.Time: 2600.Location: (4.706, 31.730, 40.304)
.lookAheadPoint: (8.606, 28.601)
0.500,0.500,-0.312
-0.670,1.670,-0.612,0.708,33.000
.Time: 2610.Location: (4.762, 31.792, 38.995)
.lookAheadPoint: (8.638, 28.633)
0.500,0.500,-0.310
-0.663,1.663,-0.606,0.706,33.000
.Time: 2620.Location: (4.801, 31.853, 37.831)
.lookAheadPoint: (8.558, 28.553)
0.500,0.500,-0.301
-0.627,1.627,-0.604,0.709,33.000
.Time: 2630.Location: (4.862, 31.883, 36.812)
.lookAheadPoint: (8.776, 28.771)
0.500,0.500,-0.313
-0.674,1.674,-0.625,0.729,33.000
.Time: 2640.Location: (4.913, 31.949, 35.212)
.lookAheadPoint: (8.758, 28.753)
0.500,0.500,-0.308
-0.654,1.654,-0.627,0.738,33.000
.Time: 2650.Location: (4.932, 31.994, 33.466)
.lookAheadPoint: (8.577, 28.571)
0.500,0.500,-0.292
-0.593,1.593,-0.646,0.708,33.000
.Time: 2660.Location: (4.941, 32.073, 31.720)
.lookAheadPoint: (10.805, 30.802)
0.500,0.500,-0.326
-0.722,1.722,-0.667,0.758,33.000
.Time: 2670.Location: (4.908, 32.159, 29.537)
.lookAheadPoint: (10.736, 30.733)
0.500,0.500,-0.324
-0.714,1.714,-0.673,0.729,33.000
.Time: 2680.Location: (4.871, 32.190, 27.354)
.lookAheadPoint: (10.676, 30.674)
0.500,0.500,-0.323
-0.709,1.709,-0.692,0.745,33.000
.Time: 2690.Location: (4.912, 32.211, 25.754)
.lookAheadPoint: (10.724, 30.722)
0.500,0.500,-0.323
-0.711,1.711,-0.669,0.746,33.000
.Time: 2700.Location: (4.971, 32.277, 24.153)
.lookAheadPoint: (10.781, 30.779)
0.500,0.500,-0.323
-0.710,1.710,-0.695,0.752,33.000
.Time: 2710.Location: (4.990, 32.347, 22.407)
.lookAheadPoint: (10.781, 30.779)
0.500,0.500,-0.322
-0.707,1.707,-0.684,0.730,33.000
.Time: 2720.Location: (4.943, 32.427, 20.225)
.lookAheadPoint: (10.683, 30.681)
0.500,0.500,-0.319
-0.696,1.696,-0.703,0.761,33.000
.Time: 2730.Location: (4.884, 32.482, 17.751)
.lookAheadPoint: (10.571, 30.568)
0.500,0.500,-0.316
-0.685,1.685,-0.718,0.754,33.000
.Time: 2740.Location: (4.884, 32.569, 15.569)
.lookAheadPoint: (10.523, 30.520)
0.500,0.500,-0.313
-0.675,1.675,-0.703,0.789,33.000
.Time: 2750.Location: (4.910, 32.612, 13.823)
.lookAheadPoint: (10.539, 30.536)
0.500,0.500,-0.313
-0.673,1.673,-0.742,0.778,33.000
.Time: 2760.Location: (4.909, 32.661, 11.786)
.lookAheadPoint: (10.508, 30.506)
0.500,0.500,-0.311
-0.667,1.667,-0.725,0.787,33.000
.Time: 2770.Location: (4.836, 32.682, 8.730)
.lookAheadPoint: (10.373, 30.370)
0.500,0.500,-0.308
-0.653,1.653,-0.739,0.777,33.000
.Time: 2780.Location: (4.717, 32.727, 5.675)
.lookAheadPoint: (10.118, 30.115)
0.500,0.500,-0.300
-0.625,1.625,-0.724,0.789,33.000
.Time: 2790.Location: (4.655, 32.728, 2.765)
.lookAheadPoint: (9.993, 29.990)
0.500,0.500,-0.297
-0.612,1.612,-0.722,0.788,33.000
.Time: 2800.Location: (4.570, 32.702, 359.854)
.lookAheadPoint: (9.842, 29.838)
0.500,0.500,-0.293
-0.598,1.598,-0.754,0.782,33.000
.Time: 2810.Location: (4.447, 32.679, 356.508)
.lookAheadPoint: (9.586, 29.582)
0.500,0.500,-0.286
-0.571,1.571,-0.737,0.775,33.000
.Time: 2820.Location: (4.375, 32.657, 353.452)
.lookAheadPoint: (9.432, 29.428)
0.500,0.500,-0.281
-0.554,1.554,-0.750,0.779,33.000
.Time: 2830.Location: (4.248, 32.668, 350.397)
.lookAheadPoint: (8.964, 28.959)
0.500,0.500,-0.262
-0.483,1.483,-0.723,0.780,33.000
.Time: 2840.Location: (4.148, 32.655, 347.050)
.lookAheadPoint: (10.932, 30.929)
0.500,0.500,-0.277
-0.538,1.538,-0.695,0.786,33.000
.Time: 2850.Location: (4.049, 32.598, 343.849)
.lookAheadPoint: (10.818, 30.815)
0.500,0.500,-0.276
-0.536,1.536,-0.692,0.785,33.000
.Time: 2860.Location: (3.954, 32.536, 340.648)
.lookAheadPoint: (10.711, 30.708)
0.500,0.500,-0.276
-0.534,1.534,-0.655,0.778,33.000
.Time: 2870.Location: (3.858, 32.505, 337.302)
.lookAheadPoint: (10.589, 30.586)
0.500,0.500,-0.275
-0.530,1.530,-0.674,0.784,33.000
.Time: 2880.Location: (3.748, 32.475, 334.101)
.lookAheadPoint: (10.446, 30.443)
0.500,0.500,-0.273
-0.525,1.525,-0.671,0.793,33.000
.Time: 2890.Location: (3.635, 32.422, 330.754)
.lookAheadPoint: (10.307, 30.304)
0.500,0.500,-0.272
-0.521,1.521,-0.680,0.787,33.000
.Time: 2900.Location: (3.513, 32.383, 327.698)
.lookAheadPoint: (10.144, 30.141)
0.500,0.500,-0.271
-0.515,1.515,-0.671,0.785,33.000
.Time: 2910.Location: (3.435, 32.385, 324.788)
.lookAheadPoint: (10.023, 30.020)
0.500,0.500,-0.269
-0.508,1.508,-0.670,0.789,33.000
.Time: 2920.Location: (3.357, 32.382, 321.878)
.lookAheadPoint: (9.900, 29.897)
0.500,0.500,-0.267
-0.502,1.502,-0.661,0.787,33.000
.Time: 2930.Location: (3.259, 32.324, 318.677)
.lookAheadPoint: (9.778, 29.774)
0.500,0.500,-0.266
-0.498,1.498,-0.653,0.797,33.000
.Time: 2940.Location: (3.181, 32.261, 315.622)
.lookAheadPoint: (9.691, 29.687)
0.500,0.500,-0.266
-0.496,1.496,-0.655,0.783,33.000
.Time: 2950.Location: (3.076, 32.155, 311.984)
.lookAheadPoint: (9.586, 29.582)
0.500,0.500,-0.266
-0.496,1.496,-0.629,0.791,33.000
.Time: 2960.Location: (2.989, 32.081, 308.783)
.lookAheadPoint: (9.491, 29.487)
0.500,0.500,-0.265
-0.495,1.495,-0.630,0.793,33.000
.Time: 2970.Location: (2.891, 32.000, 305.728)
.lookAheadPoint: (9.381, 29.376)
0.500,0.500,-0.265
-0.493,1.493,-0.626,0.799,33.000
.Time: 2980.Location: (2.805, 31.951, 302.817)
.lookAheadPoint: (9.269, 29.264)
0.500,0.500,-0.264
-0.489,1.489,-0.610,0.781,33.000
.Time: 2990.Location: (2.717, 31.916, 300.053)
.lookAheadPoint: (9.143, 29.138)
0.500,0.500,-0.262
-0.483,1.483,-0.630,0.801,33.000
.Time: 3000.Location: (2.658, 31.849, 297.143)
.lookAheadPoint: (9.090, 29.085)
0.500,0.500,-0.263
-0.484,1.484,-0.637,0.789,33.000
WARNING - pros.serial.terminal.terminal:stop - Stopping terminal
WARNING - pros.serial.terminal.terminal:reader - Connection to COM7 broken
