.velList #0: 0.000
.velList #1: 0.319
.velList #2: 0.451
.velList #3: 0.552
.velList #4: 0.637
.velList #5: 0.713
.velList #6: 0.781
.velList #7: 0.843
.velList #8: 0.902
.velList #9: 0.956
.velList #10: 1.008
.velList #11: 1.057
.velList #12: 1.104
.velList #13: 1.149
.velList #14: 1.193
.velList #15: 1.235
.velList #16: 1.275
.velList #17: 1.314
.velList #18: 1.352
.velList #19: 1.389
.velList #20: 1.425
.velList #21: 1.389
.velList #22: 1.352
.velList #23: 1.314
.velList #24: 1.275
.velList #25: 1.235
.velList #26: 1.193
.velList #27: 1.149
.velList #28: 1.104
.velList #29: 1.057
.velList #30: 1.008
.velList #31: 0.956
.velList #32: 0.902
.velList #33: 0.843
.velList #34: 0.781
.velList #35: 0.713
.velList #36: 0.637
.velList #37: 0.552
.velList #38: 0.451
.velList #39: 0.319
.velList #40: 0.000
0.319,0.000
.Accelerate
0.040,0.040,0.000,-0.000,1.000
0.319,0.020
.Accelerate
0.080,0.080,0.000,-0.000,1.000
0.319,0.040
.Accelerate
0.120,0.120,0.006,-0.000,1.000
0.319,0.060
.Accelerate
0.160,0.160,0.025,0.026,1.000
0.319,0.080
.Accelerate
0.200,0.200,0.052,0.089,1.000
0.319,0.100
.Accelerate
0.240,0.240,0.088,0.151,1.000
0.319,0.120
.Accelerate
0.280,0.280,0.110,0.203,1.000
0.319,0.140
.Accelerate
0.320,0.320,0.127,0.258,1.000
0.319,0.160
.Accelerate
0.343,0.377,0.140,0.301,1.000
0.319,0.180
.Accelerate
0.408,0.392,0.181,0.281,1.000
0.319,0.200
.Accelerate
0.438,0.442,0.212,0.264,1.000
0.319,0.220
.Accelerate
0.488,0.472,0.257,0.275,1.000
0.319,0.240
.Accelerate
0.479,0.561,0.297,0.282,1.000
0.319,0.260
.Accelerate
0.527,0.593,0.336,0.301,1.000
0.319,0.280
.Accelerate
0.563,0.637,0.353,0.340,1.000
0.319,0.300
0.628,0.647,0.376,0.387,1.000
0.319,0.319
0.659,0.616,0.384,0.489,1.000
0.319,0.319
0.638,0.637,0.433,0.530,1.000
0.319,0.319
0.638,0.637,0.495,0.586,1.000
0.451,0.319
.Accelerate
0.719,0.636,0.547,0.598,2.000
0.451,0.339
.Accelerate
0.781,0.654,0.592,0.609,2.000
0.451,0.359
.Accelerate
0.758,0.757,0.605,0.631,2.000
0.552,0.379
.Accelerate
0.959,0.636,0.631,0.639,3.000
0.552,0.399
.Accelerate
0.918,0.757,0.651,0.664,3.000
0.552,0.419
.Accelerate
0.878,0.877,0.686,0.694,3.000
0.637,0.439
.Accelerate
1.015,0.820,0.690,0.696,4.000
0.637,0.459
.Accelerate
1.098,0.817,0.711,0.725,4.000
0.637,0.479
.Accelerate
0.998,0.997,0.731,0.735,4.000
0.713,0.499
.Accelerate
1.038,1.037,0.768,0.744,5.000
0.781,0.519
.Accelerate
1.102,1.053,0.765,0.755,6.000
0.781,0.539
.Accelerate
1.118,1.117,0.783,0.754,6.000
0.843,0.559
.Accelerate
1.201,1.114,0.788,0.756,7.000
0.843,0.579
.Accelerate
1.230,1.165,0.769,0.769,7.000
0.843,0.599
.Accelerate
1.238,1.237,0.798,0.756,7.000
0.902,0.619
.Accelerate
1.295,1.260,0.792,0.789,8.000
0.902,0.639
.Accelerate
1.318,1.317,0.787,0.765,8.000
0.956,0.659
.Accelerate
1.420,1.295,0.796,0.786,9.000
0.956,0.679
.Accelerate
1.398,1.397,0.809,0.788,9.000
1.008,0.699
.Accelerate
1.437,1.438,0.811,0.787,10.000
1.057,0.719
.Accelerate
1.334,1.621,0.801,0.787,11.000
1.057,0.739
.Accelerate
1.517,1.518,0.795,0.788,11.000
1.104,0.759
.Accelerate
1.466,1.649,0.814,0.805,12.000
1.104,0.779
.Accelerate
1.600,1.595,0.802,0.800,12.000
1.104,0.799
.Accelerate
1.638,1.637,0.810,0.795,12.000
1.149,0.819
.Accelerate
1.718,1.637,0.812,0.801,13.000
1.149,0.839
.Accelerate
1.718,1.717,0.813,0.799,13.000
1.193,0.859
.Accelerate
1.743,1.772,0.803,0.805,14.000
1.193,0.879
.Accelerate
1.798,1.797,0.808,0.790,14.000
1.235,0.899
.Accelerate
1.899,1.776,0.796,0.788,15.000
1.235,0.919
.Accelerate
1.878,1.877,0.808,0.780,15.000
1.275,0.939
.Accelerate
1.968,1.867,0.811,0.804,16.000
1.275,0.959
.Accelerate
1.959,1.956,0.812,0.797,16.000
1.314,0.979
.Accelerate
1.999,1.996,0.825,0.789,17.000
1.314,0.999
.Accelerate
2.039,2.036,0.801,0.804,17.000
1.352,1.019
.Accelerate
2.351,1.804,0.816,0.805,18.000
1.352,1.039
.Accelerate
2.119,2.116,0.826,0.800,18.000
1.389,1.059
.Accelerate
2.304,2.011,0.819,0.792,19.000
1.389,1.079
.Accelerate
2.200,2.195,0.798,0.793,19.000
1.425,1.099
.Accelerate
2.598,1.877,0.831,0.797,20.000
1.425,1.119
.Accelerate
2.280,2.275,0.814,0.809,20.000
1.389,1.139
.Accelerate
2.669,1.966,0.805,0.795,21.000
1.389,1.159
.Accelerate
2.362,2.353,0.813,0.796,21.000
1.352,1.179
.Accelerate
2.674,2.121,0.817,0.794,22.000
1.352,1.199
.Accelerate
2.440,2.435,0.807,0.807,22.000
1.314,1.219
.Accelerate
2.780,2.175,0.812,0.796,23.000
1.314,1.239
.Accelerate
2.521,2.514,0.823,0.802,23.000
1.275,1.259
2.879,2.221,0.810,0.797,24.000
1.275,1.275
2.554,2.546,0.804,0.810,24.000
1.235,1.275
.Decelerate
2.850,2.170,0.803,0.806,25.000
1.235,1.255
.Decelerate
2.748,2.192,0.806,0.805,25.000
1.193,1.235
.Decelerate
2.863,1.997,0.818,0.805,26.000
1.193,1.215
.Decelerate
2.816,1.964,0.801,0.799,26.000
1.149,1.195
.Decelerate
2.657,2.043,0.788,0.809,27.000
1.149,1.175
.Decelerate
2.319,2.301,0.812,0.803,27.000
1.104,1.155
.Decelerate
2.581,1.959,0.808,0.801,28.000
1.104,1.135
.Decelerate
2.237,2.223,0.795,0.796,28.000
1.057,1.115
.Decelerate
2.495,1.885,0.805,0.797,29.000
1.057,1.095
.Decelerate
2.158,2.142,0.805,0.793,29.000
1.008,1.075
.Decelerate
2.523,1.697,0.799,0.799,30.000
1.008,1.055
.Decelerate
2.085,2.055,0.806,0.808,30.000
0.956,1.035
.Decelerate
2.303,1.757,0.797,0.807,31.000
0.956,1.015
.Decelerate
2.321,1.659,0.802,0.796,31.000
0.956,0.995
.Decelerate
1.964,1.936,0.828,0.802,31.000
0.902,0.975
.Decelerate
2.219,1.601,0.798,0.799,32.000
0.902,0.955
.Decelerate
1.892,1.848,0.799,0.784,32.000
0.843,0.935
.Decelerate
2.158,1.502,0.814,0.796,33.000
0.843,0.915
.Decelerate
1.825,1.755,0.805,0.806,33.000
0.781,0.895
.Decelerate
2.241,1.259,0.801,0.800,34.000
0.781,0.875
.Decelerate
1.776,1.644,0.808,0.787,34.000
0.713,0.855
.Decelerate
2.327,1.013,0.797,0.785,35.000
0.713,0.835
.Decelerate
1.760,1.500,0.799,0.784,35.000
0.637,0.815
.Decelerate
2.265,0.915,0.806,0.799,36.000
0.637,0.795
.Decelerate
1.728,1.372,0.787,0.806,36.000
0.552,0.775
.Decelerate
2.223,0.797,0.796,0.794,37.000
0.552,0.755
.Decelerate
2.240,0.700,0.814,0.786,37.000
0.552,0.735
.Decelerate
1.818,1.042,0.792,0.803,37.000
0.451,0.715
.Decelerate
2.010,0.770,0.799,0.801,38.000
0.451,0.695
.Decelerate
2.464,0.236,0.805,0.810,38.000
0.319,0.675
.Decelerate
3.361,-0.741,0.803,0.787,39.000
0.319,0.655
.Decelerate
6.191,-3.651,0.800,0.781,39.000