


         _+=+_
      .-`  .  `-.          8888888b.  8888888b.   .d88888b.   .d8888b.
   _+`     "     `+_       888   Y88b 888   Y88b d88P" "Y88b d88P  Y88b
  \\\sssssssssssss///      888    888 888    888 888     888 Y88b.
     .ss\  *  /ss.         888   d88P 888   d88P 888     888  "Y888b.
 .+bm  .s  *  s.  md+.     8888888P"  8888888P"  888     888     "Y88b.
.hMMMMs .  *  . sMMMMh.    888        888 T88b   888     888       "888
 `\hMMMb \ | / dMMMh:      888        888  T88b  Y88b. .d88P Y88b  d88P
   -SNMNo  -  oNMNs-       888        888   T88b  "Y88888P"   "Y8888P"
     `+dMh\./dMd/
        `:yNy:`                      Powered by PROS for VEX V5
           "                Copyright (c) Purdue University ACM SIGBots
Version:        3.2.1     Platform:  V1.0.11 (b70)     Uptime:    0.000 s
Compiled:   Jul 11 2020 14:25:49     Directory:  /VEX-90819-2021/90819A


.velList #0: 0.000
.velList #1: 0.447
.velList #2: 0.632
.velList #3: 0.775
.velList #4: 0.894
.velList #5: 1.000
.velList #6: 1.095
.velList #7: 1.183
.velList #8: 1.265
.velList #9: 1.342
.velList #10: 1.414
.velList #11: 1.342
.velList #12: 1.265
.velList #13: 1.183
.velList #14: 1.095
.velList #15: 1.000
.velList #16: 0.894
.velList #17: 0.775
.velList #18: 0.632
.velList #19: 0.447
.velList #20: 0.000
0.447,0.000
.Accelerate
0.001,0.001,0.000,-0.000
0.447,0.001
.Accelerate
0.002,0.002,0.000,-0.000
0.447,0.002
.Accelerate
0.003,0.003,0.000,-0.000
0.447,0.003
.Accelerate
0.004,0.004,0.000,-0.000
0.447,0.004
.Accelerate
0.005,0.005,0.000,-0.000
0.447,0.005
.Accelerate
0.006,0.006,0.000,-0.000
0.447,0.006
.Accelerate
0.007,0.007,0.000,-0.000
0.447,0.007
.Accelerate
0.008,0.008,0.000,-0.000
0.447,0.008
.Accelerate
0.009,0.009,0.000,-0.000
0.447,0.009
.Accelerate
0.010,0.010,0.000,-0.000
0.447,0.010
.Accelerate
0.011,0.011,0.000,-0.000
0.447,0.011
.Accelerate
0.012,0.012,0.000,-0.000
0.447,0.012
.Accelerate
0.013,0.013,0.000,-0.000
0.447,0.013
.Accelerate
0.014,0.014,0.000,-0.000
0.447,0.014
.Accelerate
0.015,0.015,0.000,-0.000
0.447,0.015
.Accelerate
0.016,0.016,0.000,-0.000
0.447,0.016
.Accelerate
0.017,0.017,0.000,-0.000
0.447,0.017
.Accelerate
0.018,0.018,0.000,-0.000
0.447,0.018
.Accelerate
0.019,0.019,0.000,-0.000
0.447,0.019
.Accelerate
0.020,0.020,0.000,-0.000
0.447,0.020
.Accelerate
0.021,0.021,0.000,-0.000
0.447,0.021
.Accelerate
0.022,0.022,0.000,-0.000
0.447,0.022
.Accelerate
0.023,0.023,0.000,-0.000
0.447,0.023
.Accelerate
0.024,0.024,0.000,-0.000
0.447,0.024
.Accelerate
0.025,0.025,0.000,-0.000
0.447,0.025
.Accelerate
0.026,0.026,0.000,-0.000
0.447,0.026
.Accelerate
0.027,0.027,0.000,-0.000
0.447,0.027
.Accelerate
0.028,0.028,0.000,-0.000
0.447,0.028
.Accelerate
0.029,0.029,0.000,-0.000
0.447,0.029
.Accelerate
0.030,0.030,0.000,-0.000
0.447,0.030
.Accelerate
0.031,0.031,0.000,-0.000
0.447,0.031
.Accelerate
0.032,0.032,0.000,-0.000
0.447,0.032
.Accelerate
0.033,0.033,0.000,-0.000
0.447,0.033
.Accelerate
0.034,0.034,0.000,-0.000
0.447,0.034
.Accelerate
0.035,0.035,0.000,-0.000
0.447,0.035
.Accelerate
0.036,0.036,0.000,-0.000
0.447,0.036
.Accelerate
0.037,0.037,0.000,-0.000
0.447,0.037
.Accelerate
0.038,0.038,0.000,-0.000
0.447,0.038
.Accelerate
0.039,0.039,0.000,-0.000
0.447,0.039
.Accelerate
0.040,0.040,0.000,-0.000
0.447,0.040
.Accelerate
0.041,0.041,0.000,-0.000
0.447,0.041
.Accelerate
0.042,0.042,0.000,-0.000
0.447,0.042
.Accelerate
0.043,0.043,0.000,-0.000
0.447,0.043
.Accelerate
0.044,0.044,0.000,-0.000
0.447,0.044
.Accelerate
0.045,0.045,0.000,-0.000
0.447,0.045
.Accelerate
0.046,0.046,0.000,-0.000
0.447,0.046
.Accelerate
0.047,0.047,0.000,-0.000
0.447,0.047
.Accelerate
0.048,0.048,0.000,-0.000
0.447,0.048
.Accelerate
0.049,0.049,0.000,-0.000
0.447,0.049
.Accelerate
0.050,0.050,0.000,-0.000
0.447,0.050
.Accelerate
0.051,0.051,0.000,-0.000
0.447,0.051
.Accelerate
0.052,0.052,0.000,-0.000
0.447,0.052
.Accelerate
0.053,0.053,0.000,-0.000
0.447,0.053
.Accelerate
0.054,0.054,0.000,-0.000
0.447,0.054
.Accelerate
0.055,0.055,0.000,-0.000
0.447,0.055
.Accelerate
0.056,0.056,0.000,-0.000
0.447,0.056
.Accelerate
0.057,0.057,0.000,-0.000
0.447,0.057
.Accelerate
0.058,0.058,0.000,-0.000
0.447,0.058
.Accelerate
0.059,0.059,0.000,-0.000
0.447,0.059
.Accelerate
0.060,0.060,0.000,-0.000
0.447,0.060
.Accelerate
0.061,0.061,0.000,-0.000
0.447,0.061
.Accelerate
0.062,0.062,0.000,-0.000
0.447,0.062
.Accelerate
0.063,0.063,0.000,-0.000
0.447,0.063
.Accelerate
0.064,0.064,0.000,-0.000
0.447,0.064
.Accelerate
0.065,0.065,0.000,-0.000
0.447,0.065
.Accelerate
0.066,0.066,0.000,-0.000
0.447,0.066
.Accelerate
0.067,0.067,0.000,-0.000
0.447,0.067
.Accelerate
0.068,0.068,0.000,-0.000
0.447,0.068
.Accelerate
0.069,0.069,0.000,-0.000
0.447,0.069
.Accelerate
0.070,0.070,0.000,-0.000
0.447,0.070
.Accelerate
0.071,0.071,0.000,-0.000
0.447,0.071
.Accelerate
0.072,0.072,0.000,-0.000
0.447,0.072
.Accelerate
0.073,0.073,0.000,-0.000
0.447,0.073
.Accelerate
0.074,0.074,0.000,-0.000
0.447,0.074
.Accelerate
0.075,0.075,0.000,-0.000
0.447,0.075
.Accelerate
0.076,0.076,0.000,-0.000
0.447,0.076
.Accelerate
0.077,0.077,0.000,-0.000
0.447,0.077
.Accelerate
0.078,0.078,0.000,-0.000
0.447,0.078
.Accelerate
0.079,0.079,0.000,-0.000
0.447,0.079
.Accelerate
0.080,0.080,0.000,-0.000
0.447,0.080
.Accelerate
0.081,0.081,0.000,-0.000
0.447,0.081
.Accelerate
0.082,0.082,0.000,-0.000
0.447,0.082
.Accelerate
0.083,0.083,0.000,-0.000
0.447,0.083
.Accelerate
0.084,0.084,0.000,-0.000
0.447,0.084
.Accelerate
0.085,0.085,0.000,-0.000
0.447,0.085
.Accelerate
0.086,0.086,0.000,-0.000
0.447,0.086
.Accelerate
0.087,0.087,0.000,-0.000
0.447,0.087
.Accelerate
0.088,0.088,0.000,-0.000
0.447,0.088
.Accelerate
0.089,0.089,0.000,-0.000
0.447,0.089
.Accelerate
0.090,0.090,0.000,-0.000
0.447,0.090
.Accelerate
0.091,0.091,0.000,-0.000
0.447,0.091
.Accelerate
0.092,0.092,0.000,-0.000
0.447,0.092
.Accelerate
0.093,0.093,0.000,-0.000
0.447,0.093
.Accelerate
0.094,0.094,0.000,-0.000
0.447,0.094
.Accelerate
0.095,0.095,0.000,-0.000
0.447,0.095
.Accelerate
0.096,0.096,0.000,-0.000
0.447,0.096
.Accelerate
0.097,0.097,0.000,-0.000
0.447,0.097
.Accelerate
0.098,0.098,0.000,-0.000
0.447,0.098
.Accelerate
0.099,0.099,0.000,-0.000
0.447,0.099
.Accelerate
0.100,0.100,0.000,-0.000
0.447,0.100
.Accelerate
0.101,0.101,0.000,-0.000
0.447,0.101
.Accelerate
0.102,0.102,0.000,-0.000
0.447,0.102
.Accelerate
0.103,0.103,0.000,-0.000
0.447,0.103
.Accelerate
0.104,0.104,0.034,0.037
0.447,0.104
.Accelerate
0.105,0.105,0.034,0.037
0.447,0.105
.Accelerate
0.106,0.106,0.034,0.037
0.447,0.106
.Accelerate
0.107,0.107,0.034,0.070
0.447,0.107
.Accelerate
0.108,0.108,0.061,0.198
0.447,0.108
.Accelerate
0.109,0.109,0.061,0.192
0.447,0.109
.Accelerate
0.110,0.110,0.061,0.192
0.447,0.110
.Accelerate
0.111,0.111,0.061,0.192
0.447,0.111
.Accelerate
0.112,0.112,0.061,0.192
0.447,0.112
.Accelerate
0.113,0.113,0.061,0.232
0.447,0.113
.Accelerate
0.114,0.114,0.061,0.227
0.447,0.114
.Accelerate
0.115,0.115,0.061,0.227
0.447,0.115
.Accelerate
0.116,0.116,0.061,0.189
0.447,0.116
.Accelerate
0.117,0.117,0.256,0.189
0.447,0.117
.Accelerate
0.118,0.118,0.256,0.189
0.447,0.118
.Accelerate
0.119,0.119,0.256,0.191
0.447,0.119
.Accelerate
0.120,0.120,0.256,0.204
0.447,0.120
.Accelerate
0.121,0.121,0.256,0.204
0.447,0.121
.Accelerate
0.122,0.122,0.256,0.062
0.447,0.122
.Accelerate
0.123,0.123,0.000,0.062
0.447,0.123
.Accelerate
0.124,0.124,0.000,0.050
0.447,0.124
.Accelerate
0.125,0.125,0.000,0.050
0.447,0.125
.Accelerate
0.126,0.126,0.000,0.050
0.447,0.126
.Accelerate
0.127,0.127,0.000,0.043
0.447,0.127
.Accelerate
0.128,0.128,0.000,0.043
0.447,0.128
.Accelerate
0.129,0.129,0.000,0.043
0.447,0.129
.Accelerate
0.130,0.130,0.000,0.033
0.447,0.130
.Accelerate
0.131,0.131,0.000,0.033
0.447,0.131
.Accelerate
0.132,0.132,0.000,0.033
0.447,0.132
.Accelerate
0.133,0.133,0.000,0.030
0.447,0.133
.Accelerate
0.134,0.134,0.037,0.030
0.447,0.134
.Accelerate
0.135,0.135,0.037,0.030
0.447,0.135
.Accelerate
0.136,0.136,0.037,0.030
0.447,0.136
.Accelerate
0.137,0.137,0.089,0.036
0.447,0.137
.Accelerate
0.138,0.138,0.089,0.036
0.447,0.138
.Accelerate
0.139,0.139,0.090,0.040
0.447,0.139
.Accelerate
0.140,0.140,0.090,0.050
0.447,0.140
.Accelerate
0.141,0.141,0.090,0.050
0.447,0.141
.Accelerate
0.142,0.142,0.113,0.057
0.447,0.142
.Accelerate
0.143,0.143,0.112,0.059
0.447,0.143
.Accelerate
0.144,0.144,0.112,0.059
0.447,0.144
.Accelerate
0.145,0.145,0.112,0.061
0.447,0.145
.Accelerate
0.146,0.146,0.130,0.058
0.447,0.146
.Accelerate
0.147,0.147,0.093,0.058
0.447,0.147
.Accelerate
0.148,0.148,0.061,0.058
0.447,0.148
.Accelerate
0.149,0.149,0.058,0.057
0.447,0.149
.Accelerate
0.150,0.150,0.058,0.057
0.447,0.150
.Accelerate
0.151,0.151,0.153,0.057
0.447,0.151
.Accelerate
0.152,0.152,0.153,0.059
0.447,0.152
.Accelerate
0.153,0.153,0.131,0.059
0.447,0.153
.Accelerate
0.154,0.154,0.131,0.058
0.447,0.154
.Accelerate
0.155,0.155,0.131,0.058
0.447,0.155
.Accelerate
0.156,0.156,0.139,0.058
0.447,0.156
.Accelerate
0.157,0.157,0.139,0.052
0.447,0.157
.Accelerate
0.158,0.158,0.139,0.051
0.447,0.158
.Accelerate
0.159,0.159,0.112,0.051
0.447,0.159
.Accelerate
0.160,0.160,0.111,0.051
0.447,0.160
.Accelerate
0.161,0.161,0.114,0.046
0.447,0.161
.Accelerate
0.162,0.162,0.114,0.046
0.447,0.162
.Accelerate
0.163,0.163,0.111,0.044
0.447,0.163
.Accelerate
0.164,0.164,0.111,0.044
0.447,0.164
.Accelerate
0.165,0.165,0.095,0.043
0.447,0.165
.Accelerate
0.166,0.166,0.090,0.043
0.447,0.166
.Accelerate
0.167,0.167,0.084,0.043
0.447,0.167
.Accelerate
0.168,0.168,0.044,0.037
0.447,0.168
.Accelerate
0.169,0.169,0.044,0.037
0.447,0.169
.Accelerate
0.170,0.170,0.041,0.037
0.447,0.170
.Accelerate
0.171,0.171,0.043,0.037
0.447,0.171
.Accelerate
0.172,0.172,0.043,0.037
0.447,0.172
.Accelerate
0.173,0.173,0.047,0.040
0.447,0.173
.Accelerate
0.174,0.174,0.050,0.040
0.447,0.174
.Accelerate
0.175,0.175,0.050,0.040
0.447,0.175
.Accelerate
0.176,0.176,0.050,0.036
0.447,0.176
.Accelerate
0.177,0.177,0.050,0.036
0.447,0.177
.Accelerate
0.178,0.178,0.064,0.036
0.447,0.178
.Accelerate
0.179,0.179,0.064,0.037
0.447,0.179
.Accelerate
0.180,0.180,0.051,0.037
0.447,0.180
.Accelerate
0.181,0.181,0.051,0.037
0.447,0.181
.Accelerate
0.182,0.182,0.051,-0.000
0.447,0.182
.Accelerate
0.183,0.183,0.078,-0.000
0.447,0.183
.Accelerate
0.184,0.184,0.078,-0.000
0.447,0.184
.Accelerate
0.185,0.185,0.078,-0.000
0.447,0.185
.Accelerate
0.186,0.186,0.000,-0.000
0.447,0.186
.Accelerate
0.187,0.187,0.000,-0.000
0.447,0.187
.Accelerate
0.188,0.188,0.000,-0.000
0.447,0.188
.Accelerate
0.189,0.189,0.000,-0.000
0.447,0.189
.Accelerate
0.190,0.190,0.000,-0.000
0.447,0.190
.Accelerate
0.191,0.191,0.000,-0.000
0.447,0.191
.Accelerate
0.192,0.192,0.000,-0.000
0.447,0.192
.Accelerate
0.193,0.193,0.000,-0.000
0.447,0.193
.Accelerate
0.194,0.194,0.000,-0.000
0.447,0.194
.Accelerate
0.195,0.195,0.000,-0.000
0.447,0.195
.Accelerate
0.196,0.196,0.000,-0.000
0.447,0.196
.Accelerate
0.197,0.197,0.000,-0.000
0.447,0.197
.Accelerate
0.198,0.198,0.000,-0.000
0.447,0.198
.Accelerate
0.199,0.199,0.000,-0.000
0.447,0.199
.Accelerate
0.200,0.200,0.044,-0.000
0.447,0.200
.Accelerate
0.201,0.201,0.062,-0.000
0.447,0.201
.Accelerate
0.202,0.202,0.062,-0.000
0.447,0.202
.Accelerate
0.203,0.203,0.067,-0.000
0.447,0.203
.Accelerate
0.204,0.204,0.237,-0.000
0.447,0.204
.Accelerate
0.205,0.205,0.178,0.051
0.447,0.205
.Accelerate
0.206,0.206,0.158,0.051
0.447,0.206
.Accelerate
0.207,0.207,0.160,0.081
0.447,0.207
.Accelerate
0.208,0.208,0.160,0.081
0.447,0.208
.Accelerate
0.209,0.209,0.134,0.083
0.447,0.209
.Accelerate
0.210,0.210,0.128,0.090
0.447,0.210
.Accelerate
0.211,0.211,0.128,0.090
0.447,0.211
.Accelerate
0.212,0.212,0.123,0.091
0.447,0.212
.Accelerate
0.213,0.213,0.123,0.104
0.447,0.213
.Accelerate
0.214,0.214,0.119,0.104
0.447,0.214
.Accelerate
0.215,0.215,0.122,0.113
0.447,0.215
.Accelerate
0.216,0.216,0.113,0.117
0.447,0.216
.Accelerate
0.217,0.217,0.116,0.117
0.447,0.217
.Accelerate
0.218,0.218,0.118,0.063
0.447,0.218
.Accelerate
0.219,0.219,0.147,0.062
0.447,0.219
.Accelerate
0.220,0.220,0.147,0.064
0.447,0.220
.Accelerate
0.221,0.221,0.141,0.064
0.447,0.221
.Accelerate
0.222,0.222,0.064,0.064
0.447,0.222
.Accelerate
0.223,0.223,0.057,0.066
0.447,0.223
.Accelerate
0.224,0.224,0.057,0.064
0.447,0.224
.Accelerate
0.225,0.225,0.050,0.064
0.447,0.225
.Accelerate
0.226,0.226,0.050,0.060
0.447,0.226
.Accelerate
0.227,0.227,0.054,0.056
0.447,0.227
.Accelerate
0.228,0.228,0.054,0.056
0.447,0.228
.Accelerate
0.229,0.229,0.058,0.056
0.447,0.229
.Accelerate
0.230,0.230,0.058,0.056
0.447,0.230
.Accelerate
0.231,0.231,0.059,0.058
0.447,0.231
.Accelerate
0.232,0.232,0.059,0.058
0.447,0.232
.Accelerate
0.233,0.233,0.051,0.058
0.447,0.233
.Accelerate
0.234,0.234,0.051,0.050
0.447,0.234
.Accelerate
0.235,0.235,0.051,0.050
0.447,0.235
.Accelerate
0.236,0.236,0.057,0.043
0.447,0.236
.Accelerate
0.237,0.237,0.057,0.045
0.447,0.237
.Accelerate
0.238,0.238,0.070,0.045
0.447,0.238
.Accelerate
0.239,0.239,0.076,0.045
0.447,0.239
.Accelerate
0.240,0.240,0.084,0.044
0.447,0.240
.Accelerate
0.241,0.241,0.085,0.050
0.447,0.241
.Accelerate
0.242,0.242,0.080,0.055
0.447,0.242
.Accelerate
0.243,0.243,0.080,0.055
0.447,0.243
.Accelerate
0.244,0.244,0.061,0.055
0.447,0.244
.Accelerate
0.245,0.245,0.061,0.048
0.447,0.245
.Accelerate
0.246,0.246,0.061,0.048
0.447,0.246
.Accelerate
0.247,0.247,0.061,0.045
0.447,0.247
.Accelerate
0.248,0.248,0.061,0.044
0.447,0.248
.Accelerate
0.249,0.249,0.057,0.044
0.447,0.249
.Accelerate
0.250,0.250,0.057,0.044
0.447,0.250
.Accelerate
0.251,0.251,0.057,0.044
0.447,0.251
.Accelerate
0.252,0.252,0.070,0.047
0.447,0.252
.Accelerate
0.253,0.253,0.070,0.081
0.447,0.253
.Accelerate
0.254,0.254,0.070,0.081
0.447,0.254
.Accelerate
0.255,0.255,0.107,0.104
0.447,0.255
.Accelerate
0.256,0.256,0.107,0.104
0.447,0.256
.Accelerate
0.257,0.257,0.108,0.104
0.447,0.257
.Accelerate
0.258,0.258,0.276,0.122
0.447,0.258
.Accelerate
0.259,0.259,0.276,0.115
0.447,0.259
.Accelerate
0.260,0.260,0.276,0.111
0.447,0.260
.Accelerate
0.267,0.255,0.236,0.108
0.447,0.261
.Accelerate
0.268,0.256,0.236,0.108
0.447,0.262
.Accelerate
0.269,0.257,0.236,0.119
0.447,0.263
.Accelerate
0.270,0.258,0.236,0.119
0.447,0.264
.Accelerate
0.271,0.259,0.236,0.119
0.447,0.265
.Accelerate
0.272,0.260,0.236,0.119
0.447,0.266
.Accelerate
0.273,0.261,0.208,0.104
0.447,0.267
.Accelerate
0.274,0.262,0.281,0.104
0.447,0.268
.Accelerate
0.275,0.263,0.252,0.086
0.447,0.269
.Accelerate
0.276,0.264,0.252,0.079
0.447,0.270
.Accelerate
0.277,0.265,0.157,0.079
0.447,0.271
.Accelerate
0.278,0.266,0.157,0.070
0.447,0.272
.Accelerate
0.280,0.266,0.157,0.073
0.447,0.273
.Accelerate
0.281,0.267,0.124,0.075
0.447,0.274
.Accelerate
0.282,0.268,0.124,0.075
0.447,0.275
.Accelerate
0.289,0.263,0.124,0.033
0.447,0.276
.Accelerate
0.290,0.264,0.124,0.033
0.447,0.277
.Accelerate
0.291,0.265,0.124,0.033
0.447,0.278
.Accelerate
0.292,0.266,0.083,0.033
0.447,0.279
.Accelerate
0.293,0.267,0.083,0.033
0.447,0.280
.Accelerate
0.294,0.268,0.083,0.033
0.447,0.281
.Accelerate
0.295,0.269,0.071,0.033
0.447,0.282
.Accelerate
0.297,0.269,0.071,0.033
0.447,0.283
.Accelerate
0.298,0.270,0.071,0.035
0.447,0.284
.Accelerate
0.299,0.271,0.067,0.035
.velList #0: 0.000
.velList #1: 0.447
.velList #2: 0.632
.velList #3: 0.775
.velList #4: 0.894
.velList #5: 1.000
.velList #6: 1.095
.velList #7: 1.183
.velList #8: 1.265
.velList #9: 1.342
.velList #10: 1.414
.velList #11: 1.342
.velList #12: 1.265
.velList #13: 1.183
.velList #14: 1.095
.velList #15: 1.000
.velList #16: 0.894
.velList #17: 0.775
.velList #18: 0.632
.velList #19: 0.447
.velList #20: 0.000
0.447,0.447
0.447,0.447,0.000,-0.000
0.447,0.447
0.447,0.447,0.000,-0.000
0.447,0.447
0.447,0.447,0.462,0.047
0.447,0.447
0.447,0.447,0.218,0.120
0.447,0.447
0.447,0.447,0.211,0.153
0.447,0.447
0.447,0.447,0.211,0.166
0.447,0.447
0.447,0.447,0.127,0.184
0.447,0.447
0.447,0.447,0.131,0.211
0.447,0.447
0.447,0.447,0.116,0.211
0.447,0.447
0.447,0.447,0.112,0.213
0.447,0.447
0.447,0.447,0.111,0.207
0.447,0.447
0.469,0.426,0.111,0.219
0.447,0.447
0.469,0.426,0.138,0.213
0.447,0.447
0.447,0.447,0.138,0.192
0.447,0.447
0.458,0.436,0.134,0.191
0.447,0.447
0.469,0.426,0.137,0.157
0.447,0.447
0.458,0.436,0.159,0.145
0.447,0.447
0.458,0.436,0.160,0.144
0.447,0.447
0.447,0.447,0.177,0.150
0.447,0.447
0.447,0.447,0.168,0.177
0.447,0.447
0.458,0.436,0.166,0.172
0.447,0.447
0.458,0.436,0.166,0.171
0.447,0.447
0.447,0.447,0.166,0.171
0.447,0.447
0.458,0.436,0.158,0.171
0.447,0.447
0.458,0.436,0.158,0.186
0.447,0.447
0.458,0.436,0.149,0.186
0.447,0.447
0.458,0.436,0.151,0.186
0.447,0.447
0.469,0.425,0.155,0.194
0.447,0.447
0.469,0.425,0.153,0.199
0.447,0.447
0.480,0.415,0.159,0.201
0.447,0.447
0.469,0.425,0.153,0.181
0.447,0.447
0.469,0.425,0.158,0.170
0.447,0.447
0.459,0.436,0.167,0.163
0.447,0.447
0.469,0.425,0.172,0.169
0.447,0.447
0.469,0.425,0.177,0.178
0.447,0.447
0.469,0.425,0.172,0.171
0.447,0.447
0.480,0.414,0.172,0.168
0.447,0.447
0.470,0.425,0.180,0.164
0.447,0.447
0.470,0.425,0.178,0.172
0.447,0.447
0.470,0.425,0.173,0.177
0.447,0.447
0.481,0.414,0.175,0.178
0.447,0.447
0.470,0.424,0.185,0.188
0.447,0.447
0.481,0.414,0.185,0.194
0.447,0.447
0.491,0.403,0.201,0.197
0.447,0.447
0.470,0.424,0.200,0.186
0.447,0.447
0.481,0.413,0.207,0.187
0.447,0.447
0.481,0.413,0.210,0.188
0.447,0.447
0.492,0.403,0.210,0.206
0.447,0.447
0.492,0.402,0.219,0.215
0.447,0.447
0.492,0.402,0.218,0.223
0.447,0.447
0.492,0.402,0.217,0.226
0.447,0.447
0.492,0.402,0.213,0.230
0.447,0.447
0.493,0.402,0.211,0.234
0.447,0.447
0.493,0.402,0.220,0.240
0.447,0.447
0.493,0.402,0.224,0.239
0.447,0.447
0.504,0.390,0.229,0.233
0.447,0.447
0.504,0.390,0.232,0.224
0.447,0.447
0.504,0.390,0.232,0.220
0.447,0.447
0.504,0.390,0.229,0.220
0.447,0.447
0.494,0.401,0.243,0.215
0.447,0.447
0.516,0.379,0.255,0.203
0.447,0.447
0.494,0.400,0.248,0.199
0.447,0.447
0.505,0.389,0.241,0.202
0.447,0.447
0.505,0.389,0.240,0.203
0.447,0.447
0.505,0.389,0.239,0.200
0.447,0.447
0.495,0.400,0.237,0.192
0.447,0.447
0.506,0.389,0.234,0.184
0.447,0.447
0.517,0.378,0.234,0.180
0.447,0.447
0.495,0.399,0.222,0.177
0.447,0.447
0.506,0.388,0.227,0.159
0.447,0.447
0.506,0.388,0.223,0.157
0.447,0.447
0.506,0.388,0.218,0.153
0.447,0.447
0.496,0.399,0.222,0.152
0.447,0.447
0.496,0.399,0.224,0.159
0.447,0.447
0.507,0.388,0.225,0.156
0.447,0.447
0.507,0.388,0.225,0.144
0.447,0.447
0.496,0.398,0.218,0.145
0.447,0.447
0.507,0.387,0.205,0.144
0.447,0.447
0.448,0.447,0.204,0.150
0.447,0.447
0.448,0.447,0.205,0.150
0.447,0.447
0.448,0.447,0.200,0.156
0.447,0.447
0.448,0.447,0.202,0.173
0.447,0.447
0.448,0.447,0.191,0.187
0.447,0.447
0.448,0.447,0.183,0.216
0.447,0.447
0.448,0.447,0.179,0.211
0.447,0.447
0.448,0.447,0.180,0.201
0.447,0.447
0.448,0.447,0.181,0.222
0.447,0.447
0.448,0.447,0.191,0.244
0.447,0.447
0.448,0.447,0.200,0.252
0.447,0.447
0.448,0.447,0.200,0.247
0.447,0.447
0.448,0.447,0.199,0.253
0.447,0.447
0.448,0.446,0.204,0.258
0.447,0.447
0.448,0.446,0.211,0.265
0.447,0.447
0.448,0.446,0.216,0.266
0.447,0.447
0.448,0.446,0.211,0.263
0.447,0.447
0.448,0.446,0.223,0.263
0.447,0.447
0.448,0.446,0.221,0.271
0.447,0.447
0.448,0.446,0.232,0.288
0.447,0.447
0.448,0.446,0.224,0.289
0.447,0.447
0.448,0.446,0.229,0.294
0.447,0.447
0.448,0.446,0.225,0.297
0.447,0.447
0.448,0.446,0.227,0.297
0.447,0.447
0.448,0.446,0.221,0.296
0.447,0.447
0.448,0.446,0.225,0.284
0.447,0.447
0.448,0.446,0.218,0.271
0.632,0.447
.Accelerate
0.526,0.370,0.205,0.277
0.632,0.448
.Accelerate
0.528,0.371,0.204,0.279
0.632,0.449
.Accelerate
0.529,0.371,0.210,0.267
0.632,0.450
.Accelerate
0.531,0.372,0.221,0.252
0.632,0.451
.Accelerate
0.554,0.351,0.221,0.236
0.632,0.452
.Accelerate
0.545,0.361,0.225,0.231
0.632,0.453
.Accelerate
0.546,0.362,0.229,0.221
0.632,0.454
.Accelerate
0.548,0.363,0.230,0.221
0.632,0.455
.Accelerate
0.538,0.374,0.229,0.198
0.632,0.456
.Accelerate
0.562,0.353,0.237,0.198
0.632,0.457
.Accelerate
0.542,0.375,0.238,0.190
0.632,0.458
.Accelerate
0.554,0.364,0.242,0.191
0.632,0.459
.Accelerate
0.556,0.365,0.237,0.207
0.632,0.460
.Accelerate
0.546,0.376,0.247,0.214
0.632,0.461
.Accelerate
0.570,0.355,0.236,0.220
0.632,0.462
.Accelerate
0.572,0.355,0.232,0.225
0.632,0.463
.Accelerate
0.573,0.355,0.242,0.230
0.632,0.464
.Accelerate
0.564,0.367,0.270,0.229
0.632,0.465
.Accelerate
0.565,0.367,0.278,0.222
0.632,0.466
.Accelerate
0.578,0.356,0.284,0.226
0.632,0.467
.Accelerate
0.568,0.368,0.274,0.230
0.632,0.468
.Accelerate
0.570,0.368,0.268,0.223
0.632,0.469
.Accelerate
0.572,0.369,0.272,0.213
0.632,0.470
.Accelerate
0.573,0.369,0.282,0.211
0.632,0.471
.Accelerate
0.563,0.381,0.278,0.213
0.632,0.472
.Accelerate
0.588,0.359,0.266,0.218
0.632,0.473
.Accelerate
0.567,0.382,0.267,0.215
0.632,0.474
.Accelerate
0.579,0.371,0.263,0.208
0.632,0.475
.Accelerate
0.478,0.475,0.272,0.204
0.632,0.476
.Accelerate
0.478,0.476,0.265,0.204
0.632,0.477
.Accelerate
0.479,0.477,0.255,0.206
0.632,0.478
.Accelerate
0.480,0.478,0.236,0.231
0.632,0.479
.Accelerate
0.481,0.479,0.231,0.255
0.632,0.480
.Accelerate
0.482,0.480,0.231,0.243
0.632,0.481
.Accelerate
0.483,0.481,0.227,0.240
0.632,0.482
.Accelerate
0.484,0.482,0.225,0.251
0.632,0.483
.Accelerate
0.485,0.483,0.213,0.272
0.632,0.484
.Accelerate
0.487,0.484,0.210,0.288
0.632,0.485
.Accelerate
0.488,0.485,0.221,0.293
0.632,0.486
.Accelerate
0.488,0.486,0.238,0.296
0.632,0.487
.Accelerate
0.490,0.487,0.238,0.298
0.632,0.488
.Accelerate
0.490,0.488,0.226,0.299
0.632,0.489
.Accelerate
0.492,0.489,0.228,0.286
0.632,0.490
.Accelerate
0.493,0.490,0.245,0.291
0.632,0.491
.Accelerate
0.494,0.491,0.262,0.306
0.632,0.492
.Accelerate
0.495,0.492,0.270,0.311
0.632,0.493
.Accelerate
0.496,0.493,0.267,0.318
0.632,0.494
.Accelerate
0.497,0.494,0.263,0.320
0.632,0.495
.Accelerate
0.498,0.495,0.275,0.323
0.632,0.496
.Accelerate
0.499,0.496,0.297,0.325
0.632,0.497
.Accelerate
0.500,0.496,0.291,0.319
0.775,0.498
.Accelerate
0.619,0.379,0.285,0.320
0.775,0.499
.Accelerate
0.621,0.379,0.299,0.334
0.775,0.500
.Accelerate
0.611,0.391,0.332,0.325
0.775,0.501
.Accelerate
0.625,0.380,0.392,0.295
0.775,0.502
.Accelerate
0.615,0.392,0.402,0.280
0.775,0.503
.Accelerate
0.628,0.380,0.402,0.283
0.775,0.504
.Accelerate
0.618,0.393,0.392,0.294
0.775,0.505
.Accelerate
0.620,0.392,0.404,0.292
0.775,0.506
.Accelerate
0.609,0.405,0.433,0.285
0.775,0.507
.Accelerate
0.623,0.393,0.453,0.287
0.775,0.508
.Accelerate
0.613,0.405,0.449,0.303
0.775,0.509
.Accelerate
0.603,0.418,0.456,0.314
0.775,0.510
.Accelerate
0.604,0.418,0.448,0.326
0.775,0.511
.Accelerate
0.606,0.419,0.446,0.339
0.775,0.512
.Accelerate
0.620,0.407,0.449,0.351
0.775,0.513
.Accelerate
0.634,0.394,0.444,0.349
0.775,0.514
.Accelerate
0.636,0.394,0.428,0.345
0.775,0.515
.Accelerate
0.518,0.514,0.415,0.351
0.775,0.516
.Accelerate
0.519,0.515,0.405,0.354
0.775,0.517
.Accelerate
0.520,0.516,0.376,0.377
0.775,0.518
.Accelerate
0.521,0.517,0.345,0.419
0.775,0.519
.Accelerate
0.522,0.518,0.339,0.449
0.775,0.520
.Accelerate
0.523,0.519,0.332,0.431
0.775,0.521
.Accelerate
0.524,0.520,0.332,0.412
0.775,0.522
.Accelerate
0.525,0.521,0.331,0.399
0.775,0.523
.Accelerate
0.526,0.522,0.320,0.394
0.775,0.524
.Accelerate
0.527,0.523,0.294,0.392
0.775,0.525
.Accelerate
0.528,0.524,0.291,0.370
0.775,0.526
.Accelerate
0.529,0.525,0.304,0.360
0.775,0.527
.Accelerate
0.530,0.526,0.315,0.331
0.775,0.528
.Accelerate
0.531,0.527,0.300,0.321
0.775,0.529
.Accelerate
0.532,0.528,0.291,0.318
0.775,0.530
.Accelerate
0.534,0.529,0.285,0.319
0.775,0.531
.Accelerate
0.535,0.530,0.295,0.321
0.775,0.532
.Accelerate
0.536,0.531,0.283,0.322
0.775,0.533
.Accelerate
0.536,0.532,0.282,0.325
0.894,0.534
.Accelerate
0.711,0.359,0.292,0.327
0.894,0.535
.Accelerate
0.701,0.372,0.308,0.331
0.894,0.536
.Accelerate
0.691,0.384,0.353,0.324
0.894,0.537
.Accelerate
0.680,0.396,0.411,0.292
0.894,0.538
.Accelerate
0.682,0.396,0.426,0.265
0.894,0.539
.Accelerate
0.684,0.396,0.418,0.278
0.894,0.540
.Accelerate
0.673,0.409,0.398,0.302
0.894,0.541
.Accelerate
0.675,0.409,0.415,0.301
0.894,0.542
.Accelerate
0.690,0.396,0.442,0.295
0.894,0.543
.Accelerate
0.691,0.397,0.442,0.269
0.894,0.544
.Accelerate
0.668,0.423,0.451,0.263
0.894,0.545
.Accelerate
0.656,0.436,0.460,0.272
0.894,0.546
.Accelerate
0.658,0.436,0.473,0.292
0.894,0.547
.Accelerate
0.671,0.425,0.473,0.313
0.894,0.548
.Accelerate
0.673,0.425,0.476,0.339
0.894,0.549
.Accelerate
0.688,0.412,0.488,0.343
0.894,0.550
.Accelerate
0.677,0.426,0.501,0.332
0.894,0.551
.Accelerate
0.678,0.426,0.492,0.329
0.894,0.552
.Accelerate
0.555,0.551,0.476,0.325
0.894,0.553
.Accelerate
0.556,0.552,0.468,0.339
0.894,0.554
.Accelerate
0.557,0.553,0.425,0.382
0.894,0.555
.Accelerate
0.558,0.554,0.377,0.442
0.894,0.556
.Accelerate
0.559,0.555,0.366,0.463
0.894,0.557
.Accelerate
0.560,0.556,0.366,0.454
0.894,0.558
.Accelerate
0.562,0.557,0.365,0.434
0.894,0.559
.Accelerate
0.563,0.558,0.360,0.430
0.894,0.560
.Accelerate
0.564,0.559,0.354,0.436
0.894,0.561
.Accelerate
0.565,0.560,0.332,0.446
0.894,0.562
.Accelerate
0.565,0.561,0.320,0.453
0.894,0.563
.Accelerate
0.566,0.562,0.330,0.453
0.894,0.564
.Accelerate
0.568,0.563,0.330,0.453
0.894,0.565
.Accelerate
0.569,0.564,0.334,0.453
0.894,0.566
.Accelerate
0.570,0.565,0.336,0.448
1.000,0.567
.Accelerate
0.737,0.399,0.347,0.446
1.000,0.568
.Accelerate
0.725,0.413,0.347,0.438
1.000,0.569
.Accelerate
0.741,0.399,0.368,0.392
1.000,0.570
.Accelerate
0.744,0.399,0.432,0.339
1.000,0.571
.Accelerate
0.732,0.413,0.439,0.311
1.000,0.572
.Accelerate
0.747,0.399,0.443,0.319
1.000,0.573
.Accelerate
0.736,0.412,0.464,0.332
1.000,0.574
.Accelerate
0.738,0.413,0.467,0.333
1.000,0.575
.Accelerate
0.740,0.413,0.479,0.324
1.000,0.576
.Accelerate
0.728,0.426,0.496,0.311
1.000,0.577
.Accelerate
0.730,0.426,0.512,0.298
1.000,0.578
.Accelerate
0.704,0.454,0.517,0.296
1.000,0.579
.Accelerate
0.720,0.440,0.515,0.305
1.000,0.580
.Accelerate
0.722,0.441,0.509,0.328
1.000,0.581
.Accelerate
0.710,0.455,0.503,0.359
1.000,0.582
.Accelerate
0.712,0.455,0.507,0.370
1.000,0.583
.Accelerate
0.586,0.582,0.506,0.367
1.000,0.584
.Accelerate
0.587,0.583,0.502,0.359
1.000,0.585
.Accelerate
0.588,0.584,0.460,0.372
1.000,0.586
.Accelerate
0.589,0.585,0.413,0.432
1.000,0.587
.Accelerate
0.590,0.586,0.399,0.453
1.000,0.588
.Accelerate
0.591,0.587,0.394,0.460
1.000,0.589
.Accelerate
0.592,0.588,0.386,0.451
1.000,0.590
.Accelerate
0.594,0.589,0.366,0.436
1.000,0.591
.Accelerate
0.594,0.590,0.372,0.443
1.000,0.592
.Accelerate
0.596,0.590,0.383,0.469
1.000,0.593
.Accelerate
0.597,0.592,0.386,0.490
1.000,0.594
.Accelerate
0.598,0.592,0.388,0.502
1.000,0.595
.Accelerate
0.599,0.593,0.387,0.501
1.000,0.596
.Accelerate
0.600,0.594,0.387,0.508
1.000,0.597
.Accelerate
0.602,0.595,0.392,0.531
1.000,0.598
.Accelerate
0.603,0.596,0.388,0.562
1.095,0.599
.Accelerate
0.786,0.415,0.379,0.563
1.095,0.600
.Accelerate
0.788,0.415,0.383,0.553
1.095,0.601
.Accelerate
0.777,0.427,0.405,0.500
1.095,0.602
.Accelerate
0.780,0.426,0.480,0.441
1.095,0.603
.Accelerate
0.782,0.426,0.498,0.426
1.095,0.604
.Accelerate
0.799,0.412,0.500,0.413
1.095,0.605
.Accelerate
0.787,0.426,0.495,0.396
1.095,0.606
.Accelerate
0.774,0.440,0.507,0.376
1.095,0.607
.Accelerate
0.776,0.440,0.517,0.353
1.095,0.608
.Accelerate
0.779,0.440,0.535,0.342
1.095,0.609
.Accelerate
0.766,0.455,0.543,0.335
1.095,0.610
.Accelerate
0.768,0.454,0.550,0.345
1.095,0.611
.Accelerate
0.756,0.469,0.562,0.348
1.095,0.612
.Accelerate
0.757,0.469,0.564,0.345
1.095,0.613
.Accelerate
0.617,0.611,0.555,0.347
1.095,0.614
.Accelerate
0.618,0.612,0.533,0.370
1.095,0.615
.Accelerate
0.619,0.613,0.498,0.401
1.095,0.616
.Accelerate
0.620,0.614,0.463,0.471
1.095,0.617
.Accelerate
0.621,0.615,0.453,0.500
1.095,0.618
.Accelerate
0.622,0.616,0.474,0.496
1.095,0.619
.Accelerate
0.623,0.617,0.483,0.486
1.095,0.620
.Accelerate
0.624,0.618,0.478,0.489
1.095,0.621
.Accelerate
0.625,0.619,0.474,0.512
1.095,0.622
.Accelerate
0.626,0.621,0.459,0.532
1.095,0.623
.Accelerate
0.627,0.622,0.458,0.544
1.095,0.624
.Accelerate
0.628,0.622,0.467,0.554
1.095,0.625
.Accelerate
0.629,0.623,0.475,0.548
1.183,0.626
.Accelerate
0.784,0.470,0.488,0.561
1.183,0.627
.Accelerate
0.787,0.470,0.486,0.566
1.183,0.628
.Accelerate
0.804,0.455,0.515,0.520
1.183,0.629
.Accelerate
0.806,0.454,0.565,0.487
1.183,0.630
.Accelerate
0.809,0.454,0.551,0.473
1.183,0.631
.Accelerate
0.826,0.439,0.550,0.471
1.183,0.632
.Accelerate
0.828,0.438,0.549,0.475
1.183,0.633
.Accelerate
0.816,0.453,0.566,0.464
1.183,0.634
.Accelerate
0.817,0.453,0.576,0.445
1.183,0.635
.Accelerate
0.820,0.453,0.572,0.414
1.183,0.636
.Accelerate
0.822,0.453,0.549,0.392
1.183,0.637
.Accelerate
0.824,0.453,0.518,0.373
1.183,0.638
.Accelerate
0.810,0.468,0.504,0.345
1.183,0.639
.Accelerate
0.812,0.468,0.499,0.322
1.183,0.640
.Accelerate
0.645,0.637,0.508,0.311
1.183,0.641
.Accelerate
0.646,0.638,0.520,0.326
1.183,0.642
.Accelerate
0.647,0.639,0.481,0.377
1.183,0.643
.Accelerate
0.648,0.641,0.444,0.429
1.183,0.644
.Accelerate
0.649,0.642,0.432,0.447
1.183,0.645
.Accelerate
0.650,0.642,0.439,0.447
1.183,0.646
.Accelerate
0.651,0.644,0.453,0.439
1.183,0.647
.Accelerate
0.652,0.645,0.450,0.450
1.183,0.648
.Accelerate
0.653,0.645,0.436,0.456
1.183,0.649
.Accelerate
0.654,0.646,0.431,0.479
1.183,0.650
.Accelerate
0.655,0.647,0.432,0.496
1.183,0.651
.Accelerate
0.656,0.648,0.428,0.500
1.183,0.652
.Accelerate
0.657,0.649,0.444,0.500
1.183,0.653
.Accelerate
0.659,0.650,0.440,0.505
1.265,0.654
.Accelerate
0.825,0.485,0.436,0.519
1.265,0.655
.Accelerate
0.843,0.469,0.447,0.547
1.265,0.656
.Accelerate
0.829,0.485,0.526,0.526
1.265,0.657
.Accelerate
0.815,0.501,0.594,0.478
1.265,0.658
.Accelerate
0.833,0.485,0.582,0.468
1.265,0.659
.Accelerate
0.835,0.485,0.567,0.473
1.265,0.660
.Accelerate
0.837,0.485,0.574,0.487
1.265,0.661
.Accelerate
0.840,0.485,0.607,0.486
1.265,0.662
.Accelerate
0.842,0.485,0.620,0.480
1.265,0.663
.Accelerate
0.844,0.485,0.625,0.473
1.265,0.664
.Accelerate
0.862,0.469,0.617,0.471
1.265,0.665
.Accelerate
0.671,0.661,0.622,0.483
1.265,0.666
.Accelerate
0.673,0.662,0.634,0.486
1.265,0.667
.Accelerate
0.674,0.663,0.565,0.534
1.265,0.668
.Accelerate
0.674,0.664,0.509,0.592
1.265,0.669
.Accelerate
0.676,0.665,0.509,0.598
1.265,0.670
.Accelerate
0.677,0.666,0.532,0.609
1.265,0.671
.Accelerate
0.678,0.667,0.546,0.594
1.265,0.672
.Accelerate
0.679,0.668,0.539,0.574
1.265,0.673
.Accelerate
0.680,0.669,0.519,0.573
1.265,0.674
.Accelerate
0.681,0.669,0.505,0.580
1.265,0.675
.Accelerate
0.682,0.670,0.484,0.574
1.265,0.676
.Accelerate
0.684,0.671,0.473,0.550
1.265,0.677
.Accelerate
0.684,0.672,0.472,0.534
1.342,0.678
.Accelerate
0.861,0.497,0.472,0.532
1.342,0.679
.Accelerate
0.880,0.481,0.484,0.531
1.342,0.680
.Accelerate
0.882,0.480,0.553,0.480
1.342,0.681
.Accelerate
0.868,0.496,0.607,0.432
1.342,0.682
.Accelerate
0.854,0.513,0.597,0.404
1.342,0.683
.Accelerate
0.872,0.496,0.583,0.405
1.342,0.684
.Accelerate
0.874,0.497,0.572,0.401
1.342,0.685
.Accelerate
0.843,0.529,0.591,0.406
1.342,0.686
.Accelerate
0.861,0.513,0.641,0.399
1.342,0.687
.Accelerate
0.847,0.529,0.647,0.404
1.342,0.688
.Accelerate
0.849,0.530,0.665,0.417
1.342,0.689
.Accelerate
0.834,0.546,0.656,0.433
1.342,0.690
.Accelerate
0.836,0.547,0.634,0.447
1.342,0.691
.Accelerate
0.697,0.687,0.634,0.482
1.342,0.692
.Accelerate
0.698,0.688,0.647,0.501
1.342,0.693
.Accelerate
0.699,0.689,0.627,0.540
1.342,0.694
.Accelerate
0.701,0.689,0.592,0.576
1.342,0.695
.Accelerate
0.702,0.690,0.588,0.596
1.342,0.696
.Accelerate
0.704,0.691,0.594,0.621
1.342,0.697
.Accelerate
0.705,0.691,0.594,0.627
1.342,0.698
.Accelerate
0.706,0.693,0.600,0.643
1.342,0.699
.Accelerate
0.707,0.693,0.574,0.659
1.342,0.700
.Accelerate
0.709,0.694,0.571,0.685
1.414,0.701
.Accelerate
0.906,0.499,0.570,0.662
1.414,0.702
.Accelerate
0.924,0.482,0.582,0.641
1.414,0.703
.Accelerate
0.910,0.499,0.667,0.561
1.414,0.704
.Accelerate
0.929,0.482,0.744,0.500
1.414,0.705
.Accelerate
0.914,0.498,0.746,0.490
1.414,0.706
.Accelerate
0.916,0.498,0.756,0.497
1.414,0.707
.Accelerate
0.918,0.498,0.754,0.503
1.414,0.708
.Accelerate
0.920,0.498,0.756,0.494
1.414,0.709
.Accelerate
0.905,0.515,0.773,0.492
1.414,0.710
.Accelerate
0.873,0.549,0.798,0.485
1.414,0.711
.Accelerate
0.719,0.706,0.824,0.476
1.414,0.712
.Accelerate
0.719,0.707,0.800,0.476
1.414,0.713
.Accelerate
0.720,0.708,0.735,0.532
1.414,0.714
.Accelerate
0.721,0.709,0.719,0.627
1.414,0.715
.Accelerate
0.722,0.710,0.734,0.654
1.414,0.716
.Accelerate
0.723,0.711,0.728,0.649
1.414,0.717
.Accelerate
0.724,0.713,0.707,0.629
1.414,0.718
.Accelerate
0.726,0.713,0.665,0.641
1.414,0.719
.Accelerate
0.727,0.713,0.635,0.634
1.414,0.720
.Accelerate
0.728,0.715,0.587,0.634
1.342,0.721
.Accelerate
0.888,0.556,0.560,0.634
1.342,0.722
.Accelerate
0.890,0.556,0.568,0.635
1.342,0.723
.Accelerate
0.892,0.557,0.639,0.574
1.342,0.724
.Accelerate
0.893,0.557,0.681,0.532
1.342,0.725
.Accelerate
0.895,0.558,0.690,0.527
1.342,0.726
.Accelerate
0.896,0.558,0.705,0.539
1.342,0.727
.Accelerate
0.898,0.559,0.701,0.544
1.342,0.728
.Accelerate
0.882,0.577,0.701,0.531
1.342,0.729
.Accelerate
0.901,0.560,0.708,0.506
1.342,0.730
.Accelerate
0.867,0.595,0.706,0.491
1.342,0.731
.Accelerate
0.850,0.614,0.741,0.500
1.342,0.732
.Accelerate
0.739,0.727,0.749,0.521
1.342,0.733
.Accelerate
0.739,0.729,0.744,0.540
1.342,0.734
.Accelerate
0.741,0.729,0.705,0.579
1.342,0.735
.Accelerate
0.740,0.732,0.686,0.627
1.342,0.736
.Accelerate
0.742,0.732,0.693,0.656
1.342,0.737
.Accelerate
0.744,0.732,0.703,0.662
1.342,0.738
.Accelerate
0.744,0.734,0.705,0.679
1.342,0.739
.Accelerate
0.746,0.734,0.685,0.703
1.342,0.740
.Accelerate
0.747,0.735,0.667,0.737
1.342,0.741
.Accelerate
0.749,0.735,0.649,0.736
1.265,0.742
.Accelerate
0.874,0.612,0.652,0.732
1.265,0.743
.Accelerate
0.875,0.613,0.659,0.737
1.265,0.744
.Accelerate
0.912,0.579,0.723,0.701
1.265,0.745
.Accelerate
0.949,0.543,0.762,0.667
1.265,0.746
.Accelerate
0.951,0.543,0.794,0.654
1.265,0.747
.Accelerate
0.953,0.544,0.825,0.647
1.265,0.748
.Accelerate
0.954,0.544,0.851,0.640
1.265,0.749
.Accelerate
0.974,0.526,0.860,0.634
1.265,0.750
.Accelerate
0.764,0.738,0.871,0.625
1.265,0.751
.Accelerate
0.765,0.739,0.850,0.632
1.265,0.752
.Accelerate
0.764,0.742,0.779,0.701
1.265,0.753
.Accelerate
0.765,0.743,0.732,0.736
1.265,0.754
.Accelerate
0.767,0.744,0.698,0.714
1.265,0.755
.Accelerate
0.768,0.745,0.673,0.690
1.265,0.756
.Accelerate
0.769,0.746,0.653,0.629
1.265,0.757
.Accelerate
0.770,0.746,0.652,0.589
1.265,0.758
.Accelerate
0.771,0.747,0.657,0.629
1.265,0.759
.Accelerate
0.774,0.747,0.674,0.673
1.183,0.760
.Accelerate
0.972,0.551,0.689,0.708
1.183,0.761
.Accelerate
0.955,0.570,0.717,0.712
1.183,0.762
.Accelerate
0.975,0.552,0.793,0.658
1.183,0.763
.Accelerate
0.958,0.571,0.811,0.631
1.183,0.764
.Accelerate
0.959,0.571,0.821,0.600
1.183,0.765
.Accelerate
0.961,0.572,0.828,0.598
1.183,0.766
.Accelerate
0.962,0.572,0.834,0.607
1.183,0.767
.Accelerate
0.964,0.573,0.831,0.612
1.183,0.768
.Accelerate
0.984,0.555,0.837,0.602
1.183,0.769
.Accelerate
0.786,0.754,0.830,0.587
1.183,0.770
.Accelerate
0.788,0.755,0.829,0.571
1.183,0.771
.Accelerate
0.787,0.757,0.755,0.647
1.183,0.772
.Accelerate
0.789,0.758,0.723,0.706
1.183,0.773
.Accelerate
0.790,0.759,0.703,0.721
1.183,0.774
.Accelerate
0.791,0.759,0.714,0.703
1.183,0.775
.Accelerate
0.794,0.759,0.704,0.692
1.183,0.776
.Accelerate
0.795,0.759,0.690,0.695
1.183,0.777
.Accelerate
0.798,0.758,0.685,0.703
1.095,0.778
.Accelerate
0.959,0.599,0.690,0.709
1.095,0.779
.Accelerate
0.960,0.600,0.692,0.721
1.095,0.780
.Accelerate
0.962,0.601,0.762,0.664
1.095,0.781
.Accelerate
0.963,0.602,0.802,0.634
1.095,0.782
.Accelerate
0.964,0.602,0.806,0.655
1.095,0.783
.Accelerate
0.946,0.622,0.788,0.661
1.095,0.784
.Accelerate
0.966,0.604,0.804,0.660
1.095,0.785
.Accelerate
0.949,0.624,0.821,0.650
1.095,0.786
.Accelerate
0.950,0.625,0.828,0.649
1.095,0.787
.Accelerate
0.932,0.645,0.815,0.634
1.095,0.788
.Accelerate
0.807,0.771,0.785,0.590
1.095,0.789
.Accelerate
0.809,0.772,0.780,0.583
1.095,0.790
.Accelerate
0.808,0.775,0.718,0.614
1.095,0.791
.Accelerate
0.813,0.771,0.703,0.695
1.095,0.792
.Accelerate
0.802,0.785,0.688,0.710
1.095,0.793
.Accelerate
0.808,0.781,0.686,0.705
1.095,0.794
.Accelerate
0.809,0.781,0.686,0.727
1.095,0.795
.Accelerate
0.810,0.782,0.693,0.751
1.095,0.796
.Accelerate
0.812,0.783,0.672,0.749
1.000,0.797
.Accelerate
0.908,0.688,0.661,0.759
1.000,0.798
.Accelerate
0.929,0.670,0.661,0.746
1.000,0.799
.Accelerate
0.930,0.670,0.714,0.703
1.000,0.800
.Accelerate
0.932,0.671,0.769,0.686
1.000,0.801
.Accelerate
0.913,0.691,0.794,0.706
1.000,0.802
.Accelerate
0.915,0.692,0.811,0.701
1.000,0.803
.Accelerate
0.916,0.693,0.803,0.702
1.000,0.804
.Accelerate
0.897,0.713,0.821,0.705
1.000,0.805
.Accelerate
0.918,0.695,0.855,0.721
1.000,0.806
.Accelerate
0.822,0.792,0.856,0.698
1.000,0.807
.Accelerate
0.824,0.793,0.837,0.696
1.000,0.808
.Accelerate
0.822,0.797,0.773,0.730
1.000,0.809
.Accelerate
0.823,0.798,0.749,0.756
1.000,0.810
.Accelerate
0.831,0.791,0.736,0.767
1.000,0.811
.Accelerate
0.829,0.795,0.754,0.796
1.000,0.812
.Accelerate
0.831,0.796,0.758,0.804
1.000,0.813
.Accelerate
0.836,0.793,0.735,0.807
0.894,0.814
.Accelerate
0.926,0.704,0.720,0.797
0.894,0.815
.Accelerate
0.947,0.685,0.709,0.818
0.894,0.816
.Accelerate
0.968,0.666,0.761,0.785
0.894,0.817
.Accelerate
0.970,0.666,0.782,0.745
0.894,0.818
.Accelerate
0.952,0.687,0.782,0.715
0.894,0.819
.Accelerate
0.933,0.707,0.761,0.685
0.894,0.820
.Accelerate
0.934,0.708,0.761,0.641
0.894,0.821
.Accelerate
0.956,0.689,0.777,0.634
0.894,0.822
.Accelerate
0.917,0.729,0.795,0.645
0.894,0.823
.Accelerate
0.848,0.800,0.815,0.623
0.894,0.824
.Accelerate
0.855,0.795,0.811,0.627
0.894,0.825
.Accelerate
0.852,0.801,0.786,0.690
0.894,0.826
.Accelerate
0.848,0.807,0.780,0.749
0.894,0.827
.Accelerate
0.849,0.807,0.802,0.745
0.894,0.828
.Accelerate
0.857,0.802,0.805,0.752
0.894,0.829
.Accelerate
0.859,0.802,0.796,0.769
0.894,0.830
.Accelerate
0.854,0.808,0.789,0.780
0.775,0.831
.Decelerate
0.922,0.738,0.768,0.793
0.775,0.830
.Decelerate
0.921,0.738,0.741,0.795
0.775,0.829
.Decelerate
0.940,0.717,0.755,0.791
0.775,0.828
.Decelerate
0.959,0.696,0.804,0.782
0.775,0.827
.Decelerate
0.958,0.695,0.835,0.787
0.775,0.826
.Decelerate
0.957,0.694,0.863,0.800
0.775,0.825
.Decelerate
0.956,0.693,0.879,0.791
0.775,0.824
.Decelerate
0.935,0.711,0.864,0.792
0.775,0.823
.Decelerate
0.872,0.773,0.857,0.794
0.775,0.822
.Decelerate
0.873,0.769,0.847,0.784
0.775,0.821
.Decelerate
0.865,0.776,0.802,0.757
0.775,0.820
.Decelerate
0.876,0.763,0.795,0.751
0.775,0.819
.Decelerate
0.856,0.780,0.810,0.755
0.775,0.818
.Decelerate
0.868,0.767,0.837,0.729
0.775,0.817
.Decelerate
0.869,0.763,0.842,0.761
0.775,0.816
.Decelerate
0.870,0.760,0.839,0.792
0.632,0.815
.Decelerate
0.859,0.769,0.807,0.790
0.632,0.814
.Decelerate
0.859,0.767,0.768,0.771
0.632,0.813
.Decelerate
0.874,0.750,0.739,0.761
0.632,0.812
.Decelerate
0.891,0.732,0.727,0.763
0.632,0.811
.Decelerate
0.850,0.770,0.723,0.753
0.632,0.810
.Decelerate
0.852,0.767,0.757,0.775
0.632,0.809
.Decelerate
0.870,0.746,0.764,0.806
0.632,0.808
.Decelerate
0.873,0.741,0.748,0.809
0.632,0.807
.Decelerate
0.914,0.699,0.777,0.818
0.632,0.806
.Decelerate
0.899,0.711,0.793,0.813
0.632,0.805
.Decelerate
0.906,0.703,0.826,0.781
0.632,0.804
.Decelerate
0.935,0.671,0.834,0.777
0.632,0.803
.Decelerate
0.919,0.686,0.848,0.769
0.632,0.802
.Decelerate
0.928,0.674,0.857,0.746
0.632,0.801
.Decelerate
0.935,0.666,0.848,0.724
0.632,0.800
.Decelerate
0.947,0.652,0.862,0.722
0.632,0.799
.Decelerate
0.924,0.673,0.868,0.697
0.447,0.798
.Decelerate
0.897,0.698,0.862,0.674
0.447,0.797
.Decelerate
0.906,0.687,0.869,0.675
0.447,0.796
.Decelerate
0.958,0.632,0.862,0.721
0.447,0.795
.Decelerate
0.924,0.664,0.870,0.705
0.447,0.794
.Decelerate
0.882,0.704,0.913,0.684
0.447,0.793
.Decelerate
0.888,0.697,0.925,0.692
0.447,0.792
.Decelerate
0.960,0.622,0.852,0.735
0.447,0.791
.Decelerate
0.983,0.597,0.811,0.748
0.447,0.790
.Decelerate
0.922,0.656,0.824,0.719
0.447,0.789
.Decelerate
1.136,0.441,0.842,0.713
0.447,0.788
.Decelerate
1.075,0.499,0.861,0.697
0.447,0.787
.Decelerate
0.989,0.583,0.922,0.631
0.447,0.786
.Decelerate
1.173,0.398,0.922,0.607
0.447,0.785
.Decelerate
1.062,0.506,0.903,0.615
0.447,0.784
.Decelerate
0.895,0.672,0.927,0.598
0.447,0.783
.Decelerate
0.907,0.658,0.919,0.540
WARNING - pros.serial.terminal.terminal:stop - Stopping terminal
