.velList #0: 0.000
.velList #1: 0.225
.velList #2: 0.319
.velList #3: 0.390
.velList #4: 0.451
.velList #5: 0.504
.velList #6: 0.552
.velList #7: 0.596
.velList #8: 0.637
.velList #9: 0.676
.velList #10: 0.713
.velList #11: 0.676
.velList #12: 0.637
.velList #13: 0.596
.velList #14: 0.552
.velList #15: 0.504
.velList #16: 0.451
.velList #17: 0.390
.velList #18: 0.319
.velList #19: 0.225
.velList #20: 0.000
0.225,0.000
.Accelerate
0.010,0.010,0.000,-0.000,1.000
0.225,0.010
.Accelerate
0.020,0.020,0.000,-0.000,1.000
0.225,0.020
.Accelerate
0.030,0.030,0.000,-0.000,1.000
0.225,0.030
.Accelerate
0.040,0.040,0.000,-0.000,1.000
0.225,0.040
.Accelerate
0.050,0.050,0.044,0.059,1.000
0.225,0.050
.Accelerate
0.060,0.060,0.054,0.011,1.000
0.225,0.060
.Accelerate
0.070,0.070,0.023,0.020,1.000
0.225,0.070
.Accelerate
0.080,0.080,0.027,0.021,1.000
0.225,0.080
.Accelerate
0.090,0.090,0.043,0.037,1.000
0.225,0.090
.Accelerate
0.100,0.100,0.055,0.046,1.000
0.225,0.100
.Accelerate
0.110,0.110,0.072,0.053,1.000
0.225,0.110
.Accelerate
0.123,0.117,0.086,0.058,1.000
0.225,0.120
.Accelerate
0.136,0.124,0.103,0.064,1.000
0.225,0.130
.Accelerate
0.147,0.133,0.119,0.066,1.000
0.225,0.140
.Accelerate
0.164,0.136,0.126,0.059,1.000
0.225,0.150
.Accelerate
0.179,0.141,0.127,0.057,1.000
0.225,0.160
.Accelerate
0.195,0.145,0.112,0.068,1.000
0.225,0.170
.Accelerate
0.206,0.154,0.103,0.075,1.000
0.225,0.180
.Accelerate
0.232,0.148,0.112,0.086,1.000
0.225,0.190
.Accelerate
0.244,0.156,0.125,0.093,1.000
0.225,0.200
.Accelerate
0.247,0.173,0.162,0.101,1.000
0.225,0.210
.Accelerate
0.260,0.180,0.194,0.109,1.000
0.225,0.220
0.257,0.194,0.227,0.127,1.000
0.225,0.225
0.252,0.199,0.242,0.142,1.000
0.225,0.225
0.258,0.193,0.239,0.160,1.000
0.225,0.225
0.253,0.197,0.246,0.167,1.000
0.225,0.225
0.254,0.197,0.261,0.172,1.000
0.225,0.225
0.251,0.200,0.266,0.179,1.000
0.225,0.225
0.241,0.209,0.274,0.191,1.000
0.225,0.225
0.226,0.225,0.265,0.193,1.000
0.225,0.225
0.226,0.225,0.250,0.207,1.000
0.225,0.225
0.226,0.225,0.235,0.221,1.000
0.225,0.225
0.226,0.225,0.232,0.225,1.000
0.319,0.225
.Accelerate
0.264,0.206,0.233,0.231,2.000
0.319,0.235
.Accelerate
0.283,0.207,0.248,0.234,2.000
0.319,0.245
.Accelerate
0.279,0.232,0.273,0.230,2.000
0.319,0.255
.Accelerate
0.279,0.251,0.291,0.238,2.000
0.319,0.265
.Accelerate
0.276,0.275,0.295,0.256,2.000
0.319,0.275
.Accelerate
0.286,0.285,0.304,0.272,2.000
0.319,0.285
.Accelerate
0.296,0.295,0.302,0.287,2.000
0.319,0.295
.Accelerate
0.306,0.305,0.297,0.300,2.000
0.390,0.305
.Accelerate
0.345,0.286,0.319,0.301,3.000
0.390,0.315
.Accelerate
0.351,0.300,0.335,0.303,3.000
0.390,0.325
.Accelerate
0.366,0.305,0.358,0.309,3.000
0.390,0.335
.Accelerate
0.346,0.345,0.389,0.323,3.000
0.390,0.345
.Accelerate
0.356,0.355,0.414,0.338,3.000
0.451,0.355
.Accelerate
0.404,0.327,0.417,0.369,4.000
0.451,0.365
.Accelerate
0.412,0.338,0.414,0.384,4.000
0.451,0.375
.Accelerate
0.438,0.333,0.431,0.386,4.000
0.451,0.385
.Accelerate
0.396,0.395,0.444,0.385,4.000
0.451,0.395
.Accelerate
0.406,0.405,0.453,0.392,4.000
0.504,0.405
.Accelerate
0.452,0.379,0.473,0.423,5.000
0.504,0.415
.Accelerate
0.472,0.379,0.499,0.459,5.000
0.504,0.425
.Accelerate
0.437,0.434,0.534,0.463,5.000
0.504,0.435
.Accelerate
0.446,0.444,0.529,0.463,5.000
0.504,0.445
.Accelerate
0.457,0.454,0.531,0.475,5.000
0.552,0.455
.Accelerate
0.550,0.380,0.535,0.503,6.000
0.552,0.465
.Accelerate
0.478,0.473,0.535,0.513,6.000
0.552,0.475
.Accelerate
0.487,0.484,0.555,0.497,6.000
0.596,0.485
.Accelerate
0.599,0.392,0.587,0.548,7.000
0.596,0.495
.Accelerate
0.636,0.375,0.569,0.554,7.000
0.596,0.505
.Accelerate
0.518,0.512,0.623,0.528,7.000
0.596,0.515
.Accelerate
0.530,0.521,0.651,0.539,7.000
0.637,0.525
.Accelerate
0.683,0.387,0.637,0.593,8.000
0.637,0.535
.Accelerate
0.726,0.365,0.663,0.582,8.000
0.637,0.545
.Accelerate
0.562,0.549,0.680,0.560,8.000
0.676,0.555
.Accelerate
0.738,0.393,0.658,0.560,9.000
0.676,0.565
.Accelerate
0.767,0.383,0.642,0.602,9.000
0.676,0.575
.Accelerate
0.593,0.577,0.700,0.568,9.000
0.713,0.585
.Accelerate
0.864,0.326,0.747,0.573,10.000
0.713,0.595
.Accelerate
0.901,0.310,0.752,0.608,10.000
0.713,0.605
.Accelerate
0.628,0.603,0.771,0.568,10.000
0.676,0.615
.Accelerate
0.918,0.332,0.745,0.545,11.000
0.676,0.625
.Accelerate
0.990,0.281,0.745,0.584,11.000
0.676,0.635
.Accelerate
0.665,0.626,0.738,0.567,11.000
0.637,0.645
1.042,0.233,0.770,0.521,12.000
0.637,0.637
1.033,0.242,0.795,0.537,12.000
0.637,0.637
0.665,0.610,0.775,0.511,12.000
0.637,0.637
0.669,0.606,0.742,0.467,12.000
0.596,0.637
.Decelerate
1.051,0.204,0.711,0.479,13.000
0.596,0.627
.Decelerate
0.652,0.583,0.730,0.548,13.000
0.596,0.617
.Decelerate
0.645,0.570,0.752,0.524,13.000
0.552,0.607
.Decelerate
0.994,0.201,0.786,0.506,14.000
0.552,0.597
.Decelerate
0.629,0.546,0.797,0.586,14.000
0.552,0.587
.Decelerate
0.617,0.538,0.765,0.535,14.000
0.504,0.577
.Decelerate
0.902,0.233,0.754,0.555,15.000
0.504,0.567
.Decelerate
0.613,0.502,0.747,0.596,15.000
0.504,0.557
.Decelerate
0.613,0.482,0.730,0.555,15.000
0.451,0.547
.Decelerate
0.844,0.231,0.760,0.536,16.000
0.451,0.537
.Decelerate
0.617,0.438,0.757,0.550,16.000
0.451,0.527
.Decelerate
0.618,0.417,0.775,0.499,16.000
0.390,0.517
.Decelerate
0.770,0.245,0.767,0.493,17.000
0.390,0.507
.Decelerate
0.616,0.379,0.746,0.519,17.000
0.319,0.497
.Decelerate
0.642,0.333,0.758,0.487,18.000
0.319,0.487
.Decelerate
0.681,0.274,0.762,0.479,18.000
0.319,0.477
.Decelerate
0.688,0.247,0.755,0.476,18.000
0.225,0.467
.Decelerate
0.804,0.111,0.777,0.455,19.000
0.225,0.457
.Decelerate
0.958,-0.063,0.752,0.411,19.000
0.225,0.447
.Decelerate
1.200,-0.325,0.770,0.330,19.000