.velList #0: 0.000
.velList #1: 0.750
.velList #2: 0.750
.velList #3: 0.750
.velList #4: 0.750
.velList #5: 0.750
.velList #6: 0.750
.velList #7: 0.750
.velList #8: 0.750
.velList #9: 0.750
.velList #10: 0.750
.velList #11: 0.750
.velList #12: 0.750
.velList #13: 0.750
.velList #14: 0.750
.velList #15: 0.750
.velList #16: 0.750
.velList #17: 0.750
.velList #18: 0.750
.velList #19: 0.750
.velList #20: 0.000
0.750,0.000
.Accelerate
0.005,0.005,0.000,-0.000,1.000
0.750,0.005
.Accelerate
0.010,0.010,0.000,-0.000,1.000
0.750,0.010
.Accelerate
0.015,0.015,0.000,-0.000,1.000
0.750,0.015
.Accelerate
0.020,0.020,0.000,-0.000,1.000
0.750,0.020
.Accelerate
0.025,0.025,0.000,-0.000,1.000
0.750,0.025
.Accelerate
0.030,0.030,0.000,0.005,1.000
0.750,0.030
.Accelerate
0.035,0.035,0.006,0.005,1.000
0.750,0.035
.Accelerate
0.040,0.040,0.008,0.021,1.000
0.750,0.040
.Accelerate
0.045,0.045,0.012,0.018,1.000
0.750,0.045
.Accelerate
0.050,0.050,0.011,0.020,1.000
.velList #0: 0.000
.velList #1: 0.750
.velList #2: 0.750
.velList #3: 0.750
.velList #4: 0.750
.velList #5: 0.750
.velList #6: 0.750
.velList #7: 0.750
.velList #8: 0.750
.velList #9: 0.750
.velList #10: 0.750
.velList #11: 0.750
.velList #12: 0.750
.velList #13: 0.750
.velList #14: 0.750
.velList #15: 0.750
.velList #16: 0.750
.velList #17: 0.750
.velList #18: 0.750
.velList #19: 0.750
.velList #20: 0.000
0.750,0.000
.Accelerate
0.005,0.005,0.000,-0.000,1.000
0.750,0.005
.Accelerate
0.010,0.010,0.000,-0.000,1.000
0.750,0.010
.Accelerate
0.015,0.015,0.000,-0.000,1.000
0.750,0.015
.Accelerate
0.020,0.020,0.000,-0.000,1.000
0.750,0.020
.Accelerate
0.025,0.025,0.000,-0.000,1.000
0.750,0.025
.Accelerate
0.030,0.030,0.000,-0.000,1.000
0.750,0.030
.Accelerate
0.035,0.035,0.007,-0.000,1.000
0.750,0.035
.Accelerate
0.040,0.040,0.007,0.017,1.000
0.750,0.040
.Accelerate
0.045,0.045,0.017,0.018,1.000
0.750,0.045
.Accelerate
0.050,0.050,0.018,0.020,1.000
0.750,0.050
.Accelerate
0.055,0.055,0.017,0.017,1.000
0.750,0.055
.Accelerate
0.060,0.060,0.018,0.020,1.000
0.750,0.060
.Accelerate
0.065,0.065,0.019,0.024,1.000
0.750,0.065
.Accelerate
0.070,0.070,0.021,0.031,1.000
0.750,0.070
.Accelerate
0.075,0.075,0.034,0.038,1.000
0.750,0.075
.Accelerate
0.080,0.080,0.038,0.042,1.000
0.750,0.080
.Accelerate
0.085,0.085,0.041,0.042,1.000
0.750,0.085
.Accelerate
0.090,0.090,0.047,0.040,1.000
0.750,0.090
.Accelerate
0.095,0.095,0.053,0.041,1.000
0.750,0.095
.Accelerate
0.102,0.098,0.057,0.042,1.000
0.750,0.100
.Accelerate
0.108,0.102,0.061,0.041,1.000
0.750,0.105
.Accelerate
0.113,0.107,0.065,0.042,1.000
0.750,0.110
.Accelerate
0.118,0.112,0.071,0.041,1.000
0.750,0.115
.Accelerate
0.129,0.111,0.075,0.041,1.000
0.750,0.120
.Accelerate
0.134,0.116,0.069,0.038,1.000
0.750,0.125
.Accelerate
0.142,0.118,0.071,0.037,1.000
0.750,0.130
.Accelerate
0.148,0.122,0.069,0.038,1.000
0.750,0.135
.Accelerate
0.157,0.123,0.062,0.043,1.000
0.750,0.140
.Accelerate
0.166,0.124,0.057,0.049,1.000
0.750,0.145
.Accelerate
0.172,0.128,0.064,0.055,1.000
0.750,0.150
.Accelerate
0.174,0.136,0.075,0.059,1.000
0.750,0.155
.Accelerate
0.184,0.136,0.087,0.064,1.000
0.750,0.160
.Accelerate
0.186,0.144,0.095,0.071,1.000
0.750,0.165
.Accelerate
0.187,0.153,0.100,0.077,1.000
0.750,0.170
.Accelerate
0.197,0.153,0.104,0.086,1.000
0.750,0.175
.Accelerate
0.203,0.157,0.108,0.094,1.000
0.750,0.180
.Accelerate
0.213,0.157,0.121,0.098,1.000
0.750,0.185
.Accelerate
0.219,0.161,0.128,0.106,1.000
0.750,0.190
.Accelerate
0.226,0.164,0.139,0.110,1.000
0.750,0.195
.Accelerate
0.232,0.168,0.148,0.112,1.000
0.750,0.200
.Accelerate
0.243,0.167,0.153,0.120,1.000
0.750,0.205
.Accelerate
0.244,0.176,0.163,0.128,1.000
0.750,0.210
.Accelerate
0.256,0.174,0.170,0.130,1.000
0.750,0.215
.Accelerate
0.252,0.188,0.179,0.137,1.000
0.750,0.220
.Accelerate
0.225,0.225,0.191,0.138,1.000
0.750,0.225
.Accelerate
0.230,0.230,0.191,0.144,1.000
0.750,0.230
.Accelerate
0.235,0.235,0.181,0.156,1.000
0.750,0.235
.Accelerate
0.240,0.240,0.169,0.169,1.000
0.750,0.240
.Accelerate
0.245,0.245,0.175,0.178,1.000
0.750,0.245
.Accelerate
0.250,0.250,0.185,0.188,1.000
0.750,0.250
.Accelerate
0.289,0.221,0.198,0.192,2.000
0.750,0.255
.Accelerate
0.295,0.225,0.202,0.197,2.000
0.750,0.260
.Accelerate
0.314,0.216,0.228,0.187,2.000
0.750,0.265
.Accelerate
0.314,0.226,0.243,0.195,2.000
0.750,0.270
.Accelerate
0.315,0.235,0.260,0.197,2.000
0.750,0.275
.Accelerate
0.281,0.279,0.258,0.205,2.000
0.750,0.280
.Accelerate
0.285,0.285,0.251,0.210,2.000
0.750,0.285
.Accelerate
0.290,0.290,0.245,0.230,2.000
0.750,0.290
.Accelerate
0.296,0.294,0.242,0.244,2.000
0.750,0.295
.Accelerate
0.341,0.259,0.244,0.249,3.000
0.750,0.300
.Accelerate
0.332,0.278,0.262,0.251,3.000
0.750,0.305
.Accelerate
0.346,0.274,0.292,0.237,3.000
0.750,0.310
.Accelerate
0.360,0.270,0.300,0.253,3.000
0.750,0.315
.Accelerate
0.321,0.319,0.300,0.249,3.000
0.750,0.320
.Accelerate
0.326,0.324,0.304,0.252,3.000
0.750,0.325
.Accelerate
0.331,0.329,0.300,0.275,3.000
0.750,0.330
.Accelerate
0.398,0.272,0.298,0.283,4.000
0.750,0.335
.Accelerate
0.405,0.275,0.304,0.291,4.000
0.750,0.340
.Accelerate
0.412,0.278,0.330,0.279,4.000
0.750,0.345
.Accelerate
0.351,0.349,0.355,0.281,4.000
0.750,0.350
.Accelerate
0.356,0.354,0.375,0.283,4.000
0.750,0.355
.Accelerate
0.361,0.359,0.363,0.312,4.000
0.750,0.360
.Accelerate
0.443,0.287,0.355,0.324,5.000
0.750,0.365
.Accelerate
0.442,0.298,0.354,0.316,5.000
0.750,0.370
.Accelerate
0.459,0.291,0.370,0.292,5.000
0.750,0.375
.Accelerate
0.382,0.378,0.397,0.299,5.000
0.750,0.380
.Accelerate
0.387,0.383,0.423,0.313,5.000
0.750,0.385
.Accelerate
0.392,0.388,0.399,0.345,5.000
0.750,0.390
.Accelerate
0.491,0.299,0.395,0.357,6.000
0.750,0.395
.Accelerate
0.490,0.310,0.399,0.359,6.000
0.750,0.400
.Accelerate
0.406,0.404,0.430,0.335,6.000
0.750,0.405
.Accelerate
0.412,0.408,0.436,0.322,6.000
0.750,0.410
.Accelerate
0.417,0.413,0.425,0.349,6.000
0.750,0.415
.Accelerate
0.488,0.352,0.420,0.384,7.000
0.750,0.420
.Accelerate
0.505,0.345,0.436,0.388,7.000
0.750,0.425
.Accelerate
0.432,0.428,0.477,0.372,7.000
0.750,0.430
.Accelerate
0.437,0.433,0.477,0.368,7.000
0.750,0.435
.Accelerate
0.442,0.438,0.461,0.391,7.000
0.750,0.440
.Accelerate
0.534,0.356,0.426,0.410,8.000
0.750,0.445
.Accelerate
0.530,0.370,0.418,0.423,8.000
0.750,0.450
.Accelerate
0.457,0.453,0.470,0.408,8.000
0.750,0.455
.Accelerate
0.463,0.457,0.514,0.396,8.000
0.750,0.460
.Accelerate
0.539,0.391,0.515,0.422,9.000
0.750,0.465
.Accelerate
0.536,0.404,0.514,0.434,9.000
0.750,0.470
.Accelerate
0.543,0.407,0.501,0.425,9.000
0.750,0.475
.Accelerate
0.482,0.478,0.495,0.425,9.000
0.750,0.480
.Accelerate
0.487,0.483,0.518,0.421,9.000
0.750,0.485
.Accelerate
0.542,0.438,0.516,0.454,10.000
0.750,0.490
.Accelerate
0.561,0.429,0.531,0.473,10.000
0.750,0.495
.Accelerate
0.503,0.497,0.564,0.450,10.000
0.750,0.500
.Accelerate
0.509,0.501,0.574,0.447,10.000
0.750,0.505
.Accelerate
0.599,0.421,0.516,0.468,11.000
0.750,0.510
.Accelerate
0.596,0.434,0.531,0.487,11.000
0.750,0.515
.Accelerate
0.526,0.514,0.561,0.461,11.000
0.750,0.520
.Accelerate
0.529,0.521,0.579,0.475,11.000
0.750,0.525
.Accelerate
0.641,0.419,0.558,0.515,12.000
0.750,0.530
.Accelerate
0.666,0.404,0.554,0.505,12.000
0.750,0.535
.Accelerate
0.550,0.530,0.567,0.470,12.000
0.750,0.540
.Accelerate
0.554,0.536,0.572,0.472,12.000
0.750,0.545
.Accelerate
0.689,0.411,0.569,0.525,13.000
0.750,0.550
.Accelerate
0.715,0.395,0.577,0.511,13.000
0.750,0.555
.Accelerate
0.577,0.543,0.613,0.490,13.000
0.750,0.560
.Accelerate
0.581,0.549,0.633,0.484,13.000
0.750,0.565
.Accelerate
0.755,0.385,0.632,0.513,14.000
0.750,0.570
.Accelerate
0.743,0.407,0.630,0.518,14.000
0.750,0.575
.Accelerate
0.604,0.556,0.645,0.479,14.000
0.750,0.580
.Accelerate
0.613,0.557,0.662,0.493,14.000
0.750,0.585
.Accelerate
0.801,0.379,0.646,0.531,15.000
0.750,0.590
.Accelerate
0.800,0.390,0.668,0.534,15.000
0.750,0.595
.Accelerate
0.639,0.561,0.683,0.506,15.000
0.750,0.600
.Accelerate
0.845,0.365,0.684,0.485,16.000
0.750,0.605
.Accelerate
0.845,0.375,0.677,0.517,16.000
0.750,0.610
.Accelerate
0.673,0.557,0.689,0.485,16.000
0.750,0.615
.Accelerate
0.690,0.550,0.670,0.480,16.000
0.750,0.620
.Accelerate
0.853,0.397,0.656,0.530,17.000
0.750,0.625
.Accelerate
0.726,0.534,0.658,0.537,17.000
0.750,0.630
.Accelerate
0.749,0.521,0.674,0.509,17.000
0.750,0.635
.Accelerate
0.765,0.515,0.688,0.529,18.000
0.750,0.640
.Accelerate
0.820,0.470,0.685,0.538,18.000
0.750,0.645
.Accelerate
0.888,0.412,0.711,0.535,18.000
0.750,0.650
.Accelerate
1.015,0.295,0.719,0.513,19.000
0.750,0.655
.Accelerate
1.166,0.154,0.735,0.502,19.000
0.750,0.660
.Accelerate
1.620,-0.290,0.743,0.451,19.000