


  _____  _____   ____   _____ 
 |  __ \|  __ \ / __ \ / ____|          Powered by PROS for VEX V5
 | |__) | |__) | |  | | (___      Version:                          3.2.1
 |  ___/|  _  /| |  | |\___ \     Uptime:                         2.875 s
 | |    | | \ \| |__| |____) |    Compiled:                       Unknown
 |_|    |_|  \_\\____/|_____/     Directory:                      Unknown


.velList #0: 0.000
.velList #1: 0.129
.velList #2: 0.183
.velList #3: 0.224
.velList #4: 0.259
.velList #5: 0.290
.velList #6: 0.317
.velList #7: 0.343
.velList #8: 0.366
.velList #9: 0.388
.velList #10: 0.409
.velList #11: 0.429
.velList #12: 0.449
.velList #13: 0.467
.velList #14: 0.484
.velList #15: 0.500
.velList #16: 0.500
.velList #17: 0.500
.velList #18: 0.500
.velList #19: 0.500
.velList #20: 0.500
.velList #21: 0.500
.velList #22: 0.500
.velList #23: 0.500
.velList #24: 0.500
.velList #25: 0.500
.velList #26: 0.484
.velList #27: 0.467
.velList #28: 0.449
.velList #29: 0.429
.velList #30: 0.409
.velList #31: 0.388
.velList #32: 0.366
.velList #33: 0.343
.velList #34: 0.317
.velList #35: 0.290
.velList #36: 0.259
.velList #37: 0.224
.velList #38: 0.183
.velList #39: 0.129
.velList #40: 0.000
.Time: .Location: (0.000, 0.000, 0.000)
.lookAheadPoint: (0.000, 2.000)
.Accelerate
0.129,0.003,0.000
0.003,0.003,0.000,-0.000,1.000
.Time: 10.Location: (0.000, 0.000, 0.000)
.lookAheadPoint: (0.000, 2.000)
.Accelerate
0.129,0.007,0.000
0.007,0.007,0.000,-0.000,1.000
.Time: 20.Location: (0.000, 0.000, 0.000)
.lookAheadPoint: (0.000, 2.000)
.Accelerate
0.129,0.010,0.000
0.010,0.010,0.000,-0.000,1.000
.Time: 30.Location: (0.000, 0.000, 0.000)
.lookAheadPoint: (0.000, 2.000)
.Accelerate
0.129,0.013,0.000
0.013,0.013,0.000,-0.000,1.000
.Time: 40.Location: (0.000, 0.000, 0.000)
.lookAheadPoint: (0.000, 2.000)
.Accelerate
0.129,0.017,0.000
0.017,0.017,0.000,-0.000,1.000
.Time: 50.Location: (0.000, 0.000, 0.000)
.lookAheadPoint: (0.000, 2.000)
.Accelerate
0.129,0.020,0.000
0.020,0.020,0.000,-0.000,1.000
.Time: 60.Location: (0.000, 0.000, 0.000)
.lookAheadPoint: (0.000, 2.000)
.Accelerate
0.129,0.023,0.000
0.023,0.023,0.000,-0.000,1.000
.Time: 70.Location: (0.000, 0.000, 0.000)
.lookAheadPoint: (0.000, 2.000)
.Accelerate
0.129,0.026,0.000
0.026,0.026,0.009,-0.000,1.000
.Time: 80.Location: (0.000, 0.000, 0.000)
.lookAheadPoint: (0.000, 2.000)
.Accelerate
0.129,0.030,0.000
0.030,0.030,0.009,-0.000,1.000
.Time: 90.Location: (0.000, 0.000, 0.000)
.lookAheadPoint: (0.000, 2.000)
.Accelerate
0.129,0.033,0.000
0.033,0.033,0.009,-0.000,1.000
.Time: 100.Location: (0.000, 0.000, 0.000)
.lookAheadPoint: (0.000, 2.000)
.Accelerate
0.129,0.036,0.000
0.036,0.036,0.009,-0.000,1.000
.Time: 110.Location: (0.000, 0.000, 0.000)
.lookAheadPoint: (0.000, 2.000)
.Accelerate
0.129,0.040,0.000
0.040,0.040,0.025,0.015,1.000
.Time: 120.Location: (0.000, 0.000, 0.000)
.lookAheadPoint: (0.000, 2.000)
.Accelerate
0.129,0.043,0.000
0.043,0.043,0.025,0.013,1.000
.Time: 130.Location: (0.000, 0.000, 0.000)
.lookAheadPoint: (0.000, 2.000)
.Accelerate
0.129,0.046,0.000
0.046,0.046,0.025,0.069,1.000
.Time: 140.Location: (0.000, 0.000, 0.000)
.lookAheadPoint: (0.000, 2.000)
.Accelerate
0.129,0.049,0.000
0.049,0.049,0.017,0.068,1.000
.Time: 150.Location: (0.000, 0.000, 0.000)
.lookAheadPoint: (0.000, 2.000)
.Accelerate
0.129,0.053,0.000
0.053,0.053,0.017,0.068,1.000
.Time: 160.Location: (0.000, 0.000, 0.000)
.lookAheadPoint: (0.000, 2.000)
.Accelerate
0.129,0.056,0.000
0.056,0.056,0.018,0.069,1.000
.Time: 170.Location: (0.000, 0.000, 0.000)
.lookAheadPoint: (0.000, 2.000)
.Accelerate
0.129,0.059,0.000
0.059,0.059,0.018,0.071,1.000
.Time: 180.Location: (0.000, 0.000, 0.000)
.lookAheadPoint: (0.000, 2.000)
.Accelerate
0.129,0.063,0.000
0.063,0.063,0.017,0.072,1.000
.Time: 190.Location: (0.000, 0.000, 0.000)
.lookAheadPoint: (0.000, 2.000)
.Accelerate
0.129,0.066,0.000
0.066,0.066,0.021,0.071,1.000
.Time: 200.Location: (0.000, 0.000, 0.000)
.lookAheadPoint: (0.000, 2.000)
.Accelerate
0.129,0.069,0.000
0.069,0.069,0.022,0.041,1.000
.Time: 210.Location: (0.000, 0.000, 0.000)
.lookAheadPoint: (0.000, 2.000)
.Accelerate
0.129,0.073,0.000
0.073,0.073,0.026,0.042,1.000
.Time: 220.Location: (0.000, 0.000, 0.000)
.lookAheadPoint: (0.000, 2.000)
.Accelerate
0.129,0.076,0.000
0.076,0.076,0.026,0.033,1.000
.Time: 230.Location: (0.000, 0.000, 0.000)
.lookAheadPoint: (0.000, 2.000)
.Accelerate
0.129,0.079,0.000
0.079,0.079,0.027,0.034,1.000
.Time: 240.Location: (0.000, 0.000, 0.000)
.lookAheadPoint: (0.000, 2.000)
.Accelerate
0.129,0.082,0.000
0.082,0.082,0.029,0.029,1.000
.Time: 250.Location: (0.000, 0.000, 0.000)
.lookAheadPoint: (0.000, 2.000)
.Accelerate
0.129,0.086,0.000
0.086,0.086,0.034,0.025,1.000
.Time: 260.Location: (0.000, 0.000, 0.000)
.lookAheadPoint: (0.000, 2.000)
.Accelerate
0.129,0.089,0.000
0.089,0.089,0.042,0.024,1.000
.Time: 270.Location: (-0.013, 0.012, 359.854)
.lookAheadPoint: (0.000, 2.012)
.Accelerate
0.129,0.092,0.006
0.097,0.088,0.047,0.026,1.000
.Time: 280.Location: (-0.000, 0.024, 360.000)
.lookAheadPoint: (0.000, 2.024)
.Accelerate
0.129,0.096,0.000
0.096,0.096,0.050,0.025,1.000
.Time: 290.Location: (-0.000, 0.024, 360.000)
.lookAheadPoint: (0.000, 2.024)
.Accelerate
0.129,0.099,0.000
0.099,0.099,0.055,0.027,1.000
.Time: 300.Location: (-0.000, 0.024, 360.000)
.lookAheadPoint: (0.000, 2.024)
.Accelerate
0.129,0.102,0.000
0.102,0.102,0.056,0.029,1.000
.Time: 310.Location: (-0.000, 0.048, 360.000)
.lookAheadPoint: (0.000, 2.048)
.Accelerate
0.129,0.106,0.000
0.106,0.106,0.054,0.032,1.000
.Time: 320.Location: (-0.013, 0.060, 359.854)
.lookAheadPoint: (0.000, 2.060)
.Accelerate
0.129,0.109,0.006
0.114,0.104,0.051,0.038,1.000
.Time: 330.Location: (-0.000, 0.072, 360.000)
.lookAheadPoint: (0.000, 2.072)
.Accelerate
0.129,0.112,0.000
0.112,0.112,0.053,0.042,1.000
.Time: 340.Location: (-0.000, 0.096, 360.000)
.lookAheadPoint: (0.000, 2.096)
.Accelerate
0.129,0.115,0.000
0.116,0.115,0.055,0.040,1.000
.Time: 350.Location: (-0.000, 0.120, 360.000)
.lookAheadPoint: (0.000, 2.120)
.Accelerate
0.129,0.119,0.000
0.119,0.119,0.059,0.037,1.000
.Time: 360.Location: (0.013, 0.132, 0.146)
.lookAheadPoint: (0.000, 2.132)
.Accelerate
0.129,0.122,-0.006
0.116,0.128,0.061,0.039,1.000
.Time: 370.Location: (-0.000, 0.168, 0.000)
.lookAheadPoint: (0.000, 2.168)
.Accelerate
0.129,0.125,0.000
0.125,0.125,0.065,0.048,1.000
.Time: 380.Location: (-0.000, 0.192, 0.000)
.lookAheadPoint: (0.000, 2.192)
.Accelerate
0.129,0.129,0.000
0.129,0.129,0.062,0.055,1.000
.Time: 390.Location: (-0.000, 0.216, 0.000)
.lookAheadPoint: (0.000, 2.216)
0.129,0.129,0.000
0.130,0.129,0.061,0.061,1.000
.Time: 400.Location: (-0.013, 0.252, 359.854)
.lookAheadPoint: (0.000, 2.252)
0.129,0.129,0.006
0.136,0.123,0.066,0.066,1.000
.Time: 410.Location: (-0.013, 0.300, 359.854)
.lookAheadPoint: (0.000, 2.300)
0.129,0.129,0.007
0.136,0.123,0.071,0.069,1.000
.Time: 420.Location: (-0.013, 0.348, 359.854)
.lookAheadPoint: (0.000, 2.348)
0.129,0.129,0.007
0.136,0.123,0.079,0.074,1.000
.Time: 430.Location: (-0.013, 0.396, 359.854)
.lookAheadPoint: (0.000, 2.396)
0.129,0.129,0.007
0.136,0.123,0.084,0.077,1.000
.Time: 440.Location: (-0.013, 0.444, 359.854)
.lookAheadPoint: (0.000, 2.444)
0.129,0.129,0.007
0.136,0.123,0.089,0.082,1.000
.Time: 450.Location: (-0.014, 0.492, 359.854)
.lookAheadPoint: (0.000, 2.492)
0.129,0.129,0.007
0.136,0.123,0.094,0.087,1.000
.Time: 460.Location: (-0.014, 0.540, 359.854)
.lookAheadPoint: (0.000, 2.540)
0.129,0.129,0.007
0.136,0.123,0.099,0.088,1.000
.Time: 470.Location: (-0.014, 0.588, 359.854)
.lookAheadPoint: (0.000, 2.588)
0.129,0.129,0.007
0.136,0.123,0.099,0.094,1.000
.Time: 480.Location: (-0.040, 0.659, 359.563)
.lookAheadPoint: (0.000, 2.659)
0.129,0.129,0.020
0.149,0.110,0.099,0.096,1.000
.Time: 490.Location: (-0.040, 0.707, 359.563)
.lookAheadPoint: (0.000, 2.707)
0.129,0.129,0.020
0.149,0.110,0.097,0.096,1.000
.Time: 500.Location: (-0.041, 0.755, 359.563)
.lookAheadPoint: (0.000, 2.755)
0.129,0.129,0.020
0.149,0.110,0.105,0.094,1.000
.Time: 510.Location: (-0.054, 0.839, 359.418)
.lookAheadPoint: (0.000, 2.839)
0.129,0.129,0.027
0.156,0.103,0.113,0.092,1.000
.Time: 520.Location: (-0.081, 0.887, 359.127)
.lookAheadPoint: (0.000, 2.885)
0.129,0.129,0.040
0.169,0.090,0.116,0.090,1.000
.Time: 530.Location: (-0.082, 0.959, 359.127)
.lookAheadPoint: (0.000, 2.957)
0.129,0.129,0.041
0.169,0.090,0.115,0.088,1.000
.Time: 540.Location: (-0.070, 1.019, 359.272)
.lookAheadPoint: (0.000, 40.000)
0.129,0.129,0.000
0.130,0.129,0.120,0.083,1.000
.Time: 550.Location: (-0.045, 1.091, 359.563)
.lookAheadPoint: (0.000, 40.000)
0.129,0.129,0.000
0.130,0.129,0.127,0.077,1.000
.Time: 560.Location: (-0.058, 1.151, 359.418)
.lookAheadPoint: (0.000, 40.000)
0.129,0.129,0.000
0.130,0.129,0.120,0.083,1.000
.Time: 570.Location: (-0.046, 1.211, 359.563)
.lookAheadPoint: (0.000, 40.000)
0.129,0.129,0.000
0.130,0.129,0.109,0.107,1.000
.Time: 580.Location: (-0.046, 1.283, 359.563)
.lookAheadPoint: (0.000, 40.000)
0.129,0.129,0.000
0.130,0.129,0.109,0.116,1.000
.Time: 590.Location: (-0.034, 1.343, 359.709)
.lookAheadPoint: (0.000, 40.000)
0.129,0.129,0.000
0.130,0.129,0.114,0.117,1.000
.Time: 600.Location: (-0.034, 1.415, 359.709)
.lookAheadPoint: (0.000, 40.000)
0.129,0.129,0.000
0.130,0.129,0.119,0.113,1.000
.Time: 610.Location: (-0.047, 1.475, 359.563)
.lookAheadPoint: (0.000, 40.000)
0.129,0.129,0.000
0.130,0.129,0.119,0.112,1.000
.Time: 620.Location: (-0.035, 1.535, 359.709)
.lookAheadPoint: (0.000, 3.535)
.Accelerate
0.183,0.133,0.017
0.150,0.115,0.119,0.116,2.000
.Time: 630.Location: (-0.035, 1.607, 359.709)
.lookAheadPoint: (0.000, 3.607)
.Accelerate
0.183,0.136,0.018
0.154,0.118,0.115,0.116,2.000
.Time: 640.Location: (-0.036, 1.679, 359.709)
.lookAheadPoint: (0.000, 3.679)
.Accelerate
0.183,0.139,0.018
0.158,0.121,0.119,0.112,2.000
.Time: 650.Location: (-0.023, 1.739, 359.854)
.lookAheadPoint: (0.000, 3.739)
.Accelerate
0.183,0.143,0.011
0.155,0.130,0.129,0.108,2.000
.Time: 660.Location: (-0.049, 1.811, 359.563)
.lookAheadPoint: (0.000, 3.810)
.Accelerate
0.183,0.146,0.025
0.173,0.119,0.132,0.108,2.000
.Time: 670.Location: (-0.037, 1.871, 359.709)
.lookAheadPoint: (0.000, 3.870)
.Accelerate
0.183,0.149,0.018
0.170,0.129,0.133,0.117,2.000
.Time: 680.Location: (-0.024, 1.931, 359.854)
.lookAheadPoint: (0.000, 3.931)
.Accelerate
0.183,0.153,0.012
0.166,0.139,0.138,0.112,2.000
.Time: 690.Location: (-0.037, 2.015, 359.709)
.lookAheadPoint: (0.000, 40.000)
.Accelerate
0.183,0.156,0.000
0.156,0.156,0.136,0.115,2.000
.Time: 700.Location: (-0.025, 2.075, 359.854)
.lookAheadPoint: (0.000, 40.000)
.Accelerate
0.183,0.159,0.000
0.159,0.159,0.135,0.124,2.000
.Time: 710.Location: (-0.025, 2.171, 359.854)
.lookAheadPoint: (0.000, 40.000)
.Accelerate
0.183,0.162,0.000
0.163,0.162,0.130,0.130,2.000
.Time: 720.Location: (-0.025, 2.243, 359.854)
.lookAheadPoint: (0.000, 40.000)
.Accelerate
0.183,0.166,0.000
0.166,0.166,0.132,0.137,2.000
.Time: 730.Location: (-0.012, 2.327, 360.000)
.lookAheadPoint: (0.000, 40.000)
.Accelerate
0.183,0.169,0.000
0.169,0.169,0.138,0.144,2.000
.Time: 740.Location: (-0.012, 2.423, 360.000)
.lookAheadPoint: (0.000, 40.000)
.Accelerate
0.183,0.172,0.000
0.172,0.172,0.140,0.146,2.000
.Time: 750.Location: (-0.012, 2.495, 360.000)
.lookAheadPoint: (0.000, 40.000)
.Accelerate
0.183,0.176,0.000
0.176,0.176,0.142,0.150,2.000
.Time: 760.Location: (0.001, 2.579, 0.146)
.lookAheadPoint: (0.000, 4.579)
.Accelerate
0.224,0.179,-0.000
0.178,0.180,0.147,0.156,3.000
.Time: 770.Location: (0.001, 2.675, 0.146)
.lookAheadPoint: (0.000, 4.675)
.Accelerate
0.224,0.182,-0.001
0.182,0.183,0.150,0.159,3.000
.Time: 780.Location: (-0.025, 2.746, 359.854)
.lookAheadPoint: (0.000, 4.746)
.Accelerate
0.224,0.186,0.012
0.203,0.168,0.153,0.162,3.000
.Time: 790.Location: (-0.025, 2.842, 359.854)
.lookAheadPoint: (0.000, 4.842)
.Accelerate
0.224,0.189,0.012
0.207,0.171,0.157,0.168,3.000
.Time: 800.Location: (-0.025, 2.938, 359.854)
.lookAheadPoint: (0.000, 4.938)
.Accelerate
0.224,0.192,0.013
0.210,0.174,0.172,0.169,3.000
.Time: 810.Location: (-0.038, 3.022, 359.709)
.lookAheadPoint: (0.000, 40.000)
.Accelerate
0.224,0.195,0.000
0.196,0.195,0.179,0.171,3.000
.Time: 820.Location: (-0.039, 3.118, 359.709)
.lookAheadPoint: (0.000, 40.000)
.Accelerate
0.224,0.199,0.000
0.199,0.199,0.182,0.177,3.000
.Time: 830.Location: (-0.026, 3.202, 359.854)
.lookAheadPoint: (0.000, 40.000)
.Accelerate
0.224,0.202,0.000
0.202,0.202,0.186,0.191,3.000
.Time: 840.Location: (-0.053, 3.298, 359.563)
.lookAheadPoint: (0.000, 40.000)
.Accelerate
0.224,0.205,0.000
0.205,0.205,0.186,0.200,3.000
.Time: 850.Location: (-0.054, 3.418, 359.563)
.lookAheadPoint: (0.000, 40.000)
.Accelerate
0.224,0.209,0.000
0.209,0.209,0.188,0.200,3.000
.Time: 860.Location: (-0.055, 3.538, 359.563)
.lookAheadPoint: (0.000, 5.537)
.Accelerate
0.259,0.212,0.027
0.255,0.169,0.193,0.202,4.000
.Time: 870.Location: (-0.056, 3.682, 359.563)
.lookAheadPoint: (0.000, 5.681)
.Accelerate
0.259,0.215,0.028
0.260,0.170,0.203,0.201,4.000
.Time: 880.Location: (-0.056, 3.778, 359.563)
.lookAheadPoint: (0.000, 5.777)
.Accelerate
0.259,0.219,0.028
0.265,0.172,0.227,0.184,4.000
.Time: 890.Location: (-0.031, 3.898, 359.854)
.lookAheadPoint: (0.000, 5.898)
.Accelerate
0.259,0.222,0.015
0.248,0.196,0.245,0.179,4.000
.Time: 900.Location: (-0.058, 4.018, 359.563)
.lookAheadPoint: (0.000, 40.000)
.Accelerate
0.259,0.225,0.000
0.225,0.225,0.239,0.189,4.000
.Time: 910.Location: (-0.045, 4.150, 359.709)
.lookAheadPoint: (0.000, 40.000)
.Accelerate
0.259,0.228,0.000
0.229,0.228,0.231,0.209,4.000
.Time: 920.Location: (-0.033, 4.282, 359.854)
.lookAheadPoint: (0.000, 40.000)
.Accelerate
0.259,0.232,0.000
0.232,0.232,0.228,0.232,4.000
.Time: 930.Location: (-0.033, 4.426, 359.854)
.lookAheadPoint: (0.000, 40.000)
.Accelerate
0.259,0.235,0.000
0.235,0.235,0.234,0.243,4.000
.Time: 940.Location: (-0.020, 4.534, 360.000)
.lookAheadPoint: (0.000, 6.534)
.Accelerate
0.290,0.238,0.010
0.257,0.220,0.251,0.244,5.000
.Time: 950.Location: (-0.020, 4.678, 360.000)
.lookAheadPoint: (0.000, 6.678)
.Accelerate
0.290,0.242,0.010
0.260,0.223,0.256,0.239,5.000
.Time: 960.Location: (-0.020, 4.846, 360.000)
.lookAheadPoint: (0.000, 6.846)
.Accelerate
0.290,0.245,0.010
0.264,0.226,0.268,0.241,5.000
.Time: 970.Location: (-0.034, 5.002, 359.854)
.lookAheadPoint: (0.000, 40.000)
.Accelerate
0.290,0.248,0.000
0.248,0.248,0.272,0.246,5.000
.Time: 980.Location: (-0.021, 5.134, 360.000)
.lookAheadPoint: (0.000, 40.000)
.Accelerate
0.290,0.252,0.000
0.252,0.252,0.277,0.255,5.000
.Time: 990.Location: (-0.021, 5.278, 360.000)
.lookAheadPoint: (0.000, 40.000)
.Accelerate
0.290,0.255,0.000
0.255,0.255,0.263,0.270,5.000
.Time: 1000.Location: (-0.034, 5.434, 359.854)
.lookAheadPoint: (0.000, 40.000)
.Accelerate
0.290,0.258,0.000
0.258,0.258,0.265,0.280,5.000
.Time: 1010.Location: (-0.021, 5.590, 360.000)
.lookAheadPoint: (0.000, 7.589)
.Accelerate
0.317,0.261,0.011
0.282,0.241,0.273,0.284,6.000
.Time: 1020.Location: (-0.035, 5.769, 359.854)
.lookAheadPoint: (0.000, 7.769)
.Accelerate
0.317,0.265,0.017
0.299,0.230,0.290,0.281,6.000
.Time: 1030.Location: (-0.048, 5.925, 359.709)
.lookAheadPoint: (0.000, 7.925)
.Accelerate
0.317,0.268,0.024
0.317,0.220,0.309,0.268,6.000
.Time: 1040.Location: (-0.049, 6.093, 359.709)
.lookAheadPoint: (0.000, 40.000)
.Accelerate
0.317,0.271,0.000
0.272,0.271,0.314,0.266,6.000
.Time: 1050.Location: (-0.023, 6.261, 360.000)
.lookAheadPoint: (0.000, 40.000)
.Accelerate
0.317,0.275,0.000
0.275,0.275,0.317,0.267,6.000
.Time: 1060.Location: (-0.010, 6.441, 0.146)
.lookAheadPoint: (0.000, 40.000)
.Accelerate
0.317,0.278,0.000
0.278,0.278,0.305,0.294,6.000
.Time: 1070.Location: (-0.009, 6.609, 0.146)
.lookAheadPoint: (0.000, 8.609)
.Accelerate
0.343,0.281,0.005
0.291,0.271,0.301,0.309,7.000
.Time: 1080.Location: (-0.009, 6.801, 0.146)
.lookAheadPoint: (0.000, 8.801)
.Accelerate
0.343,0.285,0.005
0.294,0.275,0.313,0.309,7.000
.Time: 1090.Location: (0.005, 6.957, 0.291)
.lookAheadPoint: (0.000, 8.957)
.Accelerate
0.343,0.288,-0.002
0.283,0.293,0.334,0.300,7.000
.Time: 1100.Location: (-0.008, 7.137, 0.146)
.lookAheadPoint: (0.000, 40.000)
.Accelerate
0.343,0.291,0.000
0.291,0.291,0.339,0.306,7.000
.Time: 1110.Location: (-0.007, 7.329, 0.146)
.lookAheadPoint: (0.000, 40.000)
.Accelerate
0.343,0.294,0.000
0.295,0.294,0.347,0.320,7.000
.Time: 1120.Location: (-0.034, 7.545, 359.854)
.lookAheadPoint: (0.000, 9.545)
.Accelerate
0.366,0.298,0.017
0.336,0.260,0.342,0.326,8.000
.Time: 1130.Location: (-0.008, 7.713, 0.146)
.lookAheadPoint: (0.000, 9.713)
.Accelerate
0.366,0.301,0.004
0.310,0.293,0.338,0.325,8.000
.Time: 1140.Location: (-0.007, 7.905, 0.146)
.lookAheadPoint: (0.000, 9.905)
.Accelerate
0.366,0.304,0.004
0.312,0.296,0.360,0.324,8.000
.Time: 1150.Location: (-0.007, 8.097, 0.146)
.lookAheadPoint: (0.000, 40.000)
.Accelerate
0.366,0.308,0.000
0.308,0.308,0.356,0.334,8.000
.Time: 1160.Location: (-0.006, 8.289, 0.146)
.lookAheadPoint: (0.000, 40.000)
.Accelerate
0.366,0.311,0.000
0.311,0.311,0.352,0.343,8.000
.Time: 1170.Location: (0.022, 8.504, 0.437)
.lookAheadPoint: (0.000, 10.504)
.Accelerate
0.388,0.314,-0.011
0.289,0.340,0.354,0.350,9.000
.Time: 1180.Location: (0.023, 8.744, 0.437)
.lookAheadPoint: (0.000, 10.744)
.Accelerate
0.388,0.318,-0.012
0.290,0.345,0.355,0.362,9.000
.Time: 1190.Location: (0.038, 8.924, 0.582)
.lookAheadPoint: (0.000, 10.924)
.Accelerate
0.388,0.321,-0.019
0.275,0.367,0.344,0.375,9.000
.Time: 1200.Location: (0.053, 9.104, 0.728)
.lookAheadPoint: (0.000, 40.000)
.Accelerate
0.388,0.324,-0.000
0.324,0.324,0.348,0.383,9.000
.Time: 1210.Location: (0.029, 9.320, 0.437)
.lookAheadPoint: (0.000, 40.000)
.Accelerate
0.388,0.327,-0.000
0.327,0.328,0.350,0.390,9.000
.Time: 1220.Location: (0.017, 9.524, 0.291)
.lookAheadPoint: (0.000, 11.524)
.Accelerate
0.409,0.331,-0.009
0.310,0.352,0.368,0.379,10.000
.Time: 1230.Location: (0.032, 9.752, 0.437)
.lookAheadPoint: (0.000, 11.752)
.Accelerate
0.409,0.334,-0.016
0.294,0.374,0.376,0.371,10.000
.Time: 1240.Location: (0.006, 9.992, 0.146)
.lookAheadPoint: (0.000, 11.992)
.Accelerate
0.409,0.337,-0.003
0.329,0.345,0.374,0.395,10.000
.Time: 1250.Location: (0.007, 10.208, 0.146)
.lookAheadPoint: (0.000, 40.000)
.Accelerate
0.409,0.341,-0.000
0.341,0.341,0.357,0.415,10.000
.Time: 1260.Location: (0.035, 10.424, 0.437)
.lookAheadPoint: (0.000, 40.000)
.Accelerate
0.409,0.344,-0.000
0.344,0.344,0.360,0.404,10.000
.Time: 1270.Location: (0.009, 10.640, 0.146)
.lookAheadPoint: (0.000, 12.640)
.Accelerate
0.429,0.347,-0.005
0.335,0.359,0.382,0.402,11.000
.Time: 1280.Location: (0.010, 10.880, 0.146)
.lookAheadPoint: (0.000, 12.880)
.Accelerate
0.429,0.351,-0.005
0.338,0.363,0.394,0.409,11.000
.Time: 1290.Location: (0.010, 11.120, 0.146)
.lookAheadPoint: (0.000, 40.000)
.Accelerate
0.429,0.354,-0.000
0.354,0.354,0.398,0.418,11.000
.Time: 1300.Location: (0.011, 11.360, 0.146)
.lookAheadPoint: (0.000, 40.000)
.Accelerate
0.429,0.357,-0.000
0.357,0.357,0.402,0.431,11.000
.Time: 1310.Location: (0.012, 11.600, 0.146)
.lookAheadPoint: (0.000, 13.600)
.Accelerate
0.449,0.360,-0.006
0.345,0.376,0.401,0.427,12.000
.Time: 1320.Location: (-0.001, 11.828, 0.000)
.lookAheadPoint: (0.000, 13.828)
.Accelerate
0.449,0.364,0.001
0.366,0.362,0.403,0.423,12.000
.Time: 1330.Location: (-0.015, 12.056, 359.854)
.lookAheadPoint: (0.000, 40.000)
.Accelerate
0.449,0.367,0.000
0.367,0.367,0.412,0.436,12.000
.Time: 1340.Location: (-0.056, 12.283, 359.418)
.lookAheadPoint: (0.000, 40.000)
.Accelerate
0.449,0.370,0.000
0.371,0.370,0.415,0.431,12.000
.Time: 1350.Location: (-0.059, 12.547, 359.418)
.lookAheadPoint: (0.000, 14.546)
.Accelerate
0.467,0.374,0.029
0.456,0.291,0.412,0.430,13.000
.Time: 1360.Location: (-0.048, 12.799, 359.563)
.lookAheadPoint: (0.000, 14.798)
.Accelerate
0.467,0.377,0.024
0.445,0.309,0.430,0.432,13.000
.Time: 1370.Location: (-0.036, 13.051, 359.709)
.lookAheadPoint: (0.000, 40.000)
.Accelerate
0.467,0.380,0.000
0.381,0.380,0.476,0.405,13.000
.Time: 1380.Location: (-0.065, 13.315, 359.418)
.lookAheadPoint: (0.000, 40.000)
.Accelerate
0.467,0.384,0.000
0.384,0.383,0.468,0.413,13.000
.Time: 1390.Location: (-0.094, 13.554, 359.127)
.lookAheadPoint: (0.000, 15.552)
.Accelerate
0.484,0.387,0.047
0.524,0.250,0.443,0.449,14.000
.Time: 1400.Location: (-0.099, 13.818, 359.127)
.lookAheadPoint: (0.000, 15.816)
.Accelerate
0.484,0.390,0.049
0.534,0.246,0.447,0.449,14.000
.Time: 1410.Location: (-0.089, 14.070, 359.272)
.lookAheadPoint: (0.000, 40.000)
.Accelerate
0.484,0.393,0.000
0.394,0.393,0.484,0.408,14.000
.Time: 1420.Location: (-0.065, 14.334, 359.563)
.lookAheadPoint: (0.000, 40.000)
.Accelerate
0.484,0.397,0.000
0.397,0.396,0.491,0.383,14.000
.Time: 1430.Location: (-0.066, 14.574, 359.563)
.lookAheadPoint: (0.000, 16.573)
.Accelerate
0.500,0.400,0.033
0.500,0.300,0.472,0.426,15.000
.Time: 1440.Location: (-0.082, 14.850, 359.418)
.lookAheadPoint: (0.000, 16.848)
.Accelerate
0.500,0.403,0.041
0.528,0.279,0.492,0.459,15.000
.Time: 1450.Location: (-0.058, 15.114, 359.709)
.lookAheadPoint: (0.000, 40.000)
.Accelerate
0.500,0.407,0.000
0.407,0.406,0.515,0.437,15.000
.Time: 1460.Location: (-0.032, 15.378, 360.000)
.lookAheadPoint: (0.000, 40.000)
.Accelerate
0.500,0.410,0.000
0.410,0.410,0.509,0.413,15.000
.Time: 1470.Location: (-0.018, 15.630, 0.146)
.lookAheadPoint: (0.000, 17.630)
.Accelerate
0.500,0.413,0.009
0.441,0.386,0.505,0.453,16.000
.Time: 1480.Location: (-0.031, 15.882, 0.000)
.lookAheadPoint: (0.000, 17.882)
.Accelerate
0.500,0.417,0.015
0.465,0.368,0.503,0.481,16.000
.Time: 1490.Location: (-0.017, 16.158, 0.146)
.lookAheadPoint: (0.000, 40.000)
.Accelerate
0.500,0.420,0.000
0.420,0.420,0.523,0.468,16.000
.Time: 1500.Location: (-0.016, 16.446, 0.146)
.lookAheadPoint: (0.000, 40.000)
.Accelerate
0.500,0.423,0.000
0.423,0.423,0.526,0.469,16.000
.Time: 1510.Location: (-0.002, 16.722, 0.291)
.lookAheadPoint: (0.000, 18.722)
.Accelerate
0.500,0.426,0.001
0.430,0.423,0.530,0.485,17.000
.Time: 1520.Location: (-0.000, 17.010, 0.291)
.lookAheadPoint: (0.000, 40.000)
.Accelerate
0.500,0.430,0.000
0.430,0.430,0.516,0.499,17.000
.Time: 1530.Location: (-0.013, 17.310, 0.146)
.lookAheadPoint: (0.000, 40.000)
.Accelerate
0.500,0.433,0.000
0.433,0.433,0.524,0.504,17.000
.Time: 1540.Location: (0.029, 17.609, 0.582)
.lookAheadPoint: (0.000, 19.609)
.Accelerate
0.500,0.436,-0.015
0.388,0.485,0.535,0.506,18.000
.Time: 1550.Location: (0.046, 17.909, 0.728)
.lookAheadPoint: (0.000, 19.908)
.Accelerate
0.500,0.440,-0.023
0.363,0.516,0.538,0.537,18.000
.Time: 1560.Location: (0.036, 18.185, 0.582)
.lookAheadPoint: (0.000, 40.000)
.Accelerate
0.500,0.443,-0.000
0.442,0.443,0.514,0.542,18.000
.Time: 1570.Location: (0.039, 18.497, 0.582)
.lookAheadPoint: (0.000, 40.000)
.Accelerate
0.500,0.446,-0.000
0.446,0.447,0.503,0.558,18.000
.Time: 1580.Location: (0.056, 18.797, 0.728)
.lookAheadPoint: (0.000, 20.796)
.Accelerate
0.500,0.450,-0.028
0.355,0.544,0.527,0.542,19.000
.Time: 1590.Location: (0.060, 19.133, 0.728)
.lookAheadPoint: (0.000, 40.000)
.Accelerate
0.500,0.453,-0.000
0.452,0.454,0.543,0.541,19.000
.Time: 1600.Location: (0.050, 19.433, 0.582)
.lookAheadPoint: (0.000, 40.000)
.Accelerate
0.500,0.456,-0.000
0.455,0.457,0.518,0.561,19.000
.Time: 1610.Location: (0.054, 19.745, 0.582)
.lookAheadPoint: (0.000, 21.744)
.Accelerate
0.500,0.459,-0.027
0.367,0.552,0.553,0.556,20.000
.Time: 1620.Location: (0.029, 20.081, 0.291)
.lookAheadPoint: (0.000, 40.000)
.Accelerate
0.500,0.463,-0.000
0.462,0.463,0.547,0.583,20.000
.Time: 1630.Location: (0.045, 20.405, 0.437)
.lookAheadPoint: (0.000, 40.000)
.Accelerate
0.500,0.466,-0.000
0.465,0.467,0.543,0.604,20.000
.Time: 1640.Location: (0.047, 20.693, 0.437)
.lookAheadPoint: (0.000, 22.692)
.Accelerate
0.500,0.469,-0.023
0.387,0.552,0.550,0.585,21.000
.Time: 1650.Location: (0.021, 21.029, 0.146)
.lookAheadPoint: (0.000, 40.000)
.Accelerate
0.500,0.473,-0.000
0.472,0.473,0.548,0.572,21.000
.Time: 1660.Location: (0.022, 21.365, 0.146)
.lookAheadPoint: (0.000, 40.000)
.Accelerate
0.500,0.476,-0.000
0.476,0.476,0.540,0.614,21.000
.Time: 1670.Location: (0.037, 21.712, 0.291)
.lookAheadPoint: (0.000, 23.712)
.Accelerate
0.500,0.479,-0.019
0.412,0.546,0.550,0.590,22.000
.Time: 1680.Location: (0.025, 22.036, 0.146)
.lookAheadPoint: (0.000, 40.000)
.Accelerate
0.500,0.483,-0.000
0.482,0.483,0.550,0.591,22.000
.Time: 1690.Location: (-0.002, 22.372, 359.854)
.lookAheadPoint: (0.000, 40.000)
.Accelerate
0.500,0.486,0.000
0.486,0.486,0.551,0.604,22.000
.Time: 1700.Location: (-0.003, 22.708, 359.854)
.lookAheadPoint: (0.000, 24.708)
.Accelerate
0.500,0.489,0.002
0.495,0.484,0.569,0.602,23.000
.Time: 1710.Location: (-0.004, 23.044, 359.854)
.lookAheadPoint: (0.000, 40.000)
.Accelerate
0.500,0.492,0.000
0.493,0.492,0.579,0.595,23.000
.Time: 1720.Location: (-0.047, 23.392, 359.418)
.lookAheadPoint: (0.000, 40.000)
.Accelerate
0.500,0.496,0.000
0.497,0.495,0.585,0.605,23.000
.Time: 1730.Location: (-0.050, 23.728, 359.418)
.lookAheadPoint: (0.000, 25.727)
.Accelerate
0.500,0.499,0.025
0.593,0.405,0.592,0.602,24.000
.Time: 1740.Location: (-0.016, 24.076, 359.563)
.lookAheadPoint: (0.000, 40.000)
0.500,0.500,0.000
0.500,0.500,0.587,0.600,24.000
.Time: 1750.Location: (-0.018, 24.412, 359.563)
.lookAheadPoint: (0.000, 40.000)
0.500,0.500,0.000
0.501,0.499,0.592,0.587,24.000
.Time: 1760.Location: (-0.049, 24.747, 359.272)
.lookAheadPoint: (0.000, 26.747)
0.500,0.500,0.024
0.592,0.408,0.579,0.612,25.000
.Time: 1770.Location: (-0.067, 25.095, 359.127)
.lookAheadPoint: (0.000, 40.000)
0.500,0.500,0.001
0.502,0.498,0.588,0.620,25.000
.Time: 1780.Location: (-0.072, 25.431, 359.127)
.lookAheadPoint: (0.000, 40.000)
0.500,0.500,0.001
0.503,0.497,0.593,0.600,25.000
.Time: 1790.Location: (-0.092, 25.803, 358.981)
.lookAheadPoint: (0.000, 27.800)
.Decelerate
0.484,0.497,0.046
0.668,0.325,0.580,0.602,26.000
.Time: 1800.Location: (-0.098, 26.139, 358.981)
.lookAheadPoint: (0.000, 40.000)
.Decelerate
0.484,0.493,0.001
0.497,0.490,0.610,0.596,26.000
.Time: 1810.Location: (-0.105, 26.498, 358.981)
.lookAheadPoint: (0.000, 40.000)
.Decelerate
0.484,0.490,0.001
0.494,0.486,0.601,0.560,26.000
.Time: 1820.Location: (-0.083, 26.835, 359.272)
.lookAheadPoint: (0.000, 28.833)
.Decelerate
0.467,0.487,0.041
0.638,0.336,0.606,0.592,27.000
.Time: 1830.Location: (-0.129, 27.182, 358.836)
.lookAheadPoint: (0.000, 40.000)
.Decelerate
0.467,0.483,0.002
0.489,0.478,0.608,0.604,27.000
.Time: 1840.Location: (-0.122, 27.530, 358.981)
.lookAheadPoint: (0.000, 29.526)
.Decelerate
0.449,0.480,0.061
0.700,0.260,0.614,0.566,28.000
.Time: 1850.Location: (-0.128, 27.866, 358.981)
.lookAheadPoint: (0.000, 29.862)
.Decelerate
0.449,0.477,0.064
0.706,0.248,0.604,0.565,28.000
.Time: 1860.Location: (-0.134, 28.226, 358.981)
.lookAheadPoint: (0.000, 40.000)
.Decelerate
0.449,0.474,0.002
0.480,0.467,0.659,0.519,28.000
.Time: 1870.Location: (-0.141, 28.586, 358.981)
.lookAheadPoint: (0.000, 30.581)
.Decelerate
0.429,0.470,0.070
0.719,0.222,0.657,0.469,29.000
.Time: 1880.Location: (-0.147, 28.921, 358.981)
.lookAheadPoint: (0.000, 30.916)
.Decelerate
0.429,0.467,0.073
0.724,0.210,0.617,0.445,29.000
.Time: 1890.Location: (-0.097, 29.258, 359.563)
.lookAheadPoint: (0.000, 40.000)
.Decelerate
0.429,0.464,0.002
0.470,0.458,0.656,0.411,29.000
.Time: 1900.Location: (-0.114, 29.629, 359.418)
.lookAheadPoint: (0.000, 31.626)
.Decelerate
0.409,0.460,0.057
0.657,0.264,0.667,0.392,30.000
.Time: 1910.Location: (-0.132, 30.001, 359.272)
.lookAheadPoint: (0.000, 31.997)
.Decelerate
0.409,0.457,0.066
0.683,0.231,0.648,0.439,30.000
.Time: 1920.Location: (-0.080, 30.337, 359.854)
.lookAheadPoint: (0.000, 40.000)
.Decelerate
0.409,0.454,0.002
0.460,0.448,0.678,0.424,30.000
.Time: 1930.Location: (-0.053, 30.697, 0.146)
.lookAheadPoint: (0.000, 32.696)
.Decelerate
0.388,0.450,0.026
0.540,0.361,0.698,0.424,31.000
.Time: 1940.Location: (-0.052, 31.033, 0.146)
.lookAheadPoint: (0.000, 40.000)
.Decelerate
0.388,0.447,0.001
0.452,0.443,0.645,0.492,31.000
.Time: 1950.Location: (-0.009, 31.380, 0.582)
.lookAheadPoint: (0.000, 40.000)
.Decelerate
0.388,0.444,0.000
0.445,0.443,0.654,0.497,31.000
.Time: 1960.Location: (0.036, 31.727, 1.019)
.lookAheadPoint: (0.000, 33.727)
.Decelerate
0.366,0.441,-0.018
0.380,0.501,0.635,0.574,32.000
.Time: 1970.Location: (0.061, 32.075, 1.455)
.lookAheadPoint: (0.000, 40.000)
.Decelerate
0.366,0.437,-0.002
0.431,0.444,0.619,0.608,32.000
.Time: 1980.Location: (0.097, 32.410, 1.746)
.lookAheadPoint: (0.000, 40.000)
.Decelerate
0.366,0.434,-0.003
0.423,0.445,0.606,0.621,32.000
.Time: 1990.Location: (0.139, 32.744, 2.328)
.lookAheadPoint: (0.000, 34.739)
.Decelerate
0.343,0.431,-0.070
0.206,0.656,0.597,0.623,33.000
.Time: 2000.Location: (0.170, 33.067, 2.765)
.lookAheadPoint: (0.000, 40.000)
.Decelerate
0.343,0.427,-0.007
0.405,0.450,0.570,0.636,33.000
.Time: 2010.Location: (0.213, 33.377, 3.056)
.lookAheadPoint: (0.000, 40.000)
.Decelerate
0.343,0.424,-0.010
0.393,0.455,0.526,0.645,33.000
.Time: 2020.Location: (0.209, 33.690, 3.347)
.lookAheadPoint: (0.000, 35.679)
.Decelerate
0.317,0.421,-0.105
0.090,0.751,0.484,0.624,34.000
.Time: 2030.Location: (0.270, 34.010, 3.783)
.lookAheadPoint: (0.000, 35.992)
.Decelerate
0.317,0.417,-0.135
-0.005,0.840,0.457,0.579,34.000
.Time: 2040.Location: (0.292, 34.345, 3.783)
.lookAheadPoint: (0.000, 40.000)
.Decelerate
0.317,0.414,-0.018
0.358,0.471,0.374,0.599,34.000
.Time: 2050.Location: (0.328, 34.668, 3.929)
.lookAheadPoint: (0.000, 36.641)
.Decelerate
0.290,0.411,-0.164
-0.094,0.916,0.235,0.589,35.000
.Time: 2060.Location: (0.349, 34.979, 3.929)
.lookAheadPoint: (0.000, 36.948)
.Decelerate
0.290,0.408,-0.174
-0.126,0.941,0.254,0.538,35.000
.Time: 2070.Location: (0.328, 35.281, 3.492)
.lookAheadPoint: (0.000, 40.000)
.Decelerate
0.290,0.404,-0.029
0.315,0.493,0.149,0.604,35.000
.Time: 2080.Location: (0.305, 35.582, 3.056)
.lookAheadPoint: (0.000, 37.559)
.Decelerate
0.259,0.401,-0.152
-0.057,0.859,0.115,0.624,36.000
.Time: 2090.Location: (0.238, 35.896, 2.183)
.lookAheadPoint: (0.000, 37.882)
.Decelerate
0.259,0.398,-0.119
0.043,0.753,0.154,0.584,36.000
.Time: 2100.Location: (0.166, 36.185, 1.310)
.lookAheadPoint: (0.000, 40.000)
.Decelerate
0.259,0.394,-0.023
0.327,0.462,0.137,0.649,36.000
.Time: 2110.Location: (0.114, 36.425, 0.437)
.lookAheadPoint: (0.000, 40.000)
.Decelerate
0.259,0.391,-0.018
0.339,0.443,0.142,0.643,36.000
.Time: 2120.Location: (0.066, 36.652, 359.127)
.lookAheadPoint: (0.000, 38.651)
.Decelerate
0.224,0.388,-0.033
0.292,0.484,0.187,0.602,37.000
.Time: 2130.Location: (0.036, 36.879, 357.817)
.lookAheadPoint: (0.000, 38.879)
.Decelerate
0.224,0.384,-0.018
0.332,0.437,0.328,0.605,37.000
.Time: 2140.Location: (0.018, 37.070, 356.653)
.lookAheadPoint: (0.000, 40.000)
.Decelerate
0.224,0.381,-0.004
0.369,0.393,0.353,0.603,37.000
.Time: 2150.Location: (-0.009, 37.309, 355.489)
.lookAheadPoint: (0.000, 40.000)
.Decelerate
0.224,0.378,0.003
0.385,0.371,0.386,0.588,37.000
.Time: 2160.Location: (-0.041, 37.547, 354.325)
.lookAheadPoint: (0.000, 40.000)
.Decelerate
0.183,0.375,0.014
0.413,0.336,0.427,0.568,38.000
.Time: 2170.Location: (-0.030, 37.729, 353.598)
.lookAheadPoint: (0.000, 40.000)
.Decelerate
0.183,0.371,0.012
0.404,0.339,0.415,0.534,38.000
.Time: 2180.Location: (-0.069, 37.966, 352.434)
.lookAheadPoint: (0.000, 40.000)
.Decelerate
0.183,0.368,0.034
0.461,0.275,0.389,0.515,38.000
.Time: 2190.Location: (-0.095, 38.168, 351.415)
.lookAheadPoint: (0.000, 40.000)
.Decelerate
0.183,0.365,0.056
0.519,0.211,0.378,0.488,38.000
.Time: 2200.Location: (-0.093, 38.412, 350.542)
.lookAheadPoint: (0.000, 40.000)
.Decelerate
0.183,0.361,0.073
0.560,0.163,0.376,0.450,38.000
.Time: 2210.Location: (-0.126, 38.638, 349.815)
.lookAheadPoint: (0.000, 40.000)
.Decelerate
0.129,0.358,0.135
0.720,-0.004,0.381,0.401,39.000
.Time: 2220.Location: (-0.132, 38.906, 349.233)
.lookAheadPoint: (0.000, 40.000)
.Decelerate
0.129,0.355,0.218
0.935,-0.225,0.397,0.343,39.000
.Time: 2230.Location: (-0.150, 39.183, 349.087)
.lookAheadPoint: (0.000, 40.000)
.Decelerate
0.129,0.351,0.436
1.502,-0.799,0.404,0.208,39.000
.Time: 2240.Location: (-0.126, 39.456, 349.378)
.lookAheadPoint: (0.000, 40.000)
.Decelerate
0.129,0.348,0.810
2.464,-1.768,0.483,0.158,39.000
.Time: 2250.Location: (-0.132, 39.748, 349.378)
WARNING - pros.serial.terminal.terminal:stop - Stopping terminal
WARNING - pros.serial.terminal.terminal:reader - Connection to COM7 broken
