.velList #0: 0.000
.velList #1: 0.159
.velList #2: 0.225
.velList #3: 0.276
.velList #4: 0.319
.velList #5: 0.356
.velList #6: 0.390
.velList #7: 0.422
.velList #8: 0.451
.velList #9: 0.478
.velList #10: 0.504
.velList #11: 0.478
.velList #12: 0.451
.velList #13: 0.422
.velList #14: 0.390
.velList #15: 0.356
.velList #16: 0.319
.velList #17: 0.276
.velList #18: 0.225
.velList #19: 0.159
.velList #20: 0.000
0.159,0.000
.Accelerate
0.005,0.005,0.000,-0.000,1.000
0.159,0.005
.Accelerate
0.010,0.010,0.000,-0.000,1.000
0.159,0.010
.Accelerate
0.015,0.015,0.000,-0.000,1.000
0.159,0.015
.Accelerate
0.020,0.020,0.000,-0.000,1.000
0.159,0.020
.Accelerate
0.025,0.025,0.000,-0.000,1.000
0.159,0.025
.Accelerate
0.030,0.030,0.009,0.104,1.000
0.159,0.030
.Accelerate
0.035,0.035,0.009,0.025,1.000
0.159,0.035
.Accelerate
0.040,0.040,0.009,0.025,1.000
0.159,0.040
.Accelerate
0.045,0.045,0.009,0.017,1.000
0.159,0.045
.Accelerate
0.050,0.050,0.014,0.019,1.000
0.159,0.050
.Accelerate
0.055,0.055,0.027,0.020,1.000
0.159,0.055
.Accelerate
0.060,0.060,0.033,0.023,1.000
0.159,0.060
.Accelerate
0.065,0.065,0.036,0.025,1.000
0.159,0.065
.Accelerate
0.070,0.070,0.041,0.027,1.000
0.159,0.070
.Accelerate
0.075,0.075,0.051,0.027,1.000
0.159,0.075
.Accelerate
0.080,0.080,0.057,0.027,1.000
0.159,0.080
.Accelerate
0.085,0.085,0.060,0.031,1.000
0.159,0.085
.Accelerate
0.092,0.088,0.067,0.034,1.000
0.159,0.090
.Accelerate
0.100,0.090,0.073,0.039,1.000
0.159,0.095
.Accelerate
0.105,0.095,0.077,0.039,1.000
0.159,0.100
.Accelerate
0.113,0.097,0.077,0.038,1.000
0.159,0.105
.Accelerate
0.121,0.099,0.077,0.040,1.000
0.159,0.110
.Accelerate
0.129,0.101,0.078,0.048,1.000
0.159,0.115
.Accelerate
0.137,0.103,0.078,0.058,1.000
0.159,0.120
.Accelerate
0.149,0.101,0.077,0.058,1.000
0.159,0.125
.Accelerate
0.155,0.105,0.072,0.059,1.000
0.159,0.130
.Accelerate
0.168,0.102,0.081,0.062,1.000
0.159,0.135
.Accelerate
0.174,0.106,0.096,0.065,1.000
0.159,0.140
.Accelerate
0.177,0.113,0.113,0.074,1.000
0.159,0.145
.Accelerate
0.187,0.113,0.132,0.079,1.000
0.159,0.150
.Accelerate
0.186,0.124,0.140,0.086,1.000
0.159,0.155
0.196,0.123,0.145,0.089,1.000
0.159,0.159
0.200,0.119,0.148,0.100,1.000
0.159,0.159
0.193,0.126,0.163,0.105,1.000
0.159,0.159
0.197,0.122,0.171,0.107,1.000
0.159,0.159
0.197,0.121,0.175,0.117,1.000
0.159,0.159
0.198,0.121,0.172,0.120,1.000
0.159,0.159
0.195,0.124,0.167,0.124,1.000
0.159,0.159
0.195,0.123,0.171,0.129,1.000
0.159,0.159
0.192,0.127,0.183,0.131,1.000
0.159,0.159
0.160,0.159,0.191,0.129,1.000
0.159,0.159
0.160,0.159,0.185,0.133,1.000
0.159,0.159
0.160,0.159,0.172,0.142,1.000
0.159,0.159
0.160,0.159,0.164,0.146,1.000
0.159,0.159
0.160,0.159,0.162,0.150,1.000
0.159,0.159
0.160,0.159,0.163,0.152,1.000
0.225,0.159
.Accelerate
0.193,0.136,0.164,0.162,2.000
0.225,0.164
.Accelerate
0.199,0.140,0.162,0.161,2.000
0.225,0.169
.Accelerate
0.205,0.144,0.173,0.157,2.000
0.225,0.174
.Accelerate
0.216,0.143,0.186,0.158,2.000
0.225,0.179
.Accelerate
0.232,0.137,0.193,0.164,2.000
0.225,0.184
.Accelerate
0.190,0.189,0.203,0.167,2.000
0.225,0.189
.Accelerate
0.195,0.194,0.213,0.168,2.000
0.225,0.194
.Accelerate
0.200,0.199,0.197,0.185,2.000
0.225,0.199
.Accelerate
0.205,0.204,0.202,0.199,2.000
0.225,0.204
.Accelerate
0.210,0.209,0.202,0.197,2.000
0.276,0.209
.Accelerate
0.263,0.165,0.209,0.201,3.000
0.276,0.214
.Accelerate
0.270,0.169,0.221,0.205,3.000
0.276,0.219
.Accelerate
0.277,0.172,0.257,0.198,3.000
0.276,0.224
.Accelerate
0.284,0.175,0.275,0.191,3.000
0.276,0.229
.Accelerate
0.297,0.172,0.279,0.197,3.000
0.276,0.234
.Accelerate
0.240,0.238,0.282,0.203,3.000
0.276,0.239
.Accelerate
0.245,0.243,0.279,0.211,3.000
0.276,0.244
.Accelerate
0.250,0.248,0.258,0.252,3.000
0.319,0.249
.Accelerate
0.314,0.195,0.265,0.267,4.000
0.319,0.254
.Accelerate
0.315,0.204,0.281,0.252,4.000
0.319,0.259
.Accelerate
0.321,0.207,0.321,0.225,4.000
0.319,0.264
.Accelerate
0.328,0.211,0.335,0.220,4.000
0.319,0.269
.Accelerate
0.275,0.274,0.347,0.234,4.000
0.319,0.274
.Accelerate
0.280,0.279,0.345,0.253,4.000
0.319,0.279
.Accelerate
0.285,0.283,0.331,0.296,4.000
0.356,0.284
.Accelerate
0.341,0.238,0.321,0.311,5.000
0.356,0.289
.Accelerate
0.340,0.249,0.333,0.306,5.000
0.356,0.294
.Accelerate
0.331,0.268,0.370,0.289,5.000
0.356,0.299
.Accelerate
0.305,0.304,0.385,0.287,5.000
0.356,0.304
.Accelerate
0.310,0.309,0.380,0.310,5.000
0.356,0.309
.Accelerate
0.315,0.314,0.379,0.333,5.000
0.390,0.314
.Accelerate
0.352,0.286,0.373,0.366,6.000
0.390,0.319
.Accelerate
0.366,0.283,0.386,0.360,6.000
0.390,0.324
.Accelerate
0.330,0.329,0.397,0.341,6.000
0.390,0.329
.Accelerate
0.335,0.334,0.394,0.348,6.000
0.390,0.334
.Accelerate
0.340,0.339,0.401,0.384,6.000
0.422,0.339
.Accelerate
0.379,0.310,0.415,0.401,7.000
0.422,0.344
.Accelerate
0.384,0.315,0.426,0.402,7.000
0.422,0.349
.Accelerate
0.356,0.353,0.454,0.394,7.000
0.422,0.354
.Accelerate
0.361,0.358,0.465,0.394,7.000
0.422,0.359
.Accelerate
0.366,0.363,0.435,0.411,7.000
0.451,0.364
.Accelerate
0.435,0.304,0.435,0.420,8.000
0.451,0.369
.Accelerate
0.432,0.317,0.462,0.426,8.000
0.451,0.374
.Accelerate
0.381,0.377,0.480,0.423,8.000
0.451,0.379
.Accelerate
0.387,0.382,0.491,0.425,8.000
0.478,0.384
.Accelerate
0.482,0.297,0.493,0.438,9.000
0.478,0.389
.Accelerate
0.480,0.309,0.514,0.453,9.000
0.478,0.394
.Accelerate
0.402,0.397,0.535,0.427,9.000
0.478,0.399
.Accelerate
0.408,0.401,0.527,0.428,9.000
0.504,0.404
.Accelerate
0.523,0.295,0.518,0.464,10.000
0.504,0.409
.Accelerate
0.511,0.318,0.513,0.476,10.000
0.504,0.414
.Accelerate
0.425,0.414,0.541,0.440,10.000
0.504,0.419
.Accelerate
0.429,0.419,0.569,0.438,10.000
0.478,0.424
.Accelerate
0.559,0.300,0.553,0.476,11.000
0.478,0.429
.Accelerate
0.579,0.290,0.577,0.494,11.000
0.478,0.434
.Accelerate
0.447,0.432,0.559,0.456,11.000
0.478,0.439
.Accelerate
0.452,0.437,0.555,0.443,11.000
0.451,0.444
.Accelerate
0.597,0.302,0.543,0.508,12.000
0.451,0.449
0.614,0.288,0.558,0.513,12.000
0.451,0.451
0.462,0.440,0.617,0.465,12.000
0.422,0.451
.Decelerate
0.591,0.301,0.629,0.459,13.000
0.422,0.446
.Decelerate
0.587,0.295,0.592,0.498,13.000
0.422,0.441
.Decelerate
0.447,0.424,0.656,0.479,13.000
0.422,0.436
.Decelerate
0.443,0.418,0.655,0.471,13.000
0.390,0.431
.Decelerate
0.561,0.290,0.600,0.526,14.000
0.390,0.426
.Decelerate
0.535,0.307,0.612,0.517,14.000
0.390,0.421
.Decelerate
0.428,0.403,0.607,0.466,14.000
0.356,0.416
.Decelerate
0.533,0.288,0.604,0.463,15.000
0.356,0.411
.Decelerate
0.507,0.304,0.588,0.487,15.000
0.356,0.406
.Decelerate
0.414,0.387,0.607,0.469,15.000
0.356,0.401
.Decelerate
0.409,0.383,0.598,0.459,15.000
0.319,0.396
.Decelerate
0.465,0.316,0.583,0.493,16.000
0.319,0.391
.Decelerate
0.406,0.365,0.572,0.515,16.000
0.319,0.386
.Decelerate
0.400,0.362,0.579,0.478,16.000
0.276,0.381
.Decelerate
0.417,0.334,0.565,0.479,17.000
0.276,0.376
.Decelerate
0.417,0.324,0.537,0.483,17.000
0.276,0.371
.Decelerate
0.396,0.336,0.565,0.468,17.000
0.225,0.366
.Decelerate
0.390,0.332,0.540,0.459,18.000
0.225,0.361
.Decelerate
0.372,0.340,0.557,0.470,18.000
0.225,0.356
.Decelerate
0.365,0.336,0.539,0.476,18.000
0.225,0.351
.Decelerate
0.385,0.307,0.525,0.468,18.000
0.159,0.346
.Decelerate
0.327,0.355,0.514,0.463,19.000
0.159,0.341
.Decelerate
0.291,0.381,0.520,0.466,19.000
0.159,0.336
.Decelerate
0.104,0.558,0.489,0.477,19.000