


         _+=+_
      .-`  .  `-.          8888888b.  8888888b.   .d88888b.   .d8888b.
   _+`     "     `+_       888   Y88b 888   Y88b d88P" "Y88b d88P  Y88b
  \\\sssssssssssss///      888    888 888    888 888     888 Y88b.
     .ss\  *  /ss.         888   d88P 888   d88P 888     888  "Y888b.
 .+bm  .s  *  s.  md+.     8888888P"  8888888P"  888     888     "Y88b.
.hMMMMs .  *  . sMMMMh.    888        888 T88b   888     888       "888
 `\hMMMb \ | / dMMMh:      888        888  T88b  Y88b. .d88P Y88b  d88P
   -SNMNo  -  oNMNs-       888        888   T88b  "Y88888P"   "Y8888P"
     `+dMh\./dMd/
        `:yNy:`                      Powered by PROS for VEX V5
           "                Copyright (c) Purdue University ACM SIGBots
Version:        3.2.1     Platform:  V1.0.11 (b70)     Uptime:    0.000 s
Compiled:                Unknown     Directory:                 Unknown


.velList #0: 0.000
.velList #1: 0.129
.velList #2: 0.183
.velList #3: 0.224
.velList #4: 0.259
.velList #5: 0.290
.velList #6: 0.317
.velList #7: 0.343
.velList #8: 0.366
.velList #9: 0.388
.velList #10: 0.409
.velList #11: 0.429
.velList #12: 0.449
.velList #13: 0.467
.velList #14: 0.484
.velList #15: 0.500
.velList #16: 0.500
.velList #17: 0.500
.velList #18: 0.500
.velList #19: 0.500
.velList #20: 0.500
.velList #21: 0.500
.velList #22: 0.500
.velList #23: 0.500
.velList #24: 0.500
.velList #25: 0.500
.velList #26: 0.484
.velList #27: 0.467
.velList #28: 0.449
.velList #29: 0.429
.velList #30: 0.409
.velList #31: 0.388
.velList #32: 0.366
.velList #33: 0.343
.velList #34: 0.317
.velList #35: 0.290
.velList #36: 0.259
.velList #37: 0.224
.velList #38: 0.183
.velList #39: 0.129
.velList #40: 0.000
.Time: .Location: (0.000, 0.000, 0.000)
.lookAheadPoint: (0.000, 2.000)
.Accelerate
0.129,0.003,0.000
0.003,0.003,0.000,-0.000,1.000
.Time: 10.Location: (0.000, 0.000, 0.000)
.lookAheadPoint: (0.000, 2.000)
.Accelerate
0.129,0.007,0.000
0.007,0.007,0.000,-0.000,1.000
.Time: 20.Location: (0.000, 0.000, 0.000)
.lookAheadPoint: (0.000, 2.000)
.Accelerate
0.129,0.010,0.000
0.010,0.010,0.000,-0.000,1.000
.Time: 30.Location: (0.000, 0.000, 0.000)
.lookAheadPoint: (0.000, 2.000)
.Accelerate
0.129,0.013,0.000
0.013,0.013,0.000,-0.000,1.000
.Time: 40.Location: (0.000, 0.000, 0.000)
.lookAheadPoint: (0.000, 2.000)
.Accelerate
0.129,0.017,0.000
0.017,0.017,0.000,-0.000,1.000
.Time: 50.Location: (0.000, 0.000, 0.000)
.lookAheadPoint: (0.000, 2.000)
.Accelerate
0.129,0.020,0.000
0.020,0.020,0.000,-0.000,1.000
.Time: 60.Location: (0.000, 0.000, 0.000)
.lookAheadPoint: (0.000, 2.000)
.Accelerate
0.129,0.023,0.000
0.023,0.023,0.000,-0.000,1.000
.Time: 70.Location: (0.000, 0.000, 0.000)
.lookAheadPoint: (0.000, 2.000)
.Accelerate
0.129,0.026,0.000
0.026,0.026,0.021,-0.000,1.000
.Time: 80.Location: (0.000, 0.000, 0.000)
.lookAheadPoint: (0.000, 2.000)
.Accelerate
0.129,0.030,0.000
0.030,0.030,0.021,-0.000,1.000
.Time: 90.Location: (0.000, 0.000, 0.000)
.lookAheadPoint: (0.000, 2.000)
.Accelerate
0.129,0.033,0.000
0.033,0.033,0.021,-0.000,1.000
.Time: 100.Location: (0.000, 0.000, 0.000)
.lookAheadPoint: (0.000, 2.000)
.Accelerate
0.129,0.036,0.000
0.036,0.036,0.021,0.008,1.000
.Time: 110.Location: (0.000, 0.000, 0.000)
.lookAheadPoint: (0.000, 2.000)
.Accelerate
0.129,0.040,0.000
0.040,0.040,0.021,0.008,1.000
.Time: 120.Location: (0.000, 0.000, 0.000)
.lookAheadPoint: (0.000, 2.000)
.Accelerate
0.129,0.043,0.000
0.043,0.043,0.021,0.009,1.000
.Time: 130.Location: (0.000, 0.000, 0.000)
.lookAheadPoint: (0.000, 2.000)
.Accelerate
0.129,0.046,0.000
0.046,0.046,0.021,0.017,1.000
.Time: 140.Location: (0.000, 0.000, 0.000)
.lookAheadPoint: (0.000, 2.000)
.Accelerate
0.129,0.049,0.000
0.049,0.049,0.021,0.019,1.000
.Time: 150.Location: (0.000, 0.000, 0.000)
.lookAheadPoint: (0.000, 2.000)
.Accelerate
0.129,0.053,0.000
0.053,0.053,0.021,0.019,1.000
.Time: 160.Location: (0.000, 0.000, 0.000)
.lookAheadPoint: (0.000, 2.000)
.Accelerate
0.129,0.056,0.000
0.056,0.056,0.078,0.020,1.000
.Time: 170.Location: (0.000, 0.000, 0.000)
.lookAheadPoint: (0.000, 2.000)
.Accelerate
0.129,0.059,0.000
0.059,0.059,0.078,0.023,1.000
.Time: 180.Location: (0.000, 0.000, 0.000)
.lookAheadPoint: (0.000, 2.000)
.Accelerate
0.129,0.063,0.000
0.063,0.063,0.078,0.025,1.000
.Time: 190.Location: (0.000, 0.000, 0.000)
.lookAheadPoint: (0.000, 2.000)
.Accelerate
0.129,0.066,0.000
0.066,0.066,0.078,0.026,1.000
.Time: 200.Location: (0.000, 0.000, 0.000)
.lookAheadPoint: (0.000, 2.000)
.Accelerate
0.129,0.069,0.000
0.069,0.069,0.021,0.027,1.000
.Time: 210.Location: (0.000, 0.000, 0.000)
.lookAheadPoint: (0.000, 2.000)
.Accelerate
0.129,0.073,0.000
0.073,0.073,0.023,0.028,1.000
.Time: 220.Location: (0.000, 0.000, 0.000)
.lookAheadPoint: (0.000, 2.000)
.Accelerate
0.129,0.076,0.000
0.076,0.076,0.023,0.031,1.000
.Time: 230.Location: (0.000, 0.000, 0.000)
.lookAheadPoint: (0.000, 2.000)
.Accelerate
0.129,0.079,0.000
0.079,0.079,0.018,0.030,1.000
.Time: 240.Location: (0.000, 0.000, 0.000)
.lookAheadPoint: (0.000, 2.000)
.Accelerate
0.129,0.082,0.000
0.082,0.082,0.022,0.030,1.000
.Time: 250.Location: (0.000, 0.000, 0.000)
.lookAheadPoint: (0.000, 2.000)
.Accelerate
0.129,0.086,0.000
0.086,0.086,0.024,0.023,1.000
.Time: 260.Location: (0.000, 0.000, 0.000)
.lookAheadPoint: (0.000, 2.000)
.Accelerate
0.129,0.089,0.000
0.089,0.089,0.026,0.021,1.000
.Time: 270.Location: (0.000, 0.000, 0.000)
.lookAheadPoint: (0.000, 2.000)
.Accelerate
0.129,0.092,0.000
0.092,0.092,0.026,0.024,1.000
.Time: 280.Location: (0.013, 0.012, 0.146)
.lookAheadPoint: (0.000, 2.012)
.Accelerate
0.129,0.096,-0.006
0.091,0.100,0.026,0.024,1.000
.Time: 290.Location: (0.026, 0.024, 0.291)
.lookAheadPoint: (0.000, 2.024)
.Accelerate
0.129,0.099,-0.013
0.090,0.108,0.027,0.022,1.000
.Time: 300.Location: (0.013, 0.036, 0.146)
.lookAheadPoint: (0.000, 2.036)
.Accelerate
0.129,0.102,-0.006
0.097,0.107,0.031,0.026,1.000
.Time: 310.Location: (0.013, 0.060, 0.146)
.lookAheadPoint: (0.000, 2.060)
.Accelerate
0.129,0.106,-0.006
0.100,0.111,0.033,0.039,1.000
.Time: 320.Location: (0.013, 0.060, 0.146)
.lookAheadPoint: (0.000, 2.060)
.Accelerate
0.129,0.109,-0.006
0.104,0.114,0.033,0.044,1.000
.Time: 330.Location: (0.013, 0.084, 0.146)
.lookAheadPoint: (0.000, 2.084)
.Accelerate
0.129,0.112,-0.006
0.107,0.118,0.035,0.045,1.000
.Time: 340.Location: (0.000, 0.096, 0.000)
.lookAheadPoint: (0.000, 2.096)
.Accelerate
0.129,0.115,-0.000
0.115,0.116,0.040,0.049,1.000
.Time: 350.Location: (0.013, 0.132, 0.146)
.lookAheadPoint: (0.000, 2.132)
.Accelerate
0.129,0.119,-0.007
0.113,0.125,0.044,0.054,1.000
.Time: 360.Location: (0.013, 0.156, 0.146)
.lookAheadPoint: (0.000, 2.156)
.Accelerate
0.129,0.122,-0.007
0.116,0.128,0.049,0.057,1.000
.Time: 370.Location: (0.000, 0.168, 0.000)
.lookAheadPoint: (0.000, 2.168)
.Accelerate
0.129,0.125,-0.000
0.125,0.126,0.053,0.063,1.000
.Time: 380.Location: (0.000, 0.192, 0.000)
.lookAheadPoint: (0.000, 2.192)
.Accelerate
0.129,0.129,-0.000
0.128,0.129,0.056,0.070,1.000
.Time: 390.Location: (0.000, 0.240, 0.000)
.lookAheadPoint: (0.000, 2.240)
0.129,0.129,-0.000
0.129,0.130,0.062,0.073,1.000
.Time: 400.Location: (-0.012, 0.276, 359.854)
.lookAheadPoint: (0.000, 2.276)
0.129,0.129,0.006
0.136,0.123,0.068,0.073,1.000
.Time: 410.Location: (0.000, 0.336, 360.000)
.lookAheadPoint: (0.000, 2.336)
0.129,0.129,-0.000
0.129,0.130,0.072,0.077,1.000
.Time: 420.Location: (0.000, 0.384, 360.000)
.lookAheadPoint: (0.000, 2.384)
0.129,0.129,-0.000
0.129,0.130,0.076,0.078,1.000
.Time: 430.Location: (0.000, 0.432, 360.000)
.lookAheadPoint: (0.000, 2.432)
0.129,0.129,-0.000
0.129,0.130,0.083,0.082,1.000
.Time: 440.Location: (0.000, 0.480, 360.000)
.lookAheadPoint: (0.000, 2.480)
0.129,0.129,-0.000
0.129,0.130,0.091,0.087,1.000
.Time: 450.Location: (0.013, 0.540, 0.146)
.lookAheadPoint: (0.000, 2.540)
0.129,0.129,-0.007
0.123,0.136,0.096,0.090,1.000
.Time: 460.Location: (0.013, 0.612, 0.146)
.lookAheadPoint: (0.000, 2.612)
0.129,0.129,-0.007
0.123,0.136,0.102,0.094,1.000
.Time: 470.Location: (0.014, 0.660, 0.146)
.lookAheadPoint: (0.000, 2.660)
0.129,0.129,-0.007
0.123,0.136,0.102,0.099,1.000
.Time: 480.Location: (0.014, 0.732, 0.146)
.lookAheadPoint: (0.000, 2.732)
0.129,0.129,-0.007
0.123,0.136,0.101,0.101,1.000
.Time: 490.Location: (0.027, 0.792, 0.291)
.lookAheadPoint: (0.000, 2.791)
0.129,0.129,-0.013
0.116,0.143,0.102,0.101,1.000
.Time: 500.Location: (0.027, 0.840, 0.291)
.lookAheadPoint: (0.000, 2.839)
0.129,0.129,-0.014
0.116,0.143,0.108,0.103,1.000
.Time: 510.Location: (0.015, 0.924, 0.146)
.lookAheadPoint: (0.000, 2.924)
0.129,0.129,-0.007
0.122,0.137,0.108,0.109,1.000
.Time: 520.Location: (0.028, 0.983, 0.291)
.lookAheadPoint: (0.000, 2.983)
0.129,0.129,-0.014
0.116,0.143,0.107,0.111,1.000
.Time: 530.Location: (0.028, 1.031, 0.291)
.lookAheadPoint: (0.000, 40.000)
0.129,0.129,-0.000
0.129,0.130,0.109,0.112,1.000
.Time: 540.Location: (0.015, 1.115, 0.146)
.lookAheadPoint: (0.000, 40.000)
0.129,0.129,-0.000
0.129,0.129,0.109,0.118,1.000
.Time: 550.Location: (0.028, 1.175, 0.291)
.lookAheadPoint: (0.000, 40.000)
0.129,0.129,-0.000
0.129,0.130,0.113,0.113,1.000
.Time: 560.Location: (0.016, 1.235, 0.146)
.lookAheadPoint: (0.000, 40.000)
0.129,0.129,-0.000
0.129,0.129,0.117,0.111,1.000
.Time: 570.Location: (0.003, 1.295, 0.000)
.lookAheadPoint: (0.000, 40.000)
0.129,0.129,-0.000
0.129,0.129,0.121,0.112,1.000
.Time: 580.Location: (0.003, 1.343, 0.000)
.lookAheadPoint: (0.000, 40.000)
0.129,0.129,-0.000
0.129,0.129,0.121,0.112,1.000
.Time: 590.Location: (0.003, 1.415, 0.000)
.lookAheadPoint: (0.000, 40.000)
0.129,0.129,-0.000
0.129,0.129,0.117,0.113,1.000
.Time: 600.Location: (0.003, 1.487, 0.000)
.lookAheadPoint: (0.000, 40.000)
0.129,0.129,-0.000
0.129,0.129,0.117,0.113,1.000
.Time: 610.Location: (-0.010, 1.547, 359.854)
.lookAheadPoint: (0.000, 3.547)
.Accelerate
0.183,0.133,0.005
0.138,0.128,0.117,0.111,2.000
.Time: 620.Location: (0.003, 1.631, 360.000)
.lookAheadPoint: (0.000, 3.631)
.Accelerate
0.183,0.136,-0.001
0.135,0.138,0.118,0.111,2.000
.Time: 630.Location: (-0.023, 1.703, 359.709)
.lookAheadPoint: (0.000, 3.703)
.Accelerate
0.183,0.139,0.012
0.151,0.127,0.115,0.108,2.000
.Time: 640.Location: (0.002, 1.775, 360.000)
.lookAheadPoint: (0.000, 3.775)
.Accelerate
0.183,0.143,-0.001
0.141,0.144,0.113,0.109,2.000
.Time: 650.Location: (-0.024, 1.847, 359.709)
.lookAheadPoint: (0.000, 3.847)
.Accelerate
0.183,0.146,0.012
0.159,0.133,0.118,0.106,2.000
.Time: 660.Location: (-0.011, 1.907, 359.854)
.lookAheadPoint: (0.000, 3.907)
.Accelerate
0.183,0.149,0.005
0.155,0.143,0.125,0.112,2.000
.Time: 670.Location: (0.002, 1.967, 360.000)
.lookAheadPoint: (0.000, 3.967)
.Accelerate
0.183,0.153,-0.001
0.151,0.154,0.129,0.116,2.000
.Time: 680.Location: (-0.011, 2.027, 359.854)
.lookAheadPoint: (0.000, 40.000)
.Accelerate
0.183,0.156,0.000
0.156,0.156,0.128,0.114,2.000
.Time: 690.Location: (-0.011, 2.099, 359.854)
.lookAheadPoint: (0.000, 40.000)
.Accelerate
0.183,0.159,0.000
0.159,0.159,0.130,0.120,2.000
.Time: 700.Location: (0.002, 2.159, 360.000)
.lookAheadPoint: (0.000, 40.000)
.Accelerate
0.183,0.162,-0.000
0.162,0.162,0.132,0.123,2.000
.Time: 710.Location: (0.002, 2.255, 360.000)
.lookAheadPoint: (0.000, 40.000)
.Accelerate
0.183,0.166,-0.000
0.166,0.166,0.137,0.121,2.000
.Time: 720.Location: (-0.011, 2.315, 359.854)
.lookAheadPoint: (0.000, 40.000)
.Accelerate
0.183,0.169,0.000
0.169,0.169,0.144,0.126,2.000
.Time: 730.Location: (0.001, 2.399, 360.000)
.lookAheadPoint: (0.000, 40.000)
.Accelerate
0.183,0.172,-0.000
0.172,0.172,0.146,0.131,2.000
.Time: 740.Location: (0.001, 2.471, 360.000)
.lookAheadPoint: (0.000, 40.000)
.Accelerate
0.183,0.176,-0.000
0.176,0.176,0.152,0.134,2.000
.Time: 750.Location: (0.001, 2.543, 360.000)
.lookAheadPoint: (0.000, 4.543)
.Accelerate
0.224,0.179,-0.001
0.178,0.180,0.154,0.141,3.000
.Time: 760.Location: (0.001, 2.639, 360.000)
.lookAheadPoint: (0.000, 4.639)
.Accelerate
0.224,0.182,-0.001
0.181,0.183,0.155,0.145,3.000
.Time: 770.Location: (0.014, 2.723, 0.146)
.lookAheadPoint: (0.000, 4.723)
.Accelerate
0.224,0.186,-0.007
0.176,0.196,0.158,0.150,3.000
.Time: 780.Location: (0.015, 2.819, 0.146)
.lookAheadPoint: (0.000, 4.819)
.Accelerate
0.224,0.189,-0.007
0.178,0.199,0.164,0.155,3.000
.Time: 790.Location: (0.015, 2.915, 0.146)
.lookAheadPoint: (0.000, 4.915)
.Accelerate
0.224,0.192,-0.007
0.181,0.203,0.166,0.168,3.000
.Time: 800.Location: (0.028, 3.022, 0.291)
.lookAheadPoint: (0.000, 40.000)
.Accelerate
0.224,0.195,-0.000
0.195,0.196,0.163,0.174,3.000
.Time: 810.Location: (0.016, 3.130, 0.146)
.lookAheadPoint: (0.000, 40.000)
.Accelerate
0.224,0.199,-0.000
0.199,0.199,0.168,0.175,3.000
.Time: 820.Location: (0.016, 3.226, 0.146)
.lookAheadPoint: (0.000, 40.000)
.Accelerate
0.224,0.202,-0.000
0.202,0.202,0.177,0.178,3.000
.Time: 830.Location: (0.016, 3.322, 0.146)
.lookAheadPoint: (0.000, 40.000)
.Accelerate
0.224,0.205,-0.000
0.205,0.205,0.186,0.177,3.000
.Time: 840.Location: (0.016, 3.418, 0.146)
.lookAheadPoint: (0.000, 40.000)
.Accelerate
0.224,0.209,-0.000
0.209,0.209,0.192,0.182,3.000
.Time: 850.Location: (0.030, 3.526, 0.291)
.lookAheadPoint: (0.000, 5.526)
.Accelerate
0.259,0.212,-0.015
0.188,0.236,0.201,0.191,4.000
.Time: 860.Location: (0.030, 3.622, 0.291)
.lookAheadPoint: (0.000, 5.622)
.Accelerate
0.259,0.215,-0.015
0.191,0.240,0.206,0.197,4.000
.Time: 870.Location: (0.018, 3.730, 0.146)
.lookAheadPoint: (0.000, 5.730)
.Accelerate
0.259,0.219,-0.009
0.204,0.233,0.204,0.215,4.000
.Time: 880.Location: (0.005, 3.838, 0.000)
.lookAheadPoint: (0.000, 5.838)
.Accelerate
0.259,0.222,-0.002
0.218,0.226,0.199,0.223,4.000
.Time: 890.Location: (-0.008, 3.946, 359.854)
.lookAheadPoint: (0.000, 5.946)
.Accelerate
0.259,0.225,0.004
0.232,0.218,0.202,0.221,4.000
.Time: 900.Location: (0.018, 4.090, 0.146)
.lookAheadPoint: (0.000, 40.000)
.Accelerate
0.259,0.228,-0.000
0.228,0.229,0.217,0.216,4.000
.Time: 910.Location: (-0.008, 4.234, 359.854)
.lookAheadPoint: (0.000, 40.000)
.Accelerate
0.259,0.232,0.000
0.232,0.232,0.224,0.213,4.000
.Time: 920.Location: (0.005, 4.366, 360.000)
.lookAheadPoint: (0.000, 40.000)
.Accelerate
0.259,0.235,-0.000
0.235,0.235,0.227,0.220,4.000
.Time: 930.Location: (-0.035, 4.498, 359.563)
.lookAheadPoint: (0.000, 40.000)
.Accelerate
0.259,0.238,0.000
0.238,0.238,0.223,0.234,4.000
.Time: 940.Location: (-0.009, 4.618, 359.854)
.lookAheadPoint: (0.000, 6.617)
.Accelerate
0.290,0.242,0.005
0.250,0.233,0.229,0.248,5.000
.Time: 950.Location: (-0.010, 4.762, 359.854)
.lookAheadPoint: (0.000, 6.761)
.Accelerate
0.290,0.245,0.005
0.254,0.236,0.238,0.250,5.000
.Time: 960.Location: (-0.023, 4.893, 359.709)
.lookAheadPoint: (0.000, 6.893)
.Accelerate
0.290,0.248,0.012
0.270,0.227,0.257,0.243,5.000
.Time: 970.Location: (-0.024, 5.037, 359.709)
.lookAheadPoint: (0.000, 40.000)
.Accelerate
0.290,0.252,0.000
0.252,0.252,0.271,0.248,5.000
.Time: 980.Location: (-0.025, 5.181, 359.709)
.lookAheadPoint: (0.000, 40.000)
.Accelerate
0.290,0.255,0.000
0.255,0.255,0.275,0.251,5.000
.Time: 990.Location: (-0.012, 5.337, 359.854)
.lookAheadPoint: (0.000, 40.000)
.Accelerate
0.290,0.258,0.000
0.258,0.258,0.267,0.261,5.000
.Time: 1000.Location: (0.001, 5.517, 360.000)
.lookAheadPoint: (0.000, 7.517)
.Accelerate
0.317,0.261,-0.000
0.261,0.262,0.268,0.268,6.000
.Time: 1010.Location: (0.001, 5.661, 360.000)
.lookAheadPoint: (0.000, 7.661)
.Accelerate
0.317,0.265,-0.000
0.264,0.265,0.274,0.275,6.000
.Time: 1020.Location: (0.001, 5.805, 360.000)
.lookAheadPoint: (0.000, 7.805)
.Accelerate
0.317,0.268,-0.000
0.267,0.269,0.275,0.271,6.000
.Time: 1030.Location: (0.014, 5.961, 0.146)
.lookAheadPoint: (0.000, 7.961)
.Accelerate
0.317,0.271,-0.007
0.257,0.285,0.285,0.280,6.000
.Time: 1040.Location: (0.014, 6.129, 0.146)
.lookAheadPoint: (0.000, 40.000)
.Accelerate
0.317,0.275,-0.000
0.275,0.275,0.293,0.292,6.000
.Time: 1050.Location: (0.001, 6.285, 0.000)
.lookAheadPoint: (0.000, 40.000)
.Accelerate
0.317,0.278,-0.000
0.278,0.278,0.300,0.298,6.000
.Time: 1060.Location: (-0.012, 6.441, 359.854)
.lookAheadPoint: (0.000, 40.000)
.Accelerate
0.317,0.281,0.000
0.281,0.281,0.313,0.299,6.000
.Time: 1070.Location: (0.001, 6.621, 360.000)
.lookAheadPoint: (0.000, 8.621)
.Accelerate
0.343,0.285,-0.001
0.283,0.286,0.308,0.307,7.000
.Time: 1080.Location: (0.001, 6.813, 360.000)
.lookAheadPoint: (0.000, 8.813)
.Accelerate
0.343,0.288,-0.001
0.287,0.289,0.312,0.312,7.000
.Time: 1090.Location: (0.001, 7.005, 360.000)
.lookAheadPoint: (0.000, 40.000)
.Accelerate
0.343,0.291,-0.000
0.291,0.291,0.319,0.316,7.000
.Time: 1100.Location: (0.001, 7.173, 360.000)
.lookAheadPoint: (0.000, 40.000)
.Accelerate
0.343,0.294,-0.000
0.294,0.294,0.319,0.319,7.000
.Time: 1110.Location: (0.001, 7.341, 360.000)
.lookAheadPoint: (0.000, 40.000)
.Accelerate
0.343,0.298,-0.000
0.298,0.298,0.319,0.327,7.000
.Time: 1120.Location: (0.001, 7.533, 360.000)
.lookAheadPoint: (0.000, 9.533)
.Accelerate
0.366,0.301,-0.001
0.300,0.302,0.325,0.329,8.000
.Time: 1130.Location: (0.001, 7.725, 360.000)
.lookAheadPoint: (0.000, 9.725)
.Accelerate
0.366,0.304,-0.001
0.303,0.306,0.337,0.332,8.000
.Time: 1140.Location: (0.001, 7.917, 360.000)
.lookAheadPoint: (0.000, 9.917)
.Accelerate
0.366,0.308,-0.001
0.306,0.309,0.344,0.340,8.000
.Time: 1150.Location: (0.015, 8.121, 0.146)
.lookAheadPoint: (0.000, 40.000)
.Accelerate
0.366,0.311,-0.000
0.311,0.311,0.344,0.343,8.000
.Time: 1160.Location: (0.002, 8.325, 0.000)
.lookAheadPoint: (0.000, 40.000)
.Accelerate
0.366,0.314,-0.000
0.314,0.314,0.351,0.348,8.000
.Time: 1170.Location: (0.002, 8.493, 0.000)
.lookAheadPoint: (0.000, 40.000)
.Accelerate
0.366,0.318,-0.000
0.318,0.318,0.353,0.349,8.000
.Time: 1180.Location: (-0.012, 8.697, 359.854)
.lookAheadPoint: (0.000, 10.697)
.Accelerate
0.388,0.321,0.006
0.335,0.307,0.353,0.357,9.000
.Time: 1190.Location: (-0.012, 8.913, 359.854)
.lookAheadPoint: (0.000, 10.913)
.Accelerate
0.388,0.324,0.006
0.339,0.309,0.365,0.357,9.000
.Time: 1200.Location: (0.000, 9.117, 360.000)
.lookAheadPoint: (0.000, 40.000)
.Accelerate
0.388,0.327,-0.000
0.327,0.327,0.386,0.352,9.000
.Time: 1210.Location: (0.028, 9.357, 0.291)
.lookAheadPoint: (0.000, 40.000)
.Accelerate
0.388,0.331,-0.000
0.331,0.331,0.390,0.364,9.000
.Time: 1220.Location: (0.042, 9.584, 0.437)
.lookAheadPoint: (0.000, 11.584)
.Accelerate
0.409,0.334,-0.021
0.281,0.387,0.378,0.376,10.000
.Time: 1230.Location: (0.071, 9.800, 0.728)
.lookAheadPoint: (0.000, 11.799)
.Accelerate
0.409,0.337,-0.036
0.247,0.427,0.376,0.385,10.000
.Time: 1240.Location: (0.060, 9.980, 0.582)
.lookAheadPoint: (0.000, 11.979)
.Accelerate
0.409,0.341,-0.030
0.264,0.417,0.353,0.421,10.000
.Time: 1250.Location: (0.049, 10.184, 0.437)
.lookAheadPoint: (0.000, 40.000)
.Accelerate
0.409,0.344,-0.000
0.344,0.344,0.336,0.442,10.000
.Time: 1260.Location: (0.037, 10.412, 0.291)
.lookAheadPoint: (0.000, 40.000)
.Accelerate
0.409,0.347,-0.000
0.347,0.347,0.336,0.423,10.000
.Time: 1270.Location: (0.011, 10.652, 0.000)
.lookAheadPoint: (0.000, 12.652)
.Accelerate
0.429,0.351,-0.005
0.336,0.365,0.382,0.403,11.000
.Time: 1280.Location: (0.011, 10.892, 0.000)
.lookAheadPoint: (0.000, 12.892)
.Accelerate
0.429,0.354,-0.005
0.340,0.368,0.413,0.409,11.000
.Time: 1290.Location: (-0.016, 11.132, 359.709)
.lookAheadPoint: (0.000, 40.000)
.Accelerate
0.429,0.357,0.000
0.357,0.357,0.414,0.426,11.000
.Time: 1300.Location: (-0.045, 11.372, 359.418)
.lookAheadPoint: (0.000, 40.000)
.Accelerate
0.429,0.360,0.000
0.361,0.360,0.414,0.438,11.000
.Time: 1310.Location: (-0.047, 11.612, 359.418)
.lookAheadPoint: (0.000, 13.611)
.Accelerate
0.449,0.364,0.024
0.428,0.299,0.408,0.440,12.000
.Time: 1320.Location: (-0.077, 11.875, 359.127)
.lookAheadPoint: (0.000, 13.874)
.Accelerate
0.449,0.367,0.039
0.474,0.261,0.433,0.426,12.000
.Time: 1330.Location: (-0.057, 12.115, 359.127)
.lookAheadPoint: (0.000, 40.000)
.Accelerate
0.449,0.370,0.000
0.371,0.370,0.469,0.398,12.000
.Time: 1340.Location: (-0.061, 12.355, 359.127)
.lookAheadPoint: (0.000, 40.000)
.Accelerate
0.449,0.374,0.000
0.374,0.373,0.456,0.385,12.000
.Time: 1350.Location: (-0.091, 12.571, 358.836)
.lookAheadPoint: (0.000, 14.569)
.Accelerate
0.467,0.377,0.046
0.506,0.248,0.427,0.425,13.000
.Time: 1360.Location: (-0.096, 12.811, 358.836)
.lookAheadPoint: (0.000, 14.808)
.Accelerate
0.467,0.380,0.048
0.517,0.243,0.454,0.432,13.000
.Time: 1370.Location: (-0.102, 13.099, 358.836)
.lookAheadPoint: (0.000, 40.000)
.Accelerate
0.467,0.384,0.000
0.384,0.383,0.505,0.385,13.000
.Time: 1380.Location: (-0.080, 13.363, 359.127)
.lookAheadPoint: (0.000, 40.000)
.Accelerate
0.467,0.387,0.000
0.388,0.386,0.517,0.366,13.000
.Time: 1390.Location: (-0.043, 13.615, 359.563)
.lookAheadPoint: (0.000, 15.614)
.Accelerate
0.484,0.390,0.021
0.452,0.328,0.485,0.421,14.000
.Time: 1400.Location: (-0.004, 13.867, 360.000)
.lookAheadPoint: (0.000, 15.867)
.Accelerate
0.484,0.393,0.002
0.399,0.388,0.485,0.440,14.000
.Time: 1410.Location: (-0.031, 14.131, 359.709)
.lookAheadPoint: (0.000, 40.000)
.Accelerate
0.484,0.397,0.000
0.397,0.397,0.502,0.425,14.000
.Time: 1420.Location: (-0.015, 14.406, 0.146)
.lookAheadPoint: (0.000, 40.000)
.Accelerate
0.484,0.400,0.000
0.400,0.400,0.491,0.445,14.000
.Time: 1430.Location: (0.027, 14.658, 0.582)
.lookAheadPoint: (0.000, 16.658)
.Accelerate
0.500,0.403,-0.013
0.363,0.443,0.497,0.449,15.000
.Time: 1440.Location: (0.057, 14.921, 0.873)
.lookAheadPoint: (0.000, 16.921)
.Accelerate
0.500,0.407,-0.028
0.320,0.493,0.483,0.453,15.000
.Time: 1450.Location: (0.061, 15.185, 0.873)
.lookAheadPoint: (0.000, 40.000)
.Accelerate
0.500,0.410,-0.000
0.409,0.411,0.474,0.487,15.000
.Time: 1460.Location: (0.065, 15.473, 0.873)
.lookAheadPoint: (0.000, 40.000)
.Accelerate
0.500,0.413,-0.000
0.413,0.414,0.476,0.485,15.000
.Time: 1470.Location: (0.069, 15.761, 0.873)
.lookAheadPoint: (0.000, 17.760)
.Accelerate
0.500,0.417,-0.035
0.308,0.525,0.487,0.475,16.000
.Time: 1480.Location: (0.101, 16.024, 1.164)
.lookAheadPoint: (0.000, 40.000)
.Accelerate
0.500,0.420,-0.000
0.419,0.421,0.511,0.488,16.000
.Time: 1490.Location: (0.107, 16.312, 1.164)
.lookAheadPoint: (0.000, 40.000)
.Accelerate
0.500,0.423,-0.000
0.422,0.424,0.480,0.510,16.000
.Time: 1500.Location: (0.099, 16.589, 1.019)
.lookAheadPoint: (0.000, 18.586)
.Accelerate
0.500,0.426,-0.049
0.269,0.584,0.501,0.518,17.000
.Time: 1510.Location: (0.076, 16.877, 0.728)
.lookAheadPoint: (0.000, 18.875)
.Accelerate
0.500,0.430,-0.038
0.307,0.552,0.480,0.517,17.000
.Time: 1520.Location: (0.080, 17.165, 0.728)
.lookAheadPoint: (0.000, 40.000)
.Accelerate
0.500,0.433,-0.000
0.432,0.434,0.433,0.568,17.000
.Time: 1530.Location: (0.083, 17.453, 0.728)
.lookAheadPoint: (0.000, 40.000)
.Accelerate
0.500,0.436,-0.000
0.435,0.437,0.449,0.541,17.000
.Time: 1540.Location: (0.073, 17.753, 0.582)
.lookAheadPoint: (0.000, 19.751)
.Accelerate
0.500,0.440,-0.037
0.319,0.561,0.489,0.541,18.000
.Time: 1550.Location: (0.049, 18.065, 0.291)
.lookAheadPoint: (0.000, 40.000)
.Accelerate
0.500,0.443,-0.000
0.442,0.444,0.508,0.540,18.000
.Time: 1560.Location: (0.050, 18.377, 0.291)
.lookAheadPoint: (0.000, 40.000)
.Accelerate
0.500,0.446,-0.000
0.446,0.447,0.496,0.583,18.000
.Time: 1570.Location: (0.048, 18.665, 0.000)
.lookAheadPoint: (0.000, 20.664)
.Accelerate
0.500,0.450,-0.024
0.368,0.531,0.515,0.568,19.000
.Time: 1580.Location: (0.021, 18.929, 359.709)
.lookAheadPoint: (0.000, 20.928)
.Accelerate
0.500,0.453,-0.010
0.418,0.488,0.529,0.567,19.000
.Time: 1590.Location: (-0.009, 19.240, 359.418)
.lookAheadPoint: (0.000, 40.000)
.Accelerate
0.500,0.456,0.000
0.456,0.456,0.492,0.597,19.000
.Time: 1600.Location: (-0.040, 19.552, 359.127)
.lookAheadPoint: (0.000, 21.551)
.Accelerate
0.500,0.459,0.020
0.528,0.391,0.519,0.594,20.000
.Time: 1610.Location: (-0.034, 19.852, 358.981)
.lookAheadPoint: (0.000, 21.852)
.Accelerate
0.500,0.463,0.017
0.522,0.404,0.521,0.567,20.000
.Time: 1620.Location: (-0.067, 20.163, 358.690)
.lookAheadPoint: (0.000, 40.000)
.Accelerate
0.500,0.466,0.000
0.467,0.465,0.557,0.543,20.000
.Time: 1630.Location: (-0.075, 20.499, 358.690)
.lookAheadPoint: (0.000, 40.000)
.Accelerate
0.500,0.469,0.000
0.471,0.468,0.543,0.545,20.000
.Time: 1640.Location: (-0.059, 20.835, 358.690)
.lookAheadPoint: (0.000, 22.834)
.Accelerate
0.500,0.473,0.029
0.577,0.369,0.532,0.573,21.000
.Time: 1650.Location: (-0.079, 21.135, 358.545)
.lookAheadPoint: (0.000, 40.000)
.Accelerate
0.500,0.476,0.000
0.478,0.474,0.549,0.567,21.000
.Time: 1660.Location: (-0.088, 21.471, 358.545)
.lookAheadPoint: (0.000, 40.000)
.Accelerate
0.500,0.479,0.001
0.481,0.477,0.569,0.548,21.000
.Time: 1670.Location: (-0.110, 21.794, 358.399)
.lookAheadPoint: (0.000, 23.791)
.Accelerate
0.500,0.483,0.055
0.682,0.284,0.575,0.565,22.000
.Time: 1680.Location: (-0.119, 22.130, 358.399)
.lookAheadPoint: (0.000, 40.000)
.Accelerate
0.500,0.486,0.001
0.489,0.483,0.574,0.565,22.000
.Time: 1690.Location: (-0.114, 22.454, 358.545)
.lookAheadPoint: (0.000, 40.000)
.Accelerate
0.500,0.489,0.001
0.492,0.486,0.599,0.523,22.000
.Time: 1700.Location: (-0.109, 22.802, 358.690)
.lookAheadPoint: (0.000, 24.799)
.Accelerate
0.500,0.492,0.055
0.694,0.291,0.582,0.544,23.000
.Time: 1710.Location: (-0.103, 23.127, 358.836)
.lookAheadPoint: (0.000, 40.000)
.Accelerate
0.500,0.496,0.001
0.498,0.493,0.596,0.550,23.000
.Time: 1720.Location: (-0.110, 23.462, 358.836)
.lookAheadPoint: (0.000, 40.000)
.Accelerate
0.500,0.499,0.001
0.502,0.496,0.611,0.509,23.000
.Time: 1730.Location: (-0.088, 23.799, 359.127)
.lookAheadPoint: (0.000, 25.797)
0.500,0.500,0.044
0.666,0.334,0.615,0.551,24.000
.Time: 1740.Location: (-0.094, 24.135, 359.127)
.lookAheadPoint: (0.000, 40.000)
0.500,0.500,0.001
0.503,0.497,0.611,0.568,24.000
.Time: 1750.Location: (-0.071, 24.471, 359.418)
.lookAheadPoint: (0.000, 40.000)
0.500,0.500,0.001
0.502,0.498,0.647,0.542,24.000
.Time: 1760.Location: (-0.074, 24.807, 359.418)
.lookAheadPoint: (0.000, 26.805)
0.500,0.500,0.037
0.639,0.361,0.616,0.562,25.000
.Time: 1770.Location: (-0.064, 25.155, 359.563)
.lookAheadPoint: (0.000, 40.000)
0.500,0.500,0.001
0.502,0.498,0.643,0.579,25.000
.Time: 1780.Location: (-0.038, 25.491, 359.854)
.lookAheadPoint: (0.000, 40.000)
0.500,0.500,0.000
0.501,0.499,0.653,0.554,25.000
.Time: 1790.Location: (-0.025, 25.815, 360.000)
.lookAheadPoint: (0.000, 27.815)
.Decelerate
0.484,0.497,0.013
0.544,0.450,0.666,0.589,26.000
.Time: 1800.Location: (0.003, 26.175, 0.291)
.lookAheadPoint: (0.000, 40.000)
.Decelerate
0.484,0.493,-0.000
0.493,0.494,0.642,0.585,26.000
.Time: 1810.Location: (0.019, 26.522, 0.437)
.lookAheadPoint: (0.000, 28.522)
.Decelerate
0.467,0.490,-0.009
0.456,0.525,0.647,0.568,27.000
.Time: 1820.Location: (0.035, 26.870, 0.582)
.lookAheadPoint: (0.000, 28.870)
.Decelerate
0.467,0.487,-0.018
0.422,0.551,0.627,0.573,27.000
.Time: 1830.Location: (0.067, 27.230, 0.873)
.lookAheadPoint: (0.000, 40.000)
.Decelerate
0.467,0.483,-0.001
0.481,0.486,0.610,0.578,27.000
.Time: 1840.Location: (0.072, 27.566, 0.873)
.lookAheadPoint: (0.000, 29.564)
.Decelerate
0.449,0.480,-0.036
0.350,0.610,0.590,0.579,28.000
.Time: 1850.Location: (0.092, 27.913, 1.019)
.lookAheadPoint: (0.000, 29.911)
.Decelerate
0.449,0.477,-0.046
0.313,0.641,0.599,0.581,28.000
.Time: 1860.Location: (0.126, 28.273, 1.310)
.lookAheadPoint: (0.000, 40.000)
.Decelerate
0.449,0.474,-0.002
0.467,0.480,0.545,0.640,28.000
.Time: 1870.Location: (0.134, 28.632, 1.310)
.lookAheadPoint: (0.000, 30.628)
.Decelerate
0.429,0.470,-0.067
0.233,0.707,0.522,0.644,29.000
.Time: 1880.Location: (0.157, 29.004, 1.455)
.lookAheadPoint: (0.000, 30.998)
.Decelerate
0.429,0.467,-0.079
0.192,0.742,0.520,0.598,29.000
.Time: 1890.Location: (0.152, 29.352, 1.310)
.lookAheadPoint: (0.000, 40.000)
.Decelerate
0.429,0.464,-0.003
0.454,0.473,0.473,0.646,29.000
.Time: 1900.Location: (0.160, 29.712, 1.310)
.lookAheadPoint: (0.000, 31.706)
.Decelerate
0.409,0.460,-0.080
0.184,0.737,0.428,0.644,30.000
.Time: 1910.Location: (0.154, 30.036, 1.164)
.lookAheadPoint: (0.000, 40.000)
.Decelerate
0.409,0.457,-0.003
0.446,0.468,0.424,0.632,30.000
.Time: 1920.Location: (0.133, 30.396, 0.873)
.lookAheadPoint: (0.000, 40.000)
.Decelerate
0.409,0.454,-0.003
0.444,0.464,0.406,0.654,30.000
.Time: 1930.Location: (0.124, 30.768, 0.728)
.lookAheadPoint: (0.000, 32.765)
.Decelerate
0.388,0.450,-0.062
0.241,0.660,0.445,0.626,31.000
.Time: 1940.Location: (0.129, 31.128, 0.728)
.lookAheadPoint: (0.000, 40.000)
.Decelerate
0.388,0.447,-0.003
0.436,0.458,0.514,0.623,31.000
.Time: 1950.Location: (0.101, 31.464, 0.146)
.lookAheadPoint: (0.000, 40.000)
.Decelerate
0.388,0.444,-0.003
0.435,0.453,0.521,0.660,31.000
.Time: 1960.Location: (0.046, 31.800, 359.563)
.lookAheadPoint: (0.000, 33.799)
.Decelerate
0.366,0.441,-0.023
0.364,0.517,0.498,0.636,32.000
.Time: 1970.Location: (0.050, 32.124, 359.127)
.lookAheadPoint: (0.000, 40.000)
.Decelerate
0.366,0.437,-0.002
0.432,0.443,0.550,0.625,32.000
.Time: 1980.Location: (0.014, 32.411, 358.545)
.lookAheadPoint: (0.000, 40.000)
.Decelerate
0.366,0.434,-0.000
0.432,0.436,0.541,0.634,32.000
.Time: 1990.Location: (-0.024, 32.697, 357.963)
.lookAheadPoint: (0.000, 34.697)
.Decelerate
0.343,0.431,0.012
0.470,0.392,0.568,0.621,33.000
.Time: 2000.Location: (-0.014, 32.986, 357.672)
.lookAheadPoint: (0.000, 34.986)
.Decelerate
0.343,0.427,0.007
0.450,0.405,0.575,0.602,33.000
.Time: 2010.Location: (-0.061, 33.344, 357.090)
.lookAheadPoint: (0.000, 40.000)
.Decelerate
0.343,0.424,0.003
0.433,0.415,0.600,0.582,33.000
.Time: 2020.Location: (-0.095, 33.666, 356.653)
.lookAheadPoint: (0.000, 35.664)
.Decelerate
0.317,0.421,0.048
0.571,0.271,0.582,0.559,34.000
.Time: 2030.Location: (-0.115, 33.954, 356.362)
.lookAheadPoint: (0.000, 35.950)
.Decelerate
0.317,0.417,0.058
0.598,0.237,0.583,0.563,34.000
.Time: 2040.Location: (-0.196, 34.284, 355.489)
.lookAheadPoint: (0.000, 40.000)
.Decelerate
0.317,0.414,0.012
0.452,0.377,0.603,0.509,34.000
.Time: 2050.Location: (-0.211, 34.560, 355.053)
.lookAheadPoint: (0.000, 36.548)
.Decelerate
0.290,0.411,0.106
0.737,0.085,0.547,0.466,35.000
.Time: 2060.Location: (-0.281, 34.878, 354.616)
.lookAheadPoint: (0.000, 36.859)
.Decelerate
0.290,0.408,0.140
0.837,-0.022,0.530,0.452,35.000
.Time: 2070.Location: (-0.323, 35.176, 354.471)
.lookAheadPoint: (0.000, 40.000)
.Decelerate
0.290,0.404,0.028
0.488,0.321,0.549,0.382,35.000
.Time: 2080.Location: (-0.381, 35.483, 354.180)
.lookAheadPoint: (0.000, 40.000)
.Decelerate
0.290,0.401,0.037
0.512,0.290,0.590,0.237,35.000
.Time: 2090.Location: (-0.387, 35.820, 354.471)
.lookAheadPoint: (0.000, 37.782)
.Decelerate
0.259,0.398,0.193
0.975,-0.179,0.549,0.270,36.000
.Time: 2100.Location: (-0.391, 36.157, 354.762)
.lookAheadPoint: (0.000, 40.000)
.Decelerate
0.259,0.394,0.052
0.550,0.239,0.572,0.289,36.000
.Time: 2110.Location: (-0.405, 36.457, 354.907)
.lookAheadPoint: (0.000, 40.000)
.Decelerate
0.259,0.391,0.064
0.578,0.204,0.580,0.178,36.000
.Time: 2120.Location: (-0.403, 36.746, 355.198)
.lookAheadPoint: (0.000, 38.705)
.Decelerate
0.224,0.388,0.201
0.974,-0.198,0.632,0.237,37.000
.Time: 2130.Location: (-0.357, 37.026, 355.926)
.lookAheadPoint: (0.000, 38.993)
.Decelerate
0.224,0.384,0.179
0.900,-0.131,0.618,0.272,37.000
.Time: 2140.Location: (-0.336, 37.303, 356.362)
.lookAheadPoint: (0.000, 40.000)
.Decelerate
0.224,0.381,0.091
0.641,0.121,0.639,0.153,37.000
.Time: 2150.Location: (-0.284, 37.558, 357.090)
.lookAheadPoint: (0.000, 40.000)
.hereWARNING - pros.serial.terminal.terminal:stop - Stopping terminal
