.velList #0: 0.000
.velList #1: 0.319
.velList #2: 0.451
.velList #3: 0.552
.velList #4: 0.637
.velList #5: 0.713
.velList #6: 0.781
.velList #7: 0.843
.velList #8: 0.902
.velList #9: 0.956
.velList #10: 1.008
.velList #11: 1.057
.velList #12: 1.104
.velList #13: 1.149
.velList #14: 1.193
.velList #15: 1.235
.velList #16: 1.275
.velList #17: 1.314
.velList #18: 1.352
.velList #19: 1.389
.velList #20: 1.425
.velList #21: 1.389
.velList #22: 1.352
.velList #23: 1.314
.velList #24: 1.275
.velList #25: 1.235
.velList #26: 1.193
.velList #27: 1.149
.velList #28: 1.104
.velList #29: 1.057
.velList #30: 1.008
.velList #31: 0.956
.velList #32: 0.902
.velList #33: 0.843
.velList #34: 0.781
.velList #35: 0.713
.velList #36: 0.637
.velList #37: 0.552
.velList #38: 0.451
.velList #39: 0.319
.velList #40: 0.000
0.319,0.000
.Accelerate
0.040,0.040,0.000,-0.000,1.000
0.319,0.020
.Accelerate
0.080,0.080,0.000,-0.000,1.000
0.319,0.040
.Accelerate
0.120,0.120,0.000,0.114,1.000
0.319,0.060
.Accelerate
0.160,0.160,0.020,0.043,1.000
0.319,0.080
.Accelerate
0.200,0.200,0.078,0.092,1.000
0.319,0.100
.Accelerate
0.240,0.240,0.138,0.148,1.000
0.319,0.120
.Accelerate
0.280,0.280,0.189,0.197,1.000
0.319,0.140
.Accelerate
0.320,0.320,0.248,0.243,1.000
0.319,0.160
.Accelerate
0.360,0.360,0.266,0.243,1.000
0.319,0.180
.Accelerate
0.419,0.381,0.247,0.205,1.000
0.319,0.200
.Accelerate
0.493,0.387,0.239,0.232,1.000
0.319,0.220
.Accelerate
0.585,0.375,0.252,0.238,1.000
0.319,0.240
.Accelerate
0.637,0.403,0.298,0.279,1.000
0.319,0.260
.Accelerate
0.718,0.402,0.317,0.300,1.000
0.319,0.280
.Accelerate
0.774,0.426,0.367,0.352,1.000
0.319,0.300
0.812,0.463,0.466,0.382,1.000
0.319,0.319
0.834,0.441,0.521,0.402,1.000
0.319,0.319
0.638,0.637,0.563,0.413,1.000
0.319,0.319
0.638,0.637,0.577,0.430,1.000
0.451,0.319
.Accelerate
0.934,0.421,0.620,0.473,2.000
0.451,0.339
.Accelerate
0.983,0.452,0.618,0.520,2.000
0.451,0.359
.Accelerate
0.758,0.757,0.629,0.467,2.000
0.552,0.379
.Accelerate
1.031,0.564,0.654,0.516,3.000
0.552,0.399
.Accelerate
1.130,0.545,0.654,0.543,3.000
0.552,0.419
.Accelerate
0.878,0.877,0.681,0.554,3.000
0.637,0.439
.Accelerate
1.292,0.543,0.691,0.563,4.000
0.637,0.459
.Accelerate
1.399,0.516,0.710,0.576,4.000
0.637,0.479
.Accelerate
0.999,0.996,0.730,0.578,4.000
0.713,0.499
.Accelerate
1.485,0.590,0.731,0.598,5.000
0.713,0.519
.Accelerate
1.079,1.076,0.740,0.635,5.000
0.713,0.539
.Accelerate
1.119,1.116,0.736,0.656,5.000
0.781,0.559
.Accelerate
1.699,0.616,0.752,0.686,6.000
0.781,0.579
.Accelerate
1.199,1.196,0.759,0.696,6.000
0.843,0.599
.Accelerate
1.706,0.769,0.757,0.714,7.000
0.843,0.619
.Accelerate
1.279,1.276,0.779,0.735,7.000
0.902,0.639
.Accelerate
1.827,0.808,0.792,0.746,8.000
0.902,0.659
.Accelerate
1.857,0.858,0.774,0.757,8.000
0.902,0.679
.Accelerate
1.400,1.395,0.780,0.772,8.000
0.956,0.699
.Accelerate
1.899,0.976,0.770,0.766,9.000
0.956,0.719
.Accelerate
1.479,1.476,0.788,0.785,9.000
1.008,0.739
.Accelerate
1.891,1.144,0.814,0.776,10.000
1.008,0.759
.Accelerate
1.559,1.556,0.793,0.797,10.000
1.057,0.779
.Accelerate
1.856,1.339,0.799,0.787,11.000
1.057,0.799
.Accelerate
1.639,1.636,0.794,0.807,11.000
1.104,0.819
.Accelerate
1.898,1.457,0.788,0.796,12.000
1.104,0.839
.Accelerate
1.718,1.717,0.803,0.806,12.000
1.149,0.859
.Accelerate
1.943,1.572,0.808,0.806,13.000
1.149,0.879
.Accelerate
1.798,1.797,0.799,0.819,13.000
1.149,0.899
.Accelerate
1.839,1.836,0.805,0.787,13.000
1.193,0.919
.Accelerate
2.103,1.652,0.817,0.807,14.000
1.193,0.939
.Accelerate
1.919,1.916,0.800,0.812,14.000
1.235,0.959
.Accelerate
2.180,1.735,0.806,0.806,15.000
1.235,0.979
.Accelerate
1.999,1.996,0.807,0.799,15.000
1.275,0.999
.Accelerate
2.322,1.753,0.812,0.796,16.000
1.275,1.019
.Accelerate
2.079,2.076,0.809,0.797,16.000
1.314,1.039
.Accelerate
2.366,1.869,0.815,0.803,17.000
1.314,1.059
.Accelerate
2.160,2.155,0.799,0.803,17.000
1.352,1.079
.Accelerate
2.476,1.919,0.814,0.791,18.000
1.352,1.099
.Accelerate
2.240,2.235,0.812,0.795,18.000
1.389,1.119
.Accelerate
2.525,2.030,0.799,0.809,19.000
1.389,1.139
.Accelerate
2.320,2.315,0.805,0.791,19.000
1.425,1.159
.Accelerate
2.577,2.138,0.821,0.797,20.000
1.425,1.179
.Accelerate
2.600,2.195,0.782,0.811,20.000
1.425,1.199
.Accelerate
2.439,2.436,0.810,0.785,20.000
1.389,1.219
.Accelerate
2.704,2.251,0.796,0.807,21.000
1.389,1.239
.Accelerate
2.521,2.514,0.799,0.801,21.000
1.352,1.259
.Accelerate
2.832,2.283,0.796,0.805,22.000
1.352,1.279
.Accelerate
2.601,2.594,0.813,0.794,22.000
1.314,1.299
2.816,2.441,0.795,0.808,23.000
1.314,1.314
2.631,2.626,0.810,0.801,23.000
1.275,1.314
.Decelerate
2.809,2.368,0.795,0.831,24.000
1.275,1.294
2.553,2.547,0.796,0.794,24.000
1.235,1.275
.Decelerate
2.702,2.318,0.813,0.814,25.000
1.235,1.255
.Decelerate
2.474,2.466,0.789,0.810,25.000
1.193,1.235
.Decelerate
2.731,2.129,0.786,0.818,26.000
1.193,1.215
.Decelerate
2.397,2.383,0.807,0.798,26.000
1.149,1.195
.Decelerate
2.647,2.053,0.814,0.822,27.000
1.149,1.175
.Decelerate
2.664,1.956,0.777,0.803,27.000
1.149,1.155
2.308,2.289,0.797,0.809,27.000
1.104,1.149
.Decelerate
2.615,1.902,0.804,0.797,28.000
1.104,1.129
.Decelerate
2.229,2.208,0.803,0.800,28.000
1.057,1.109
.Decelerate
2.532,1.825,0.812,0.793,29.000
1.057,1.089
.Decelerate
2.151,2.126,0.793,0.812,29.000
1.008,1.069
.Decelerate
2.392,1.805,0.795,0.786,30.000
1.008,1.049
.Decelerate
2.073,2.044,0.822,0.808,30.000
0.956,1.029
.Decelerate
2.415,1.622,0.811,0.802,31.000
0.956,1.009
.Decelerate
2.004,1.953,0.794,0.804,31.000
0.902,0.989
.Decelerate
2.397,1.480,0.807,0.796,32.000
0.902,0.969
.Decelerate
1.932,1.865,0.808,0.799,32.000
0.843,0.949
.Decelerate
2.327,1.390,0.803,0.786,33.000
0.843,0.929
.Decelerate
1.857,1.780,0.807,0.814,33.000
0.843,0.909
.Decelerate
1.823,1.734,0.796,0.806,33.000
0.781,0.889
.Decelerate
2.211,1.266,0.800,0.800,34.000
0.781,0.869
.Decelerate
1.778,1.619,0.810,0.795,34.000
0.713,0.849
.Decelerate
2.278,1.039,0.798,0.809,35.000
0.713,0.829
.Decelerate
1.742,1.495,0.797,0.810,35.000
0.637,0.809
.Decelerate
2.384,0.773,0.812,0.802,36.000
0.637,0.789
.Decelerate
1.796,1.281,0.795,0.798,36.000
0.552,0.769
.Decelerate
2.418,0.579,0.798,0.809,37.000
0.552,0.749
.Decelerate
1.930,0.987,0.791,0.795,37.000
0.451,0.729
.Decelerate
2.129,0.708,0.788,0.784,38.000
0.451,0.709
.Decelerate
2.502,0.255,0.806,0.791,38.000
0.319,0.689
.Decelerate
3.289,-0.612,0.804,0.784,39.000
0.319,0.669
.Decelerate
5.520,-2.923,0.774,0.677,39.000