


  _____  _____   ____   _____ 
 |  __ \|  __ \ / __ \ / ____|          Powered by PROS for VEX V5
 | |__) | |__) | |  | | (___      Version:                          3.2.1
 |  ___/|  _  /| |  | |\___ \     Uptime:                         5.923 s
 | |    | | \ \| |__| |____) |    Compiled:                       Unknown
 |_|    |_|  \_\\____/|_____/     Directory:                      Unknown


.velList #0: 0.000
.velList #1: 0.129
.velList #2: 0.183
.velList #3: 0.224
.velList #4: 0.259
.velList #5: 0.290
.velList #6: 0.317
.velList #7: 0.343
.velList #8: 0.366
.velList #9: 0.388
.velList #10: 0.409
.velList #11: 0.429
.velList #12: 0.449
.velList #13: 0.467
.velList #14: 0.484
.velList #15: 0.500
.velList #16: 0.500
.velList #17: 0.500
.velList #18: 0.500
.velList #19: 0.500
.velList #20: 0.500
.velList #21: 0.500
.velList #22: 0.500
.velList #23: 0.500
.velList #24: 0.500
.velList #25: 0.500
.velList #26: 0.484
.velList #27: 0.467
.velList #28: 0.449
.velList #29: 0.429
.velList #30: 0.409
.velList #31: 0.388
.velList #32: 0.366
.velList #33: 0.343
.velList #34: 0.317
.velList #35: 0.290
.velList #36: 0.259
.velList #37: 0.224
.velList #38: 0.183
.velList #39: 0.129
.velList #40: 0.000
.Accelerate
0.129,0.003
0.003,0.003,0.000,-0.000,1.000
.Accelerate
0.129,0.007
0.007,0.007,0.000,-0.000,1.000
.Accelerate
0.129,0.010
0.010,0.010,0.000,-0.000,1.000
.Accelerate
0.129,0.013
0.013,0.013,0.000,-0.000,1.000
.Accelerate
0.129,0.017
0.017,0.017,0.000,-0.000,1.000
.Accelerate
0.129,0.020
0.020,0.020,0.000,-0.000,1.000
.Accelerate
0.129,0.023
0.023,0.023,0.000,-0.000,1.000
.Accelerate
0.129,0.026
0.026,0.026,0.000,-0.000,1.000
.Accelerate
0.129,0.030
0.030,0.030,0.000,-0.000,1.000
.Accelerate
0.129,0.033
0.033,0.033,0.000,-0.000,1.000
.Accelerate
0.129,0.036
0.036,0.036,0.000,-0.000,1.000
.Accelerate
0.129,0.040
0.040,0.040,0.000,-0.000,1.000
.Accelerate
0.129,0.043
0.043,0.043,0.000,-0.000,1.000
.Accelerate
0.129,0.046
0.046,0.046,0.000,-0.000,1.000
.Accelerate
0.129,0.049
0.049,0.049,-3.962,0.214,1.000
.Accelerate
0.129,0.053
0.053,0.053,-3.962,0.020,1.000
.Accelerate
0.129,0.056
0.056,0.056,-3.962,0.020,1.000
.Accelerate
0.129,0.059
0.059,0.059,-3.962,0.018,1.000
.Accelerate
0.129,0.063
0.063,0.063,-3.962,0.018,1.000
.Accelerate
0.129,0.066
0.066,0.066,0.010,0.017,1.000
.Accelerate
0.129,0.069
0.069,0.069,0.009,0.020,1.000
.Accelerate
0.129,0.073
0.073,0.073,0.031,0.023,1.000
.Accelerate
0.129,0.076
0.072,0.080,0.023,0.027,1.000
.Accelerate
0.129,0.079
0.075,0.083,0.020,0.027,1.000
.Accelerate
0.129,0.082
0.079,0.086,0.024,0.024,1.000
.Accelerate
0.129,0.086
0.082,0.090,0.019,0.021,1.000
.Accelerate
0.129,0.089
0.085,0.093,0.023,0.020,1.000
.Accelerate
0.129,0.092
0.088,0.097,0.026,0.020,1.000
.Accelerate
0.129,0.096
0.100,0.091,0.027,0.021,1.000
.Accelerate
0.129,0.099
0.099,0.099,0.033,0.026,1.000
.Accelerate
0.129,0.102
0.107,0.097,0.036,0.031,1.000
.Accelerate
0.129,0.106
0.106,0.106,0.039,0.034,1.000
.Accelerate
0.129,0.109
0.109,0.109,0.041,0.033,1.000
.Accelerate
0.129,0.112
0.118,0.107,0.047,0.037,1.000
.Accelerate
0.129,0.115
0.121,0.110,0.049,0.043,1.000
.Accelerate
0.129,0.119
0.119,0.119,0.050,0.047,1.000
.Accelerate
0.129,0.122
0.128,0.116,0.056,0.052,1.000
.Accelerate
0.129,0.125
0.132,0.119,0.065,0.057,1.000
.Accelerate
0.129,0.129
0.129,0.129,0.068,0.062,1.000
0.129,0.129
0.136,0.123,0.076,0.065,1.000
0.129,0.129
0.136,0.123,0.079,0.072,1.000
0.129,0.129
0.123,0.135,0.083,0.075,1.000
0.129,0.129
0.136,0.123,0.089,0.078,1.000
0.129,0.129
0.130,0.129,0.091,0.083,1.000
0.129,0.129
0.136,0.123,0.090,0.085,1.000
0.129,0.129
0.136,0.123,0.099,0.088,1.000
0.129,0.129
0.142,0.117,0.104,0.089,1.000
0.129,0.129
0.143,0.116,0.104,0.089,1.000
0.129,0.129
0.143,0.116,0.106,0.087,1.000
0.129,0.129
0.143,0.116,0.111,0.086,1.000
0.129,0.129
0.130,0.128,0.111,0.088,1.000
0.129,0.129
0.124,0.135,0.111,0.089,1.000
0.129,0.129
0.129,0.129,0.112,0.093,1.000
0.129,0.129
0.129,0.129,0.103,0.099,1.000
0.129,0.129
0.129,0.129,0.105,0.104,1.000
0.129,0.129
0.129,0.130,0.116,0.105,1.000
0.129,0.129
0.129,0.129,0.123,0.103,1.000
0.129,0.129
0.129,0.130,0.123,0.103,1.000
0.129,0.129
0.129,0.129,0.123,0.103,1.000
0.129,0.129
0.129,0.129,0.120,0.102,1.000
.Accelerate
0.183,0.133
0.127,0.139,0.118,0.104,2.000
.Accelerate
0.183,0.136
0.130,0.143,0.117,0.105,2.000
.Accelerate
0.183,0.139
0.133,0.146,0.117,0.103,2.000
.Accelerate
0.183,0.143
0.136,0.150,0.116,0.107,2.000
.Accelerate
0.183,0.146
0.139,0.153,0.119,0.112,2.000
.Accelerate
0.183,0.149
0.149,0.150,0.121,0.116,2.000
.Accelerate
0.183,0.153
0.145,0.160,0.124,0.123,2.000
.Accelerate
0.183,0.156
0.156,0.156,0.127,0.127,2.000
.Accelerate
0.183,0.159
0.159,0.159,0.133,0.128,2.000
.Accelerate
0.183,0.162
0.162,0.162,0.132,0.132,2.000
.Accelerate
0.183,0.166
0.166,0.166,0.133,0.130,2.000
.Accelerate
0.183,0.169
0.169,0.169,0.135,0.133,2.000
.Accelerate
0.183,0.172
0.172,0.172,0.139,0.140,2.000
.Accelerate
0.183,0.176
0.176,0.176,0.142,0.145,2.000
.Accelerate
0.224,0.179
0.161,0.196,0.149,0.147,3.000
.Accelerate
0.224,0.182
0.173,0.191,0.162,0.148,3.000
.Accelerate
0.224,0.186
0.176,0.195,0.168,0.149,3.000
.Accelerate
0.224,0.189
0.179,0.199,0.164,0.163,3.000
.Accelerate
0.224,0.192
0.182,0.202,0.171,0.166,3.000
.Accelerate
0.224,0.195
0.185,0.206,0.171,0.170,3.000
.Accelerate
0.224,0.199
0.199,0.199,0.174,0.176,3.000
.Accelerate
0.224,0.202
0.202,0.202,0.178,0.179,3.000
.Accelerate
0.224,0.205
0.205,0.205,0.187,0.184,3.000
.Accelerate
0.224,0.209
0.209,0.209,0.196,0.187,3.000
.Accelerate
0.259,0.212
0.200,0.224,0.202,0.193,4.000
.Accelerate
0.259,0.215
0.203,0.228,0.202,0.199,4.000
.Accelerate
0.259,0.219
0.206,0.231,0.207,0.211,4.000
.Accelerate
0.259,0.222
0.198,0.246,0.205,0.217,4.000
.Accelerate
0.259,0.225
0.222,0.228,0.215,0.224,4.000
.Accelerate
0.259,0.228
0.228,0.228,0.221,0.231,4.000
.Accelerate
0.259,0.232
0.232,0.232,0.224,0.238,4.000
.Accelerate
0.259,0.235
0.235,0.235,0.234,0.236,4.000
.Accelerate
0.290,0.238
0.236,0.241,0.237,0.237,5.000
.Accelerate
0.290,0.242
0.239,0.245,0.245,0.245,5.000
.Accelerate
0.290,0.245
0.242,0.248,0.254,0.250,5.000
.Accelerate
0.290,0.248
0.258,0.239,0.258,0.252,5.000
.Accelerate
0.290,0.252
0.252,0.252,0.254,0.257,5.000
.Accelerate
0.290,0.255
0.255,0.255,0.259,0.263,5.000
.Accelerate
0.290,0.258
0.258,0.258,0.273,0.257,5.000
.Accelerate
0.317,0.261
0.246,0.277,0.281,0.258,6.000
.Accelerate
0.317,0.265
0.262,0.267,0.289,0.265,6.000
.Accelerate
0.317,0.268
0.266,0.271,0.291,0.276,6.000
.Accelerate
0.317,0.271
0.271,0.271,0.288,0.286,6.000
.Accelerate
0.317,0.275
0.275,0.275,0.296,0.291,6.000
.Accelerate
0.317,0.278
0.278,0.278,0.297,0.291,6.000
.Accelerate
0.343,0.281
0.264,0.299,0.301,0.293,7.000
.Accelerate
0.343,0.285
0.281,0.288,0.315,0.301,7.000
.Accelerate
0.343,0.288
0.284,0.292,0.322,0.315,7.000
.Accelerate
0.343,0.291
0.291,0.291,0.311,0.324,7.000
.Accelerate
0.343,0.294
0.294,0.295,0.307,0.324,7.000
.Accelerate
0.343,0.298
0.298,0.298,0.313,0.326,7.000
.Accelerate
0.366,0.301
0.280,0.322,0.325,0.323,8.000
.Accelerate
0.366,0.304
0.298,0.311,0.325,0.327,8.000
.Accelerate
0.366,0.308
0.301,0.314,0.322,0.338,8.000
.Accelerate
0.366,0.311
0.311,0.311,0.326,0.358,8.000
.Accelerate
0.366,0.314
0.314,0.314,0.346,0.357,8.000
.Accelerate
0.388,0.318
0.294,0.341,0.355,0.351,9.000
.Accelerate
0.388,0.321
0.281,0.361,0.363,0.354,9.000
.Accelerate
0.388,0.324
0.299,0.350,0.366,0.364,9.000
.Accelerate
0.388,0.327
0.327,0.328,0.349,0.378,9.000
.Accelerate
0.388,0.331
0.331,0.331,0.340,0.393,9.000
.Accelerate
0.409,0.334
0.324,0.344,0.365,0.386,10.000
.Accelerate
0.409,0.337
0.310,0.365,0.378,0.375,10.000
.Accelerate
0.409,0.341
0.341,0.341,0.375,0.386,10.000
.Accelerate
0.409,0.344
0.344,0.344,0.371,0.406,10.000
.Accelerate
0.409,0.347
0.347,0.347,0.376,0.414,10.000
.Accelerate
0.429,0.351
0.410,0.291,0.386,0.412,11.000
.Accelerate
0.429,0.354
0.435,0.273,0.384,0.414,11.000
.Accelerate
0.429,0.357
0.358,0.357,0.406,0.403,11.000
.Accelerate
0.429,0.360
0.361,0.360,0.447,0.375,11.000
.Accelerate
0.449,0.364
0.480,0.248,0.457,0.374,12.000
.Accelerate
0.449,0.367
0.527,0.207,0.428,0.416,12.000
.Accelerate
0.449,0.370
0.371,0.370,0.426,0.417,12.000
.Accelerate
0.449,0.374
0.374,0.373,0.488,0.365,12.000
.Accelerate
0.467,0.377
0.483,0.271,0.500,0.340,13.000
.Accelerate
0.467,0.380
0.491,0.270,0.449,0.404,13.000
.Accelerate
0.467,0.384
0.384,0.383,0.471,0.420,13.000
.Accelerate
0.467,0.387
0.388,0.386,0.513,0.379,13.000
.Accelerate
0.484,0.390
0.474,0.306,0.502,0.371,14.000
.Accelerate
0.484,0.393
0.400,0.387,0.485,0.419,14.000
.Accelerate
0.484,0.397
0.397,0.397,0.495,0.417,14.000
.Accelerate
0.484,0.400
0.400,0.400,0.523,0.402,14.000
.Accelerate
0.500,0.403
0.317,0.490,0.492,0.434,15.000
.Accelerate
0.500,0.407
0.271,0.542,0.495,0.460,15.000
.Accelerate
0.500,0.410
0.409,0.411,0.488,0.469,15.000
.Accelerate
0.500,0.413
0.412,0.414,0.448,0.473,15.000
.Accelerate
0.500,0.417
0.281,0.553,0.446,0.472,16.000
.Accelerate
0.500,0.420
0.271,0.568,0.482,0.469,16.000
.Accelerate
0.500,0.423
0.422,0.424,0.486,0.474,16.000
.Accelerate
0.500,0.426
0.246,0.606,0.442,0.504,17.000
.Accelerate
0.500,0.430
0.279,0.581,0.446,0.517,17.000
.Accelerate
0.500,0.433
0.432,0.434,0.469,0.523,17.000
.Accelerate
0.500,0.436
0.435,0.437,0.430,0.544,17.000
.Accelerate
0.500,0.440
0.299,0.580,0.441,0.542,18.000
.Accelerate
0.500,0.443
0.291,0.595,0.513,0.537,18.000
.Accelerate
0.500,0.446
0.445,0.448,0.507,0.543,18.000
.Accelerate
0.500,0.450
0.283,0.616,0.465,0.560,19.000
.Accelerate
0.500,0.453
0.300,0.605,0.465,0.552,19.000
.Accelerate
0.500,0.456
0.455,0.457,0.461,0.548,19.000
.Accelerate
0.500,0.459
0.459,0.460,0.424,0.614,19.000
.Accelerate
0.500,0.463
0.515,0.410,0.446,0.603,20.000
.Accelerate
0.500,0.466
0.466,0.466,0.521,0.552,20.000
.Accelerate
0.500,0.469
0.470,0.469,0.554,0.554,20.000
.Accelerate
0.500,0.473
0.607,0.338,0.546,0.552,21.000
.Accelerate
0.500,0.476
0.584,0.368,0.550,0.580,21.000
.Accelerate
0.500,0.479
0.480,0.478,0.536,0.580,21.000
.Accelerate
0.500,0.483
0.601,0.364,0.541,0.529,22.000
.Accelerate
0.500,0.486
0.672,0.300,0.534,0.524,22.000
.Accelerate
0.500,0.489
0.492,0.486,0.559,0.564,22.000
.Accelerate
0.500,0.492
0.696,0.289,0.605,0.508,23.000
.Accelerate
0.500,0.496
0.693,0.299,0.616,0.495,23.000
.Accelerate
0.500,0.499
0.502,0.496,0.592,0.531,23.000
0.500,0.500
0.708,0.292,0.621,0.488,24.000
0.500,0.500
0.698,0.302,0.629,0.467,24.000
0.500,0.500
0.503,0.497,0.602,0.515,24.000
0.500,0.500
0.502,0.498,0.645,0.482,24.000
0.500,0.500
0.627,0.373,0.658,0.462,25.000
0.500,0.500
0.501,0.499,0.621,0.556,25.000
.Decelerate
0.484,0.497
0.504,0.489,0.641,0.565,26.000
.Decelerate
0.484,0.493
0.449,0.538,0.625,0.558,26.000
.Decelerate
0.484,0.490
0.488,0.492,0.628,0.569,26.000
.Decelerate
0.467,0.487
0.332,0.642,0.623,0.561,27.000
.Decelerate
0.467,0.483
0.270,0.697,0.622,0.548,27.000
.Decelerate
0.467,0.480
0.475,0.485,0.609,0.562,27.000
.Decelerate
0.449,0.477
0.233,0.721,0.575,0.626,28.000
.Decelerate
0.449,0.474
0.234,0.713,0.513,0.572,28.000
.Decelerate
0.449,0.470
0.462,0.478,0.500,0.570,28.000
.Decelerate
0.429,0.467
0.173,0.761,0.460,0.608,29.000
.Decelerate
0.429,0.464
0.105,0.822,0.417,0.597,29.000
.Decelerate
0.429,0.460
0.447,0.474,0.438,0.562,29.000
.Decelerate
0.409,0.457
0.060,0.854,0.389,0.635,30.000
.Decelerate
0.409,0.454
0.086,0.822,0.322,0.632,30.000
.Decelerate
0.409,0.450
0.435,0.466,0.328,0.629,30.000
.Decelerate
0.388,0.447
0.098,0.796,0.286,0.642,31.000
.Decelerate
0.388,0.444
0.176,0.712,0.269,0.652,31.000
.Decelerate
0.388,0.441
0.427,0.454,0.313,0.613,31.000
.Decelerate
0.388,0.437
0.428,0.447,0.298,0.658,31.000
.Decelerate
0.366,0.434
0.274,0.594,0.295,0.662,32.000
.Decelerate
0.366,0.431
0.362,0.500,0.375,0.610,32.000
.Decelerate
0.366,0.427
0.426,0.428,0.450,0.614,32.000
.Decelerate
0.366,0.424
0.426,0.422,0.448,0.637,32.000
.Decelerate
0.343,0.421
0.491,0.351,0.472,0.613,33.000
.Decelerate
0.343,0.417
0.427,0.408,0.501,0.608,33.000
.Decelerate
0.343,0.414
0.429,0.400,0.516,0.582,33.000
.Decelerate
0.343,0.411
0.437,0.385,0.471,0.545,33.000
.Decelerate
0.317,0.408
0.753,0.062,0.443,0.560,34.000
.Decelerate
0.317,0.404
0.449,0.359,0.424,0.542,34.000
.Decelerate
0.317,0.401
0.464,0.338,0.441,0.497,34.000
.Decelerate
0.290,0.398
0.971,-0.176,0.410,0.409,35.000
.Decelerate
0.290,0.394
1.060,-0.272,0.371,0.385,35.000
.Decelerate
0.290,0.391
0.510,0.272,0.460,0.340,35.000
.Decelerate
0.290,0.388
0.526,0.250,0.560,0.165,35.000
.Decelerate
0.259,0.384
1.198,-0.429,0.544,0.141,36.000
.Decelerate
0.259,0.381
1.251,-0.488,0.544,0.051,36.000
.Decelerate
0.259,0.378
0.636,0.120,0.540,0.202,36.000
.Decelerate
0.224,0.375
1.294,-0.545,0.544,0.155,37.000
.Decelerate
0.224,0.371
1.255,-0.513,0.572,0.026,37.000
.Decelerate
0.224,0.368
1.186,-0.450,0.618,0.036,37.000
.Decelerate
0.224,0.365
0.747,-0.017,0.623,-0.053,37.000
.Decelerate
0.224,0.361
0.756,-0.033,0.632,-0.073,37.000
.Decelerate
0.183,0.358
0.785,-0.068,0.632,-0.090,38.000
.Decelerate
0.183,0.355
0.817,-0.107,0.644,-0.056,38.000
.Decelerate
0.183,0.351
0.941,-0.238,0.657,-0.036,38.000
.Decelerate
0.183,0.348
1.064,-0.367,0.678,-0.036,38.000
.Decelerate
0.183,0.345
1.199,-0.509,0.669,-0.015,38.000
.Decelerate
0.129,0.342
1.261,-0.578,0.686,-0.141,39.000
.Decelerate
0.129,0.338
1.540,-0.863,0.678,-0.248,39.000
.Decelerate
0.129,0.335
1.914,-1.244,0.689,-0.274,39.000
.Decelerate
0.129,0.332
2.338,-1.675,0.675,-0.290,39.000
.Decelerate
0.129,0.328
2.751,-2.094,0.689,-0.347,39.000
.Decelerate
0.129,0.325
3.435,-2.785,0.685,-0.452,39.000
.Decelerate
0.129,0.322
4.118,-3.474,0.670,-0.484,39.000
WARNING - pros.serial.terminal.terminal:stop - Stopping terminal
WARNING - pros.serial.terminal.terminal:reader - Connection to COM7 broken
