.velList #0: 0.000
.velList #1: 0.707
.velList #2: 0.750
.velList #3: 0.750
.velList #4: 0.750
.velList #5: 0.750
.velList #6: 0.750
.velList #7: 0.750
.velList #8: 0.750
.velList #9: 0.750
.velList #10: 0.750
.velList #11: 0.750
.velList #12: 0.750
.velList #13: 0.750
.velList #14: 0.750
.velList #15: 0.750
.velList #16: 0.750
.velList #17: 0.750
.velList #18: 0.750
.velList #19: 0.707
.velList #20: 0.000
0.707,0.000
.Accelerate
0.003,0.003,0.000,-0.000
0.707,0.003
.Accelerate
0.005,0.005,0.000,-0.000
0.707,0.005
.Accelerate
0.007,0.007,0.000,-0.000
0.707,0.007
.Accelerate
0.010,0.010,0.000,-0.000
0.707,0.010
.Accelerate
0.013,0.013,0.000,-0.000
0.707,0.013
.Accelerate
0.015,0.015,0.000,-0.000
0.707,0.015
.Accelerate
0.018,0.018,0.000,-0.000
0.707,0.018
.Accelerate
0.020,0.020,0.000,-0.000
0.707,0.020
.Accelerate
0.022,0.022,0.000,-0.000
0.707,0.022
.Accelerate
0.025,0.025,0.000,-0.000
0.707,0.025
.Accelerate
0.027,0.027,0.000,-0.000
0.707,0.027
.Accelerate
0.030,0.030,0.000,-0.000
0.707,0.030
.Accelerate
0.032,0.032,0.000,-0.000
0.707,0.032
.Accelerate
0.035,0.035,0.000,-0.000
0.707,0.035
.Accelerate
0.037,0.037,0.000,0.077
0.707,0.037
.Accelerate
0.040,0.040,0.000,0.077
0.707,0.040
.Accelerate
0.043,0.043,0.043,0.077
0.707,0.043
.Accelerate
0.045,0.045,0.043,0.077
0.707,0.045
.Accelerate
0.048,0.048,0.043,0.077
0.707,0.048
.Accelerate
0.050,0.050,0.043,0.077
0.707,0.050
.Accelerate
0.053,0.053,0.116,0.077
0.707,0.053
.Accelerate
0.055,0.055,0.116,0.050
0.707,0.055
.Accelerate
0.058,0.058,0.116,0.053
0.707,0.058
.Accelerate
0.060,0.060,0.116,0.053
0.707,0.060
.Accelerate
0.063,0.063,0.116,0.045
0.707,0.063
.Accelerate
0.065,0.065,0.117,0.045
0.707,0.065
.Accelerate
0.068,0.068,0.117,0.049
0.707,0.068
.Accelerate
0.070,0.070,0.117,0.049
0.707,0.070
.Accelerate
0.073,0.073,0.163,0.049
0.707,0.073
.Accelerate
0.075,0.075,0.163,0.050
0.707,0.075
.Accelerate
0.078,0.078,0.124,0.050
0.707,0.078
.Accelerate
0.080,0.080,0.125,0.050
0.707,0.080
.Accelerate
0.083,0.083,0.125,0.053
0.707,0.083
.Accelerate
0.085,0.085,0.125,0.053
0.707,0.085
.Accelerate
0.088,0.088,0.111,0.065
0.707,0.088
.Accelerate
0.090,0.090,0.127,0.065
0.707,0.090
.Accelerate
0.093,0.093,0.138,0.070
0.707,0.093
.Accelerate
0.095,0.095,0.116,0.070
0.707,0.095
.Accelerate
0.098,0.098,0.142,0.070
0.707,0.098
.Accelerate
0.102,0.098,0.142,0.052
0.707,0.100
.Accelerate
0.105,0.100,0.153,0.052
0.707,0.103
.Accelerate
0.108,0.102,0.174,0.052
0.707,0.105
.Accelerate
0.110,0.105,0.188,0.052
0.707,0.108
.Accelerate
0.113,0.107,0.192,0.052
0.707,0.110
.Accelerate
0.115,0.110,0.198,0.052
0.707,0.113
.Accelerate
0.118,0.112,0.195,0.037
0.707,0.115
.Accelerate
0.120,0.115,0.193,0.037
0.707,0.118
.Accelerate
0.123,0.117,0.193,0.037
0.707,0.120
.Accelerate
0.125,0.120,0.150,0.031
0.707,0.123
.Accelerate
0.131,0.119,0.138,0.031
0.707,0.125
.Accelerate
0.134,0.121,0.138,0.031
0.707,0.128
.Accelerate
0.136,0.124,0.148,0.029
0.707,0.130
.Accelerate
0.139,0.126,0.148,0.029
0.707,0.133
.Accelerate
0.141,0.129,0.148,0.029
0.707,0.135
.Accelerate
0.144,0.131,0.148,0.029
0.707,0.138
.Accelerate
0.147,0.133,0.120,0.029
0.707,0.140
.Accelerate
0.149,0.136,0.122,0.029
0.707,0.143
.Accelerate
0.152,0.138,0.125,-0.000
0.707,0.145
.Accelerate
0.155,0.140,0.125,-0.000
0.707,0.148
.Accelerate
0.157,0.143,0.125,-0.000
0.707,0.150
.Accelerate
0.160,0.145,0.111,-0.000
0.707,0.153
.Accelerate
0.162,0.148,0.126,0.159
0.707,0.155
.Accelerate
0.165,0.150,0.294,0.159
0.707,0.158
.Accelerate
0.168,0.152,0.294,0.159
0.707,0.160
.Accelerate
0.170,0.155,0.294,0.312
0.707,0.163
.Accelerate
0.173,0.157,0.171,0.312
0.707,0.165
.Accelerate
0.176,0.159,0.214,0.312
0.707,0.168
.Accelerate
0.178,0.162,0.188,0.286
0.707,0.170
.Accelerate
0.177,0.168,0.188,0.321
0.707,0.173
.Accelerate
0.179,0.171,0.168,0.321
0.707,0.175
.Accelerate
0.182,0.173,0.168,0.127
0.707,0.178
.Accelerate
0.189,0.171,0.136,0.127
0.707,0.180
.Accelerate
0.191,0.174,0.136,0.143
0.707,0.183
.Accelerate
0.198,0.172,0.136,0.161
0.707,0.185
.Accelerate
0.201,0.174,0.097,0.225
0.707,0.188
.Accelerate
0.204,0.176,0.108,0.232
0.707,0.190
.Accelerate
0.206,0.179,0.108,0.235
0.707,0.193
.Accelerate
0.209,0.181,0.136,0.230
0.707,0.195
.Accelerate
0.212,0.183,0.144,0.192
0.707,0.198
.Accelerate
0.214,0.186,0.234,0.183
0.707,0.200
.Accelerate
0.217,0.188,0.234,0.161
0.707,0.203
.Accelerate
0.220,0.190,0.194,0.144
0.707,0.205
.Accelerate
0.227,0.188,0.200,0.187
0.707,0.208
.Accelerate
0.230,0.190,0.163,0.198
0.707,0.210
.Accelerate
0.238,0.187,0.159,0.169
0.707,0.213
.Accelerate
0.236,0.194,0.139,0.170
0.707,0.215
.Accelerate
0.239,0.196,0.131,0.151
0.707,0.218
.Accelerate
0.241,0.199,0.131,0.135
0.707,0.220
.Accelerate
0.239,0.206,0.134,0.134
0.707,0.223
.Accelerate
0.247,0.203,0.153,0.158
0.707,0.225
.Accelerate
0.255,0.200,0.171,0.190
0.707,0.228
.Accelerate
0.252,0.208,0.182,0.189
0.707,0.230
.Accelerate
0.255,0.210,0.207,0.212
0.707,0.233
.Accelerate
0.264,0.206,0.249,0.211
0.707,0.235
.Accelerate
0.261,0.214,0.275,0.207
0.707,0.238
.Accelerate
0.270,0.210,0.290,0.215
0.707,0.240
.Accelerate
0.272,0.213,0.317,0.236
0.707,0.243
.Accelerate
0.270,0.220,0.345,0.255
0.707,0.245
.Accelerate
0.272,0.223,0.364,0.295
0.707,0.248
.Accelerate
0.275,0.225,0.387,0.308
0.707,0.250
.Accelerate
0.278,0.227,0.395,0.324
0.707,0.253
.Accelerate
0.287,0.223,0.415,0.337
0.707,0.255
.Accelerate
0.284,0.231,0.424,0.348
0.707,0.258
.Accelerate
0.293,0.227,0.446,0.344
0.707,0.260
.Accelerate
0.290,0.235,0.470,0.368
0.707,0.263
.Accelerate
0.293,0.237,0.499,0.388
0.707,0.265
.Accelerate
0.302,0.233,0.511,0.399
0.707,0.268
.Accelerate
0.305,0.235,0.523,0.424
0.707,0.270
.Accelerate
0.301,0.244,0.533,0.429
0.707,0.273
.Accelerate
0.298,0.252,0.560,0.431
0.707,0.275
.Accelerate
0.307,0.248,0.567,0.439
0.707,0.278
.Accelerate
0.310,0.250,0.553,0.470
0.707,0.280
.Accelerate
0.320,0.245,0.557,0.500
0.707,0.283
.Accelerate
0.323,0.247,0.583,0.519
0.707,0.285
.Accelerate
0.326,0.249,0.631,0.520
0.707,0.288
.Accelerate
0.330,0.250,0.685,0.531
0.707,0.290
.Accelerate
0.333,0.252,0.705,0.567
0.707,0.293
.Accelerate
0.336,0.254,0.703,0.598
0.707,0.295
.Accelerate
0.339,0.256,0.712,0.617
0.707,0.298
.Accelerate
0.300,0.300,0.738,0.615
0.707,0.300
.Accelerate
0.303,0.302,0.761,0.647
0.707,0.303
.Accelerate
0.306,0.304,0.733,0.729
0.707,0.305
.Accelerate
0.308,0.307,0.711,0.765
0.707,0.308
.Accelerate
0.311,0.309,0.726,0.766
0.707,0.310
.Accelerate
0.313,0.312,0.735,0.774
0.707,0.313
.Accelerate
0.316,0.314,0.741,0.782
0.707,0.315
.Accelerate
0.318,0.317,0.764,0.795
0.707,0.318
.Accelerate
0.321,0.319,0.762,0.831
0.750,0.320
.Accelerate
0.388,0.257,0.775,0.855
0.750,0.323
.Accelerate
0.392,0.258,0.790,0.837
0.750,0.325
.Accelerate
0.396,0.259,0.873,0.775
0.750,0.328
.Accelerate
0.407,0.253,0.909,0.740
0.750,0.330
.Accelerate
0.411,0.254,0.948,0.715
0.750,0.333
.Accelerate
0.415,0.255,0.963,0.724
0.750,0.335
.Accelerate
0.419,0.256,0.989,0.740
0.750,0.338
.Accelerate
0.431,0.249,1.017,0.751
0.750,0.340
.Accelerate
0.344,0.341,1.054,0.722
0.750,0.343
.Accelerate
0.346,0.344,1.076,0.722
0.750,0.345
.Accelerate
0.349,0.346,0.959,0.832
0.750,0.348
.Accelerate
0.351,0.349,0.905,0.892
0.750,0.350
.Accelerate
0.354,0.351,0.918,0.931
0.750,0.353
.Accelerate
0.356,0.354,0.939,0.939
0.750,0.355
.Accelerate
0.359,0.356,0.955,0.916
0.750,0.358
.Accelerate
0.447,0.273,0.958,0.957
0.750,0.360
.Accelerate
0.460,0.265,0.979,0.947
0.750,0.363
.Accelerate
0.464,0.266,1.081,0.892
0.750,0.365
.Accelerate
0.477,0.258,1.123,0.858
0.750,0.368
.Accelerate
0.472,0.268,1.177,0.845
0.750,0.370
.Accelerate
0.477,0.268,1.259,0.842
0.750,0.373
.Accelerate
0.376,0.374,1.272,0.857
0.750,0.375
.Accelerate
0.379,0.376,1.272,0.862
0.750,0.378
.Accelerate
0.381,0.379,1.097,0.968
0.750,0.380
.Accelerate
0.384,0.381,1.056,1.021
0.750,0.383
.Accelerate
0.386,0.384,1.062,0.983
0.750,0.385
.Accelerate
0.389,0.386,1.093,0.983
0.750,0.388
.Accelerate
0.486,0.294,1.117,0.989
0.750,0.390
.Accelerate
0.500,0.285,1.117,1.003
0.750,0.393
.Accelerate
0.505,0.285,1.345,0.994
0.750,0.395
.Accelerate
0.509,0.286,1.393,0.959
0.750,0.398
.Accelerate
0.504,0.296,1.346,0.968
0.750,0.400
.Accelerate
0.498,0.307,1.339,0.973
0.750,0.403
.Accelerate
0.407,0.403,1.357,0.965
0.750,0.405
.Accelerate
0.409,0.406,1.355,0.990
0.750,0.408
.Accelerate
0.411,0.409,1.332,1.105
0.750,0.410
.Accelerate
0.414,0.411,1.281,1.209
0.750,0.413
.Accelerate
0.416,0.414,1.266,1.218
0.750,0.415
.Accelerate
0.419,0.416,1.267,1.161
0.750,0.418
.Accelerate
0.482,0.358,1.289,1.127
0.750,0.420
.Accelerate
0.486,0.359,1.305,1.137
0.750,0.423
.Accelerate
0.499,0.351,1.406,1.135
0.750,0.425
.Accelerate
0.502,0.353,1.446,1.129
0.750,0.428
.Accelerate
0.431,0.429,1.393,1.164
0.750,0.430
.Accelerate
0.434,0.431,1.371,1.169
0.750,0.433
.Accelerate
0.436,0.434,1.279,1.303
0.750,0.435
.Accelerate
0.439,0.436,1.291,1.370
0.750,0.438
.Accelerate
0.441,0.439,1.303,1.388
0.750,0.440
.Accelerate
0.511,0.374,1.330,1.328
0.750,0.443
.Accelerate
0.503,0.387,1.356,1.294
0.750,0.445
.Accelerate
0.506,0.389,1.459,1.199
0.750,0.448
.Accelerate
0.520,0.380,1.483,1.216
0.750,0.450
.Accelerate
0.523,0.382,1.473,1.238
0.750,0.453
.Accelerate
0.456,0.454,1.494,1.282
0.750,0.455
.Accelerate
0.459,0.456,1.482,1.292
0.750,0.458
.Accelerate
0.461,0.459,1.412,1.440
0.750,0.460
.Accelerate
0.464,0.461,1.378,1.445
0.750,0.463
.Accelerate
0.467,0.463,1.419,1.467
0.750,0.465
.Accelerate
0.530,0.405,1.432,1.429
0.750,0.468
.Accelerate
0.544,0.396,1.462,1.395
0.750,0.470
.Accelerate
0.547,0.398,1.566,1.332
0.750,0.473
.Accelerate
0.539,0.411,1.634,1.292
0.750,0.475
.Accelerate
0.479,0.476,1.648,1.319
0.750,0.478
.Accelerate
0.482,0.478,1.660,1.362
0.750,0.480
.Accelerate
0.484,0.481,1.553,1.526
0.750,0.483
.Accelerate
0.486,0.484,1.490,1.527
0.750,0.485
.Accelerate
0.489,0.486,1.512,1.565
0.750,0.488
.Accelerate
0.556,0.424,1.550,1.506
0.750,0.490
.Accelerate
0.571,0.414,1.593,1.462
0.750,0.493
.Accelerate
0.562,0.428,1.681,1.406
0.750,0.495
.Accelerate
0.577,0.418,1.706,1.374
0.750,0.498
.Accelerate
0.502,0.498,1.775,1.474
0.750,0.500
.Accelerate
0.504,0.501,1.848,1.506
0.750,0.503
.Accelerate
0.507,0.503,1.666,1.629
0.750,0.505
.Accelerate
0.509,0.506,1.606,1.668
0.750,0.508
.Accelerate
0.591,0.429,1.544,1.598
0.750,0.510
.Accelerate
0.594,0.431,1.609,1.575
0.750,0.513
.Accelerate
0.584,0.446,1.833,1.490
0.750,0.515
.Accelerate
0.587,0.448,1.870,1.460
0.750,0.517
.Accelerate
0.522,0.518,1.869,1.510
0.750,0.520
.Accelerate
0.525,0.520,1.899,1.534
0.750,0.522
.Accelerate
0.527,0.523,1.787,1.657
0.750,0.525
.Accelerate
0.529,0.526,1.714,1.741
0.750,0.527
.Accelerate
0.587,0.473,1.719,1.705
0.750,0.530
.Accelerate
0.590,0.475,1.710,1.640
0.750,0.532
.Accelerate
0.592,0.478,1.765,1.562
0.750,0.535
.Accelerate
0.621,0.454,1.846,1.607
0.750,0.537
.Accelerate
0.543,0.537,1.922,1.643
0.750,0.540
.Accelerate
0.546,0.539,1.938,1.659
0.750,0.542
.Accelerate
0.548,0.542,1.824,1.753
0.750,0.545
.Accelerate
0.606,0.489,1.834,1.764
0.750,0.547
.Accelerate
0.608,0.492,1.859,1.754
0.750,0.550
.Accelerate
0.611,0.494,1.876,1.682
0.750,0.552
.Accelerate
0.627,0.483,1.890,1.692
0.750,0.555
.Accelerate
0.562,0.553,1.913,1.682
0.750,0.557
.Accelerate
0.565,0.555,1.943,1.719
0.750,0.560
.Accelerate
0.566,0.559,1.897,1.818
0.750,0.562
.Accelerate
0.639,0.491,1.932,1.862
0.750,0.565
.Accelerate
0.642,0.493,1.962,1.849
0.750,0.567
.Accelerate
0.615,0.525,1.996,1.768
0.750,0.570
.Accelerate
0.631,0.514,2.033,1.792
0.750,0.572
.Accelerate
0.579,0.571,2.014,1.817
0.750,0.575
.Accelerate
0.583,0.572,1.958,1.870
0.750,0.577
.Accelerate
0.586,0.574,1.904,1.929
0.750,0.580
.Accelerate
0.671,0.494,1.946,1.956
0.750,0.582
.Accelerate
0.660,0.510,2.013,1.887
0.750,0.585
.Accelerate
0.663,0.512,2.115,1.809
0.750,0.587
.Accelerate
0.596,0.584,2.155,1.859
0.750,0.590
.Accelerate
0.599,0.586,2.169,1.822
0.750,0.592
.Accelerate
0.602,0.588,2.083,1.903
0.750,0.595
.Accelerate
0.605,0.590,2.034,2.011
0.750,0.597
.Accelerate
0.707,0.493,1.980,2.082
0.750,0.600
.Accelerate
0.681,0.524,2.040,2.024
0.750,0.602
.Accelerate
0.684,0.526,2.224,1.885
0.750,0.605
.Accelerate
0.618,0.597,2.256,1.864
0.750,0.607
.Accelerate
0.621,0.599,2.216,1.898
0.750,0.610
.Accelerate
0.625,0.600,2.205,2.036
0.750,0.612
.Accelerate
0.711,0.519,2.192,2.084
0.750,0.615
.Accelerate
0.715,0.520,2.135,2.037
0.750,0.617
.Accelerate
0.734,0.506,2.148,2.009
0.750,0.620
.Accelerate
0.737,0.508,2.168,1.923
0.750,0.622
.Accelerate
0.642,0.608,2.239,1.872
0.750,0.625
.Accelerate
0.646,0.609,2.299,1.888
0.750,0.627
.Accelerate
0.647,0.613,2.190,2.022
0.750,0.630
.Accelerate
0.687,0.578,2.189,2.097
0.750,0.632
.Accelerate
0.705,0.565,2.251,2.150
0.750,0.635
.Accelerate
0.707,0.568,2.261,2.013
0.750,0.637
.Accelerate
0.663,0.617,2.286,1.961
0.750,0.640
.Accelerate
0.663,0.622,2.270,1.977
0.750,0.642
.Accelerate
0.698,0.592,2.238,2.098
0.750,0.645
.Accelerate
0.700,0.595,2.237,2.148
0.750,0.647
.Accelerate
0.702,0.598,2.282,2.175
0.750,0.650
.Accelerate
0.668,0.637,2.324,2.182
0.750,0.652
.Accelerate
0.680,0.630,2.402,2.144
0.750,0.655
.Accelerate
0.695,0.620,2.361,2.189
0.750,0.657
.Accelerate
0.681,0.639,2.291,2.180
0.750,0.660
.Accelerate
0.686,0.639,2.289,2.268
0.750,0.662
.Accelerate
0.691,0.639,2.300,2.308
0.750,0.665
.Accelerate
0.679,0.656,2.329,2.290
0.750,0.667
.Accelerate
0.659,0.681,2.338,2.243
0.750,0.670
.Accelerate
0.737,0.608,2.327,2.265
0.707,0.672
.Accelerate
0.754,0.596,2.337,2.325
0.707,0.675
.Accelerate
0.733,0.622,2.426,2.289
0.707,0.677
.Accelerate
0.751,0.609,2.447,2.216
0.707,0.680
.Accelerate
0.877,0.488,2.486,2.235
0.707,0.682
.Accelerate
0.666,0.704,2.562,2.217
WARNING - pros.serial.terminal.terminal:stop - Stopping terminal
